2019-12-08 15:47:26.037 [main] INFO  com.lv.adminsys.ModulesApplication - Starting ModulesApplication on memo012-X505BP with PID 20751 (/home/memo012/code/lv-project/target/classes started by memo012 in /home/memo012/code/lv-project)
2019-12-08 15:47:26.064 [main] INFO  com.lv.adminsys.ModulesApplication - The following profiles are active: test
2019-12-08 15:47:28.485 [main] INFO  o.s.d.r.config.RepositoryConfigurationDelegate - Multiple Spring Data modules found, entering strict repository configuration mode!
2019-12-08 15:47:28.489 [main] INFO  o.s.d.r.config.RepositoryConfigurationDelegate - Bootstrapping Spring Data repositories in DEFAULT mode.
2019-12-08 15:47:28.548 [main] INFO  o.s.d.r.config.RepositoryConfigurationDelegate - Finished Spring Data repository scanning in 20ms. Found 0 repository interfaces.
2019-12-08 15:47:29.096 [main] INFO  o.s.c.s.PostProcessorRegistrationDelegate$BeanPostProcessorChecker - Bean 'shiroConfig' of type [com.lv.adminsys.modules.shiro.ShiroConfig$$EnhancerBySpringCGLIB$$e0a7f978] is not eligible for getting processed by all BeanPostProcessors (for example: not eligible for auto-proxying)
2019-12-08 15:47:29.650 [main] INFO  o.s.c.s.PostProcessorRegistrationDelegate$BeanPostProcessorChecker - Bean 'mybatis-plus-com.baomidou.mybatisplus.autoconfigure.MybatisPlusProperties' of type [com.baomidou.mybatisplus.autoconfigure.MybatisPlusProperties] is not eligible for getting processed by all BeanPostProcessors (for example: not eligible for auto-proxying)
2019-12-08 15:47:29.668 [main] INFO  o.s.c.s.PostProcessorRegistrationDelegate$BeanPostProcessorChecker - Bean 'com.baomidou.mybatisplus.autoconfigure.MybatisPlusAutoConfiguration' of type [com.baomidou.mybatisplus.autoconfigure.MybatisPlusAutoConfiguration$$EnhancerBySpringCGLIB$$ac1ce537] is not eligible for getting processed by all BeanPostProcessors (for example: not eligible for auto-proxying)
2019-12-08 15:47:29.673 [main] INFO  o.s.c.s.PostProcessorRegistrationDelegate$BeanPostProcessorChecker - Bean 'com.alibaba.druid.spring.boot.autoconfigure.DruidDataSourceAutoConfigure' of type [com.alibaba.druid.spring.boot.autoconfigure.DruidDataSourceAutoConfigure$$EnhancerBySpringCGLIB$$88006e0f] is not eligible for getting processed by all BeanPostProcessors (for example: not eligible for auto-proxying)
2019-12-08 15:47:29.678 [main] INFO  c.a.d.s.b.a.DruidDataSourceAutoConfigure - Init DruidDataSource
2019-12-08 15:47:29.789 [main] INFO  o.s.c.s.PostProcessorRegistrationDelegate$BeanPostProcessorChecker - Bean 'spring.datasource-org.springframework.boot.autoconfigure.jdbc.DataSourceProperties' of type [org.springframework.boot.autoconfigure.jdbc.DataSourceProperties] is not eligible for getting processed by all BeanPostProcessors (for example: not eligible for auto-proxying)
2019-12-08 15:47:29.794 [main] INFO  o.s.c.s.PostProcessorRegistrationDelegate$BeanPostProcessorChecker - Bean 'com.alibaba.druid.spring.boot.autoconfigure.stat.DruidFilterConfiguration' of type [com.alibaba.druid.spring.boot.autoconfigure.stat.DruidFilterConfiguration] is not eligible for getting processed by all BeanPostProcessors (for example: not eligible for auto-proxying)
2019-12-08 15:47:29.831 [main] INFO  o.s.c.s.PostProcessorRegistrationDelegate$BeanPostProcessorChecker - Bean 'statFilter' of type [com.alibaba.druid.filter.stat.StatFilter] is not eligible for getting processed by all BeanPostProcessors (for example: not eligible for auto-proxying)
2019-12-08 15:47:33.757 [main] INFO  com.alibaba.druid.pool.DruidDataSource - {dataSource-1} inited
2019-12-08 15:47:33.757 [main] INFO  o.s.c.s.PostProcessorRegistrationDelegate$BeanPostProcessorChecker - Bean 'dataSource' of type [com.alibaba.druid.spring.boot.autoconfigure.DruidDataSourceWrapper] is not eligible for getting processed by all BeanPostProcessors (for example: not eligible for auto-proxying)
2019-12-08 15:47:34.142 [main] INFO  o.s.c.s.PostProcessorRegistrationDelegate$BeanPostProcessorChecker - Bean 'sqlSessionFactory' of type [org.apache.ibatis.session.defaults.DefaultSqlSessionFactory] is not eligible for getting processed by all BeanPostProcessors (for example: not eligible for auto-proxying)
2019-12-08 15:47:34.149 [main] INFO  o.s.c.s.PostProcessorRegistrationDelegate$BeanPostProcessorChecker - Bean 'sqlSessionTemplate' of type [org.mybatis.spring.SqlSessionTemplate] is not eligible for getting processed by all BeanPostProcessors (for example: not eligible for auto-proxying)
2019-12-08 15:47:34.151 [main] INFO  o.s.c.s.PostProcessorRegistrationDelegate$BeanPostProcessorChecker - Bean 'lvUserDao' of type [org.mybatis.spring.mapper.MapperFactoryBean] is not eligible for getting processed by all BeanPostProcessors (for example: not eligible for auto-proxying)
2019-12-08 15:47:34.154 [main] INFO  o.s.c.s.PostProcessorRegistrationDelegate$BeanPostProcessorChecker - Bean 'lvUserDao' of type [com.sun.proxy.$Proxy66] is not eligible for getting processed by all BeanPostProcessors (for example: not eligible for auto-proxying)
2019-12-08 15:47:34.157 [main] INFO  o.s.c.s.PostProcessorRegistrationDelegate$BeanPostProcessorChecker - Bean 'lvTeacherDao' of type [org.mybatis.spring.mapper.MapperFactoryBean] is not eligible for getting processed by all BeanPostProcessors (for example: not eligible for auto-proxying)
2019-12-08 15:47:34.159 [main] INFO  o.s.c.s.PostProcessorRegistrationDelegate$BeanPostProcessorChecker - Bean 'lvTeacherDao' of type [com.sun.proxy.$Proxy67] is not eligible for getting processed by all BeanPostProcessors (for example: not eligible for auto-proxying)
2019-12-08 15:47:34.165 [main] INFO  o.s.c.s.PostProcessorRegistrationDelegate$BeanPostProcessorChecker - Bean 'redisConfig' of type [com.lv.adminsys.common.config.RedisConfig$$EnhancerBySpringCGLIB$$2834fc7d] is not eligible for getting processed by all BeanPostProcessors (for example: not eligible for auto-proxying)
2019-12-08 15:47:34.170 [main] INFO  o.s.c.s.PostProcessorRegistrationDelegate$BeanPostProcessorChecker - Bean 'spring.redis-org.springframework.boot.autoconfigure.data.redis.RedisProperties' of type [org.springframework.boot.autoconfigure.data.redis.RedisProperties] is not eligible for getting processed by all BeanPostProcessors (for example: not eligible for auto-proxying)
2019-12-08 15:47:34.173 [main] INFO  o.s.c.s.PostProcessorRegistrationDelegate$BeanPostProcessorChecker - Bean 'org.springframework.boot.autoconfigure.data.redis.JedisConnectionConfiguration' of type [org.springframework.boot.autoconfigure.data.redis.JedisConnectionConfiguration$$EnhancerBySpringCGLIB$$f902a32] is not eligible for getting processed by all BeanPostProcessors (for example: not eligible for auto-proxying)
2019-12-08 15:47:34.213 [main] INFO  o.s.c.s.PostProcessorRegistrationDelegate$BeanPostProcessorChecker - Bean 'redisConnectionFactory' of type [org.springframework.data.redis.connection.jedis.JedisConnectionFactory] is not eligible for getting processed by all BeanPostProcessors (for example: not eligible for auto-proxying)
2019-12-08 15:47:34.234 [main] INFO  o.s.c.s.PostProcessorRegistrationDelegate$BeanPostProcessorChecker - Bean 'redisTemplate' of type [org.springframework.data.redis.core.RedisTemplate] is not eligible for getting processed by all BeanPostProcessors (for example: not eligible for auto-proxying)
2019-12-08 15:47:34.235 [main] INFO  o.s.c.s.PostProcessorRegistrationDelegate$BeanPostProcessorChecker - Bean 'redisOperator' of type [com.lv.adminsys.common.utils.RedisOperator] is not eligible for getting processed by all BeanPostProcessors (for example: not eligible for auto-proxying)
2019-12-08 15:47:34.243 [main] INFO  o.s.c.s.PostProcessorRegistrationDelegate$BeanPostProcessorChecker - Bean 'userServiceImpl' of type [com.lv.adminsys.modules.service.impl.UserServiceImpl] is not eligible for getting processed by all BeanPostProcessors (for example: not eligible for auto-proxying)
2019-12-08 15:47:34.293 [main] INFO  o.s.c.s.PostProcessorRegistrationDelegate$BeanPostProcessorChecker - Bean 'lvLeaveDao' of type [org.mybatis.spring.mapper.MapperFactoryBean] is not eligible for getting processed by all BeanPostProcessors (for example: not eligible for auto-proxying)
2019-12-08 15:47:34.295 [main] INFO  o.s.c.s.PostProcessorRegistrationDelegate$BeanPostProcessorChecker - Bean 'lvLeaveDao' of type [com.sun.proxy.$Proxy72] is not eligible for getting processed by all BeanPostProcessors (for example: not eligible for auto-proxying)
2019-12-08 15:47:34.333 [main] INFO  o.s.c.s.PostProcessorRegistrationDelegate$BeanPostProcessorChecker - Bean 'lvCheckDao' of type [org.mybatis.spring.mapper.MapperFactoryBean] is not eligible for getting processed by all BeanPostProcessors (for example: not eligible for auto-proxying)
2019-12-08 15:47:34.335 [main] INFO  o.s.c.s.PostProcessorRegistrationDelegate$BeanPostProcessorChecker - Bean 'lvCheckDao' of type [com.sun.proxy.$Proxy73] is not eligible for getting processed by all BeanPostProcessors (for example: not eligible for auto-proxying)
2019-12-08 15:47:34.336 [main] INFO  o.s.c.s.PostProcessorRegistrationDelegate$BeanPostProcessorChecker - Bean 'teacherServiceImpl' of type [com.lv.adminsys.modules.service.impl.TeacherServiceImpl] is not eligible for getting processed by all BeanPostProcessors (for example: not eligible for auto-proxying)
2019-12-08 15:47:34.337 [main] INFO  o.s.c.s.PostProcessorRegistrationDelegate$BeanPostProcessorChecker - Bean 'authRealm' of type [com.lv.adminsys.modules.shiro.AuthRealm] is not eligible for getting processed by all BeanPostProcessors (for example: not eligible for auto-proxying)
2019-12-08 15:47:34.344 [main] INFO  o.s.c.s.PostProcessorRegistrationDelegate$BeanPostProcessorChecker - Bean 'securityManager' of type [org.apache.shiro.web.mgt.DefaultWebSecurityManager] is not eligible for getting processed by all BeanPostProcessors (for example: not eligible for auto-proxying)
2019-12-08 15:47:34.420 [main] INFO  o.s.c.s.PostProcessorRegistrationDelegate$BeanPostProcessorChecker - Bean 'org.springframework.transaction.annotation.ProxyTransactionManagementConfiguration' of type [org.springframework.transaction.annotation.ProxyTransactionManagementConfiguration$$EnhancerBySpringCGLIB$$6e54789d] is not eligible for getting processed by all BeanPostProcessors (for example: not eligible for auto-proxying)
2019-12-08 15:47:34.443 [main] INFO  o.s.c.s.PostProcessorRegistrationDelegate$BeanPostProcessorChecker - Bean 'authorizationAttributeSourceAdvisor' of type [org.apache.shiro.spring.security.interceptor.AuthorizationAttributeSourceAdvisor] is not eligible for getting processed by all BeanPostProcessors (for example: not eligible for auto-proxying)
2019-12-08 15:47:34.816 [main] INFO  o.s.boot.web.embedded.tomcat.TomcatWebServer - Tomcat initialized with port(s): 8080 (http)
2019-12-08 15:47:34.837 [main] INFO  org.apache.coyote.http11.Http11NioProtocol - Initializing ProtocolHandler ["http-nio-8080"]
2019-12-08 15:47:34.850 [main] INFO  org.apache.catalina.core.StandardService - Starting service [Tomcat]
2019-12-08 15:47:34.850 [main] INFO  org.apache.catalina.core.StandardEngine - Starting Servlet engine: [Apache Tomcat/9.0.22]
2019-12-08 15:47:34.992 [main] INFO  o.a.c.core.ContainerBase.[Tomcat].[localhost].[/] - Initializing Spring embedded WebApplicationContext
2019-12-08 15:47:34.992 [main] INFO  org.springframework.web.context.ContextLoader - Root WebApplicationContext: initialization completed in 8578 ms
2019-12-08 15:47:35.262 [main] INFO  o.s.scheduling.concurrent.ThreadPoolTaskExecutor - Initializing ExecutorService 'applicationTaskExecutor'
2019-12-08 15:47:36.172 [main] INFO  o.a.e.c.DefaultActiviti5CompatibilityHandlerFactory - Activiti 5 compatibility handler implementation not found or error during instantiation : org.activiti.compatibility.DefaultActiviti5CompatibilityHandler. Activiti 5 backwards compatibility disabled.
2019-12-08 15:47:36.299 [main] INFO  org.activiti.engine.impl.db.DbSqlSession - performing create on engine with resource org/activiti/db/create/activiti.mysql.create.engine.sql
2019-12-08 15:47:36.316 [main] INFO  org.activiti.engine.impl.db.DbSqlSession - Found MySQL: majorVersion=8 minorVersion=0
2019-12-08 15:47:45.287 [main] INFO  org.activiti.engine.impl.db.DbSqlSession - performing create on history with resource org/activiti/db/create/activiti.mysql.create.history.sql
2019-12-08 15:47:45.289 [main] INFO  org.activiti.engine.impl.db.DbSqlSession - Found MySQL: majorVersion=8 minorVersion=0
2019-12-08 15:47:48.089 [main] INFO  org.activiti.engine.impl.db.DbSqlSession - performing create on identity with resource org/activiti/db/create/activiti.mysql.create.identity.sql
2019-12-08 15:47:48.090 [main] INFO  org.activiti.engine.impl.db.DbSqlSession - Found MySQL: majorVersion=8 minorVersion=0
2019-12-08 15:47:48.806 [main] INFO  org.activiti.engine.impl.ProcessEngineImpl - ProcessEngine default created
2019-12-08 15:47:48.809 [main] INFO  o.a.e.impl.asyncexecutor.DefaultAsyncJobExecutor - Starting up the default async job executor [org.activiti.spring.SpringAsyncExecutor].
2019-12-08 15:47:48.810 [Thread-50] INFO  o.a.e.i.asyncexecutor.AcquireAsyncJobsDueRunnable - {} starting to acquire async jobs due
2019-12-08 15:47:48.811 [Thread-51] INFO  o.a.e.impl.asyncexecutor.AcquireTimerJobsRunnable - {} starting to acquire async jobs due
2019-12-08 15:47:48.819 [Thread-52] INFO  o.a.e.impl.asyncexecutor.ResetExpiredJobsRunnable - {} starting to reset expired jobs
2019-12-08 15:47:58.756 [main] INFO  org.apache.coyote.http11.Http11NioProtocol - Starting ProtocolHandler ["http-nio-8080"]
2019-12-08 15:47:58.781 [main] INFO  o.s.boot.web.embedded.tomcat.TomcatWebServer - Tomcat started on port(s): 8080 (http) with context path ''
2019-12-08 15:47:58.787 [main] INFO  com.lv.adminsys.ModulesApplication - Started ModulesApplication in 34.642 seconds (JVM running for 36.158)
2019-12-08 15:49:04.953 [Thread-75] INFO  o.a.e.impl.asyncexecutor.DefaultAsyncJobExecutor - Shutting down the default async job executor [org.activiti.spring.SpringAsyncExecutor].
2019-12-08 15:49:04.954 [activiti-acquire-timer-jobs] INFO  o.a.e.impl.asyncexecutor.AcquireTimerJobsRunnable - {} stopped async job due acquisition
2019-12-08 15:49:04.954 [activiti-acquire-async-jobs] INFO  o.a.e.i.asyncexecutor.AcquireAsyncJobsDueRunnable - {} stopped async job due acquisition
2019-12-08 15:49:04.954 [activiti-reset-expired-jobs] INFO  o.a.e.impl.asyncexecutor.ResetExpiredJobsRunnable - {} stopped resetting expired jobs
2019-12-08 15:49:04.956 [Thread-75] INFO  o.s.scheduling.concurrent.ThreadPoolTaskExecutor - Shutting down ExecutorService 'applicationTaskExecutor'
2019-12-08 15:49:04.977 [Thread-75] INFO  com.alibaba.druid.pool.DruidDataSource - {dataSource-1} closed
2019-12-08 15:49:12.906 [main] INFO  com.lv.adminsys.ModulesApplication - Starting ModulesApplication on memo012-X505BP with PID 21023 (/home/memo012/code/lv-project/target/classes started by memo012 in /home/memo012/code/lv-project)
2019-12-08 15:49:12.924 [main] INFO  com.lv.adminsys.ModulesApplication - The following profiles are active: test
2019-12-08 15:49:15.328 [main] INFO  o.s.d.r.config.RepositoryConfigurationDelegate - Multiple Spring Data modules found, entering strict repository configuration mode!
2019-12-08 15:49:15.335 [main] INFO  o.s.d.r.config.RepositoryConfigurationDelegate - Bootstrapping Spring Data repositories in DEFAULT mode.
2019-12-08 15:49:15.383 [main] INFO  o.s.d.r.config.RepositoryConfigurationDelegate - Finished Spring Data repository scanning in 22ms. Found 0 repository interfaces.
2019-12-08 15:49:15.837 [main] INFO  o.s.c.s.PostProcessorRegistrationDelegate$BeanPostProcessorChecker - Bean 'shiroConfig' of type [com.lv.adminsys.modules.shiro.ShiroConfig$$EnhancerBySpringCGLIB$$4cc3640f] is not eligible for getting processed by all BeanPostProcessors (for example: not eligible for auto-proxying)
2019-12-08 15:49:16.269 [main] INFO  o.s.c.s.PostProcessorRegistrationDelegate$BeanPostProcessorChecker - Bean 'mybatis-plus-com.baomidou.mybatisplus.autoconfigure.MybatisPlusProperties' of type [com.baomidou.mybatisplus.autoconfigure.MybatisPlusProperties] is not eligible for getting processed by all BeanPostProcessors (for example: not eligible for auto-proxying)
2019-12-08 15:49:16.284 [main] INFO  o.s.c.s.PostProcessorRegistrationDelegate$BeanPostProcessorChecker - Bean 'com.baomidou.mybatisplus.autoconfigure.MybatisPlusAutoConfiguration' of type [com.baomidou.mybatisplus.autoconfigure.MybatisPlusAutoConfiguration$$EnhancerBySpringCGLIB$$18384fce] is not eligible for getting processed by all BeanPostProcessors (for example: not eligible for auto-proxying)
2019-12-08 15:49:16.289 [main] INFO  o.s.c.s.PostProcessorRegistrationDelegate$BeanPostProcessorChecker - Bean 'com.alibaba.druid.spring.boot.autoconfigure.DruidDataSourceAutoConfigure' of type [com.alibaba.druid.spring.boot.autoconfigure.DruidDataSourceAutoConfigure$$EnhancerBySpringCGLIB$$f41bd8a6] is not eligible for getting processed by all BeanPostProcessors (for example: not eligible for auto-proxying)
2019-12-08 15:49:16.293 [main] INFO  c.a.d.s.b.a.DruidDataSourceAutoConfigure - Init DruidDataSource
2019-12-08 15:49:16.393 [main] INFO  o.s.c.s.PostProcessorRegistrationDelegate$BeanPostProcessorChecker - Bean 'spring.datasource-org.springframework.boot.autoconfigure.jdbc.DataSourceProperties' of type [org.springframework.boot.autoconfigure.jdbc.DataSourceProperties] is not eligible for getting processed by all BeanPostProcessors (for example: not eligible for auto-proxying)
2019-12-08 15:49:16.398 [main] INFO  o.s.c.s.PostProcessorRegistrationDelegate$BeanPostProcessorChecker - Bean 'com.alibaba.druid.spring.boot.autoconfigure.stat.DruidFilterConfiguration' of type [com.alibaba.druid.spring.boot.autoconfigure.stat.DruidFilterConfiguration] is not eligible for getting processed by all BeanPostProcessors (for example: not eligible for auto-proxying)
2019-12-08 15:49:16.430 [main] INFO  o.s.c.s.PostProcessorRegistrationDelegate$BeanPostProcessorChecker - Bean 'statFilter' of type [com.alibaba.druid.filter.stat.StatFilter] is not eligible for getting processed by all BeanPostProcessors (for example: not eligible for auto-proxying)
2019-12-08 15:49:19.240 [main] INFO  com.alibaba.druid.pool.DruidDataSource - {dataSource-1} inited
2019-12-08 15:49:19.242 [main] INFO  o.s.c.s.PostProcessorRegistrationDelegate$BeanPostProcessorChecker - Bean 'dataSource' of type [com.alibaba.druid.spring.boot.autoconfigure.DruidDataSourceWrapper] is not eligible for getting processed by all BeanPostProcessors (for example: not eligible for auto-proxying)
2019-12-08 15:49:19.637 [main] INFO  o.s.c.s.PostProcessorRegistrationDelegate$BeanPostProcessorChecker - Bean 'sqlSessionFactory' of type [org.apache.ibatis.session.defaults.DefaultSqlSessionFactory] is not eligible for getting processed by all BeanPostProcessors (for example: not eligible for auto-proxying)
2019-12-08 15:49:19.645 [main] INFO  o.s.c.s.PostProcessorRegistrationDelegate$BeanPostProcessorChecker - Bean 'sqlSessionTemplate' of type [org.mybatis.spring.SqlSessionTemplate] is not eligible for getting processed by all BeanPostProcessors (for example: not eligible for auto-proxying)
2019-12-08 15:49:19.648 [main] INFO  o.s.c.s.PostProcessorRegistrationDelegate$BeanPostProcessorChecker - Bean 'lvUserDao' of type [org.mybatis.spring.mapper.MapperFactoryBean] is not eligible for getting processed by all BeanPostProcessors (for example: not eligible for auto-proxying)
2019-12-08 15:49:19.650 [main] INFO  o.s.c.s.PostProcessorRegistrationDelegate$BeanPostProcessorChecker - Bean 'lvUserDao' of type [com.sun.proxy.$Proxy66] is not eligible for getting processed by all BeanPostProcessors (for example: not eligible for auto-proxying)
2019-12-08 15:49:19.653 [main] INFO  o.s.c.s.PostProcessorRegistrationDelegate$BeanPostProcessorChecker - Bean 'lvTeacherDao' of type [org.mybatis.spring.mapper.MapperFactoryBean] is not eligible for getting processed by all BeanPostProcessors (for example: not eligible for auto-proxying)
2019-12-08 15:49:19.655 [main] INFO  o.s.c.s.PostProcessorRegistrationDelegate$BeanPostProcessorChecker - Bean 'lvTeacherDao' of type [com.sun.proxy.$Proxy67] is not eligible for getting processed by all BeanPostProcessors (for example: not eligible for auto-proxying)
2019-12-08 15:49:19.661 [main] INFO  o.s.c.s.PostProcessorRegistrationDelegate$BeanPostProcessorChecker - Bean 'redisConfig' of type [com.lv.adminsys.common.config.RedisConfig$$EnhancerBySpringCGLIB$$94506714] is not eligible for getting processed by all BeanPostProcessors (for example: not eligible for auto-proxying)
2019-12-08 15:49:19.677 [main] INFO  o.s.c.s.PostProcessorRegistrationDelegate$BeanPostProcessorChecker - Bean 'spring.redis-org.springframework.boot.autoconfigure.data.redis.RedisProperties' of type [org.springframework.boot.autoconfigure.data.redis.RedisProperties] is not eligible for getting processed by all BeanPostProcessors (for example: not eligible for auto-proxying)
2019-12-08 15:49:19.680 [main] INFO  o.s.c.s.PostProcessorRegistrationDelegate$BeanPostProcessorChecker - Bean 'org.springframework.boot.autoconfigure.data.redis.JedisConnectionConfiguration' of type [org.springframework.boot.autoconfigure.data.redis.JedisConnectionConfiguration$$EnhancerBySpringCGLIB$$7bab94c9] is not eligible for getting processed by all BeanPostProcessors (for example: not eligible for auto-proxying)
2019-12-08 15:49:19.736 [main] INFO  o.s.c.s.PostProcessorRegistrationDelegate$BeanPostProcessorChecker - Bean 'redisConnectionFactory' of type [org.springframework.data.redis.connection.jedis.JedisConnectionFactory] is not eligible for getting processed by all BeanPostProcessors (for example: not eligible for auto-proxying)
2019-12-08 15:49:19.756 [main] INFO  o.s.c.s.PostProcessorRegistrationDelegate$BeanPostProcessorChecker - Bean 'redisTemplate' of type [org.springframework.data.redis.core.RedisTemplate] is not eligible for getting processed by all BeanPostProcessors (for example: not eligible for auto-proxying)
2019-12-08 15:49:19.757 [main] INFO  o.s.c.s.PostProcessorRegistrationDelegate$BeanPostProcessorChecker - Bean 'redisOperator' of type [com.lv.adminsys.common.utils.RedisOperator] is not eligible for getting processed by all BeanPostProcessors (for example: not eligible for auto-proxying)
2019-12-08 15:49:19.767 [main] INFO  o.s.c.s.PostProcessorRegistrationDelegate$BeanPostProcessorChecker - Bean 'userServiceImpl' of type [com.lv.adminsys.modules.service.impl.UserServiceImpl] is not eligible for getting processed by all BeanPostProcessors (for example: not eligible for auto-proxying)
2019-12-08 15:49:19.817 [main] INFO  o.s.c.s.PostProcessorRegistrationDelegate$BeanPostProcessorChecker - Bean 'lvLeaveDao' of type [org.mybatis.spring.mapper.MapperFactoryBean] is not eligible for getting processed by all BeanPostProcessors (for example: not eligible for auto-proxying)
2019-12-08 15:49:19.819 [main] INFO  o.s.c.s.PostProcessorRegistrationDelegate$BeanPostProcessorChecker - Bean 'lvLeaveDao' of type [com.sun.proxy.$Proxy72] is not eligible for getting processed by all BeanPostProcessors (for example: not eligible for auto-proxying)
2019-12-08 15:49:19.864 [main] INFO  o.s.c.s.PostProcessorRegistrationDelegate$BeanPostProcessorChecker - Bean 'lvCheckDao' of type [org.mybatis.spring.mapper.MapperFactoryBean] is not eligible for getting processed by all BeanPostProcessors (for example: not eligible for auto-proxying)
2019-12-08 15:49:19.866 [main] INFO  o.s.c.s.PostProcessorRegistrationDelegate$BeanPostProcessorChecker - Bean 'lvCheckDao' of type [com.sun.proxy.$Proxy73] is not eligible for getting processed by all BeanPostProcessors (for example: not eligible for auto-proxying)
2019-12-08 15:49:19.866 [main] INFO  o.s.c.s.PostProcessorRegistrationDelegate$BeanPostProcessorChecker - Bean 'teacherServiceImpl' of type [com.lv.adminsys.modules.service.impl.TeacherServiceImpl] is not eligible for getting processed by all BeanPostProcessors (for example: not eligible for auto-proxying)
2019-12-08 15:49:19.868 [main] INFO  o.s.c.s.PostProcessorRegistrationDelegate$BeanPostProcessorChecker - Bean 'authRealm' of type [com.lv.adminsys.modules.shiro.AuthRealm] is not eligible for getting processed by all BeanPostProcessors (for example: not eligible for auto-proxying)
2019-12-08 15:49:19.875 [main] INFO  o.s.c.s.PostProcessorRegistrationDelegate$BeanPostProcessorChecker - Bean 'securityManager' of type [org.apache.shiro.web.mgt.DefaultWebSecurityManager] is not eligible for getting processed by all BeanPostProcessors (for example: not eligible for auto-proxying)
2019-12-08 15:49:19.991 [main] INFO  o.s.c.s.PostProcessorRegistrationDelegate$BeanPostProcessorChecker - Bean 'org.springframework.transaction.annotation.ProxyTransactionManagementConfiguration' of type [org.springframework.transaction.annotation.ProxyTransactionManagementConfiguration$$EnhancerBySpringCGLIB$$da6fe334] is not eligible for getting processed by all BeanPostProcessors (for example: not eligible for auto-proxying)
2019-12-08 15:49:20.015 [main] INFO  o.s.c.s.PostProcessorRegistrationDelegate$BeanPostProcessorChecker - Bean 'authorizationAttributeSourceAdvisor' of type [org.apache.shiro.spring.security.interceptor.AuthorizationAttributeSourceAdvisor] is not eligible for getting processed by all BeanPostProcessors (for example: not eligible for auto-proxying)
2019-12-08 15:49:20.529 [main] INFO  o.s.boot.web.embedded.tomcat.TomcatWebServer - Tomcat initialized with port(s): 8080 (http)
2019-12-08 15:49:20.555 [main] INFO  org.apache.coyote.http11.Http11NioProtocol - Initializing ProtocolHandler ["http-nio-8080"]
2019-12-08 15:49:20.575 [main] INFO  org.apache.catalina.core.StandardService - Starting service [Tomcat]
2019-12-08 15:49:20.576 [main] INFO  org.apache.catalina.core.StandardEngine - Starting Servlet engine: [Apache Tomcat/9.0.22]
2019-12-08 15:49:20.711 [main] INFO  o.a.c.core.ContainerBase.[Tomcat].[localhost].[/] - Initializing Spring embedded WebApplicationContext
2019-12-08 15:49:20.712 [main] INFO  org.springframework.web.context.ContextLoader - Root WebApplicationContext: initialization completed in 7374 ms
2019-12-08 15:49:20.957 [main] INFO  o.s.scheduling.concurrent.ThreadPoolTaskExecutor - Initializing ExecutorService 'applicationTaskExecutor'
2019-12-08 15:49:21.930 [main] INFO  o.a.e.c.DefaultActiviti5CompatibilityHandlerFactory - Activiti 5 compatibility handler implementation not found or error during instantiation : org.activiti.compatibility.DefaultActiviti5CompatibilityHandler. Activiti 5 backwards compatibility disabled.
2019-12-08 15:49:22.288 [main] INFO  org.activiti.engine.impl.ProcessEngineImpl - ProcessEngine default created
2019-12-08 15:49:22.290 [main] INFO  o.a.e.impl.asyncexecutor.DefaultAsyncJobExecutor - Starting up the default async job executor [org.activiti.spring.SpringAsyncExecutor].
2019-12-08 15:49:22.292 [Thread-25] INFO  o.a.e.i.asyncexecutor.AcquireAsyncJobsDueRunnable - {} starting to acquire async jobs due
2019-12-08 15:49:22.294 [Thread-26] INFO  o.a.e.impl.asyncexecutor.AcquireTimerJobsRunnable - {} starting to acquire async jobs due
2019-12-08 15:49:22.300 [Thread-27] INFO  o.a.e.impl.asyncexecutor.ResetExpiredJobsRunnable - {} starting to reset expired jobs
2019-12-08 15:49:26.407 [main] INFO  org.apache.coyote.http11.Http11NioProtocol - Starting ProtocolHandler ["http-nio-8080"]
2019-12-08 15:49:26.432 [main] INFO  o.s.boot.web.embedded.tomcat.TomcatWebServer - Tomcat started on port(s): 8080 (http) with context path ''
2019-12-08 15:49:26.438 [main] INFO  com.lv.adminsys.ModulesApplication - Started ModulesApplication in 15.772 seconds (JVM running for 17.543)
2019-12-08 15:56:34.576 [http-nio-8080-exec-1] INFO  o.a.c.core.ContainerBase.[Tomcat].[localhost].[/] - Initializing Spring DispatcherServlet 'dispatcherServlet'
2019-12-08 15:56:34.583 [http-nio-8080-exec-1] INFO  org.springframework.web.servlet.DispatcherServlet - Initializing Servlet 'dispatcherServlet'
2019-12-08 15:56:34.620 [http-nio-8080-exec-1] INFO  org.springframework.web.servlet.DispatcherServlet - Completed initialization in 35 ms
2019-12-08 15:58:31.301 [Thread-37] INFO  o.a.e.impl.asyncexecutor.DefaultAsyncJobExecutor - Shutting down the default async job executor [org.activiti.spring.SpringAsyncExecutor].
2019-12-08 15:58:31.307 [activiti-reset-expired-jobs] INFO  o.a.e.impl.asyncexecutor.ResetExpiredJobsRunnable - {} stopped resetting expired jobs
2019-12-08 16:03:57.199 [main] INFO  com.lv.adminsys.ModulesApplication - Starting ModulesApplication on memo012-X505BP with PID 22948 (/home/memo012/code/lv-project/target/classes started by memo012 in /home/memo012/code/lv-project)
2019-12-08 16:03:57.212 [main] INFO  com.lv.adminsys.ModulesApplication - The following profiles are active: test
2019-12-08 16:04:00.250 [main] INFO  o.s.d.r.config.RepositoryConfigurationDelegate - Multiple Spring Data modules found, entering strict repository configuration mode!
2019-12-08 16:04:00.255 [main] INFO  o.s.d.r.config.RepositoryConfigurationDelegate - Bootstrapping Spring Data repositories in DEFAULT mode.
2019-12-08 16:04:00.309 [main] INFO  o.s.d.r.config.RepositoryConfigurationDelegate - Finished Spring Data repository scanning in 28ms. Found 0 repository interfaces.
2019-12-08 16:04:00.941 [main] INFO  o.s.c.s.PostProcessorRegistrationDelegate$BeanPostProcessorChecker - Bean 'shiroConfig' of type [com.lv.adminsys.modules.shiro.ShiroConfig$$EnhancerBySpringCGLIB$$6dd85e72] is not eligible for getting processed by all BeanPostProcessors (for example: not eligible for auto-proxying)
2019-12-08 16:04:01.425 [main] INFO  o.s.c.s.PostProcessorRegistrationDelegate$BeanPostProcessorChecker - Bean 'mybatis-plus-com.baomidou.mybatisplus.autoconfigure.MybatisPlusProperties' of type [com.baomidou.mybatisplus.autoconfigure.MybatisPlusProperties] is not eligible for getting processed by all BeanPostProcessors (for example: not eligible for auto-proxying)
2019-12-08 16:04:01.464 [main] INFO  o.s.c.s.PostProcessorRegistrationDelegate$BeanPostProcessorChecker - Bean 'com.baomidou.mybatisplus.autoconfigure.MybatisPlusAutoConfiguration' of type [com.baomidou.mybatisplus.autoconfigure.MybatisPlusAutoConfiguration$$EnhancerBySpringCGLIB$$394d4a31] is not eligible for getting processed by all BeanPostProcessors (for example: not eligible for auto-proxying)
2019-12-08 16:04:01.474 [main] INFO  o.s.c.s.PostProcessorRegistrationDelegate$BeanPostProcessorChecker - Bean 'com.alibaba.druid.spring.boot.autoconfigure.DruidDataSourceAutoConfigure' of type [com.alibaba.druid.spring.boot.autoconfigure.DruidDataSourceAutoConfigure$$EnhancerBySpringCGLIB$$1530d309] is not eligible for getting processed by all BeanPostProcessors (for example: not eligible for auto-proxying)
2019-12-08 16:04:01.483 [main] INFO  c.a.d.s.b.a.DruidDataSourceAutoConfigure - Init DruidDataSource
2019-12-08 16:04:01.639 [main] INFO  o.s.c.s.PostProcessorRegistrationDelegate$BeanPostProcessorChecker - Bean 'spring.datasource-org.springframework.boot.autoconfigure.jdbc.DataSourceProperties' of type [org.springframework.boot.autoconfigure.jdbc.DataSourceProperties] is not eligible for getting processed by all BeanPostProcessors (for example: not eligible for auto-proxying)
2019-12-08 16:04:01.651 [main] INFO  o.s.c.s.PostProcessorRegistrationDelegate$BeanPostProcessorChecker - Bean 'com.alibaba.druid.spring.boot.autoconfigure.stat.DruidFilterConfiguration' of type [com.alibaba.druid.spring.boot.autoconfigure.stat.DruidFilterConfiguration] is not eligible for getting processed by all BeanPostProcessors (for example: not eligible for auto-proxying)
2019-12-08 16:04:01.705 [main] INFO  o.s.c.s.PostProcessorRegistrationDelegate$BeanPostProcessorChecker - Bean 'statFilter' of type [com.alibaba.druid.filter.stat.StatFilter] is not eligible for getting processed by all BeanPostProcessors (for example: not eligible for auto-proxying)
2019-12-08 16:04:03.588 [main] INFO  com.alibaba.druid.pool.DruidDataSource - {dataSource-1} inited
2019-12-08 16:04:03.588 [main] INFO  o.s.c.s.PostProcessorRegistrationDelegate$BeanPostProcessorChecker - Bean 'dataSource' of type [com.alibaba.druid.spring.boot.autoconfigure.DruidDataSourceWrapper] is not eligible for getting processed by all BeanPostProcessors (for example: not eligible for auto-proxying)
2019-12-08 16:04:03.976 [main] INFO  o.s.c.s.PostProcessorRegistrationDelegate$BeanPostProcessorChecker - Bean 'sqlSessionFactory' of type [org.apache.ibatis.session.defaults.DefaultSqlSessionFactory] is not eligible for getting processed by all BeanPostProcessors (for example: not eligible for auto-proxying)
2019-12-08 16:04:03.987 [main] INFO  o.s.c.s.PostProcessorRegistrationDelegate$BeanPostProcessorChecker - Bean 'sqlSessionTemplate' of type [org.mybatis.spring.SqlSessionTemplate] is not eligible for getting processed by all BeanPostProcessors (for example: not eligible for auto-proxying)
2019-12-08 16:04:03.988 [main] INFO  o.s.c.s.PostProcessorRegistrationDelegate$BeanPostProcessorChecker - Bean 'lvUserDao' of type [org.mybatis.spring.mapper.MapperFactoryBean] is not eligible for getting processed by all BeanPostProcessors (for example: not eligible for auto-proxying)
2019-12-08 16:04:03.991 [main] INFO  o.s.c.s.PostProcessorRegistrationDelegate$BeanPostProcessorChecker - Bean 'lvUserDao' of type [com.sun.proxy.$Proxy66] is not eligible for getting processed by all BeanPostProcessors (for example: not eligible for auto-proxying)
2019-12-08 16:04:03.994 [main] INFO  o.s.c.s.PostProcessorRegistrationDelegate$BeanPostProcessorChecker - Bean 'lvTeacherDao' of type [org.mybatis.spring.mapper.MapperFactoryBean] is not eligible for getting processed by all BeanPostProcessors (for example: not eligible for auto-proxying)
2019-12-08 16:04:03.996 [main] INFO  o.s.c.s.PostProcessorRegistrationDelegate$BeanPostProcessorChecker - Bean 'lvTeacherDao' of type [com.sun.proxy.$Proxy67] is not eligible for getting processed by all BeanPostProcessors (for example: not eligible for auto-proxying)
2019-12-08 16:04:04.002 [main] INFO  o.s.c.s.PostProcessorRegistrationDelegate$BeanPostProcessorChecker - Bean 'redisConfig' of type [com.lv.adminsys.common.config.RedisConfig$$EnhancerBySpringCGLIB$$b5656177] is not eligible for getting processed by all BeanPostProcessors (for example: not eligible for auto-proxying)
2019-12-08 16:04:04.018 [main] INFO  o.s.c.s.PostProcessorRegistrationDelegate$BeanPostProcessorChecker - Bean 'spring.redis-org.springframework.boot.autoconfigure.data.redis.RedisProperties' of type [org.springframework.boot.autoconfigure.data.redis.RedisProperties] is not eligible for getting processed by all BeanPostProcessors (for example: not eligible for auto-proxying)
2019-12-08 16:04:04.021 [main] INFO  o.s.c.s.PostProcessorRegistrationDelegate$BeanPostProcessorChecker - Bean 'org.springframework.boot.autoconfigure.data.redis.JedisConnectionConfiguration' of type [org.springframework.boot.autoconfigure.data.redis.JedisConnectionConfiguration$$EnhancerBySpringCGLIB$$9cc08f2c] is not eligible for getting processed by all BeanPostProcessors (for example: not eligible for auto-proxying)
2019-12-08 16:04:04.080 [main] INFO  o.s.c.s.PostProcessorRegistrationDelegate$BeanPostProcessorChecker - Bean 'redisConnectionFactory' of type [org.springframework.data.redis.connection.jedis.JedisConnectionFactory] is not eligible for getting processed by all BeanPostProcessors (for example: not eligible for auto-proxying)
2019-12-08 16:04:04.101 [main] INFO  o.s.c.s.PostProcessorRegistrationDelegate$BeanPostProcessorChecker - Bean 'redisTemplate' of type [org.springframework.data.redis.core.RedisTemplate] is not eligible for getting processed by all BeanPostProcessors (for example: not eligible for auto-proxying)
2019-12-08 16:04:04.102 [main] INFO  o.s.c.s.PostProcessorRegistrationDelegate$BeanPostProcessorChecker - Bean 'redisOperator' of type [com.lv.adminsys.common.utils.RedisOperator] is not eligible for getting processed by all BeanPostProcessors (for example: not eligible for auto-proxying)
2019-12-08 16:04:04.110 [main] INFO  o.s.c.s.PostProcessorRegistrationDelegate$BeanPostProcessorChecker - Bean 'userServiceImpl' of type [com.lv.adminsys.modules.service.impl.UserServiceImpl] is not eligible for getting processed by all BeanPostProcessors (for example: not eligible for auto-proxying)
2019-12-08 16:04:04.160 [main] INFO  o.s.c.s.PostProcessorRegistrationDelegate$BeanPostProcessorChecker - Bean 'lvLeaveDao' of type [org.mybatis.spring.mapper.MapperFactoryBean] is not eligible for getting processed by all BeanPostProcessors (for example: not eligible for auto-proxying)
2019-12-08 16:04:04.161 [main] INFO  o.s.c.s.PostProcessorRegistrationDelegate$BeanPostProcessorChecker - Bean 'lvLeaveDao' of type [com.sun.proxy.$Proxy72] is not eligible for getting processed by all BeanPostProcessors (for example: not eligible for auto-proxying)
2019-12-08 16:04:04.229 [main] INFO  o.s.c.s.PostProcessorRegistrationDelegate$BeanPostProcessorChecker - Bean 'lvCheckDao' of type [org.mybatis.spring.mapper.MapperFactoryBean] is not eligible for getting processed by all BeanPostProcessors (for example: not eligible for auto-proxying)
2019-12-08 16:04:04.231 [main] INFO  o.s.c.s.PostProcessorRegistrationDelegate$BeanPostProcessorChecker - Bean 'lvCheckDao' of type [com.sun.proxy.$Proxy73] is not eligible for getting processed by all BeanPostProcessors (for example: not eligible for auto-proxying)
2019-12-08 16:04:04.232 [main] INFO  o.s.c.s.PostProcessorRegistrationDelegate$BeanPostProcessorChecker - Bean 'teacherServiceImpl' of type [com.lv.adminsys.modules.service.impl.TeacherServiceImpl] is not eligible for getting processed by all BeanPostProcessors (for example: not eligible for auto-proxying)
2019-12-08 16:04:04.233 [main] INFO  o.s.c.s.PostProcessorRegistrationDelegate$BeanPostProcessorChecker - Bean 'authRealm' of type [com.lv.adminsys.modules.shiro.AuthRealm] is not eligible for getting processed by all BeanPostProcessors (for example: not eligible for auto-proxying)
2019-12-08 16:04:04.239 [main] INFO  o.s.c.s.PostProcessorRegistrationDelegate$BeanPostProcessorChecker - Bean 'securityManager' of type [org.apache.shiro.web.mgt.DefaultWebSecurityManager] is not eligible for getting processed by all BeanPostProcessors (for example: not eligible for auto-proxying)
2019-12-08 16:04:04.304 [main] INFO  o.s.c.s.PostProcessorRegistrationDelegate$BeanPostProcessorChecker - Bean 'org.springframework.transaction.annotation.ProxyTransactionManagementConfiguration' of type [org.springframework.transaction.annotation.ProxyTransactionManagementConfiguration$$EnhancerBySpringCGLIB$$fb84dd97] is not eligible for getting processed by all BeanPostProcessors (for example: not eligible for auto-proxying)
2019-12-08 16:04:04.319 [main] INFO  o.s.c.s.PostProcessorRegistrationDelegate$BeanPostProcessorChecker - Bean 'authorizationAttributeSourceAdvisor' of type [org.apache.shiro.spring.security.interceptor.AuthorizationAttributeSourceAdvisor] is not eligible for getting processed by all BeanPostProcessors (for example: not eligible for auto-proxying)
2019-12-08 16:04:04.760 [main] INFO  o.s.boot.web.embedded.tomcat.TomcatWebServer - Tomcat initialized with port(s): 8886 (http)
2019-12-08 16:04:04.784 [main] INFO  org.apache.coyote.http11.Http11NioProtocol - Initializing ProtocolHandler ["http-nio-8886"]
2019-12-08 16:04:04.800 [main] INFO  org.apache.catalina.core.StandardService - Starting service [Tomcat]
2019-12-08 16:04:04.801 [main] INFO  org.apache.catalina.core.StandardEngine - Starting Servlet engine: [Apache Tomcat/9.0.22]
2019-12-08 16:04:04.952 [main] INFO  o.a.c.core.ContainerBase.[Tomcat].[localhost].[/] - Initializing Spring embedded WebApplicationContext
2019-12-08 16:04:04.953 [main] INFO  org.springframework.web.context.ContextLoader - Root WebApplicationContext: initialization completed in 7441 ms
2019-12-08 16:04:05.189 [main] INFO  o.s.scheduling.concurrent.ThreadPoolTaskExecutor - Initializing ExecutorService 'applicationTaskExecutor'
2019-12-08 16:04:06.252 [main] INFO  o.a.e.c.DefaultActiviti5CompatibilityHandlerFactory - Activiti 5 compatibility handler implementation not found or error during instantiation : org.activiti.compatibility.DefaultActiviti5CompatibilityHandler. Activiti 5 backwards compatibility disabled.
2019-12-08 16:04:06.499 [main] INFO  org.activiti.engine.impl.ProcessEngineImpl - ProcessEngine default created
2019-12-08 16:04:06.502 [main] INFO  o.a.e.impl.asyncexecutor.DefaultAsyncJobExecutor - Starting up the default async job executor [org.activiti.spring.SpringAsyncExecutor].
2019-12-08 16:04:06.505 [Thread-25] INFO  o.a.e.i.asyncexecutor.AcquireAsyncJobsDueRunnable - {} starting to acquire async jobs due
2019-12-08 16:04:06.508 [Thread-26] INFO  o.a.e.impl.asyncexecutor.AcquireTimerJobsRunnable - {} starting to acquire async jobs due
2019-12-08 16:04:06.521 [Thread-27] INFO  o.a.e.impl.asyncexecutor.ResetExpiredJobsRunnable - {} starting to reset expired jobs
2019-12-08 16:04:09.729 [main] INFO  org.apache.coyote.http11.Http11NioProtocol - Starting ProtocolHandler ["http-nio-8886"]
2019-12-08 16:04:09.760 [main] INFO  o.s.boot.web.embedded.tomcat.TomcatWebServer - Tomcat started on port(s): 8886 (http) with context path ''
2019-12-08 16:04:09.766 [main] INFO  com.lv.adminsys.ModulesApplication - Started ModulesApplication in 15.065 seconds (JVM running for 17.465)
2019-12-08 16:04:25.165 [http-nio-8886-exec-2] INFO  o.a.c.core.ContainerBase.[Tomcat].[localhost].[/] - Initializing Spring DispatcherServlet 'dispatcherServlet'
2019-12-08 16:04:25.174 [http-nio-8886-exec-2] INFO  org.springframework.web.servlet.DispatcherServlet - Initializing Servlet 'dispatcherServlet'
2019-12-08 16:04:25.204 [http-nio-8886-exec-2] INFO  org.springframework.web.servlet.DispatcherServlet - Completed initialization in 29 ms
2019-12-08 16:04:32.812 [Thread-36] INFO  o.a.e.impl.asyncexecutor.DefaultAsyncJobExecutor - Shutting down the default async job executor [org.activiti.spring.SpringAsyncExecutor].
2019-12-08 16:04:32.814 [activiti-acquire-timer-jobs] INFO  o.a.e.impl.asyncexecutor.AcquireTimerJobsRunnable - {} stopped async job due acquisition
2019-12-08 16:04:32.814 [activiti-acquire-async-jobs] INFO  o.a.e.i.asyncexecutor.AcquireAsyncJobsDueRunnable - {} stopped async job due acquisition
2019-12-08 16:04:32.815 [activiti-reset-expired-jobs] INFO  o.a.e.impl.asyncexecutor.ResetExpiredJobsRunnable - {} stopped resetting expired jobs
2019-12-08 16:04:32.818 [Thread-36] INFO  o.s.scheduling.concurrent.ThreadPoolTaskExecutor - Shutting down ExecutorService 'applicationTaskExecutor'
2019-12-08 16:04:32.842 [Thread-36] INFO  com.alibaba.druid.pool.DruidDataSource - {dataSource-1} closed
2019-12-08 16:05:24.282 [main] INFO  com.lv.adminsys.modules.ModulesApplicationTests - Starting ModulesApplicationTests on memo012-X505BP with PID 23219 (started by memo012 in /home/memo012/code/lv-project)
2019-12-08 16:05:24.285 [main] INFO  com.lv.adminsys.modules.ModulesApplicationTests - The following profiles are active: test
2019-12-08 16:05:29.206 [main] INFO  o.s.d.r.config.RepositoryConfigurationDelegate - Multiple Spring Data modules found, entering strict repository configuration mode!
2019-12-08 16:05:29.221 [main] INFO  o.s.d.r.config.RepositoryConfigurationDelegate - Bootstrapping Spring Data repositories in DEFAULT mode.
2019-12-08 16:05:29.320 [main] INFO  o.s.d.r.config.RepositoryConfigurationDelegate - Finished Spring Data repository scanning in 44ms. Found 0 repository interfaces.
2019-12-08 16:05:30.493 [main] INFO  o.s.c.s.PostProcessorRegistrationDelegate$BeanPostProcessorChecker - Bean 'shiroConfig' of type [com.lv.adminsys.modules.shiro.ShiroConfig$$EnhancerBySpringCGLIB$$d13f8d71] is not eligible for getting processed by all BeanPostProcessors (for example: not eligible for auto-proxying)
2019-12-08 16:05:31.376 [main] INFO  o.s.c.s.PostProcessorRegistrationDelegate$BeanPostProcessorChecker - Bean 'mybatis-plus-com.baomidou.mybatisplus.autoconfigure.MybatisPlusProperties' of type [com.baomidou.mybatisplus.autoconfigure.MybatisPlusProperties] is not eligible for getting processed by all BeanPostProcessors (for example: not eligible for auto-proxying)
2019-12-08 16:05:31.416 [main] INFO  o.s.c.s.PostProcessorRegistrationDelegate$BeanPostProcessorChecker - Bean 'com.baomidou.mybatisplus.autoconfigure.MybatisPlusAutoConfiguration' of type [com.baomidou.mybatisplus.autoconfigure.MybatisPlusAutoConfiguration$$EnhancerBySpringCGLIB$$9cb47930] is not eligible for getting processed by all BeanPostProcessors (for example: not eligible for auto-proxying)
2019-12-08 16:05:31.438 [main] INFO  o.s.c.s.PostProcessorRegistrationDelegate$BeanPostProcessorChecker - Bean 'com.alibaba.druid.spring.boot.autoconfigure.DruidDataSourceAutoConfigure' of type [com.alibaba.druid.spring.boot.autoconfigure.DruidDataSourceAutoConfigure$$EnhancerBySpringCGLIB$$78980208] is not eligible for getting processed by all BeanPostProcessors (for example: not eligible for auto-proxying)
2019-12-08 16:05:31.445 [main] INFO  c.a.d.s.b.a.DruidDataSourceAutoConfigure - Init DruidDataSource
2019-12-08 16:05:31.663 [main] INFO  o.s.c.s.PostProcessorRegistrationDelegate$BeanPostProcessorChecker - Bean 'spring.datasource-org.springframework.boot.autoconfigure.jdbc.DataSourceProperties' of type [org.springframework.boot.autoconfigure.jdbc.DataSourceProperties] is not eligible for getting processed by all BeanPostProcessors (for example: not eligible for auto-proxying)
2019-12-08 16:05:31.684 [main] INFO  o.s.c.s.PostProcessorRegistrationDelegate$BeanPostProcessorChecker - Bean 'com.alibaba.druid.spring.boot.autoconfigure.stat.DruidFilterConfiguration' of type [com.alibaba.druid.spring.boot.autoconfigure.stat.DruidFilterConfiguration] is not eligible for getting processed by all BeanPostProcessors (for example: not eligible for auto-proxying)
2019-12-08 16:05:31.778 [main] INFO  o.s.c.s.PostProcessorRegistrationDelegate$BeanPostProcessorChecker - Bean 'statFilter' of type [com.alibaba.druid.filter.stat.StatFilter] is not eligible for getting processed by all BeanPostProcessors (for example: not eligible for auto-proxying)
2019-12-08 16:05:33.906 [main] INFO  com.alibaba.druid.pool.DruidDataSource - {dataSource-1} inited
2019-12-08 16:05:33.911 [main] INFO  o.s.c.s.PostProcessorRegistrationDelegate$BeanPostProcessorChecker - Bean 'dataSource' of type [com.alibaba.druid.spring.boot.autoconfigure.DruidDataSourceWrapper] is not eligible for getting processed by all BeanPostProcessors (for example: not eligible for auto-proxying)
2019-12-08 16:05:34.768 [main] INFO  o.s.c.s.PostProcessorRegistrationDelegate$BeanPostProcessorChecker - Bean 'sqlSessionFactory' of type [org.apache.ibatis.session.defaults.DefaultSqlSessionFactory] is not eligible for getting processed by all BeanPostProcessors (for example: not eligible for auto-proxying)
2019-12-08 16:05:34.810 [main] INFO  o.s.c.s.PostProcessorRegistrationDelegate$BeanPostProcessorChecker - Bean 'sqlSessionTemplate' of type [org.mybatis.spring.SqlSessionTemplate] is not eligible for getting processed by all BeanPostProcessors (for example: not eligible for auto-proxying)
2019-12-08 16:05:34.815 [main] INFO  o.s.c.s.PostProcessorRegistrationDelegate$BeanPostProcessorChecker - Bean 'lvUserDao' of type [org.mybatis.spring.mapper.MapperFactoryBean] is not eligible for getting processed by all BeanPostProcessors (for example: not eligible for auto-proxying)
2019-12-08 16:05:34.821 [main] INFO  o.s.c.s.PostProcessorRegistrationDelegate$BeanPostProcessorChecker - Bean 'lvUserDao' of type [com.sun.proxy.$Proxy82] is not eligible for getting processed by all BeanPostProcessors (for example: not eligible for auto-proxying)
2019-12-08 16:05:34.825 [main] INFO  o.s.c.s.PostProcessorRegistrationDelegate$BeanPostProcessorChecker - Bean 'lvTeacherDao' of type [org.mybatis.spring.mapper.MapperFactoryBean] is not eligible for getting processed by all BeanPostProcessors (for example: not eligible for auto-proxying)
2019-12-08 16:05:34.828 [main] INFO  o.s.c.s.PostProcessorRegistrationDelegate$BeanPostProcessorChecker - Bean 'lvTeacherDao' of type [com.sun.proxy.$Proxy83] is not eligible for getting processed by all BeanPostProcessors (for example: not eligible for auto-proxying)
2019-12-08 16:05:34.845 [main] INFO  o.s.c.s.PostProcessorRegistrationDelegate$BeanPostProcessorChecker - Bean 'redisConfig' of type [com.lv.adminsys.common.config.RedisConfig$$EnhancerBySpringCGLIB$$18cc9076] is not eligible for getting processed by all BeanPostProcessors (for example: not eligible for auto-proxying)
2019-12-08 16:05:34.881 [main] INFO  o.s.c.s.PostProcessorRegistrationDelegate$BeanPostProcessorChecker - Bean 'spring.redis-org.springframework.boot.autoconfigure.data.redis.RedisProperties' of type [org.springframework.boot.autoconfigure.data.redis.RedisProperties] is not eligible for getting processed by all BeanPostProcessors (for example: not eligible for auto-proxying)
2019-12-08 16:05:34.899 [main] INFO  o.s.c.s.PostProcessorRegistrationDelegate$BeanPostProcessorChecker - Bean 'org.springframework.boot.autoconfigure.data.redis.JedisConnectionConfiguration' of type [org.springframework.boot.autoconfigure.data.redis.JedisConnectionConfiguration$$EnhancerBySpringCGLIB$$27be2b] is not eligible for getting processed by all BeanPostProcessors (for example: not eligible for auto-proxying)
2019-12-08 16:05:35.164 [main] INFO  o.s.c.s.PostProcessorRegistrationDelegate$BeanPostProcessorChecker - Bean 'redisConnectionFactory' of type [org.springframework.data.redis.connection.jedis.JedisConnectionFactory] is not eligible for getting processed by all BeanPostProcessors (for example: not eligible for auto-proxying)
2019-12-08 16:05:35.244 [main] INFO  o.s.c.s.PostProcessorRegistrationDelegate$BeanPostProcessorChecker - Bean 'redisTemplate' of type [org.springframework.data.redis.core.RedisTemplate] is not eligible for getting processed by all BeanPostProcessors (for example: not eligible for auto-proxying)
2019-12-08 16:05:35.245 [main] INFO  o.s.c.s.PostProcessorRegistrationDelegate$BeanPostProcessorChecker - Bean 'redisOperator' of type [com.lv.adminsys.common.utils.RedisOperator] is not eligible for getting processed by all BeanPostProcessors (for example: not eligible for auto-proxying)
2019-12-08 16:05:35.265 [main] INFO  o.s.c.s.PostProcessorRegistrationDelegate$BeanPostProcessorChecker - Bean 'userServiceImpl' of type [com.lv.adminsys.modules.service.impl.UserServiceImpl] is not eligible for getting processed by all BeanPostProcessors (for example: not eligible for auto-proxying)
2019-12-08 16:05:35.433 [main] INFO  o.s.c.s.PostProcessorRegistrationDelegate$BeanPostProcessorChecker - Bean 'lvLeaveDao' of type [org.mybatis.spring.mapper.MapperFactoryBean] is not eligible for getting processed by all BeanPostProcessors (for example: not eligible for auto-proxying)
2019-12-08 16:05:35.445 [main] INFO  o.s.c.s.PostProcessorRegistrationDelegate$BeanPostProcessorChecker - Bean 'lvLeaveDao' of type [com.sun.proxy.$Proxy85] is not eligible for getting processed by all BeanPostProcessors (for example: not eligible for auto-proxying)
2019-12-08 16:05:35.522 [main] INFO  o.s.c.s.PostProcessorRegistrationDelegate$BeanPostProcessorChecker - Bean 'lvCheckDao' of type [org.mybatis.spring.mapper.MapperFactoryBean] is not eligible for getting processed by all BeanPostProcessors (for example: not eligible for auto-proxying)
2019-12-08 16:05:35.524 [main] INFO  o.s.c.s.PostProcessorRegistrationDelegate$BeanPostProcessorChecker - Bean 'lvCheckDao' of type [com.sun.proxy.$Proxy86] is not eligible for getting processed by all BeanPostProcessors (for example: not eligible for auto-proxying)
2019-12-08 16:05:35.525 [main] INFO  o.s.c.s.PostProcessorRegistrationDelegate$BeanPostProcessorChecker - Bean 'teacherServiceImpl' of type [com.lv.adminsys.modules.service.impl.TeacherServiceImpl] is not eligible for getting processed by all BeanPostProcessors (for example: not eligible for auto-proxying)
2019-12-08 16:05:35.527 [main] INFO  o.s.c.s.PostProcessorRegistrationDelegate$BeanPostProcessorChecker - Bean 'authRealm' of type [com.lv.adminsys.modules.shiro.AuthRealm] is not eligible for getting processed by all BeanPostProcessors (for example: not eligible for auto-proxying)
2019-12-08 16:05:35.554 [main] INFO  o.s.c.s.PostProcessorRegistrationDelegate$BeanPostProcessorChecker - Bean 'securityManager' of type [org.apache.shiro.web.mgt.DefaultWebSecurityManager] is not eligible for getting processed by all BeanPostProcessors (for example: not eligible for auto-proxying)
2019-12-08 16:05:35.838 [main] INFO  o.s.c.s.PostProcessorRegistrationDelegate$BeanPostProcessorChecker - Bean 'org.springframework.transaction.annotation.ProxyTransactionManagementConfiguration' of type [org.springframework.transaction.annotation.ProxyTransactionManagementConfiguration$$EnhancerBySpringCGLIB$$5eec0c96] is not eligible for getting processed by all BeanPostProcessors (for example: not eligible for auto-proxying)
2019-12-08 16:05:35.882 [main] INFO  o.s.c.s.PostProcessorRegistrationDelegate$BeanPostProcessorChecker - Bean 'authorizationAttributeSourceAdvisor' of type [org.apache.shiro.spring.security.interceptor.AuthorizationAttributeSourceAdvisor] is not eligible for getting processed by all BeanPostProcessors (for example: not eligible for auto-proxying)
2019-12-08 16:05:36.500 [main] INFO  o.s.scheduling.concurrent.ThreadPoolTaskExecutor - Initializing ExecutorService 'applicationTaskExecutor'
2019-12-08 16:05:39.204 [main] INFO  o.a.e.c.DefaultActiviti5CompatibilityHandlerFactory - Activiti 5 compatibility handler implementation not found or error during instantiation : org.activiti.compatibility.DefaultActiviti5CompatibilityHandler. Activiti 5 backwards compatibility disabled.
2019-12-08 16:05:39.760 [main] INFO  org.activiti.engine.impl.ProcessEngineImpl - ProcessEngine default created
2019-12-08 16:05:39.764 [main] INFO  o.a.e.impl.asyncexecutor.DefaultAsyncJobExecutor - Starting up the default async job executor [org.activiti.spring.SpringAsyncExecutor].
2019-12-08 16:05:39.768 [Thread-4] INFO  o.a.e.impl.asyncexecutor.ResetExpiredJobsRunnable - {} starting to reset expired jobs
2019-12-08 16:05:39.767 [Thread-3] INFO  o.a.e.impl.asyncexecutor.AcquireTimerJobsRunnable - {} starting to acquire async jobs due
2019-12-08 16:05:39.767 [Thread-2] INFO  o.a.e.i.asyncexecutor.AcquireAsyncJobsDueRunnable - {} starting to acquire async jobs due
2019-12-08 16:05:47.500 [main] INFO  com.lv.adminsys.modules.ModulesApplicationTests - Started ModulesApplicationTests in 24.967 seconds (JVM running for 27.605)
2019-12-08 16:05:50.056 [Thread-5] INFO  o.a.e.impl.asyncexecutor.DefaultAsyncJobExecutor - Shutting down the default async job executor [org.activiti.spring.SpringAsyncExecutor].
2019-12-08 16:05:50.057 [activiti-acquire-async-jobs] INFO  o.a.e.i.asyncexecutor.AcquireAsyncJobsDueRunnable - {} stopped async job due acquisition
2019-12-08 16:05:50.058 [activiti-reset-expired-jobs] INFO  o.a.e.impl.asyncexecutor.ResetExpiredJobsRunnable - {} stopped resetting expired jobs
2019-12-08 16:05:50.220 [activiti-acquire-timer-jobs] INFO  o.a.e.impl.asyncexecutor.AcquireTimerJobsRunnable - {} stopped async job due acquisition
2019-12-08 16:05:50.225 [Thread-5] INFO  o.s.scheduling.concurrent.ThreadPoolTaskExecutor - Shutting down ExecutorService 'applicationTaskExecutor'
2019-12-08 16:05:50.260 [Thread-5] INFO  com.alibaba.druid.pool.DruidDataSource - {dataSource-1} closed
2019-12-08 16:16:24.055 [main] INFO  com.lv.adminsys.ModulesApplication - Starting ModulesApplication on memo012-X505BP with PID 24657 (/home/memo012/code/lv-project/target/classes started by memo012 in /home/memo012/code/lv-project)
2019-12-08 16:16:24.064 [main] INFO  com.lv.adminsys.ModulesApplication - The following profiles are active: test
2019-12-08 16:16:26.773 [main] INFO  o.s.d.r.config.RepositoryConfigurationDelegate - Multiple Spring Data modules found, entering strict repository configuration mode!
2019-12-08 16:16:26.777 [main] INFO  o.s.d.r.config.RepositoryConfigurationDelegate - Bootstrapping Spring Data repositories in DEFAULT mode.
2019-12-08 16:16:26.818 [main] INFO  o.s.d.r.config.RepositoryConfigurationDelegate - Finished Spring Data repository scanning in 21ms. Found 0 repository interfaces.
2019-12-08 16:16:27.261 [main] INFO  o.s.c.s.PostProcessorRegistrationDelegate$BeanPostProcessorChecker - Bean 'shiroConfig' of type [com.lv.adminsys.modules.shiro.ShiroConfig$$EnhancerBySpringCGLIB$$4cc3640f] is not eligible for getting processed by all BeanPostProcessors (for example: not eligible for auto-proxying)
2019-12-08 16:16:27.690 [main] INFO  o.s.c.s.PostProcessorRegistrationDelegate$BeanPostProcessorChecker - Bean 'mybatis-plus-com.baomidou.mybatisplus.autoconfigure.MybatisPlusProperties' of type [com.baomidou.mybatisplus.autoconfigure.MybatisPlusProperties] is not eligible for getting processed by all BeanPostProcessors (for example: not eligible for auto-proxying)
2019-12-08 16:16:27.703 [main] INFO  o.s.c.s.PostProcessorRegistrationDelegate$BeanPostProcessorChecker - Bean 'com.baomidou.mybatisplus.autoconfigure.MybatisPlusAutoConfiguration' of type [com.baomidou.mybatisplus.autoconfigure.MybatisPlusAutoConfiguration$$EnhancerBySpringCGLIB$$18384fce] is not eligible for getting processed by all BeanPostProcessors (for example: not eligible for auto-proxying)
2019-12-08 16:16:27.707 [main] INFO  o.s.c.s.PostProcessorRegistrationDelegate$BeanPostProcessorChecker - Bean 'com.alibaba.druid.spring.boot.autoconfigure.DruidDataSourceAutoConfigure' of type [com.alibaba.druid.spring.boot.autoconfigure.DruidDataSourceAutoConfigure$$EnhancerBySpringCGLIB$$f41bd8a6] is not eligible for getting processed by all BeanPostProcessors (for example: not eligible for auto-proxying)
2019-12-08 16:16:27.711 [main] INFO  c.a.d.s.b.a.DruidDataSourceAutoConfigure - Init DruidDataSource
2019-12-08 16:16:27.793 [main] INFO  o.s.c.s.PostProcessorRegistrationDelegate$BeanPostProcessorChecker - Bean 'spring.datasource-org.springframework.boot.autoconfigure.jdbc.DataSourceProperties' of type [org.springframework.boot.autoconfigure.jdbc.DataSourceProperties] is not eligible for getting processed by all BeanPostProcessors (for example: not eligible for auto-proxying)
2019-12-08 16:16:27.798 [main] INFO  o.s.c.s.PostProcessorRegistrationDelegate$BeanPostProcessorChecker - Bean 'com.alibaba.druid.spring.boot.autoconfigure.stat.DruidFilterConfiguration' of type [com.alibaba.druid.spring.boot.autoconfigure.stat.DruidFilterConfiguration] is not eligible for getting processed by all BeanPostProcessors (for example: not eligible for auto-proxying)
2019-12-08 16:16:27.826 [main] INFO  o.s.c.s.PostProcessorRegistrationDelegate$BeanPostProcessorChecker - Bean 'statFilter' of type [com.alibaba.druid.filter.stat.StatFilter] is not eligible for getting processed by all BeanPostProcessors (for example: not eligible for auto-proxying)
2019-12-08 16:16:29.431 [main] INFO  com.alibaba.druid.pool.DruidDataSource - {dataSource-1} inited
2019-12-08 16:16:29.432 [main] INFO  o.s.c.s.PostProcessorRegistrationDelegate$BeanPostProcessorChecker - Bean 'dataSource' of type [com.alibaba.druid.spring.boot.autoconfigure.DruidDataSourceWrapper] is not eligible for getting processed by all BeanPostProcessors (for example: not eligible for auto-proxying)
2019-12-08 16:16:29.825 [main] INFO  o.s.c.s.PostProcessorRegistrationDelegate$BeanPostProcessorChecker - Bean 'sqlSessionFactory' of type [org.apache.ibatis.session.defaults.DefaultSqlSessionFactory] is not eligible for getting processed by all BeanPostProcessors (for example: not eligible for auto-proxying)
2019-12-08 16:16:29.833 [main] INFO  o.s.c.s.PostProcessorRegistrationDelegate$BeanPostProcessorChecker - Bean 'sqlSessionTemplate' of type [org.mybatis.spring.SqlSessionTemplate] is not eligible for getting processed by all BeanPostProcessors (for example: not eligible for auto-proxying)
2019-12-08 16:16:29.835 [main] INFO  o.s.c.s.PostProcessorRegistrationDelegate$BeanPostProcessorChecker - Bean 'lvUserDao' of type [org.mybatis.spring.mapper.MapperFactoryBean] is not eligible for getting processed by all BeanPostProcessors (for example: not eligible for auto-proxying)
2019-12-08 16:16:29.837 [main] INFO  o.s.c.s.PostProcessorRegistrationDelegate$BeanPostProcessorChecker - Bean 'lvUserDao' of type [com.sun.proxy.$Proxy66] is not eligible for getting processed by all BeanPostProcessors (for example: not eligible for auto-proxying)
2019-12-08 16:16:29.840 [main] INFO  o.s.c.s.PostProcessorRegistrationDelegate$BeanPostProcessorChecker - Bean 'lvTeacherDao' of type [org.mybatis.spring.mapper.MapperFactoryBean] is not eligible for getting processed by all BeanPostProcessors (for example: not eligible for auto-proxying)
2019-12-08 16:16:29.841 [main] INFO  o.s.c.s.PostProcessorRegistrationDelegate$BeanPostProcessorChecker - Bean 'lvTeacherDao' of type [com.sun.proxy.$Proxy67] is not eligible for getting processed by all BeanPostProcessors (for example: not eligible for auto-proxying)
2019-12-08 16:16:29.847 [main] INFO  o.s.c.s.PostProcessorRegistrationDelegate$BeanPostProcessorChecker - Bean 'redisConfig' of type [com.lv.adminsys.common.config.RedisConfig$$EnhancerBySpringCGLIB$$94506714] is not eligible for getting processed by all BeanPostProcessors (for example: not eligible for auto-proxying)
2019-12-08 16:16:29.863 [main] INFO  o.s.c.s.PostProcessorRegistrationDelegate$BeanPostProcessorChecker - Bean 'spring.redis-org.springframework.boot.autoconfigure.data.redis.RedisProperties' of type [org.springframework.boot.autoconfigure.data.redis.RedisProperties] is not eligible for getting processed by all BeanPostProcessors (for example: not eligible for auto-proxying)
2019-12-08 16:16:29.865 [main] INFO  o.s.c.s.PostProcessorRegistrationDelegate$BeanPostProcessorChecker - Bean 'org.springframework.boot.autoconfigure.data.redis.JedisConnectionConfiguration' of type [org.springframework.boot.autoconfigure.data.redis.JedisConnectionConfiguration$$EnhancerBySpringCGLIB$$7bab94c9] is not eligible for getting processed by all BeanPostProcessors (for example: not eligible for auto-proxying)
2019-12-08 16:16:29.929 [main] INFO  o.s.c.s.PostProcessorRegistrationDelegate$BeanPostProcessorChecker - Bean 'redisConnectionFactory' of type [org.springframework.data.redis.connection.jedis.JedisConnectionFactory] is not eligible for getting processed by all BeanPostProcessors (for example: not eligible for auto-proxying)
2019-12-08 16:16:29.956 [main] INFO  o.s.c.s.PostProcessorRegistrationDelegate$BeanPostProcessorChecker - Bean 'redisTemplate' of type [org.springframework.data.redis.core.RedisTemplate] is not eligible for getting processed by all BeanPostProcessors (for example: not eligible for auto-proxying)
2019-12-08 16:16:29.957 [main] INFO  o.s.c.s.PostProcessorRegistrationDelegate$BeanPostProcessorChecker - Bean 'redisOperator' of type [com.lv.adminsys.common.utils.RedisOperator] is not eligible for getting processed by all BeanPostProcessors (for example: not eligible for auto-proxying)
2019-12-08 16:16:29.969 [main] INFO  o.s.c.s.PostProcessorRegistrationDelegate$BeanPostProcessorChecker - Bean 'userServiceImpl' of type [com.lv.adminsys.modules.service.impl.UserServiceImpl] is not eligible for getting processed by all BeanPostProcessors (for example: not eligible for auto-proxying)
2019-12-08 16:16:30.039 [main] INFO  o.s.c.s.PostProcessorRegistrationDelegate$BeanPostProcessorChecker - Bean 'lvLeaveDao' of type [org.mybatis.spring.mapper.MapperFactoryBean] is not eligible for getting processed by all BeanPostProcessors (for example: not eligible for auto-proxying)
2019-12-08 16:16:30.041 [main] INFO  o.s.c.s.PostProcessorRegistrationDelegate$BeanPostProcessorChecker - Bean 'lvLeaveDao' of type [com.sun.proxy.$Proxy72] is not eligible for getting processed by all BeanPostProcessors (for example: not eligible for auto-proxying)
2019-12-08 16:16:30.106 [main] INFO  o.s.c.s.PostProcessorRegistrationDelegate$BeanPostProcessorChecker - Bean 'lvCheckDao' of type [org.mybatis.spring.mapper.MapperFactoryBean] is not eligible for getting processed by all BeanPostProcessors (for example: not eligible for auto-proxying)
2019-12-08 16:16:30.110 [main] INFO  o.s.c.s.PostProcessorRegistrationDelegate$BeanPostProcessorChecker - Bean 'lvCheckDao' of type [com.sun.proxy.$Proxy73] is not eligible for getting processed by all BeanPostProcessors (for example: not eligible for auto-proxying)
2019-12-08 16:16:30.111 [main] INFO  o.s.c.s.PostProcessorRegistrationDelegate$BeanPostProcessorChecker - Bean 'teacherServiceImpl' of type [com.lv.adminsys.modules.service.impl.TeacherServiceImpl] is not eligible for getting processed by all BeanPostProcessors (for example: not eligible for auto-proxying)
2019-12-08 16:16:30.114 [main] INFO  o.s.c.s.PostProcessorRegistrationDelegate$BeanPostProcessorChecker - Bean 'authRealm' of type [com.lv.adminsys.modules.shiro.AuthRealm] is not eligible for getting processed by all BeanPostProcessors (for example: not eligible for auto-proxying)
2019-12-08 16:16:30.121 [main] INFO  o.s.c.s.PostProcessorRegistrationDelegate$BeanPostProcessorChecker - Bean 'securityManager' of type [org.apache.shiro.web.mgt.DefaultWebSecurityManager] is not eligible for getting processed by all BeanPostProcessors (for example: not eligible for auto-proxying)
2019-12-08 16:16:30.190 [main] INFO  o.s.c.s.PostProcessorRegistrationDelegate$BeanPostProcessorChecker - Bean 'org.springframework.transaction.annotation.ProxyTransactionManagementConfiguration' of type [org.springframework.transaction.annotation.ProxyTransactionManagementConfiguration$$EnhancerBySpringCGLIB$$da6fe334] is not eligible for getting processed by all BeanPostProcessors (for example: not eligible for auto-proxying)
2019-12-08 16:16:30.203 [main] INFO  o.s.c.s.PostProcessorRegistrationDelegate$BeanPostProcessorChecker - Bean 'authorizationAttributeSourceAdvisor' of type [org.apache.shiro.spring.security.interceptor.AuthorizationAttributeSourceAdvisor] is not eligible for getting processed by all BeanPostProcessors (for example: not eligible for auto-proxying)
2019-12-08 16:16:30.625 [main] INFO  o.s.boot.web.embedded.tomcat.TomcatWebServer - Tomcat initialized with port(s): 8886 (http)
2019-12-08 16:16:30.646 [main] INFO  org.apache.coyote.http11.Http11NioProtocol - Initializing ProtocolHandler ["http-nio-8886"]
2019-12-08 16:16:30.659 [main] INFO  org.apache.catalina.core.StandardService - Starting service [Tomcat]
2019-12-08 16:16:30.660 [main] INFO  org.apache.catalina.core.StandardEngine - Starting Servlet engine: [Apache Tomcat/9.0.22]
2019-12-08 16:16:30.816 [main] INFO  o.a.c.core.ContainerBase.[Tomcat].[localhost].[/] - Initializing Spring embedded WebApplicationContext
2019-12-08 16:16:30.816 [main] INFO  org.springframework.web.context.ContextLoader - Root WebApplicationContext: initialization completed in 6331 ms
2019-12-08 16:16:31.051 [main] INFO  o.s.scheduling.concurrent.ThreadPoolTaskExecutor - Initializing ExecutorService 'applicationTaskExecutor'
2019-12-08 16:16:32.109 [main] INFO  o.a.e.c.DefaultActiviti5CompatibilityHandlerFactory - Activiti 5 compatibility handler implementation not found or error during instantiation : org.activiti.compatibility.DefaultActiviti5CompatibilityHandler. Activiti 5 backwards compatibility disabled.
2019-12-08 16:16:32.312 [main] INFO  org.activiti.engine.impl.ProcessEngineImpl - ProcessEngine default created
2019-12-08 16:16:32.315 [main] INFO  o.a.e.impl.asyncexecutor.DefaultAsyncJobExecutor - Starting up the default async job executor [org.activiti.spring.SpringAsyncExecutor].
2019-12-08 16:16:32.319 [Thread-22] INFO  o.a.e.i.asyncexecutor.AcquireAsyncJobsDueRunnable - {} starting to acquire async jobs due
2019-12-08 16:16:32.321 [Thread-23] INFO  o.a.e.impl.asyncexecutor.AcquireTimerJobsRunnable - {} starting to acquire async jobs due
2019-12-08 16:16:32.323 [Thread-24] INFO  o.a.e.impl.asyncexecutor.ResetExpiredJobsRunnable - {} starting to reset expired jobs
2019-12-08 16:16:35.842 [main] INFO  org.apache.coyote.http11.Http11NioProtocol - Starting ProtocolHandler ["http-nio-8886"]
2019-12-08 16:16:35.870 [main] INFO  o.s.boot.web.embedded.tomcat.TomcatWebServer - Tomcat started on port(s): 8886 (http) with context path ''
2019-12-08 16:16:35.877 [main] INFO  com.lv.adminsys.ModulesApplication - Started ModulesApplication in 13.752 seconds (JVM running for 15.367)
2019-12-08 16:17:37.367 [Thread-33] INFO  o.a.e.impl.asyncexecutor.DefaultAsyncJobExecutor - Shutting down the default async job executor [org.activiti.spring.SpringAsyncExecutor].
2019-12-08 16:17:37.371 [activiti-acquire-async-jobs] INFO  o.a.e.i.asyncexecutor.AcquireAsyncJobsDueRunnable - {} stopped async job due acquisition
2019-12-08 16:17:37.372 [activiti-acquire-timer-jobs] INFO  o.a.e.impl.asyncexecutor.AcquireTimerJobsRunnable - {} stopped async job due acquisition
2019-12-08 16:17:37.372 [activiti-reset-expired-jobs] INFO  o.a.e.impl.asyncexecutor.ResetExpiredJobsRunnable - {} stopped resetting expired jobs
2019-12-08 16:17:37.377 [Thread-33] INFO  o.s.scheduling.concurrent.ThreadPoolTaskExecutor - Shutting down ExecutorService 'applicationTaskExecutor'
2019-12-08 16:17:37.411 [Thread-33] INFO  com.alibaba.druid.pool.DruidDataSource - {dataSource-1} closed
2019-12-08 16:36:49.580 [main] INFO  com.lv.adminsys.modules.ModulesApplicationTests - Starting ModulesApplicationTests on memo012-X505BP with PID 26813 (started by memo012 in /home/memo012/code/lv-project)
2019-12-08 16:36:49.583 [main] INFO  com.lv.adminsys.modules.ModulesApplicationTests - The following profiles are active: test
2019-12-08 16:36:52.150 [main] INFO  o.s.d.r.config.RepositoryConfigurationDelegate - Multiple Spring Data modules found, entering strict repository configuration mode!
2019-12-08 16:36:52.157 [main] INFO  o.s.d.r.config.RepositoryConfigurationDelegate - Bootstrapping Spring Data repositories in DEFAULT mode.
2019-12-08 16:36:52.267 [main] INFO  o.s.d.r.config.RepositoryConfigurationDelegate - Finished Spring Data repository scanning in 62ms. Found 0 repository interfaces.
2019-12-08 16:36:53.353 [main] INFO  o.s.c.s.PostProcessorRegistrationDelegate$BeanPostProcessorChecker - Bean 'shiroConfig' of type [com.lv.adminsys.modules.shiro.ShiroConfig$$EnhancerBySpringCGLIB$$5a8a4336] is not eligible for getting processed by all BeanPostProcessors (for example: not eligible for auto-proxying)
2019-12-08 16:36:54.290 [main] INFO  o.s.c.s.PostProcessorRegistrationDelegate$BeanPostProcessorChecker - Bean 'mybatis-plus-com.baomidou.mybatisplus.autoconfigure.MybatisPlusProperties' of type [com.baomidou.mybatisplus.autoconfigure.MybatisPlusProperties] is not eligible for getting processed by all BeanPostProcessors (for example: not eligible for auto-proxying)
2019-12-08 16:36:54.315 [main] INFO  o.s.c.s.PostProcessorRegistrationDelegate$BeanPostProcessorChecker - Bean 'com.baomidou.mybatisplus.autoconfigure.MybatisPlusAutoConfiguration' of type [com.baomidou.mybatisplus.autoconfigure.MybatisPlusAutoConfiguration$$EnhancerBySpringCGLIB$$25ff2ef5] is not eligible for getting processed by all BeanPostProcessors (for example: not eligible for auto-proxying)
2019-12-08 16:36:54.326 [main] INFO  o.s.c.s.PostProcessorRegistrationDelegate$BeanPostProcessorChecker - Bean 'com.alibaba.druid.spring.boot.autoconfigure.DruidDataSourceAutoConfigure' of type [com.alibaba.druid.spring.boot.autoconfigure.DruidDataSourceAutoConfigure$$EnhancerBySpringCGLIB$$1e2b7cd] is not eligible for getting processed by all BeanPostProcessors (for example: not eligible for auto-proxying)
2019-12-08 16:36:54.331 [main] INFO  c.a.d.s.b.a.DruidDataSourceAutoConfigure - Init DruidDataSource
2019-12-08 16:36:54.490 [main] INFO  o.s.c.s.PostProcessorRegistrationDelegate$BeanPostProcessorChecker - Bean 'spring.datasource-org.springframework.boot.autoconfigure.jdbc.DataSourceProperties' of type [org.springframework.boot.autoconfigure.jdbc.DataSourceProperties] is not eligible for getting processed by all BeanPostProcessors (for example: not eligible for auto-proxying)
2019-12-08 16:36:54.500 [main] INFO  o.s.c.s.PostProcessorRegistrationDelegate$BeanPostProcessorChecker - Bean 'com.alibaba.druid.spring.boot.autoconfigure.stat.DruidFilterConfiguration' of type [com.alibaba.druid.spring.boot.autoconfigure.stat.DruidFilterConfiguration] is not eligible for getting processed by all BeanPostProcessors (for example: not eligible for auto-proxying)
2019-12-08 16:36:54.595 [main] INFO  o.s.c.s.PostProcessorRegistrationDelegate$BeanPostProcessorChecker - Bean 'statFilter' of type [com.alibaba.druid.filter.stat.StatFilter] is not eligible for getting processed by all BeanPostProcessors (for example: not eligible for auto-proxying)
2019-12-08 16:36:56.468 [main] INFO  com.alibaba.druid.pool.DruidDataSource - {dataSource-1} inited
2019-12-08 16:36:56.475 [main] INFO  o.s.c.s.PostProcessorRegistrationDelegate$BeanPostProcessorChecker - Bean 'dataSource' of type [com.alibaba.druid.spring.boot.autoconfigure.DruidDataSourceWrapper] is not eligible for getting processed by all BeanPostProcessors (for example: not eligible for auto-proxying)
2019-12-08 16:36:57.252 [main] INFO  o.s.c.s.PostProcessorRegistrationDelegate$BeanPostProcessorChecker - Bean 'sqlSessionFactory' of type [org.apache.ibatis.session.defaults.DefaultSqlSessionFactory] is not eligible for getting processed by all BeanPostProcessors (for example: not eligible for auto-proxying)
2019-12-08 16:36:57.290 [main] INFO  o.s.c.s.PostProcessorRegistrationDelegate$BeanPostProcessorChecker - Bean 'sqlSessionTemplate' of type [org.mybatis.spring.SqlSessionTemplate] is not eligible for getting processed by all BeanPostProcessors (for example: not eligible for auto-proxying)
2019-12-08 16:36:57.303 [main] INFO  o.s.c.s.PostProcessorRegistrationDelegate$BeanPostProcessorChecker - Bean 'lvUserDao' of type [org.mybatis.spring.mapper.MapperFactoryBean] is not eligible for getting processed by all BeanPostProcessors (for example: not eligible for auto-proxying)
2019-12-08 16:36:57.317 [main] INFO  o.s.c.s.PostProcessorRegistrationDelegate$BeanPostProcessorChecker - Bean 'lvUserDao' of type [com.sun.proxy.$Proxy82] is not eligible for getting processed by all BeanPostProcessors (for example: not eligible for auto-proxying)
2019-12-08 16:36:57.331 [main] INFO  o.s.c.s.PostProcessorRegistrationDelegate$BeanPostProcessorChecker - Bean 'lvTeacherDao' of type [org.mybatis.spring.mapper.MapperFactoryBean] is not eligible for getting processed by all BeanPostProcessors (for example: not eligible for auto-proxying)
2019-12-08 16:36:57.335 [main] INFO  o.s.c.s.PostProcessorRegistrationDelegate$BeanPostProcessorChecker - Bean 'lvTeacherDao' of type [com.sun.proxy.$Proxy83] is not eligible for getting processed by all BeanPostProcessors (for example: not eligible for auto-proxying)
2019-12-08 16:36:57.361 [main] INFO  o.s.c.s.PostProcessorRegistrationDelegate$BeanPostProcessorChecker - Bean 'redisConfig' of type [com.lv.adminsys.common.config.RedisConfig$$EnhancerBySpringCGLIB$$a217463b] is not eligible for getting processed by all BeanPostProcessors (for example: not eligible for auto-proxying)
2019-12-08 16:36:57.402 [main] INFO  o.s.c.s.PostProcessorRegistrationDelegate$BeanPostProcessorChecker - Bean 'spring.redis-org.springframework.boot.autoconfigure.data.redis.RedisProperties' of type [org.springframework.boot.autoconfigure.data.redis.RedisProperties] is not eligible for getting processed by all BeanPostProcessors (for example: not eligible for auto-proxying)
2019-12-08 16:36:57.415 [main] INFO  o.s.c.s.PostProcessorRegistrationDelegate$BeanPostProcessorChecker - Bean 'org.springframework.boot.autoconfigure.data.redis.JedisConnectionConfiguration' of type [org.springframework.boot.autoconfigure.data.redis.JedisConnectionConfiguration$$EnhancerBySpringCGLIB$$897273f0] is not eligible for getting processed by all BeanPostProcessors (for example: not eligible for auto-proxying)
2019-12-08 16:36:57.616 [main] INFO  o.s.c.s.PostProcessorRegistrationDelegate$BeanPostProcessorChecker - Bean 'redisConnectionFactory' of type [org.springframework.data.redis.connection.jedis.JedisConnectionFactory] is not eligible for getting processed by all BeanPostProcessors (for example: not eligible for auto-proxying)
2019-12-08 16:36:57.700 [main] INFO  o.s.c.s.PostProcessorRegistrationDelegate$BeanPostProcessorChecker - Bean 'redisTemplate' of type [org.springframework.data.redis.core.RedisTemplate] is not eligible for getting processed by all BeanPostProcessors (for example: not eligible for auto-proxying)
2019-12-08 16:36:57.704 [main] INFO  o.s.c.s.PostProcessorRegistrationDelegate$BeanPostProcessorChecker - Bean 'redisOperator' of type [com.lv.adminsys.common.utils.RedisOperator] is not eligible for getting processed by all BeanPostProcessors (for example: not eligible for auto-proxying)
2019-12-08 16:36:57.720 [main] INFO  o.s.c.s.PostProcessorRegistrationDelegate$BeanPostProcessorChecker - Bean 'userServiceImpl' of type [com.lv.adminsys.modules.service.impl.UserServiceImpl] is not eligible for getting processed by all BeanPostProcessors (for example: not eligible for auto-proxying)
2019-12-08 16:36:57.911 [main] INFO  o.s.c.s.PostProcessorRegistrationDelegate$BeanPostProcessorChecker - Bean 'lvLeaveDao' of type [org.mybatis.spring.mapper.MapperFactoryBean] is not eligible for getting processed by all BeanPostProcessors (for example: not eligible for auto-proxying)
2019-12-08 16:36:57.914 [main] INFO  o.s.c.s.PostProcessorRegistrationDelegate$BeanPostProcessorChecker - Bean 'lvLeaveDao' of type [com.sun.proxy.$Proxy85] is not eligible for getting processed by all BeanPostProcessors (for example: not eligible for auto-proxying)
2019-12-08 16:36:58.014 [main] INFO  o.s.c.s.PostProcessorRegistrationDelegate$BeanPostProcessorChecker - Bean 'lvCheckDao' of type [org.mybatis.spring.mapper.MapperFactoryBean] is not eligible for getting processed by all BeanPostProcessors (for example: not eligible for auto-proxying)
2019-12-08 16:36:58.017 [main] INFO  o.s.c.s.PostProcessorRegistrationDelegate$BeanPostProcessorChecker - Bean 'lvCheckDao' of type [com.sun.proxy.$Proxy86] is not eligible for getting processed by all BeanPostProcessors (for example: not eligible for auto-proxying)
2019-12-08 16:36:58.018 [main] INFO  o.s.c.s.PostProcessorRegistrationDelegate$BeanPostProcessorChecker - Bean 'teacherServiceImpl' of type [com.lv.adminsys.modules.service.impl.TeacherServiceImpl] is not eligible for getting processed by all BeanPostProcessors (for example: not eligible for auto-proxying)
2019-12-08 16:36:58.020 [main] INFO  o.s.c.s.PostProcessorRegistrationDelegate$BeanPostProcessorChecker - Bean 'authRealm' of type [com.lv.adminsys.modules.shiro.AuthRealm] is not eligible for getting processed by all BeanPostProcessors (for example: not eligible for auto-proxying)
2019-12-08 16:36:58.050 [main] INFO  o.s.c.s.PostProcessorRegistrationDelegate$BeanPostProcessorChecker - Bean 'securityManager' of type [org.apache.shiro.web.mgt.DefaultWebSecurityManager] is not eligible for getting processed by all BeanPostProcessors (for example: not eligible for auto-proxying)
2019-12-08 16:36:58.278 [main] INFO  o.s.c.s.PostProcessorRegistrationDelegate$BeanPostProcessorChecker - Bean 'org.springframework.transaction.annotation.ProxyTransactionManagementConfiguration' of type [org.springframework.transaction.annotation.ProxyTransactionManagementConfiguration$$EnhancerBySpringCGLIB$$e836c25b] is not eligible for getting processed by all BeanPostProcessors (for example: not eligible for auto-proxying)
2019-12-08 16:36:58.323 [main] INFO  o.s.c.s.PostProcessorRegistrationDelegate$BeanPostProcessorChecker - Bean 'authorizationAttributeSourceAdvisor' of type [org.apache.shiro.spring.security.interceptor.AuthorizationAttributeSourceAdvisor] is not eligible for getting processed by all BeanPostProcessors (for example: not eligible for auto-proxying)
2019-12-08 16:36:58.868 [main] INFO  o.s.scheduling.concurrent.ThreadPoolTaskExecutor - Initializing ExecutorService 'applicationTaskExecutor'
2019-12-08 16:37:00.947 [main] INFO  o.a.e.c.DefaultActiviti5CompatibilityHandlerFactory - Activiti 5 compatibility handler implementation not found or error during instantiation : org.activiti.compatibility.DefaultActiviti5CompatibilityHandler. Activiti 5 backwards compatibility disabled.
2019-12-08 16:37:01.230 [main] INFO  org.activiti.engine.impl.ProcessEngineImpl - ProcessEngine default created
2019-12-08 16:37:01.233 [main] INFO  o.a.e.impl.asyncexecutor.DefaultAsyncJobExecutor - Starting up the default async job executor [org.activiti.spring.SpringAsyncExecutor].
2019-12-08 16:37:01.236 [Thread-3] INFO  o.a.e.impl.asyncexecutor.AcquireTimerJobsRunnable - {} starting to acquire async jobs due
2019-12-08 16:37:01.243 [Thread-4] INFO  o.a.e.impl.asyncexecutor.ResetExpiredJobsRunnable - {} starting to reset expired jobs
2019-12-08 16:37:01.236 [Thread-2] INFO  o.a.e.i.asyncexecutor.AcquireAsyncJobsDueRunnable - {} starting to acquire async jobs due
2019-12-08 16:37:06.393 [main] INFO  com.lv.adminsys.modules.ModulesApplicationTests - Started ModulesApplicationTests in 18.472 seconds (JVM running for 20.108)
2019-12-08 16:37:07.075 [Thread-5] INFO  o.a.e.impl.asyncexecutor.DefaultAsyncJobExecutor - Shutting down the default async job executor [org.activiti.spring.SpringAsyncExecutor].
2019-12-08 16:37:07.080 [activiti-acquire-timer-jobs] INFO  o.a.e.impl.asyncexecutor.AcquireTimerJobsRunnable - {} stopped async job due acquisition
2019-12-08 16:37:07.081 [activiti-acquire-async-jobs] INFO  o.a.e.i.asyncexecutor.AcquireAsyncJobsDueRunnable - {} stopped async job due acquisition
2019-12-08 16:37:07.082 [activiti-reset-expired-jobs] INFO  o.a.e.impl.asyncexecutor.ResetExpiredJobsRunnable - {} stopped resetting expired jobs
2019-12-08 16:37:07.087 [Thread-5] INFO  o.s.scheduling.concurrent.ThreadPoolTaskExecutor - Shutting down ExecutorService 'applicationTaskExecutor'
2019-12-08 16:37:07.104 [Thread-5] INFO  com.alibaba.druid.pool.DruidDataSource - {dataSource-1} closed
2019-12-08 16:37:43.681 [main] INFO  com.lv.adminsys.modules.ModulesApplicationTests - Starting ModulesApplicationTests on memo012-X505BP with PID 26958 (started by memo012 in /home/memo012/code/lv-project)
2019-12-08 16:37:43.684 [main] INFO  com.lv.adminsys.modules.ModulesApplicationTests - The following profiles are active: test
2019-12-08 16:37:46.398 [main] INFO  o.s.d.r.config.RepositoryConfigurationDelegate - Multiple Spring Data modules found, entering strict repository configuration mode!
2019-12-08 16:37:46.406 [main] INFO  o.s.d.r.config.RepositoryConfigurationDelegate - Bootstrapping Spring Data repositories in DEFAULT mode.
2019-12-08 16:37:46.476 [main] INFO  o.s.d.r.config.RepositoryConfigurationDelegate - Finished Spring Data repository scanning in 36ms. Found 0 repository interfaces.
2019-12-08 16:37:47.335 [main] INFO  o.s.c.s.PostProcessorRegistrationDelegate$BeanPostProcessorChecker - Bean 'shiroConfig' of type [com.lv.adminsys.modules.shiro.ShiroConfig$$EnhancerBySpringCGLIB$$bea9630f] is not eligible for getting processed by all BeanPostProcessors (for example: not eligible for auto-proxying)
2019-12-08 16:37:48.407 [main] INFO  o.s.c.s.PostProcessorRegistrationDelegate$BeanPostProcessorChecker - Bean 'mybatis-plus-com.baomidou.mybatisplus.autoconfigure.MybatisPlusProperties' of type [com.baomidou.mybatisplus.autoconfigure.MybatisPlusProperties] is not eligible for getting processed by all BeanPostProcessors (for example: not eligible for auto-proxying)
2019-12-08 16:37:48.439 [main] INFO  o.s.c.s.PostProcessorRegistrationDelegate$BeanPostProcessorChecker - Bean 'com.baomidou.mybatisplus.autoconfigure.MybatisPlusAutoConfiguration' of type [com.baomidou.mybatisplus.autoconfigure.MybatisPlusAutoConfiguration$$EnhancerBySpringCGLIB$$8a1e4ece] is not eligible for getting processed by all BeanPostProcessors (for example: not eligible for auto-proxying)
2019-12-08 16:37:48.451 [main] INFO  o.s.c.s.PostProcessorRegistrationDelegate$BeanPostProcessorChecker - Bean 'com.alibaba.druid.spring.boot.autoconfigure.DruidDataSourceAutoConfigure' of type [com.alibaba.druid.spring.boot.autoconfigure.DruidDataSourceAutoConfigure$$EnhancerBySpringCGLIB$$6601d7a6] is not eligible for getting processed by all BeanPostProcessors (for example: not eligible for auto-proxying)
2019-12-08 16:37:48.458 [main] INFO  c.a.d.s.b.a.DruidDataSourceAutoConfigure - Init DruidDataSource
2019-12-08 16:37:48.632 [main] INFO  o.s.c.s.PostProcessorRegistrationDelegate$BeanPostProcessorChecker - Bean 'spring.datasource-org.springframework.boot.autoconfigure.jdbc.DataSourceProperties' of type [org.springframework.boot.autoconfigure.jdbc.DataSourceProperties] is not eligible for getting processed by all BeanPostProcessors (for example: not eligible for auto-proxying)
2019-12-08 16:37:48.651 [main] INFO  o.s.c.s.PostProcessorRegistrationDelegate$BeanPostProcessorChecker - Bean 'com.alibaba.druid.spring.boot.autoconfigure.stat.DruidFilterConfiguration' of type [com.alibaba.druid.spring.boot.autoconfigure.stat.DruidFilterConfiguration] is not eligible for getting processed by all BeanPostProcessors (for example: not eligible for auto-proxying)
2019-12-08 16:37:48.734 [main] INFO  o.s.c.s.PostProcessorRegistrationDelegate$BeanPostProcessorChecker - Bean 'statFilter' of type [com.alibaba.druid.filter.stat.StatFilter] is not eligible for getting processed by all BeanPostProcessors (for example: not eligible for auto-proxying)
2019-12-08 16:37:50.473 [main] INFO  com.alibaba.druid.pool.DruidDataSource - {dataSource-1} inited
2019-12-08 16:37:50.475 [main] INFO  o.s.c.s.PostProcessorRegistrationDelegate$BeanPostProcessorChecker - Bean 'dataSource' of type [com.alibaba.druid.spring.boot.autoconfigure.DruidDataSourceWrapper] is not eligible for getting processed by all BeanPostProcessors (for example: not eligible for auto-proxying)
2019-12-08 16:37:51.205 [main] INFO  o.s.c.s.PostProcessorRegistrationDelegate$BeanPostProcessorChecker - Bean 'sqlSessionFactory' of type [org.apache.ibatis.session.defaults.DefaultSqlSessionFactory] is not eligible for getting processed by all BeanPostProcessors (for example: not eligible for auto-proxying)
2019-12-08 16:37:51.250 [main] INFO  o.s.c.s.PostProcessorRegistrationDelegate$BeanPostProcessorChecker - Bean 'sqlSessionTemplate' of type [org.mybatis.spring.SqlSessionTemplate] is not eligible for getting processed by all BeanPostProcessors (for example: not eligible for auto-proxying)
2019-12-08 16:37:51.253 [main] INFO  o.s.c.s.PostProcessorRegistrationDelegate$BeanPostProcessorChecker - Bean 'lvUserDao' of type [org.mybatis.spring.mapper.MapperFactoryBean] is not eligible for getting processed by all BeanPostProcessors (for example: not eligible for auto-proxying)
2019-12-08 16:37:51.261 [main] INFO  o.s.c.s.PostProcessorRegistrationDelegate$BeanPostProcessorChecker - Bean 'lvUserDao' of type [com.sun.proxy.$Proxy82] is not eligible for getting processed by all BeanPostProcessors (for example: not eligible for auto-proxying)
2019-12-08 16:37:51.266 [main] INFO  o.s.c.s.PostProcessorRegistrationDelegate$BeanPostProcessorChecker - Bean 'lvTeacherDao' of type [org.mybatis.spring.mapper.MapperFactoryBean] is not eligible for getting processed by all BeanPostProcessors (for example: not eligible for auto-proxying)
2019-12-08 16:37:51.270 [main] INFO  o.s.c.s.PostProcessorRegistrationDelegate$BeanPostProcessorChecker - Bean 'lvTeacherDao' of type [com.sun.proxy.$Proxy83] is not eligible for getting processed by all BeanPostProcessors (for example: not eligible for auto-proxying)
2019-12-08 16:37:51.287 [main] INFO  o.s.c.s.PostProcessorRegistrationDelegate$BeanPostProcessorChecker - Bean 'redisConfig' of type [com.lv.adminsys.common.config.RedisConfig$$EnhancerBySpringCGLIB$$6366614] is not eligible for getting processed by all BeanPostProcessors (for example: not eligible for auto-proxying)
2019-12-08 16:37:51.369 [main] INFO  o.s.c.s.PostProcessorRegistrationDelegate$BeanPostProcessorChecker - Bean 'spring.redis-org.springframework.boot.autoconfigure.data.redis.RedisProperties' of type [org.springframework.boot.autoconfigure.data.redis.RedisProperties] is not eligible for getting processed by all BeanPostProcessors (for example: not eligible for auto-proxying)
2019-12-08 16:37:51.389 [main] INFO  o.s.c.s.PostProcessorRegistrationDelegate$BeanPostProcessorChecker - Bean 'org.springframework.boot.autoconfigure.data.redis.JedisConnectionConfiguration' of type [org.springframework.boot.autoconfigure.data.redis.JedisConnectionConfiguration$$EnhancerBySpringCGLIB$$ed9193c9] is not eligible for getting processed by all BeanPostProcessors (for example: not eligible for auto-proxying)
2019-12-08 16:37:51.544 [main] INFO  o.s.c.s.PostProcessorRegistrationDelegate$BeanPostProcessorChecker - Bean 'redisConnectionFactory' of type [org.springframework.data.redis.connection.jedis.JedisConnectionFactory] is not eligible for getting processed by all BeanPostProcessors (for example: not eligible for auto-proxying)
2019-12-08 16:37:51.643 [main] INFO  o.s.c.s.PostProcessorRegistrationDelegate$BeanPostProcessorChecker - Bean 'redisTemplate' of type [org.springframework.data.redis.core.RedisTemplate] is not eligible for getting processed by all BeanPostProcessors (for example: not eligible for auto-proxying)
2019-12-08 16:37:51.644 [main] INFO  o.s.c.s.PostProcessorRegistrationDelegate$BeanPostProcessorChecker - Bean 'redisOperator' of type [com.lv.adminsys.common.utils.RedisOperator] is not eligible for getting processed by all BeanPostProcessors (for example: not eligible for auto-proxying)
2019-12-08 16:37:51.672 [main] INFO  o.s.c.s.PostProcessorRegistrationDelegate$BeanPostProcessorChecker - Bean 'userServiceImpl' of type [com.lv.adminsys.modules.service.impl.UserServiceImpl] is not eligible for getting processed by all BeanPostProcessors (for example: not eligible for auto-proxying)
2019-12-08 16:37:51.987 [main] INFO  o.s.c.s.PostProcessorRegistrationDelegate$BeanPostProcessorChecker - Bean 'lvLeaveDao' of type [org.mybatis.spring.mapper.MapperFactoryBean] is not eligible for getting processed by all BeanPostProcessors (for example: not eligible for auto-proxying)
2019-12-08 16:37:51.993 [main] INFO  o.s.c.s.PostProcessorRegistrationDelegate$BeanPostProcessorChecker - Bean 'lvLeaveDao' of type [com.sun.proxy.$Proxy85] is not eligible for getting processed by all BeanPostProcessors (for example: not eligible for auto-proxying)
2019-12-08 16:37:52.114 [main] INFO  o.s.c.s.PostProcessorRegistrationDelegate$BeanPostProcessorChecker - Bean 'lvCheckDao' of type [org.mybatis.spring.mapper.MapperFactoryBean] is not eligible for getting processed by all BeanPostProcessors (for example: not eligible for auto-proxying)
2019-12-08 16:37:52.118 [main] INFO  o.s.c.s.PostProcessorRegistrationDelegate$BeanPostProcessorChecker - Bean 'lvCheckDao' of type [com.sun.proxy.$Proxy86] is not eligible for getting processed by all BeanPostProcessors (for example: not eligible for auto-proxying)
2019-12-08 16:37:52.119 [main] INFO  o.s.c.s.PostProcessorRegistrationDelegate$BeanPostProcessorChecker - Bean 'teacherServiceImpl' of type [com.lv.adminsys.modules.service.impl.TeacherServiceImpl] is not eligible for getting processed by all BeanPostProcessors (for example: not eligible for auto-proxying)
2019-12-08 16:37:52.122 [main] INFO  o.s.c.s.PostProcessorRegistrationDelegate$BeanPostProcessorChecker - Bean 'authRealm' of type [com.lv.adminsys.modules.shiro.AuthRealm] is not eligible for getting processed by all BeanPostProcessors (for example: not eligible for auto-proxying)
2019-12-08 16:37:52.150 [main] INFO  o.s.c.s.PostProcessorRegistrationDelegate$BeanPostProcessorChecker - Bean 'securityManager' of type [org.apache.shiro.web.mgt.DefaultWebSecurityManager] is not eligible for getting processed by all BeanPostProcessors (for example: not eligible for auto-proxying)
2019-12-08 16:37:52.437 [main] INFO  o.s.c.s.PostProcessorRegistrationDelegate$BeanPostProcessorChecker - Bean 'org.springframework.transaction.annotation.ProxyTransactionManagementConfiguration' of type [org.springframework.transaction.annotation.ProxyTransactionManagementConfiguration$$EnhancerBySpringCGLIB$$4c55e234] is not eligible for getting processed by all BeanPostProcessors (for example: not eligible for auto-proxying)
2019-12-08 16:37:52.472 [main] INFO  o.s.c.s.PostProcessorRegistrationDelegate$BeanPostProcessorChecker - Bean 'authorizationAttributeSourceAdvisor' of type [org.apache.shiro.spring.security.interceptor.AuthorizationAttributeSourceAdvisor] is not eligible for getting processed by all BeanPostProcessors (for example: not eligible for auto-proxying)
2019-12-08 16:37:52.941 [main] INFO  o.s.scheduling.concurrent.ThreadPoolTaskExecutor - Initializing ExecutorService 'applicationTaskExecutor'
2019-12-08 16:37:54.997 [main] INFO  o.a.e.c.DefaultActiviti5CompatibilityHandlerFactory - Activiti 5 compatibility handler implementation not found or error during instantiation : org.activiti.compatibility.DefaultActiviti5CompatibilityHandler. Activiti 5 backwards compatibility disabled.
2019-12-08 16:37:55.281 [main] INFO  org.activiti.engine.impl.ProcessEngineImpl - ProcessEngine default created
2019-12-08 16:37:55.285 [main] INFO  o.a.e.impl.asyncexecutor.DefaultAsyncJobExecutor - Starting up the default async job executor [org.activiti.spring.SpringAsyncExecutor].
2019-12-08 16:37:55.288 [Thread-2] INFO  o.a.e.i.asyncexecutor.AcquireAsyncJobsDueRunnable - {} starting to acquire async jobs due
2019-12-08 16:37:55.289 [Thread-3] INFO  o.a.e.impl.asyncexecutor.AcquireTimerJobsRunnable - {} starting to acquire async jobs due
2019-12-08 16:37:55.311 [Thread-4] INFO  o.a.e.impl.asyncexecutor.ResetExpiredJobsRunnable - {} starting to reset expired jobs
2019-12-08 16:38:00.812 [main] INFO  com.lv.adminsys.modules.ModulesApplicationTests - Started ModulesApplicationTests in 18.715 seconds (JVM running for 20.372)
2019-12-08 16:38:01.327 [Thread-5] INFO  o.a.e.impl.asyncexecutor.DefaultAsyncJobExecutor - Shutting down the default async job executor [org.activiti.spring.SpringAsyncExecutor].
2019-12-08 16:38:01.329 [activiti-acquire-timer-jobs] INFO  o.a.e.impl.asyncexecutor.AcquireTimerJobsRunnable - {} stopped async job due acquisition
2019-12-08 16:38:01.329 [activiti-reset-expired-jobs] INFO  o.a.e.impl.asyncexecutor.ResetExpiredJobsRunnable - {} stopped resetting expired jobs
2019-12-08 16:38:01.329 [activiti-acquire-async-jobs] INFO  o.a.e.i.asyncexecutor.AcquireAsyncJobsDueRunnable - {} stopped async job due acquisition
2019-12-08 16:38:01.343 [Thread-5] INFO  o.s.scheduling.concurrent.ThreadPoolTaskExecutor - Shutting down ExecutorService 'applicationTaskExecutor'
2019-12-08 16:38:01.383 [Thread-5] INFO  com.alibaba.druid.pool.DruidDataSource - {dataSource-1} closed
