2019-12-08 12:23:48.284 [http-nio-8080-exec-3] DEBUG c.l.a.m.dao.LvTeacherDao.findUseMsgByTeacherNum - ==>  Preparing: select u.*,r.*,p.* from lv_teacher u INNER JOIN lv_roles r on u.lv_role = r.rid INNER JOIN lv_role_permission pr on pr.lv_rid = r.rid INNER JOIN lv_permission p on p.pid = pr.lv_pid where u.lv_teacher_num = ? 
2019-12-08 12:23:48.308 [http-nio-8080-exec-3] DEBUG c.l.a.m.dao.LvTeacherDao.findUseMsgByTeacherNum - ==> Parameters: T171304(String)
2019-12-08 12:23:48.396 [http-nio-8080-exec-3] DEBUG c.l.a.m.dao.LvTeacherDao.findUseMsgByTeacherNum - <==      Total: 1
2019-12-08 12:36:05.176 [http-nio-8080-exec-6] DEBUG com.lv.adminsys.modules.dao.LvLeaveDao.selectById - ==>  Preparing: SELECT lv_id,lv_relative_phone,lv_length,lv_end_time_long,lv_picture,lv_reason,lv_relative_name,lv_end_time,lv_status,lv_user_num,lv_process_instance_id,lv_create_time,lv_apply_detail,lv_begin_time,lv_relative_type FROM lv_leave WHERE lv_id=? 
2019-12-08 12:36:05.177 [http-nio-8080-exec-6] DEBUG com.lv.adminsys.modules.dao.LvLeaveDao.selectById - ==> Parameters: 1575722193(String)
2019-12-08 12:36:05.224 [http-nio-8080-exec-6] DEBUG com.lv.adminsys.modules.dao.LvLeaveDao.selectById - <==      Total: 1
2019-12-08 12:36:05.226 [http-nio-8080-exec-6] DEBUG c.l.a.modules.dao.LvUserDao.findUseMsgByUserNum - ==>  Preparing: select u.*,r.*,p.* from lv_user u INNER JOIN lv_roles r on u.lv_role = r.rid INNER JOIN lv_role_permission pr on pr.lv_rid = r.rid INNER JOIN lv_permission p on p.pid = pr.lv_pid where u.lv_user_num = ? 
2019-12-08 12:36:05.226 [http-nio-8080-exec-6] DEBUG c.l.a.modules.dao.LvUserDao.findUseMsgByUserNum - ==> Parameters: 1713011332(String)
2019-12-08 12:36:05.230 [http-nio-8080-exec-6] DEBUG c.l.a.modules.dao.LvUserDao.findUseMsgByUserNum - <==      Total: 1
2019-12-08 12:36:05.282 [http-nio-8080-exec-6] DEBUG com.lv.adminsys.modules.dao.LvLeaveDao.selectCount - ==>  Preparing: SELECT COUNT( 1 ) FROM lv_leave WHERE (lv_user_num = ?) 
2019-12-08 12:36:05.283 [http-nio-8080-exec-6] DEBUG com.lv.adminsys.modules.dao.LvLeaveDao.selectCount - ==> Parameters: 1713011332(String)
2019-12-08 12:36:05.287 [http-nio-8080-exec-6] DEBUG com.lv.adminsys.modules.dao.LvLeaveDao.selectCount - <==      Total: 1
2019-12-08 12:44:15.221 [http-nio-8080-exec-3] DEBUG com.lv.adminsys.modules.dao.LvLeaveDao.selectById - ==>  Preparing: SELECT lv_id,lv_relative_phone,lv_length,lv_end_time_long,lv_picture,lv_reason,lv_relative_name,lv_end_time,lv_status,lv_user_num,lv_process_instance_id,lv_create_time,lv_apply_detail,lv_begin_time,lv_relative_type FROM lv_leave WHERE lv_id=? 
2019-12-08 12:44:15.249 [http-nio-8080-exec-3] DEBUG com.lv.adminsys.modules.dao.LvLeaveDao.selectById - ==> Parameters: 1575722193(String)
2019-12-08 12:44:15.268 [http-nio-8080-exec-3] DEBUG com.lv.adminsys.modules.dao.LvLeaveDao.selectById - <==      Total: 1
2019-12-08 12:44:15.271 [http-nio-8080-exec-3] DEBUG c.l.a.modules.dao.LvUserDao.findUseMsgByUserNum - ==>  Preparing: select u.*,r.*,p.* from lv_user u INNER JOIN lv_roles r on u.lv_role = r.rid INNER JOIN lv_role_permission pr on pr.lv_rid = r.rid INNER JOIN lv_permission p on p.pid = pr.lv_pid where u.lv_user_num = ? 
2019-12-08 12:44:15.272 [http-nio-8080-exec-3] DEBUG c.l.a.modules.dao.LvUserDao.findUseMsgByUserNum - ==> Parameters: 1713011332(String)
2019-12-08 12:44:15.278 [http-nio-8080-exec-3] DEBUG c.l.a.modules.dao.LvUserDao.findUseMsgByUserNum - <==      Total: 1
2019-12-08 12:44:15.358 [http-nio-8080-exec-3] DEBUG com.lv.adminsys.modules.dao.LvLeaveDao.selectCount - ==>  Preparing: SELECT COUNT( 1 ) FROM lv_leave WHERE (lv_user_num = ?) 
2019-12-08 12:44:15.359 [http-nio-8080-exec-3] DEBUG com.lv.adminsys.modules.dao.LvLeaveDao.selectCount - ==> Parameters: 1713011332(String)
2019-12-08 12:44:15.365 [http-nio-8080-exec-3] DEBUG com.lv.adminsys.modules.dao.LvLeaveDao.selectCount - <==      Total: 1
2019-12-08 13:00:55.319 [http-nio-8080-exec-2] DEBUG com.lv.adminsys.modules.dao.LvLeaveDao.selectById - ==>  Preparing: SELECT lv_id,lv_relative_phone,lv_length,lv_end_time_long,lv_picture,lv_reason,lv_relative_name,lv_end_time,lv_status,lv_user_num,lv_process_instance_id,lv_create_time,lv_apply_detail,lv_begin_time,lv_relative_type FROM lv_leave WHERE lv_id=? 
2019-12-08 13:00:55.338 [http-nio-8080-exec-2] DEBUG com.lv.adminsys.modules.dao.LvLeaveDao.selectById - ==> Parameters: 1575722193(String)
2019-12-08 13:00:55.358 [http-nio-8080-exec-2] DEBUG com.lv.adminsys.modules.dao.LvLeaveDao.selectById - <==      Total: 1
2019-12-08 13:00:55.361 [http-nio-8080-exec-2] DEBUG c.l.a.modules.dao.LvUserDao.findUseMsgByUserNum - ==>  Preparing: select u.*,r.*,p.* from lv_user u INNER JOIN lv_roles r on u.lv_role = r.rid INNER JOIN lv_role_permission pr on pr.lv_rid = r.rid INNER JOIN lv_permission p on p.pid = pr.lv_pid where u.lv_user_num = ? 
2019-12-08 13:00:55.362 [http-nio-8080-exec-2] DEBUG c.l.a.modules.dao.LvUserDao.findUseMsgByUserNum - ==> Parameters: 1713011332(String)
2019-12-08 13:00:55.368 [http-nio-8080-exec-2] DEBUG c.l.a.modules.dao.LvUserDao.findUseMsgByUserNum - <==      Total: 1
2019-12-08 13:00:55.434 [http-nio-8080-exec-2] DEBUG com.lv.adminsys.modules.dao.LvLeaveDao.selectCount - ==>  Preparing: SELECT COUNT( 1 ) FROM lv_leave WHERE (lv_user_num = ?) 
2019-12-08 13:00:55.436 [http-nio-8080-exec-2] DEBUG com.lv.adminsys.modules.dao.LvLeaveDao.selectCount - ==> Parameters: 1713011332(String)
2019-12-08 13:00:55.440 [http-nio-8080-exec-2] DEBUG com.lv.adminsys.modules.dao.LvLeaveDao.selectCount - <==      Total: 1
2019-12-08 13:01:08.260 [http-nio-8080-exec-3] DEBUG com.lv.adminsys.modules.dao.LvLeaveDao.selectOne - ==>  Preparing: SELECT lv_id,lv_relative_phone,lv_length,lv_end_time_long,lv_picture,lv_reason,lv_relative_name,lv_end_time,lv_status,lv_user_num,lv_process_instance_id,lv_create_time,lv_apply_detail,lv_begin_time,lv_relative_type FROM lv_leave WHERE (lv_id = ?) 
2019-12-08 13:01:08.261 [http-nio-8080-exec-3] DEBUG com.lv.adminsys.modules.dao.LvLeaveDao.selectOne - ==> Parameters: 1575722193(String)
2019-12-08 13:01:08.263 [http-nio-8080-exec-3] DEBUG com.lv.adminsys.modules.dao.LvLeaveDao.selectOne - <==      Total: 1
2019-12-08 13:01:08.281 [http-nio-8080-exec-3] DEBUG com.lv.adminsys.modules.dao.LvLeaveDao.updateById - ==>  Preparing: UPDATE lv_leave SET lv_relative_phone=?, lv_length=?, lv_end_time_long=?, lv_reason=?, lv_relative_name=?, lv_end_time=?, lv_status=?, lv_user_num=?, lv_process_instance_id=?, lv_create_time=?, lv_begin_time=?, lv_relative_type=? WHERE lv_id=? 
2019-12-08 13:01:08.288 [http-nio-8080-exec-3] DEBUG com.lv.adminsys.modules.dao.LvLeaveDao.updateById - ==> Parameters: 15383466853(String), 一天以上一周以下(String), 1574672810(String), 生病(String), 白石山(String), 2019-11-25 17:06:50(String), pass(String), 1713011332(String), 130001(String), 2019-12-07(String), 2019-11-16 17:06:50(String), 父亲(String), 1575722193(String)
2019-12-08 13:01:08.291 [http-nio-8080-exec-3] DEBUG com.lv.adminsys.modules.dao.LvLeaveDao.updateById - <==    Updates: 1
2019-12-08 13:21:42.491 [http-nio-8080-exec-6] DEBUG com.lv.adminsys.modules.dao.LvLeaveDao.selectById - ==>  Preparing: SELECT lv_id,lv_relative_phone,lv_length,lv_end_time_long,lv_picture,lv_reason,lv_relative_name,lv_end_time,lv_status,lv_user_num,lv_process_instance_id,lv_create_time,lv_apply_detail,lv_begin_time,lv_relative_type FROM lv_leave WHERE lv_id=? 
2019-12-08 13:21:42.528 [http-nio-8080-exec-6] DEBUG com.lv.adminsys.modules.dao.LvLeaveDao.selectById - ==> Parameters: 1575722433(String)
2019-12-08 13:21:42.559 [http-nio-8080-exec-6] DEBUG com.lv.adminsys.modules.dao.LvLeaveDao.selectById - <==      Total: 1
2019-12-08 13:21:42.563 [http-nio-8080-exec-6] DEBUG c.l.a.modules.dao.LvUserDao.findUseMsgByUserNum - ==>  Preparing: select u.*,r.*,p.* from lv_user u INNER JOIN lv_roles r on u.lv_role = r.rid INNER JOIN lv_role_permission pr on pr.lv_rid = r.rid INNER JOIN lv_permission p on p.pid = pr.lv_pid where u.lv_user_num = ? 
2019-12-08 13:21:42.563 [http-nio-8080-exec-6] DEBUG c.l.a.modules.dao.LvUserDao.findUseMsgByUserNum - ==> Parameters: 1713011332(String)
2019-12-08 13:21:42.575 [http-nio-8080-exec-6] DEBUG c.l.a.modules.dao.LvUserDao.findUseMsgByUserNum - <==      Total: 1
2019-12-08 13:21:42.631 [http-nio-8080-exec-6] DEBUG com.lv.adminsys.modules.dao.LvLeaveDao.selectCount - ==>  Preparing: SELECT COUNT( 1 ) FROM lv_leave WHERE (lv_user_num = ?) 
2019-12-08 13:21:42.634 [http-nio-8080-exec-6] DEBUG com.lv.adminsys.modules.dao.LvLeaveDao.selectCount - ==> Parameters: 1713011332(String)
2019-12-08 13:21:42.636 [http-nio-8080-exec-6] DEBUG com.lv.adminsys.modules.dao.LvLeaveDao.selectCount - <==      Total: 1
2019-12-08 13:57:19.921 [http-nio-8080-exec-3] DEBUG com.lv.adminsys.modules.dao.LvLeaveDao.selectOne - ==>  Preparing: SELECT lv_id,lv_relative_phone,lv_length,lv_end_time_long,lv_picture,lv_reason,lv_relative_name,lv_end_time,lv_status,lv_user_num,lv_process_instance_id,lv_create_time,lv_apply_detail,lv_begin_time,lv_relative_type FROM lv_leave WHERE (lv_id = ?) 
2019-12-08 13:57:19.937 [http-nio-8080-exec-3] DEBUG com.lv.adminsys.modules.dao.LvLeaveDao.selectOne - ==> Parameters: 1575722433(String)
2019-12-08 13:57:19.958 [http-nio-8080-exec-3] DEBUG com.lv.adminsys.modules.dao.LvLeaveDao.selectOne - <==      Total: 1
2019-12-08 13:57:19.965 [http-nio-8080-exec-3] DEBUG com.lv.adminsys.modules.dao.LvUserDao.selectOne - ==>  Preparing: SELECT lv_user_id,lv_role,lv_teacher_num,lv_user_phone,lv_user_password,lv_user_create_time,lv_user_name,lv_user_num FROM lv_user WHERE (lv_user_num = ?) 
2019-12-08 13:57:19.966 [http-nio-8080-exec-3] DEBUG com.lv.adminsys.modules.dao.LvUserDao.selectOne - ==> Parameters: 1713011332(String)
2019-12-08 13:57:19.972 [http-nio-8080-exec-3] DEBUG com.lv.adminsys.modules.dao.LvUserDao.selectOne - <==      Total: 1
2019-12-08 14:39:35.962 [http-nio-8080-exec-1] DEBUG com.lv.adminsys.modules.dao.LvCheckDao.selectList - ==>  Preparing: SELECT lv_check_id,lv_teacher_num,lv_id FROM lv_check WHERE (lv_teacher_num = ?) 
2019-12-08 14:39:35.974 [http-nio-8080-exec-1] DEBUG com.lv.adminsys.modules.dao.LvCheckDao.selectList - ==> Parameters: T171302(String)
2019-12-08 14:39:35.986 [http-nio-8080-exec-1] DEBUG com.lv.adminsys.modules.dao.LvCheckDao.selectList - <==      Total: 0
2019-12-08 14:46:54.678 [http-nio-8080-exec-2] DEBUG com.lv.adminsys.modules.dao.LvCheckDao.selectList - ==>  Preparing: SELECT lv_check_id,lv_teacher_num,lv_id FROM lv_check WHERE (lv_teacher_num = ?) 
2019-12-08 14:46:54.694 [http-nio-8080-exec-2] DEBUG com.lv.adminsys.modules.dao.LvCheckDao.selectList - ==> Parameters: T171302(String)
2019-12-08 14:46:54.706 [http-nio-8080-exec-2] DEBUG com.lv.adminsys.modules.dao.LvCheckDao.selectList - <==      Total: 0
2019-12-08 14:49:01.372 [http-nio-8080-exec-3] DEBUG com.lv.adminsys.modules.dao.LvCheckDao.selectList - ==>  Preparing: SELECT lv_check_id,lv_teacher_num,lv_id FROM lv_check WHERE (lv_teacher_num = ?) 
2019-12-08 14:49:01.386 [http-nio-8080-exec-3] DEBUG com.lv.adminsys.modules.dao.LvCheckDao.selectList - ==> Parameters: T171302(String)
2019-12-08 14:49:01.399 [http-nio-8080-exec-3] DEBUG com.lv.adminsys.modules.dao.LvCheckDao.selectList - <==      Total: 0
2019-12-08 14:51:09.530 [http-nio-8080-exec-9] DEBUG com.lv.adminsys.modules.dao.LvLeaveDao.selectById - ==>  Preparing: SELECT lv_id,lv_relative_phone,lv_length,lv_end_time_long,lv_picture,lv_reason,lv_relative_name,lv_end_time,lv_status,lv_user_num,lv_process_instance_id,lv_create_time,lv_apply_detail,lv_begin_time,lv_relative_type FROM lv_leave WHERE lv_id=? 
2019-12-08 14:51:09.531 [http-nio-8080-exec-9] DEBUG com.lv.adminsys.modules.dao.LvLeaveDao.selectById - ==> Parameters: 1575722433(String)
2019-12-08 14:51:09.555 [http-nio-8080-exec-9] DEBUG com.lv.adminsys.modules.dao.LvLeaveDao.selectById - <==      Total: 1
2019-12-08 14:51:09.557 [http-nio-8080-exec-9] DEBUG c.l.a.modules.dao.LvUserDao.findUseMsgByUserNum - ==>  Preparing: select u.*,r.*,p.* from lv_user u INNER JOIN lv_roles r on u.lv_role = r.rid INNER JOIN lv_role_permission pr on pr.lv_rid = r.rid INNER JOIN lv_permission p on p.pid = pr.lv_pid where u.lv_user_num = ? 
2019-12-08 14:51:09.558 [http-nio-8080-exec-9] DEBUG c.l.a.modules.dao.LvUserDao.findUseMsgByUserNum - ==> Parameters: 1713011332(String)
2019-12-08 14:51:09.564 [http-nio-8080-exec-9] DEBUG c.l.a.modules.dao.LvUserDao.findUseMsgByUserNum - <==      Total: 1
2019-12-08 14:51:09.567 [http-nio-8080-exec-9] DEBUG com.lv.adminsys.modules.dao.LvLeaveDao.selectCount - ==>  Preparing: SELECT COUNT( 1 ) FROM lv_leave WHERE (lv_user_num = ?) 
2019-12-08 14:51:09.570 [http-nio-8080-exec-9] DEBUG com.lv.adminsys.modules.dao.LvLeaveDao.selectCount - ==> Parameters: 1713011332(String)
2019-12-08 14:51:09.596 [http-nio-8080-exec-9] DEBUG com.lv.adminsys.modules.dao.LvLeaveDao.selectCount - <==      Total: 1
2019-12-08 15:06:26.339 [http-nio-8080-exec-3] DEBUG com.lv.adminsys.modules.dao.LvLeaveDao.selectById - ==>  Preparing: SELECT lv_id,lv_relative_phone,lv_length,lv_end_time_long,lv_picture,lv_reason,lv_relative_name,lv_end_time,lv_status,lv_user_num,lv_process_instance_id,lv_create_time,lv_apply_detail,lv_begin_time,lv_relative_type FROM lv_leave WHERE lv_id=? 
2019-12-08 15:06:26.357 [http-nio-8080-exec-3] DEBUG com.lv.adminsys.modules.dao.LvLeaveDao.selectById - ==> Parameters: 1575722433(String)
2019-12-08 15:06:26.377 [http-nio-8080-exec-3] DEBUG com.lv.adminsys.modules.dao.LvLeaveDao.selectById - <==      Total: 1
2019-12-08 15:06:26.385 [http-nio-8080-exec-3] DEBUG com.lv.adminsys.modules.dao.LvCheckDao.insert - ==>  Preparing: INSERT INTO lv_check ( lv_check_id, lv_teacher_num, lv_id ) VALUES ( ?, ?, ? ) 
2019-12-08 15:06:26.387 [http-nio-8080-exec-3] DEBUG com.lv.adminsys.modules.dao.LvCheckDao.insert - ==> Parameters: 1575788786(String), T171304(String), 1575722433(String)
2019-12-08 15:06:26.389 [http-nio-8080-exec-3] DEBUG com.lv.adminsys.modules.dao.LvCheckDao.insert - <==    Updates: 1
2019-12-08 15:06:26.390 [http-nio-8080-exec-3] DEBUG c.l.a.modules.dao.LvUserDao.findUseMsgByUserNum - ==>  Preparing: select u.*,r.*,p.* from lv_user u INNER JOIN lv_roles r on u.lv_role = r.rid INNER JOIN lv_role_permission pr on pr.lv_rid = r.rid INNER JOIN lv_permission p on p.pid = pr.lv_pid where u.lv_user_num = ? 
2019-12-08 15:06:26.391 [http-nio-8080-exec-3] DEBUG c.l.a.modules.dao.LvUserDao.findUseMsgByUserNum - ==> Parameters: 1713011332(String)
2019-12-08 15:06:26.398 [http-nio-8080-exec-3] DEBUG c.l.a.modules.dao.LvUserDao.findUseMsgByUserNum - <==      Total: 1
2019-12-08 15:06:26.463 [http-nio-8080-exec-3] DEBUG com.lv.adminsys.modules.dao.LvLeaveDao.selectCount - ==>  Preparing: SELECT COUNT( 1 ) FROM lv_leave WHERE (lv_user_num = ?) 
2019-12-08 15:06:26.465 [http-nio-8080-exec-3] DEBUG com.lv.adminsys.modules.dao.LvLeaveDao.selectCount - ==> Parameters: 1713011332(String)
2019-12-08 15:06:26.470 [http-nio-8080-exec-3] DEBUG com.lv.adminsys.modules.dao.LvLeaveDao.selectCount - <==      Total: 1
2019-12-08 15:07:00.856 [http-nio-8080-exec-2] DEBUG com.lv.adminsys.modules.dao.LvLeaveDao.selectOne - ==>  Preparing: SELECT lv_id,lv_relative_phone,lv_length,lv_end_time_long,lv_picture,lv_reason,lv_relative_name,lv_end_time,lv_status,lv_user_num,lv_process_instance_id,lv_create_time,lv_apply_detail,lv_begin_time,lv_relative_type FROM lv_leave WHERE (lv_id = ?) 
2019-12-08 15:07:00.857 [http-nio-8080-exec-2] DEBUG com.lv.adminsys.modules.dao.LvLeaveDao.selectOne - ==> Parameters: 1575722433(String)
2019-12-08 15:07:00.859 [http-nio-8080-exec-2] DEBUG com.lv.adminsys.modules.dao.LvLeaveDao.selectOne - <==      Total: 1
2019-12-08 15:07:00.864 [http-nio-8080-exec-2] DEBUG c.lv.adminsys.modules.dao.LvTeacherDao.selectList - ==>  Preparing: SELECT lv_teacher_id,lv_teacher_phone,lv_role,lv_teacher_work_time,lv_teacher_num,lv_teacher_create_time,lv_teacher_location,lv_teacher_password,lv_teacher_name FROM lv_teacher WHERE (lv_role = ?) 
2019-12-08 15:07:00.865 [http-nio-8080-exec-2] DEBUG c.lv.adminsys.modules.dao.LvTeacherDao.selectList - ==> Parameters: 4(Integer)
2019-12-08 15:07:00.868 [http-nio-8080-exec-2] DEBUG c.lv.adminsys.modules.dao.LvTeacherDao.selectList - <==      Total: 2
2019-12-08 15:07:31.591 [http-nio-8080-exec-5] DEBUG com.lv.adminsys.modules.dao.LvLeaveDao.selectById - ==>  Preparing: SELECT lv_id,lv_relative_phone,lv_length,lv_end_time_long,lv_picture,lv_reason,lv_relative_name,lv_end_time,lv_status,lv_user_num,lv_process_instance_id,lv_create_time,lv_apply_detail,lv_begin_time,lv_relative_type FROM lv_leave WHERE lv_id=? 
2019-12-08 15:07:31.592 [http-nio-8080-exec-5] DEBUG com.lv.adminsys.modules.dao.LvLeaveDao.selectById - ==> Parameters: 1575722433(String)
2019-12-08 15:07:31.595 [http-nio-8080-exec-5] DEBUG com.lv.adminsys.modules.dao.LvLeaveDao.selectById - <==      Total: 1
2019-12-08 15:07:31.596 [http-nio-8080-exec-5] DEBUG com.lv.adminsys.modules.dao.LvCheckDao.insert - ==>  Preparing: INSERT INTO lv_check ( lv_check_id, lv_teacher_num, lv_id ) VALUES ( ?, ?, ? ) 
2019-12-08 15:07:31.600 [http-nio-8080-exec-5] DEBUG com.lv.adminsys.modules.dao.LvCheckDao.insert - ==> Parameters: 1575788851(String), T171305(String), 1575722433(String)
2019-12-08 15:07:31.607 [http-nio-8080-exec-5] DEBUG com.lv.adminsys.modules.dao.LvCheckDao.insert - <==    Updates: 1
2019-12-08 15:07:31.607 [http-nio-8080-exec-5] DEBUG c.l.a.modules.dao.LvUserDao.findUseMsgByUserNum - ==>  Preparing: select u.*,r.*,p.* from lv_user u INNER JOIN lv_roles r on u.lv_role = r.rid INNER JOIN lv_role_permission pr on pr.lv_rid = r.rid INNER JOIN lv_permission p on p.pid = pr.lv_pid where u.lv_user_num = ? 
2019-12-08 15:07:31.608 [http-nio-8080-exec-5] DEBUG c.l.a.modules.dao.LvUserDao.findUseMsgByUserNum - ==> Parameters: 1713011332(String)
2019-12-08 15:07:31.691 [http-nio-8080-exec-5] DEBUG c.l.a.modules.dao.LvUserDao.findUseMsgByUserNum - <==      Total: 1
2019-12-08 15:07:31.697 [http-nio-8080-exec-5] DEBUG com.lv.adminsys.modules.dao.LvLeaveDao.selectCount - ==>  Preparing: SELECT COUNT( 1 ) FROM lv_leave WHERE (lv_user_num = ?) 
2019-12-08 15:07:31.698 [http-nio-8080-exec-5] DEBUG com.lv.adminsys.modules.dao.LvLeaveDao.selectCount - ==> Parameters: 1713011332(String)
2019-12-08 15:07:31.703 [http-nio-8080-exec-5] DEBUG com.lv.adminsys.modules.dao.LvLeaveDao.selectCount - <==      Total: 1
2019-12-08 15:07:40.280 [http-nio-8080-exec-7] DEBUG com.lv.adminsys.modules.dao.LvLeaveDao.selectById - ==>  Preparing: SELECT lv_id,lv_relative_phone,lv_length,lv_end_time_long,lv_picture,lv_reason,lv_relative_name,lv_end_time,lv_status,lv_user_num,lv_process_instance_id,lv_create_time,lv_apply_detail,lv_begin_time,lv_relative_type FROM lv_leave WHERE lv_id=? 
2019-12-08 15:07:40.281 [http-nio-8080-exec-7] DEBUG com.lv.adminsys.modules.dao.LvLeaveDao.selectById - ==> Parameters: 1575722433(String)
2019-12-08 15:07:40.285 [http-nio-8080-exec-7] DEBUG com.lv.adminsys.modules.dao.LvLeaveDao.selectById - <==      Total: 1
2019-12-08 15:07:40.288 [http-nio-8080-exec-7] DEBUG com.lv.adminsys.modules.dao.LvCheckDao.insert - ==>  Preparing: INSERT INTO lv_check ( lv_check_id, lv_teacher_num, lv_id ) VALUES ( ?, ?, ? ) 
2019-12-08 15:07:40.289 [http-nio-8080-exec-7] DEBUG com.lv.adminsys.modules.dao.LvCheckDao.insert - ==> Parameters: 1575788860(String), T171301(String), 1575722433(String)
2019-12-08 15:07:40.292 [http-nio-8080-exec-7] DEBUG com.lv.adminsys.modules.dao.LvCheckDao.insert - <==    Updates: 1
2019-12-08 15:07:40.293 [http-nio-8080-exec-7] DEBUG c.l.a.modules.dao.LvUserDao.findUseMsgByUserNum - ==>  Preparing: select u.*,r.*,p.* from lv_user u INNER JOIN lv_roles r on u.lv_role = r.rid INNER JOIN lv_role_permission pr on pr.lv_rid = r.rid INNER JOIN lv_permission p on p.pid = pr.lv_pid where u.lv_user_num = ? 
2019-12-08 15:07:40.294 [http-nio-8080-exec-7] DEBUG c.l.a.modules.dao.LvUserDao.findUseMsgByUserNum - ==> Parameters: 1713011332(String)
2019-12-08 15:07:40.300 [http-nio-8080-exec-7] DEBUG c.l.a.modules.dao.LvUserDao.findUseMsgByUserNum - <==      Total: 1
2019-12-08 15:07:40.307 [http-nio-8080-exec-7] DEBUG com.lv.adminsys.modules.dao.LvLeaveDao.selectCount - ==>  Preparing: SELECT COUNT( 1 ) FROM lv_leave WHERE (lv_user_num = ?) 
2019-12-08 15:07:40.308 [http-nio-8080-exec-7] DEBUG com.lv.adminsys.modules.dao.LvLeaveDao.selectCount - ==> Parameters: 1713011332(String)
2019-12-08 15:07:40.311 [http-nio-8080-exec-7] DEBUG com.lv.adminsys.modules.dao.LvLeaveDao.selectCount - <==      Total: 1
2019-12-08 15:07:47.686 [http-nio-8080-exec-9] DEBUG com.lv.adminsys.modules.dao.LvLeaveDao.selectById - ==>  Preparing: SELECT lv_id,lv_relative_phone,lv_length,lv_end_time_long,lv_picture,lv_reason,lv_relative_name,lv_end_time,lv_status,lv_user_num,lv_process_instance_id,lv_create_time,lv_apply_detail,lv_begin_time,lv_relative_type FROM lv_leave WHERE lv_id=? 
2019-12-08 15:07:47.686 [http-nio-8080-exec-9] DEBUG com.lv.adminsys.modules.dao.LvLeaveDao.selectById - ==> Parameters: 1575722433(String)
2019-12-08 15:07:47.689 [http-nio-8080-exec-9] DEBUG com.lv.adminsys.modules.dao.LvLeaveDao.selectById - <==      Total: 1
2019-12-08 15:07:47.691 [http-nio-8080-exec-9] DEBUG com.lv.adminsys.modules.dao.LvCheckDao.insert - ==>  Preparing: INSERT INTO lv_check ( lv_check_id, lv_teacher_num, lv_id ) VALUES ( ?, ?, ? ) 
2019-12-08 15:07:47.693 [http-nio-8080-exec-9] DEBUG com.lv.adminsys.modules.dao.LvCheckDao.insert - ==> Parameters: 1575788867(String), T171301(String), 1575722433(String)
2019-12-08 15:07:47.696 [http-nio-8080-exec-9] DEBUG com.lv.adminsys.modules.dao.LvCheckDao.insert - <==    Updates: 1
2019-12-08 15:07:47.697 [http-nio-8080-exec-9] DEBUG c.l.a.modules.dao.LvUserDao.findUseMsgByUserNum - ==>  Preparing: select u.*,r.*,p.* from lv_user u INNER JOIN lv_roles r on u.lv_role = r.rid INNER JOIN lv_role_permission pr on pr.lv_rid = r.rid INNER JOIN lv_permission p on p.pid = pr.lv_pid where u.lv_user_num = ? 
2019-12-08 15:07:47.698 [http-nio-8080-exec-9] DEBUG c.l.a.modules.dao.LvUserDao.findUseMsgByUserNum - ==> Parameters: 1713011332(String)
2019-12-08 15:07:47.722 [http-nio-8080-exec-9] DEBUG c.l.a.modules.dao.LvUserDao.findUseMsgByUserNum - <==      Total: 1
2019-12-08 15:07:47.728 [http-nio-8080-exec-9] DEBUG com.lv.adminsys.modules.dao.LvLeaveDao.selectCount - ==>  Preparing: SELECT COUNT( 1 ) FROM lv_leave WHERE (lv_user_num = ?) 
2019-12-08 15:07:47.731 [http-nio-8080-exec-9] DEBUG com.lv.adminsys.modules.dao.LvLeaveDao.selectCount - ==> Parameters: 1713011332(String)
2019-12-08 15:07:47.735 [http-nio-8080-exec-9] DEBUG com.lv.adminsys.modules.dao.LvLeaveDao.selectCount - <==      Total: 1
2019-12-08 15:08:49.455 [http-nio-8080-exec-3] DEBUG com.lv.adminsys.modules.dao.LvLeaveDao.selectById - ==>  Preparing: SELECT lv_id,lv_relative_phone,lv_length,lv_end_time_long,lv_picture,lv_reason,lv_relative_name,lv_end_time,lv_status,lv_user_num,lv_process_instance_id,lv_create_time,lv_apply_detail,lv_begin_time,lv_relative_type FROM lv_leave WHERE lv_id=? 
2019-12-08 15:08:49.456 [http-nio-8080-exec-3] DEBUG com.lv.adminsys.modules.dao.LvLeaveDao.selectById - ==> Parameters: 1575722433(String)
2019-12-08 15:08:49.459 [http-nio-8080-exec-3] DEBUG com.lv.adminsys.modules.dao.LvLeaveDao.selectById - <==      Total: 1
2019-12-08 15:08:49.460 [http-nio-8080-exec-3] DEBUG com.lv.adminsys.modules.dao.LvCheckDao.insert - ==>  Preparing: INSERT INTO lv_check ( lv_check_id, lv_teacher_num, lv_id ) VALUES ( ?, ?, ? ) 
2019-12-08 15:08:49.462 [http-nio-8080-exec-3] DEBUG com.lv.adminsys.modules.dao.LvCheckDao.insert - ==> Parameters: 1575788929(String), T171301(String), 1575722433(String)
2019-12-08 15:08:49.471 [http-nio-8080-exec-3] DEBUG com.lv.adminsys.modules.dao.LvCheckDao.insert - <==    Updates: 1
2019-12-08 15:08:49.471 [http-nio-8080-exec-3] DEBUG c.l.a.modules.dao.LvUserDao.findUseMsgByUserNum - ==>  Preparing: select u.*,r.*,p.* from lv_user u INNER JOIN lv_roles r on u.lv_role = r.rid INNER JOIN lv_role_permission pr on pr.lv_rid = r.rid INNER JOIN lv_permission p on p.pid = pr.lv_pid where u.lv_user_num = ? 
2019-12-08 15:08:49.472 [http-nio-8080-exec-3] DEBUG c.l.a.modules.dao.LvUserDao.findUseMsgByUserNum - ==> Parameters: 1713011332(String)
2019-12-08 15:08:49.482 [http-nio-8080-exec-3] DEBUG c.l.a.modules.dao.LvUserDao.findUseMsgByUserNum - <==      Total: 1
2019-12-08 15:08:49.485 [http-nio-8080-exec-3] DEBUG com.lv.adminsys.modules.dao.LvLeaveDao.selectCount - ==>  Preparing: SELECT COUNT( 1 ) FROM lv_leave WHERE (lv_user_num = ?) 
2019-12-08 15:08:49.486 [http-nio-8080-exec-3] DEBUG com.lv.adminsys.modules.dao.LvLeaveDao.selectCount - ==> Parameters: 1713011332(String)
2019-12-08 15:08:49.492 [http-nio-8080-exec-3] DEBUG com.lv.adminsys.modules.dao.LvLeaveDao.selectCount - <==      Total: 1
2019-12-08 15:09:21.456 [http-nio-8080-exec-2] DEBUG com.lv.adminsys.modules.dao.LvLeaveDao.selectOne - ==>  Preparing: SELECT lv_id,lv_relative_phone,lv_length,lv_end_time_long,lv_picture,lv_reason,lv_relative_name,lv_end_time,lv_status,lv_user_num,lv_process_instance_id,lv_create_time,lv_apply_detail,lv_begin_time,lv_relative_type FROM lv_leave WHERE (lv_id = ?) 
2019-12-08 15:09:21.459 [http-nio-8080-exec-2] DEBUG com.lv.adminsys.modules.dao.LvLeaveDao.selectOne - ==> Parameters: 1575722433(String)
2019-12-08 15:09:21.461 [http-nio-8080-exec-2] DEBUG com.lv.adminsys.modules.dao.LvLeaveDao.selectOne - <==      Total: 1
2019-12-08 15:09:21.483 [http-nio-8080-exec-2] DEBUG com.lv.adminsys.modules.dao.LvLeaveDao.updateById - ==>  Preparing: UPDATE lv_leave SET lv_relative_phone=?, lv_length=?, lv_end_time_long=?, lv_reason=?, lv_relative_name=?, lv_end_time=?, lv_status=?, lv_user_num=?, lv_process_instance_id=?, lv_create_time=?, lv_begin_time=?, lv_relative_type=? WHERE lv_id=? 
2019-12-08 15:09:21.484 [http-nio-8080-exec-2] DEBUG com.lv.adminsys.modules.dao.LvLeaveDao.updateById - ==> Parameters: 15383466853(String), 一天以上一周以下(String), 1575796010(String), 比赛(String), 白石山(String), 2019-12-8 17:06:50(String), pass(String), 1713011332(String), 130009(String), 2019-12-07(String), 2019-12-6 17:06:50(String), 父亲(String), 1575722433(String)
2019-12-08 15:09:21.501 [http-nio-8080-exec-2] DEBUG com.lv.adminsys.modules.dao.LvLeaveDao.updateById - <==    Updates: 1
2019-12-08 15:17:02.198 [http-nio-8080-exec-2] DEBUG com.lv.adminsys.modules.dao.LvCheckDao.selectList - ==>  Preparing: SELECT lv_check_id,lv_teacher_num,lv_id FROM lv_check WHERE (lv_teacher_num = ?) 
2019-12-08 15:17:02.219 [http-nio-8080-exec-2] DEBUG com.lv.adminsys.modules.dao.LvCheckDao.selectList - ==> Parameters: T171301(String)
2019-12-08 15:17:02.245 [http-nio-8080-exec-2] DEBUG com.lv.adminsys.modules.dao.LvCheckDao.selectList - <==      Total: 3
