2019-11-09 17:06:50.222 [main] DEBUG com.lv.adminsys.modules.dao.TestDao.insUser - ==>  Preparing: insert into lv_user values (?, ?, ? , ?, ?, ? , ?) 
2019-11-09 17:06:50.299 [main] DEBUG com.lv.adminsys.modules.dao.TestDao.insUser - ==> Parameters: 1573290410(String), 1223(String), 123(String), 5555(String), 4444(String), 好(String), 2019-11-09 17:06:50(String)
2019-11-09 17:06:50.353 [main] DEBUG com.lv.adminsys.modules.dao.TestDao.insUser - <==    Updates: 1
2019-11-09 17:06:50.378 [main] DEBUG com.lv.adminsys.modules.dao.TestDao.testAnnotation - ==>  Preparing: select * from lv_user 
2019-11-09 17:06:50.382 [main] DEBUG com.lv.adminsys.modules.dao.TestDao.testAnnotation - ==> Parameters: 
2019-11-09 17:06:50.494 [main] DEBUG com.lv.adminsys.modules.dao.TestDao.testAnnotation - <==      Total: 1
2019-11-09 17:07:55.026 [http-nio-8080-exec-1] DEBUG c.l.a.m.dao.UserStatusDao.queryUserStatusIsPass - ==>  Preparing: select * from lv_leave where lv_user_num = ? 
2019-11-09 17:07:55.066 [http-nio-8080-exec-1] DEBUG c.l.a.m.dao.UserStatusDao.queryUserStatusIsPass - ==> Parameters: 143(String)
2019-11-09 17:07:55.102 [http-nio-8080-exec-1] DEBUG c.l.a.m.dao.UserStatusDao.queryUserStatusIsPass - <==      Total: 0
2019-11-09 17:07:55.163 [http-nio-8080-exec-1] DEBUG com.lv.adminsys.modules.dao.LvUserDao.selectOne - ==>  Preparing: SELECT lv_user_id,lv_user_phone,lv_user_password,lv_user_create_time,lv_user_name,lv_user_num,lv_teacher_name FROM lv_user WHERE (lv_user_num = ?) 
2019-11-09 17:07:55.165 [http-nio-8080-exec-1] DEBUG com.lv.adminsys.modules.dao.LvUserDao.selectOne - ==> Parameters: 143(String)
2019-11-09 17:09:23.816 [http-nio-8080-exec-2] DEBUG c.l.a.m.dao.UserStatusDao.queryUserStatusIsPass - ==>  Preparing: select * from lv_leave where lv_user_num = ? 
2019-11-09 17:09:23.826 [http-nio-8080-exec-2] DEBUG c.l.a.m.dao.UserStatusDao.queryUserStatusIsPass - ==> Parameters: 143(String)
2019-11-09 17:09:23.831 [http-nio-8080-exec-2] DEBUG c.l.a.m.dao.UserStatusDao.queryUserStatusIsPass - <==      Total: 0
2019-11-09 17:09:23.838 [http-nio-8080-exec-2] DEBUG com.lv.adminsys.modules.dao.LvUserDao.selectOne - ==>  Preparing: SELECT lv_user_id,lv_user_phone,lv_user_password,lv_user_create_time,lv_user_name,lv_user_num,lv_teacher_name FROM lv_user WHERE (lv_user_num = ?) 
2019-11-09 17:09:23.839 [http-nio-8080-exec-2] DEBUG com.lv.adminsys.modules.dao.LvUserDao.selectOne - ==> Parameters: 143(String)
2019-11-09 17:09:23.846 [http-nio-8080-exec-2] DEBUG com.lv.adminsys.modules.dao.LvUserDao.selectOne - <==      Total: 0
2019-11-09 17:13:59.584 [http-nio-8080-exec-1] DEBUG c.l.a.m.dao.UserStatusDao.queryUserStatusIsPass - ==>  Preparing: select * from lv_leave where lv_user_num = ? 
2019-11-09 17:14:00.057 [http-nio-8080-exec-1] DEBUG c.l.a.m.dao.UserStatusDao.queryUserStatusIsPass - ==> Parameters: 143(String)
2019-11-09 17:14:00.406 [http-nio-8080-exec-1] DEBUG c.l.a.m.dao.UserStatusDao.queryUserStatusIsPass - <==      Total: 0
2019-11-09 17:28:01.237 [http-nio-8080-exec-1] DEBUG com.lv.adminsys.modules.dao.LvUserDao.selectOne - ==>  Preparing: SELECT lv_user_id,lv_user_phone,lv_user_password,lv_user_create_time,lv_user_name,lv_user_num,lv_teacher_name FROM lv_user WHERE (lv_user_num = ?) 
2019-11-09 17:28:01.238 [http-nio-8080-exec-1] DEBUG com.lv.adminsys.modules.dao.LvUserDao.selectOne - ==> Parameters: 143(String)
2019-11-09 17:28:01.240 [http-nio-8080-exec-1] DEBUG com.lv.adminsys.modules.dao.LvUserDao.selectOne - <==      Total: 0
2019-11-09 20:18:27.760 [http-nio-8080-exec-1] DEBUG c.l.a.m.dao.UserStatusDao.queryUserStatusIsPass - ==>  Preparing: select * from lv_leave where lv_user_num = ? 
2019-11-09 20:18:28.206 [http-nio-8080-exec-1] DEBUG c.l.a.m.dao.UserStatusDao.queryUserStatusIsPass - ==> Parameters: 143(String)
2019-11-09 20:18:28.601 [http-nio-8080-exec-1] DEBUG c.l.a.m.dao.UserStatusDao.queryUserStatusIsPass - <==      Total: 0
2019-11-09 20:18:36.526 [http-nio-8080-exec-1] DEBUG com.lv.adminsys.modules.dao.LvUserDao.selectOne - ==>  Preparing: SELECT lv_user_id,lv_user_phone,lv_user_password,lv_user_create_time,lv_user_name,lv_user_num,lv_teacher_name FROM lv_user WHERE (lv_user_num = ?) 
2019-11-09 20:18:36.529 [http-nio-8080-exec-1] DEBUG com.lv.adminsys.modules.dao.LvUserDao.selectOne - ==> Parameters: 143(String)
2019-11-09 20:18:36.533 [http-nio-8080-exec-1] DEBUG com.lv.adminsys.modules.dao.LvUserDao.selectOne - <==      Total: 0
2019-11-09 20:20:05.217 [http-nio-8080-exec-1] DEBUG c.l.a.m.dao.UserStatusDao.queryUserStatusIsPass - ==>  Preparing: select * from lv_leave where lv_user_num = ? 
2019-11-09 20:20:05.255 [http-nio-8080-exec-1] DEBUG c.l.a.m.dao.UserStatusDao.queryUserStatusIsPass - ==> Parameters: 143(String)
2019-11-09 20:20:05.316 [http-nio-8080-exec-1] DEBUG c.l.a.m.dao.UserStatusDao.queryUserStatusIsPass - <==      Total: 0
2019-11-09 20:20:05.375 [http-nio-8080-exec-1] DEBUG com.lv.adminsys.modules.dao.LvUserDao.selectOne - ==>  Preparing: SELECT lv_user_id,lv_user_phone,lv_user_password,lv_user_create_time,lv_user_name,lv_user_num,lv_teacher_name FROM lv_user WHERE (lv_user_num = ?) 
2019-11-09 20:20:05.376 [http-nio-8080-exec-1] DEBUG com.lv.adminsys.modules.dao.LvUserDao.selectOne - ==> Parameters: 143(String)
2019-11-09 20:20:05.378 [http-nio-8080-exec-1] DEBUG com.lv.adminsys.modules.dao.LvUserDao.selectOne - <==      Total: 0
2019-11-09 20:20:19.495 [http-nio-8080-exec-3] DEBUG c.l.a.m.dao.UserStatusDao.queryUserStatusIsPass - ==>  Preparing: select * from lv_leave where lv_user_num = ? 
2019-11-09 20:20:19.495 [http-nio-8080-exec-3] DEBUG c.l.a.m.dao.UserStatusDao.queryUserStatusIsPass - ==> Parameters: 5555(String)
2019-11-09 20:20:19.497 [http-nio-8080-exec-3] DEBUG c.l.a.m.dao.UserStatusDao.queryUserStatusIsPass - <==      Total: 0
2019-11-09 20:20:19.506 [http-nio-8080-exec-3] DEBUG com.lv.adminsys.modules.dao.LvUserDao.selectOne - ==>  Preparing: SELECT lv_user_id,lv_user_phone,lv_user_password,lv_user_create_time,lv_user_name,lv_user_num,lv_teacher_name FROM lv_user WHERE (lv_user_num = ?) 
2019-11-09 20:20:19.507 [http-nio-8080-exec-3] DEBUG com.lv.adminsys.modules.dao.LvUserDao.selectOne - ==> Parameters: 5555(String)
2019-11-09 20:20:19.510 [http-nio-8080-exec-3] DEBUG com.lv.adminsys.modules.dao.LvUserDao.selectOne - <==      Total: 0
