2019-11-18 13:27:58.619 [http-nio-8080-exec-2] DEBUG com.lv.adminsys.modules.dao.LvUserDao.selectOne - ==>  Preparing: SELECT lv_user_id,lv_role,lv_teacher_num,lv_user_phone,lv_user_password,lv_user_create_time,lv_user_name,lv_user_num FROM lv_user WHERE (lv_user_num = ?) 
2019-11-18 13:27:58.684 [http-nio-8080-exec-2] DEBUG com.lv.adminsys.modules.dao.LvUserDao.selectOne - ==> Parameters: 1713011331(String)
2019-11-18 13:27:58.724 [http-nio-8080-exec-2] DEBUG com.lv.adminsys.modules.dao.LvUserDao.selectOne - <==      Total: 1
2019-11-18 13:27:58.764 [http-nio-8080-exec-2] DEBUG com.lv.adminsys.modules.dao.LvLeaveDao.insert - ==>  Preparing: INSERT INTO lv_leave ( lv_id, lv_relative_phone, lv_end_time_long, lv_reason, lv_relative_name, lv_end_time, lv_user_num, lv_create_time, lv_begin_time, lv_day, lv_relative_type ) VALUES ( ?, ?, ?, ?, ?, ?, ?, ?, ?, ?, ? ) 
2019-11-18 13:27:58.784 [http-nio-8080-exec-2] DEBUG com.lv.adminsys.modules.dao.LvLeaveDao.insert - ==> Parameters: 1574054878(String), 15383466853(String), 1574068010(String), 比赛(String), 你猜(String), 2019-11-18 17:06:50(String), 1713011331(String), 2019-11-16(String), 2019-11-16 17:06:50(String), 0.5(Float), 父亲(String)
2019-11-18 13:27:58.791 [http-nio-8080-exec-2] DEBUG com.lv.adminsys.modules.dao.LvLeaveDao.insert - <==    Updates: 1
2019-11-18 13:27:59.540 [http-nio-8080-exec-2] DEBUG com.lv.adminsys.modules.dao.LvLeaveDao.selectOne - ==>  Preparing: SELECT lv_id,lv_relative_phone,lv_end_time_long,lv_picture,lv_reason,lv_relative_name,lv_end_time,lv_status,lv_user_num,lv_process_instance_id,lv_create_time,lv_begin_time,lv_day,lv_relative_type FROM lv_leave WHERE (lv_id = ?) 
2019-11-18 13:27:59.541 [http-nio-8080-exec-2] DEBUG com.lv.adminsys.modules.dao.LvLeaveDao.selectOne - ==> Parameters: 1574054878(String)
2019-11-18 13:27:59.553 [http-nio-8080-exec-2] DEBUG com.lv.adminsys.modules.dao.LvLeaveDao.selectOne - <==      Total: 1
2019-11-18 13:27:59.581 [http-nio-8080-exec-2] DEBUG com.lv.adminsys.modules.dao.LvLeaveDao.updateById - ==>  Preparing: UPDATE lv_leave SET lv_relative_phone=?, lv_end_time_long=?, lv_reason=?, lv_relative_name=?, lv_end_time=?, lv_status=?, lv_user_num=?, lv_create_time=?, lv_begin_time=?, lv_day=?, lv_relative_type=? WHERE lv_id=? 
2019-11-18 13:27:59.586 [http-nio-8080-exec-2] DEBUG com.lv.adminsys.modules.dao.LvLeaveDao.updateById - ==> Parameters: 15383466853(String), 1574068010(String), 比赛(String), 你猜(String), 2019-11-18 17:06:50(String), ing(String), 1713011331(String), 2019-11-16(String), 2019-11-16 17:06:50(String), 0.5(Float), 父亲(String), 1574054878(String)
2019-11-18 13:27:59.592 [http-nio-8080-exec-2] DEBUG com.lv.adminsys.modules.dao.LvLeaveDao.updateById - <==    Updates: 1
2019-11-18 13:27:59.606 [http-nio-8080-exec-2] DEBUG com.lv.adminsys.modules.dao.LvLeaveDao.selectOne - ==>  Preparing: SELECT lv_id,lv_relative_phone,lv_end_time_long,lv_picture,lv_reason,lv_relative_name,lv_end_time,lv_status,lv_user_num,lv_process_instance_id,lv_create_time,lv_begin_time,lv_day,lv_relative_type FROM lv_leave WHERE (lv_id = ?) 
2019-11-18 13:27:59.614 [http-nio-8080-exec-2] DEBUG com.lv.adminsys.modules.dao.LvLeaveDao.selectOne - ==> Parameters: 1574054878(String)
2019-11-18 13:27:59.618 [http-nio-8080-exec-2] DEBUG com.lv.adminsys.modules.dao.LvLeaveDao.selectOne - <==      Total: 1
2019-11-18 13:27:59.621 [http-nio-8080-exec-2] DEBUG com.lv.adminsys.modules.dao.LvUserDao.selectOne - ==>  Preparing: SELECT lv_user_id,lv_role,lv_teacher_num,lv_user_phone,lv_user_password,lv_user_create_time,lv_user_name,lv_user_num FROM lv_user WHERE (lv_user_num = ?) 
2019-11-18 13:27:59.622 [http-nio-8080-exec-2] DEBUG com.lv.adminsys.modules.dao.LvUserDao.selectOne - ==> Parameters: 1713011331(String)
2019-11-18 13:27:59.634 [http-nio-8080-exec-2] DEBUG com.lv.adminsys.modules.dao.LvUserDao.selectOne - <==      Total: 1
2019-11-18 13:28:00.267 [http-nio-8080-exec-2] DEBUG com.lv.adminsys.modules.dao.LvLeaveDao.selectById - ==>  Preparing: SELECT lv_id,lv_relative_phone,lv_end_time_long,lv_picture,lv_reason,lv_relative_name,lv_end_time,lv_status,lv_user_num,lv_process_instance_id,lv_create_time,lv_begin_time,lv_day,lv_relative_type FROM lv_leave WHERE lv_id=? 
2019-11-18 13:28:00.268 [http-nio-8080-exec-2] DEBUG com.lv.adminsys.modules.dao.LvLeaveDao.selectById - ==> Parameters: 1574054878(String)
2019-11-18 13:28:00.274 [http-nio-8080-exec-2] DEBUG com.lv.adminsys.modules.dao.LvLeaveDao.selectById - <==      Total: 1
2019-11-18 13:28:00.277 [http-nio-8080-exec-2] DEBUG com.lv.adminsys.modules.dao.LvLeaveDao.updateById - ==>  Preparing: UPDATE lv_leave SET lv_relative_phone=?, lv_end_time_long=?, lv_reason=?, lv_relative_name=?, lv_end_time=?, lv_status=?, lv_user_num=?, lv_process_instance_id=?, lv_create_time=?, lv_begin_time=?, lv_day=?, lv_relative_type=? WHERE lv_id=? 
2019-11-18 13:28:00.282 [http-nio-8080-exec-2] DEBUG com.lv.adminsys.modules.dao.LvLeaveDao.updateById - ==> Parameters: 15383466853(String), 1574068010(String), 比赛(String), 你猜(String), 2019-11-18 17:06:50(String), ing(String), 1713011331(String), 107501(String), 2019-11-16(String), 2019-11-16 17:06:50(String), 0.5(Float), 父亲(String), 1574054878(String)
2019-11-18 13:28:00.288 [http-nio-8080-exec-2] DEBUG com.lv.adminsys.modules.dao.LvLeaveDao.updateById - <==    Updates: 1
2019-11-18 13:32:11.090 [http-nio-8080-exec-2] DEBUG com.lv.adminsys.modules.dao.LvLeaveDao.selectOne - ==>  Preparing: SELECT lv_id,lv_relative_phone,lv_end_time_long,lv_picture,lv_reason,lv_relative_name,lv_end_time,lv_status,lv_user_num,lv_process_instance_id,lv_create_time,lv_begin_time,lv_day,lv_relative_type FROM lv_leave WHERE (lv_id = ?) 
2019-11-18 13:32:11.120 [http-nio-8080-exec-2] DEBUG com.lv.adminsys.modules.dao.LvLeaveDao.selectOne - ==> Parameters: 1574054878(String)
2019-11-18 13:32:11.153 [http-nio-8080-exec-2] DEBUG com.lv.adminsys.modules.dao.LvLeaveDao.selectOne - <==      Total: 1
2019-11-18 13:32:11.368 [http-nio-8080-exec-2] DEBUG com.lv.adminsys.modules.dao.LvTeacherDao.selectOne - ==>  Preparing: SELECT lv_teacher_id,lv_teacher_phone,lv_role,lv_teacher_work_time,lv_teacher_num,lv_teacher_create_time,lv_teacher_location,lv_teacher_password,lv_teacher_name FROM lv_teacher WHERE (lv_teacher_num = ?) 
2019-11-18 13:32:11.370 [http-nio-8080-exec-2] DEBUG com.lv.adminsys.modules.dao.LvTeacherDao.selectOne - ==> Parameters: null
2019-11-18 13:32:11.383 [http-nio-8080-exec-2] DEBUG com.lv.adminsys.modules.dao.LvTeacherDao.selectOne - <==      Total: 0
2019-11-18 13:32:11.416 [http-nio-8080-exec-2] DEBUG com.lv.adminsys.modules.dao.LvUserDao.selectOne - ==>  Preparing: SELECT lv_user_id,lv_role,lv_teacher_num,lv_user_phone,lv_user_password,lv_user_create_time,lv_user_name,lv_user_num FROM lv_user WHERE (lv_user_num = ?) 
2019-11-18 13:32:11.417 [http-nio-8080-exec-2] DEBUG com.lv.adminsys.modules.dao.LvUserDao.selectOne - ==> Parameters: 1713011331(String)
2019-11-18 13:32:11.433 [http-nio-8080-exec-2] DEBUG com.lv.adminsys.modules.dao.LvUserDao.selectOne - <==      Total: 1
2019-11-18 13:32:11.451 [http-nio-8080-exec-2] DEBUG com.lv.adminsys.modules.dao.LvTeacherDao.selectOne - ==>  Preparing: SELECT lv_teacher_id,lv_teacher_phone,lv_role,lv_teacher_work_time,lv_teacher_num,lv_teacher_create_time,lv_teacher_location,lv_teacher_password,lv_teacher_name FROM lv_teacher WHERE (lv_teacher_num = ?) 
2019-11-18 13:32:11.453 [http-nio-8080-exec-2] DEBUG com.lv.adminsys.modules.dao.LvTeacherDao.selectOne - ==> Parameters: 12345678(String)
2019-11-18 13:32:11.465 [http-nio-8080-exec-2] DEBUG com.lv.adminsys.modules.dao.LvTeacherDao.selectOne - <==      Total: 1
2019-11-18 13:33:54.493 [http-nio-8080-exec-4] DEBUG com.lv.adminsys.modules.dao.LvUserDao.selectOne - ==>  Preparing: SELECT lv_user_id,lv_role,lv_teacher_num,lv_user_phone,lv_user_password,lv_user_create_time,lv_user_name,lv_user_num FROM lv_user WHERE (lv_user_num = ?) 
2019-11-18 13:33:54.496 [http-nio-8080-exec-4] DEBUG com.lv.adminsys.modules.dao.LvUserDao.selectOne - ==> Parameters: 1713011331(String)
2019-11-18 13:33:54.503 [http-nio-8080-exec-4] DEBUG com.lv.adminsys.modules.dao.LvUserDao.selectOne - <==      Total: 1
2019-11-18 13:33:54.520 [http-nio-8080-exec-4] DEBUG com.lv.adminsys.modules.dao.LvLeaveDao.selectList - ==>  Preparing: SELECT lv_id,lv_relative_phone,lv_end_time_long,lv_picture,lv_reason,lv_relative_name,lv_end_time,lv_status,lv_user_num,lv_process_instance_id,lv_create_time,lv_begin_time,lv_day,lv_relative_type FROM lv_leave WHERE (lv_user_num = ? AND lv_end_time_long <= ?) ORDER BY lv_id DESC 
2019-11-18 13:33:54.522 [http-nio-8080-exec-4] DEBUG com.lv.adminsys.modules.dao.LvLeaveDao.selectList - ==> Parameters: 1713011331(String), 1574055234(String)
2019-11-18 13:33:54.535 [http-nio-8080-exec-4] DEBUG com.lv.adminsys.modules.dao.LvLeaveDao.selectList - <==      Total: 0
2019-11-18 13:36:23.619 [http-nio-8080-exec-2] DEBUG com.lv.adminsys.modules.dao.LvUserDao.selectOne - ==>  Preparing: SELECT lv_user_id,lv_role,lv_teacher_num,lv_user_phone,lv_user_password,lv_user_create_time,lv_user_name,lv_user_num FROM lv_user WHERE (lv_user_num = ?) 
2019-11-18 13:36:23.638 [http-nio-8080-exec-2] DEBUG com.lv.adminsys.modules.dao.LvUserDao.selectOne - ==> Parameters: 1713011331(String)
2019-11-18 13:36:23.659 [http-nio-8080-exec-2] DEBUG com.lv.adminsys.modules.dao.LvUserDao.selectOne - <==      Total: 1
2019-11-18 13:36:23.673 [http-nio-8080-exec-2] DEBUG com.lv.adminsys.modules.dao.LvLeaveDao.selectList - ==>  Preparing: SELECT lv_id,lv_relative_phone,lv_end_time_long,lv_picture,lv_reason,lv_relative_name,lv_end_time,lv_status,lv_user_num,lv_process_instance_id,lv_create_time,lv_begin_time,lv_day,lv_relative_type FROM lv_leave WHERE (lv_user_num = ? AND lv_end_time_long >= ?) ORDER BY lv_id DESC 
2019-11-18 13:36:23.674 [http-nio-8080-exec-2] DEBUG com.lv.adminsys.modules.dao.LvLeaveDao.selectList - ==> Parameters: 1713011331(String), 1574055383(String)
2019-11-18 13:36:23.686 [http-nio-8080-exec-2] DEBUG com.lv.adminsys.modules.dao.LvLeaveDao.selectList - <==      Total: 2
2019-11-18 13:37:35.466 [http-nio-8080-exec-5] DEBUG com.lv.adminsys.modules.dao.LvUserDao.selectOne - ==>  Preparing: SELECT lv_user_id,lv_role,lv_teacher_num,lv_user_phone,lv_user_password,lv_user_create_time,lv_user_name,lv_user_num FROM lv_user WHERE (lv_user_num = ?) 
2019-11-18 13:37:35.470 [http-nio-8080-exec-5] DEBUG com.lv.adminsys.modules.dao.LvUserDao.selectOne - ==> Parameters: 1713011331(String)
2019-11-18 13:37:35.480 [http-nio-8080-exec-5] DEBUG com.lv.adminsys.modules.dao.LvUserDao.selectOne - <==      Total: 1
2019-11-18 13:37:35.482 [http-nio-8080-exec-5] DEBUG com.lv.adminsys.modules.dao.LvLeaveDao.selectList - ==>  Preparing: SELECT lv_id,lv_relative_phone,lv_end_time_long,lv_picture,lv_reason,lv_relative_name,lv_end_time,lv_status,lv_user_num,lv_process_instance_id,lv_create_time,lv_begin_time,lv_day,lv_relative_type FROM lv_leave WHERE (lv_user_num = ?) ORDER BY lv_id DESC 
2019-11-18 13:37:35.493 [http-nio-8080-exec-5] DEBUG com.lv.adminsys.modules.dao.LvLeaveDao.selectList - ==> Parameters: 1713011331(String)
2019-11-18 13:37:35.562 [http-nio-8080-exec-5] DEBUG com.lv.adminsys.modules.dao.LvLeaveDao.selectList - <==      Total: 17
2019-11-18 13:46:23.453 [http-nio-8080-exec-8] DEBUG com.lv.adminsys.modules.dao.LvUserDao.selectOne - ==>  Preparing: SELECT lv_user_id,lv_role,lv_teacher_num,lv_user_phone,lv_user_password,lv_user_create_time,lv_user_name,lv_user_num FROM lv_user WHERE (lv_user_num = ?) 
2019-11-18 13:46:23.453 [http-nio-8080-exec-8] DEBUG com.lv.adminsys.modules.dao.LvUserDao.selectOne - ==> Parameters: 1713011332(String)
2019-11-18 13:46:23.455 [http-nio-8080-exec-8] DEBUG com.lv.adminsys.modules.dao.LvUserDao.selectOne - <==      Total: 1
2019-11-18 13:46:23.469 [http-nio-8080-exec-8] DEBUG com.lv.adminsys.modules.dao.LvLeaveDao.insert - ==>  Preparing: INSERT INTO lv_leave ( lv_id, lv_relative_phone, lv_end_time_long, lv_reason, lv_relative_name, lv_end_time, lv_user_num, lv_create_time, lv_begin_time, lv_day, lv_relative_type ) VALUES ( ?, ?, ?, ?, ?, ?, ?, ?, ?, ?, ? ) 
2019-11-18 13:46:23.473 [http-nio-8080-exec-8] DEBUG com.lv.adminsys.modules.dao.LvLeaveDao.insert - ==> Parameters: 1574055983(String), 15383466853(String), 1574068010(String), 比赛(String), 你猜(String), 2019-11-18 17:06:50(String), 1713011332(String), 2019-11-16(String), 2019-11-16 17:06:50(String), 0.5(Float), 父亲(String)
2019-11-18 13:46:23.483 [http-nio-8080-exec-8] DEBUG com.lv.adminsys.modules.dao.LvLeaveDao.insert - <==    Updates: 1
2019-11-18 13:46:23.946 [http-nio-8080-exec-8] DEBUG com.lv.adminsys.modules.dao.LvLeaveDao.selectOne - ==>  Preparing: SELECT lv_id,lv_relative_phone,lv_end_time_long,lv_picture,lv_reason,lv_relative_name,lv_end_time,lv_status,lv_user_num,lv_process_instance_id,lv_create_time,lv_begin_time,lv_day,lv_relative_type FROM lv_leave WHERE (lv_id = ?) 
2019-11-18 13:46:23.948 [http-nio-8080-exec-8] DEBUG com.lv.adminsys.modules.dao.LvLeaveDao.selectOne - ==> Parameters: 1574055983(String)
2019-11-18 13:46:23.953 [http-nio-8080-exec-8] DEBUG com.lv.adminsys.modules.dao.LvLeaveDao.selectOne - <==      Total: 1
2019-11-18 13:46:23.982 [http-nio-8080-exec-8] DEBUG com.lv.adminsys.modules.dao.LvLeaveDao.updateById - ==>  Preparing: UPDATE lv_leave SET lv_relative_phone=?, lv_end_time_long=?, lv_reason=?, lv_relative_name=?, lv_end_time=?, lv_status=?, lv_user_num=?, lv_create_time=?, lv_begin_time=?, lv_day=?, lv_relative_type=? WHERE lv_id=? 
2019-11-18 13:46:23.983 [http-nio-8080-exec-8] DEBUG com.lv.adminsys.modules.dao.LvLeaveDao.updateById - ==> Parameters: 15383466853(String), 1574068010(String), 比赛(String), 你猜(String), 2019-11-18 17:06:50(String), ing(String), 1713011332(String), 2019-11-16(String), 2019-11-16 17:06:50(String), 0.5(Float), 父亲(String), 1574055983(String)
2019-11-18 13:46:23.984 [http-nio-8080-exec-8] DEBUG com.lv.adminsys.modules.dao.LvLeaveDao.updateById - <==    Updates: 1
2019-11-18 13:46:24.001 [http-nio-8080-exec-8] DEBUG com.lv.adminsys.modules.dao.LvLeaveDao.selectOne - ==>  Preparing: SELECT lv_id,lv_relative_phone,lv_end_time_long,lv_picture,lv_reason,lv_relative_name,lv_end_time,lv_status,lv_user_num,lv_process_instance_id,lv_create_time,lv_begin_time,lv_day,lv_relative_type FROM lv_leave WHERE (lv_id = ?) 
2019-11-18 13:46:24.002 [http-nio-8080-exec-8] DEBUG com.lv.adminsys.modules.dao.LvLeaveDao.selectOne - ==> Parameters: 1574055983(String)
2019-11-18 13:46:24.010 [http-nio-8080-exec-8] DEBUG com.lv.adminsys.modules.dao.LvLeaveDao.selectOne - <==      Total: 1
2019-11-18 13:46:24.014 [http-nio-8080-exec-8] DEBUG com.lv.adminsys.modules.dao.LvUserDao.selectOne - ==>  Preparing: SELECT lv_user_id,lv_role,lv_teacher_num,lv_user_phone,lv_user_password,lv_user_create_time,lv_user_name,lv_user_num FROM lv_user WHERE (lv_user_num = ?) 
2019-11-18 13:46:24.014 [http-nio-8080-exec-8] DEBUG com.lv.adminsys.modules.dao.LvUserDao.selectOne - ==> Parameters: 1713011332(String)
2019-11-18 13:46:24.017 [http-nio-8080-exec-8] DEBUG com.lv.adminsys.modules.dao.LvUserDao.selectOne - <==      Total: 1
2019-11-18 13:46:24.210 [http-nio-8080-exec-8] DEBUG com.lv.adminsys.modules.dao.LvLeaveDao.selectById - ==>  Preparing: SELECT lv_id,lv_relative_phone,lv_end_time_long,lv_picture,lv_reason,lv_relative_name,lv_end_time,lv_status,lv_user_num,lv_process_instance_id,lv_create_time,lv_begin_time,lv_day,lv_relative_type FROM lv_leave WHERE lv_id=? 
2019-11-18 13:46:24.212 [http-nio-8080-exec-8] DEBUG com.lv.adminsys.modules.dao.LvLeaveDao.selectById - ==> Parameters: 1574055983(String)
2019-11-18 13:46:24.215 [http-nio-8080-exec-8] DEBUG com.lv.adminsys.modules.dao.LvLeaveDao.selectById - <==      Total: 1
2019-11-18 13:46:24.217 [http-nio-8080-exec-8] DEBUG com.lv.adminsys.modules.dao.LvLeaveDao.updateById - ==>  Preparing: UPDATE lv_leave SET lv_relative_phone=?, lv_end_time_long=?, lv_reason=?, lv_relative_name=?, lv_end_time=?, lv_status=?, lv_user_num=?, lv_process_instance_id=?, lv_create_time=?, lv_begin_time=?, lv_day=?, lv_relative_type=? WHERE lv_id=? 
2019-11-18 13:46:24.221 [http-nio-8080-exec-8] DEBUG com.lv.adminsys.modules.dao.LvLeaveDao.updateById - ==> Parameters: 15383466853(String), 1574068010(String), 比赛(String), 你猜(String), 2019-11-18 17:06:50(String), ing(String), 1713011332(String), 110001(String), 2019-11-16(String), 2019-11-16 17:06:50(String), 0.5(Float), 父亲(String), 1574055983(String)
2019-11-18 13:46:24.229 [http-nio-8080-exec-8] DEBUG com.lv.adminsys.modules.dao.LvLeaveDao.updateById - <==    Updates: 1
2019-11-18 13:46:57.789 [http-nio-8080-exec-9] DEBUG com.lv.adminsys.modules.dao.LvUserDao.selectOne - ==>  Preparing: SELECT lv_user_id,lv_role,lv_teacher_num,lv_user_phone,lv_user_password,lv_user_create_time,lv_user_name,lv_user_num FROM lv_user WHERE (lv_user_num = ?) 
2019-11-18 13:46:57.790 [http-nio-8080-exec-9] DEBUG com.lv.adminsys.modules.dao.LvUserDao.selectOne - ==> Parameters: 1713011332(String)
2019-11-18 13:46:57.793 [http-nio-8080-exec-9] DEBUG com.lv.adminsys.modules.dao.LvUserDao.selectOne - <==      Total: 1
2019-11-18 13:46:57.795 [http-nio-8080-exec-9] DEBUG com.lv.adminsys.modules.dao.LvLeaveDao.selectList - ==>  Preparing: SELECT lv_id,lv_relative_phone,lv_end_time_long,lv_picture,lv_reason,lv_relative_name,lv_end_time,lv_status,lv_user_num,lv_process_instance_id,lv_create_time,lv_begin_time,lv_day,lv_relative_type FROM lv_leave WHERE (lv_user_num = ? AND lv_end_time_long >= ?) ORDER BY lv_id DESC 
2019-11-18 13:46:57.796 [http-nio-8080-exec-9] DEBUG com.lv.adminsys.modules.dao.LvLeaveDao.selectList - ==> Parameters: 1713011332(String), 1574056017(String)
2019-11-18 13:46:57.800 [http-nio-8080-exec-9] DEBUG com.lv.adminsys.modules.dao.LvLeaveDao.selectList - <==      Total: 1
2019-11-18 13:47:39.230 [http-nio-8080-exec-10] DEBUG com.lv.adminsys.modules.dao.LvUserDao.selectOne - ==>  Preparing: SELECT lv_user_id,lv_role,lv_teacher_num,lv_user_phone,lv_user_password,lv_user_create_time,lv_user_name,lv_user_num FROM lv_user WHERE (lv_user_num = ?) 
2019-11-18 13:47:39.234 [http-nio-8080-exec-10] DEBUG com.lv.adminsys.modules.dao.LvUserDao.selectOne - ==> Parameters: 1713011332(String)
2019-11-18 13:47:39.237 [http-nio-8080-exec-10] DEBUG com.lv.adminsys.modules.dao.LvUserDao.selectOne - <==      Total: 1
2019-11-18 13:48:42.725 [http-nio-8080-exec-3] DEBUG com.lv.adminsys.modules.dao.LvUserDao.selectOne - ==>  Preparing: SELECT lv_user_id,lv_role,lv_teacher_num,lv_user_phone,lv_user_password,lv_user_create_time,lv_user_name,lv_user_num FROM lv_user WHERE (lv_user_num = ?) 
2019-11-18 13:48:42.727 [http-nio-8080-exec-3] DEBUG com.lv.adminsys.modules.dao.LvUserDao.selectOne - ==> Parameters: 1713011332(String)
2019-11-18 13:48:42.728 [http-nio-8080-exec-3] DEBUG com.lv.adminsys.modules.dao.LvUserDao.selectOne - <==      Total: 1
2019-11-18 13:48:42.832 [http-nio-8080-exec-3] DEBUG com.lv.adminsys.modules.dao.LvRoleDao.selectOne - ==>  Preparing: SELECT lv_rname,rid FROM lv_roles WHERE (rid = ?) 
2019-11-18 13:48:42.833 [http-nio-8080-exec-3] DEBUG com.lv.adminsys.modules.dao.LvRoleDao.selectOne - ==> Parameters: 1(Integer)
2019-11-18 13:48:42.843 [http-nio-8080-exec-3] DEBUG com.lv.adminsys.modules.dao.LvRoleDao.selectOne - <==      Total: 1
2019-11-18 13:52:56.470 [http-nio-8080-exec-1] DEBUG com.lv.adminsys.modules.dao.LvUserDao.selectOne - ==>  Preparing: SELECT lv_user_id,lv_role,lv_teacher_num,lv_user_phone,lv_user_password,lv_user_create_time,lv_user_name,lv_user_num FROM lv_user WHERE (lv_user_num = ?) 
2019-11-18 13:52:56.483 [http-nio-8080-exec-1] DEBUG com.lv.adminsys.modules.dao.LvUserDao.selectOne - ==> Parameters: {"keys":["account","name","phoneId"],"currentSize":1,"limitSize":10240}(String)
2019-11-18 13:52:56.498 [http-nio-8080-exec-1] DEBUG com.lv.adminsys.modules.dao.LvUserDao.selectOne - <==      Total: 0
2019-11-18 13:53:36.981 [http-nio-8080-exec-2] DEBUG com.lv.adminsys.modules.dao.LvUserDao.selectOne - ==>  Preparing: SELECT lv_user_id,lv_role,lv_teacher_num,lv_user_phone,lv_user_password,lv_user_create_time,lv_user_name,lv_user_num FROM lv_user WHERE (lv_user_num = ?) 
2019-11-18 13:53:36.982 [http-nio-8080-exec-2] DEBUG com.lv.adminsys.modules.dao.LvUserDao.selectOne - ==> Parameters: {"keys":["account","name","phoneId"],"currentSize":1,"limitSize":10240}(String)
2019-11-18 13:53:36.989 [http-nio-8080-exec-2] DEBUG com.lv.adminsys.modules.dao.LvUserDao.selectOne - <==      Total: 0
2019-11-18 13:53:59.507 [http-nio-8080-exec-3] DEBUG com.lv.adminsys.modules.dao.LvUserDao.selectOne - ==>  Preparing: SELECT lv_user_id,lv_role,lv_teacher_num,lv_user_phone,lv_user_password,lv_user_create_time,lv_user_name,lv_user_num FROM lv_user WHERE (lv_user_num = ?) 
2019-11-18 13:53:59.508 [http-nio-8080-exec-3] DEBUG com.lv.adminsys.modules.dao.LvUserDao.selectOne - ==> Parameters: {"keys":["account","name","phoneId"],"currentSize":1,"limitSize":10240}(String)
2019-11-18 13:53:59.509 [http-nio-8080-exec-3] DEBUG com.lv.adminsys.modules.dao.LvUserDao.selectOne - <==      Total: 0
2019-11-18 13:55:28.401 [http-nio-8080-exec-5] DEBUG com.lv.adminsys.modules.dao.LvUserDao.selectOne - ==>  Preparing: SELECT lv_user_id,lv_role,lv_teacher_num,lv_user_phone,lv_user_password,lv_user_create_time,lv_user_name,lv_user_num FROM lv_user WHERE (lv_user_num = ?) 
2019-11-18 13:55:28.403 [http-nio-8080-exec-5] DEBUG com.lv.adminsys.modules.dao.LvUserDao.selectOne - ==> Parameters: {"keys":["account","name","phoneId"],"currentSize":1,"limitSize":10240}(String)
2019-11-18 13:55:28.405 [http-nio-8080-exec-5] DEBUG com.lv.adminsys.modules.dao.LvUserDao.selectOne - <==      Total: 0
2019-11-18 13:59:18.247 [http-nio-8080-exec-3] DEBUG com.lv.adminsys.modules.dao.LvUserDao.selectOne - ==>  Preparing: SELECT lv_user_id,lv_role,lv_teacher_num,lv_user_phone,lv_user_password,lv_user_create_time,lv_user_name,lv_user_num FROM lv_user WHERE (lv_user_num = ?) 
2019-11-18 13:59:18.282 [http-nio-8080-exec-3] DEBUG com.lv.adminsys.modules.dao.LvUserDao.selectOne - ==> Parameters: {"keys":["account","name","phoneId"],"currentSize":1,"limitSize":10240}(String)
2019-11-18 13:59:18.310 [http-nio-8080-exec-3] DEBUG com.lv.adminsys.modules.dao.LvUserDao.selectOne - <==      Total: 0
2019-11-18 13:59:27.519 [http-nio-8080-exec-4] DEBUG com.lv.adminsys.modules.dao.LvUserDao.selectOne - ==>  Preparing: SELECT lv_user_id,lv_role,lv_teacher_num,lv_user_phone,lv_user_password,lv_user_create_time,lv_user_name,lv_user_num FROM lv_user WHERE (lv_user_num = ?) 
2019-11-18 13:59:27.520 [http-nio-8080-exec-4] DEBUG com.lv.adminsys.modules.dao.LvUserDao.selectOne - ==> Parameters: 1713011332(String)
2019-11-18 13:59:27.526 [http-nio-8080-exec-4] DEBUG com.lv.adminsys.modules.dao.LvUserDao.selectOne - <==      Total: 1
2019-11-18 13:59:27.544 [http-nio-8080-exec-4] DEBUG com.lv.adminsys.modules.dao.LvLeaveDao.selectList - ==>  Preparing: SELECT lv_id,lv_relative_phone,lv_end_time_long,lv_picture,lv_reason,lv_relative_name,lv_end_time,lv_status,lv_user_num,lv_process_instance_id,lv_create_time,lv_begin_time,lv_day,lv_relative_type FROM lv_leave WHERE (lv_user_num = ? AND lv_end_time_long >= ?) ORDER BY lv_id DESC 
2019-11-18 13:59:27.544 [http-nio-8080-exec-4] DEBUG com.lv.adminsys.modules.dao.LvLeaveDao.selectList - ==> Parameters: 1713011332(String), 1574056767(String)
2019-11-18 13:59:27.558 [http-nio-8080-exec-4] DEBUG com.lv.adminsys.modules.dao.LvLeaveDao.selectList - <==      Total: 1
2019-11-18 14:00:20.467 [http-nio-8080-exec-6] DEBUG com.lv.adminsys.modules.dao.LvUserDao.selectOne - ==>  Preparing: SELECT lv_user_id,lv_role,lv_teacher_num,lv_user_phone,lv_user_password,lv_user_create_time,lv_user_name,lv_user_num FROM lv_user WHERE (lv_user_num = ?) 
2019-11-18 14:00:20.467 [http-nio-8080-exec-6] DEBUG com.lv.adminsys.modules.dao.LvUserDao.selectOne - ==> Parameters: 1713011332(String)
2019-11-18 14:00:20.469 [http-nio-8080-exec-6] DEBUG com.lv.adminsys.modules.dao.LvUserDao.selectOne - <==      Total: 1
2019-11-18 14:00:20.500 [http-nio-8080-exec-6] DEBUG com.lv.adminsys.modules.dao.LvLeaveDao.insert - ==>  Preparing: INSERT INTO lv_leave ( lv_id, lv_relative_phone, lv_end_time_long, lv_reason, lv_relative_name, lv_end_time, lv_user_num, lv_create_time, lv_begin_time, lv_day, lv_relative_type ) VALUES ( ?, ?, ?, ?, ?, ?, ?, ?, ?, ?, ? ) 
2019-11-18 14:00:20.514 [http-nio-8080-exec-6] DEBUG com.lv.adminsys.modules.dao.LvLeaveDao.insert - ==> Parameters: 1574056820(String), 15383466853(String), 1574672810(String), 比赛(String), 你猜(String), 2019-11-25 17:06:50(String), 1713011332(String), 2019-11-16(String), 2019-11-16 17:06:50(String), 0.5(Float), 父亲(String)
2019-11-18 14:00:20.516 [http-nio-8080-exec-6] DEBUG com.lv.adminsys.modules.dao.LvLeaveDao.insert - <==    Updates: 1
2019-11-18 14:00:21.105 [http-nio-8080-exec-6] DEBUG com.lv.adminsys.modules.dao.LvLeaveDao.selectOne - ==>  Preparing: SELECT lv_id,lv_relative_phone,lv_end_time_long,lv_picture,lv_reason,lv_relative_name,lv_end_time,lv_status,lv_user_num,lv_process_instance_id,lv_create_time,lv_begin_time,lv_day,lv_relative_type FROM lv_leave WHERE (lv_id = ?) 
2019-11-18 14:00:21.107 [http-nio-8080-exec-6] DEBUG com.lv.adminsys.modules.dao.LvLeaveDao.selectOne - ==> Parameters: 1574056820(String)
2019-11-18 14:00:21.124 [http-nio-8080-exec-6] DEBUG com.lv.adminsys.modules.dao.LvLeaveDao.selectOne - <==      Total: 1
2019-11-18 14:00:21.151 [http-nio-8080-exec-6] DEBUG com.lv.adminsys.modules.dao.LvLeaveDao.updateById - ==>  Preparing: UPDATE lv_leave SET lv_relative_phone=?, lv_end_time_long=?, lv_reason=?, lv_relative_name=?, lv_end_time=?, lv_status=?, lv_user_num=?, lv_create_time=?, lv_begin_time=?, lv_day=?, lv_relative_type=? WHERE lv_id=? 
2019-11-18 14:00:21.155 [http-nio-8080-exec-6] DEBUG com.lv.adminsys.modules.dao.LvLeaveDao.updateById - ==> Parameters: 15383466853(String), 1574672810(String), 比赛(String), 你猜(String), 2019-11-25 17:06:50(String), ing(String), 1713011332(String), 2019-11-16(String), 2019-11-16 17:06:50(String), 0.5(Float), 父亲(String), 1574056820(String)
2019-11-18 14:00:21.157 [http-nio-8080-exec-6] DEBUG com.lv.adminsys.modules.dao.LvLeaveDao.updateById - <==    Updates: 1
2019-11-18 14:00:21.171 [http-nio-8080-exec-6] DEBUG com.lv.adminsys.modules.dao.LvLeaveDao.selectOne - ==>  Preparing: SELECT lv_id,lv_relative_phone,lv_end_time_long,lv_picture,lv_reason,lv_relative_name,lv_end_time,lv_status,lv_user_num,lv_process_instance_id,lv_create_time,lv_begin_time,lv_day,lv_relative_type FROM lv_leave WHERE (lv_id = ?) 
2019-11-18 14:00:21.172 [http-nio-8080-exec-6] DEBUG com.lv.adminsys.modules.dao.LvLeaveDao.selectOne - ==> Parameters: 1574056820(String)
2019-11-18 14:00:21.181 [http-nio-8080-exec-6] DEBUG com.lv.adminsys.modules.dao.LvLeaveDao.selectOne - <==      Total: 1
2019-11-18 14:00:21.188 [http-nio-8080-exec-6] DEBUG com.lv.adminsys.modules.dao.LvUserDao.selectOne - ==>  Preparing: SELECT lv_user_id,lv_role,lv_teacher_num,lv_user_phone,lv_user_password,lv_user_create_time,lv_user_name,lv_user_num FROM lv_user WHERE (lv_user_num = ?) 
2019-11-18 14:00:21.189 [http-nio-8080-exec-6] DEBUG com.lv.adminsys.modules.dao.LvUserDao.selectOne - ==> Parameters: 1713011332(String)
2019-11-18 14:00:21.193 [http-nio-8080-exec-6] DEBUG com.lv.adminsys.modules.dao.LvUserDao.selectOne - <==      Total: 1
2019-11-18 14:00:21.528 [http-nio-8080-exec-6] DEBUG com.lv.adminsys.modules.dao.LvLeaveDao.selectById - ==>  Preparing: SELECT lv_id,lv_relative_phone,lv_end_time_long,lv_picture,lv_reason,lv_relative_name,lv_end_time,lv_status,lv_user_num,lv_process_instance_id,lv_create_time,lv_begin_time,lv_day,lv_relative_type FROM lv_leave WHERE lv_id=? 
2019-11-18 14:00:21.529 [http-nio-8080-exec-6] DEBUG com.lv.adminsys.modules.dao.LvLeaveDao.selectById - ==> Parameters: 1574056820(String)
2019-11-18 14:00:21.534 [http-nio-8080-exec-6] DEBUG com.lv.adminsys.modules.dao.LvLeaveDao.selectById - <==      Total: 1
2019-11-18 14:00:21.540 [http-nio-8080-exec-6] DEBUG com.lv.adminsys.modules.dao.LvLeaveDao.updateById - ==>  Preparing: UPDATE lv_leave SET lv_relative_phone=?, lv_end_time_long=?, lv_reason=?, lv_relative_name=?, lv_end_time=?, lv_status=?, lv_user_num=?, lv_process_instance_id=?, lv_create_time=?, lv_begin_time=?, lv_day=?, lv_relative_type=? WHERE lv_id=? 
2019-11-18 14:00:21.544 [http-nio-8080-exec-6] DEBUG com.lv.adminsys.modules.dao.LvLeaveDao.updateById - ==> Parameters: 15383466853(String), 1574672810(String), 比赛(String), 你猜(String), 2019-11-25 17:06:50(String), ing(String), 1713011332(String), 112501(String), 2019-11-16(String), 2019-11-16 17:06:50(String), 0.5(Float), 父亲(String), 1574056820(String)
2019-11-18 14:00:21.551 [http-nio-8080-exec-6] DEBUG com.lv.adminsys.modules.dao.LvLeaveDao.updateById - <==    Updates: 1
2019-11-18 14:00:29.769 [http-nio-8080-exec-7] DEBUG com.lv.adminsys.modules.dao.LvUserDao.selectOne - ==>  Preparing: SELECT lv_user_id,lv_role,lv_teacher_num,lv_user_phone,lv_user_password,lv_user_create_time,lv_user_name,lv_user_num FROM lv_user WHERE (lv_user_num = ?) 
2019-11-18 14:00:29.773 [http-nio-8080-exec-7] DEBUG com.lv.adminsys.modules.dao.LvUserDao.selectOne - ==> Parameters: 1713011332(String)
2019-11-18 14:00:29.790 [http-nio-8080-exec-7] DEBUG com.lv.adminsys.modules.dao.LvUserDao.selectOne - <==      Total: 1
2019-11-18 14:00:29.797 [http-nio-8080-exec-7] DEBUG com.lv.adminsys.modules.dao.LvLeaveDao.insert - ==>  Preparing: INSERT INTO lv_leave ( lv_id, lv_relative_phone, lv_end_time_long, lv_reason, lv_relative_name, lv_end_time, lv_user_num, lv_create_time, lv_begin_time, lv_day, lv_relative_type ) VALUES ( ?, ?, ?, ?, ?, ?, ?, ?, ?, ?, ? ) 
2019-11-18 14:00:29.798 [http-nio-8080-exec-7] DEBUG com.lv.adminsys.modules.dao.LvLeaveDao.insert - ==> Parameters: 1574056829(String), 15383466853(String), 1574672810(String), 比赛(String), 你猜(String), 2019-11-25 17:06:50(String), 1713011332(String), 2019-11-16(String), 2019-11-16 17:06:50(String), 1.0(Float), 父亲(String)
2019-11-18 14:00:29.799 [http-nio-8080-exec-7] DEBUG com.lv.adminsys.modules.dao.LvLeaveDao.insert - <==    Updates: 1
2019-11-18 14:00:29.813 [http-nio-8080-exec-7] DEBUG com.lv.adminsys.modules.dao.LvLeaveDao.selectOne - ==>  Preparing: SELECT lv_id,lv_relative_phone,lv_end_time_long,lv_picture,lv_reason,lv_relative_name,lv_end_time,lv_status,lv_user_num,lv_process_instance_id,lv_create_time,lv_begin_time,lv_day,lv_relative_type FROM lv_leave WHERE (lv_id = ?) 
2019-11-18 14:00:29.813 [http-nio-8080-exec-7] DEBUG com.lv.adminsys.modules.dao.LvLeaveDao.selectOne - ==> Parameters: 1574056829(String)
2019-11-18 14:00:29.837 [http-nio-8080-exec-7] DEBUG com.lv.adminsys.modules.dao.LvLeaveDao.selectOne - <==      Total: 1
2019-11-18 14:00:29.847 [http-nio-8080-exec-7] DEBUG com.lv.adminsys.modules.dao.LvLeaveDao.updateById - ==>  Preparing: UPDATE lv_leave SET lv_relative_phone=?, lv_end_time_long=?, lv_reason=?, lv_relative_name=?, lv_end_time=?, lv_status=?, lv_user_num=?, lv_create_time=?, lv_begin_time=?, lv_day=?, lv_relative_type=? WHERE lv_id=? 
2019-11-18 14:00:29.852 [http-nio-8080-exec-7] DEBUG com.lv.adminsys.modules.dao.LvLeaveDao.updateById - ==> Parameters: 15383466853(String), 1574672810(String), 比赛(String), 你猜(String), 2019-11-25 17:06:50(String), ing(String), 1713011332(String), 2019-11-16(String), 2019-11-16 17:06:50(String), 1.0(Float), 父亲(String), 1574056829(String)
2019-11-18 14:00:29.855 [http-nio-8080-exec-7] DEBUG com.lv.adminsys.modules.dao.LvLeaveDao.updateById - <==    Updates: 1
2019-11-18 14:00:29.869 [http-nio-8080-exec-7] DEBUG com.lv.adminsys.modules.dao.LvLeaveDao.selectOne - ==>  Preparing: SELECT lv_id,lv_relative_phone,lv_end_time_long,lv_picture,lv_reason,lv_relative_name,lv_end_time,lv_status,lv_user_num,lv_process_instance_id,lv_create_time,lv_begin_time,lv_day,lv_relative_type FROM lv_leave WHERE (lv_id = ?) 
2019-11-18 14:00:29.872 [http-nio-8080-exec-7] DEBUG com.lv.adminsys.modules.dao.LvLeaveDao.selectOne - ==> Parameters: 1574056829(String)
2019-11-18 14:00:29.877 [http-nio-8080-exec-7] DEBUG com.lv.adminsys.modules.dao.LvLeaveDao.selectOne - <==      Total: 1
2019-11-18 14:00:29.886 [http-nio-8080-exec-7] DEBUG com.lv.adminsys.modules.dao.LvUserDao.selectOne - ==>  Preparing: SELECT lv_user_id,lv_role,lv_teacher_num,lv_user_phone,lv_user_password,lv_user_create_time,lv_user_name,lv_user_num FROM lv_user WHERE (lv_user_num = ?) 
2019-11-18 14:00:29.891 [http-nio-8080-exec-7] DEBUG com.lv.adminsys.modules.dao.LvUserDao.selectOne - ==> Parameters: 1713011332(String)
2019-11-18 14:00:29.893 [http-nio-8080-exec-7] DEBUG com.lv.adminsys.modules.dao.LvUserDao.selectOne - <==      Total: 1
2019-11-18 14:00:30.298 [http-nio-8080-exec-7] DEBUG com.lv.adminsys.modules.dao.LvLeaveDao.selectById - ==>  Preparing: SELECT lv_id,lv_relative_phone,lv_end_time_long,lv_picture,lv_reason,lv_relative_name,lv_end_time,lv_status,lv_user_num,lv_process_instance_id,lv_create_time,lv_begin_time,lv_day,lv_relative_type FROM lv_leave WHERE lv_id=? 
2019-11-18 14:00:30.303 [http-nio-8080-exec-7] DEBUG com.lv.adminsys.modules.dao.LvLeaveDao.selectById - ==> Parameters: 1574056829(String)
2019-11-18 14:00:30.308 [http-nio-8080-exec-7] DEBUG com.lv.adminsys.modules.dao.LvLeaveDao.selectById - <==      Total: 1
2019-11-18 14:00:30.310 [http-nio-8080-exec-7] DEBUG com.lv.adminsys.modules.dao.LvLeaveDao.updateById - ==>  Preparing: UPDATE lv_leave SET lv_relative_phone=?, lv_end_time_long=?, lv_reason=?, lv_relative_name=?, lv_end_time=?, lv_status=?, lv_user_num=?, lv_process_instance_id=?, lv_create_time=?, lv_begin_time=?, lv_day=?, lv_relative_type=? WHERE lv_id=? 
2019-11-18 14:00:30.310 [http-nio-8080-exec-7] DEBUG com.lv.adminsys.modules.dao.LvLeaveDao.updateById - ==> Parameters: 15383466853(String), 1574672810(String), 比赛(String), 你猜(String), 2019-11-25 17:06:50(String), ing(String), 1713011332(String), 112509(String), 2019-11-16(String), 2019-11-16 17:06:50(String), 1.0(Float), 父亲(String), 1574056829(String)
2019-11-18 14:00:30.322 [http-nio-8080-exec-7] DEBUG com.lv.adminsys.modules.dao.LvLeaveDao.updateById - <==    Updates: 1
2019-11-18 14:00:37.274 [http-nio-8080-exec-8] DEBUG com.lv.adminsys.modules.dao.LvUserDao.selectOne - ==>  Preparing: SELECT lv_user_id,lv_role,lv_teacher_num,lv_user_phone,lv_user_password,lv_user_create_time,lv_user_name,lv_user_num FROM lv_user WHERE (lv_user_num = ?) 
2019-11-18 14:00:37.275 [http-nio-8080-exec-8] DEBUG com.lv.adminsys.modules.dao.LvUserDao.selectOne - ==> Parameters: 1713011332(String)
2019-11-18 14:00:37.288 [http-nio-8080-exec-8] DEBUG com.lv.adminsys.modules.dao.LvUserDao.selectOne - <==      Total: 1
2019-11-18 14:00:37.306 [http-nio-8080-exec-8] DEBUG com.lv.adminsys.modules.dao.LvLeaveDao.insert - ==>  Preparing: INSERT INTO lv_leave ( lv_id, lv_relative_phone, lv_end_time_long, lv_reason, lv_relative_name, lv_end_time, lv_user_num, lv_create_time, lv_begin_time, lv_day, lv_relative_type ) VALUES ( ?, ?, ?, ?, ?, ?, ?, ?, ?, ?, ? ) 
2019-11-18 14:00:37.319 [http-nio-8080-exec-8] DEBUG com.lv.adminsys.modules.dao.LvLeaveDao.insert - ==> Parameters: 1574056837(String), 15383466853(String), 1574672810(String), 比赛(String), 你猜(String), 2019-11-25 17:06:50(String), 1713011332(String), 2019-11-16(String), 2019-11-16 17:06:50(String), 4.0(Float), 父亲(String)
2019-11-18 14:00:37.325 [http-nio-8080-exec-8] DEBUG com.lv.adminsys.modules.dao.LvLeaveDao.insert - <==    Updates: 1
2019-11-18 14:00:37.329 [http-nio-8080-exec-8] DEBUG com.lv.adminsys.modules.dao.LvLeaveDao.selectOne - ==>  Preparing: SELECT lv_id,lv_relative_phone,lv_end_time_long,lv_picture,lv_reason,lv_relative_name,lv_end_time,lv_status,lv_user_num,lv_process_instance_id,lv_create_time,lv_begin_time,lv_day,lv_relative_type FROM lv_leave WHERE (lv_id = ?) 
2019-11-18 14:00:37.330 [http-nio-8080-exec-8] DEBUG com.lv.adminsys.modules.dao.LvLeaveDao.selectOne - ==> Parameters: 1574056837(String)
2019-11-18 14:00:37.354 [http-nio-8080-exec-8] DEBUG com.lv.adminsys.modules.dao.LvLeaveDao.selectOne - <==      Total: 1
2019-11-18 14:00:37.361 [http-nio-8080-exec-8] DEBUG com.lv.adminsys.modules.dao.LvLeaveDao.updateById - ==>  Preparing: UPDATE lv_leave SET lv_relative_phone=?, lv_end_time_long=?, lv_reason=?, lv_relative_name=?, lv_end_time=?, lv_status=?, lv_user_num=?, lv_create_time=?, lv_begin_time=?, lv_day=?, lv_relative_type=? WHERE lv_id=? 
2019-11-18 14:00:37.362 [http-nio-8080-exec-8] DEBUG com.lv.adminsys.modules.dao.LvLeaveDao.updateById - ==> Parameters: 15383466853(String), 1574672810(String), 比赛(String), 你猜(String), 2019-11-25 17:06:50(String), ing(String), 1713011332(String), 2019-11-16(String), 2019-11-16 17:06:50(String), 4.0(Float), 父亲(String), 1574056837(String)
2019-11-18 14:00:37.369 [http-nio-8080-exec-8] DEBUG com.lv.adminsys.modules.dao.LvLeaveDao.updateById - <==    Updates: 1
2019-11-18 14:00:37.374 [http-nio-8080-exec-8] DEBUG com.lv.adminsys.modules.dao.LvLeaveDao.selectOne - ==>  Preparing: SELECT lv_id,lv_relative_phone,lv_end_time_long,lv_picture,lv_reason,lv_relative_name,lv_end_time,lv_status,lv_user_num,lv_process_instance_id,lv_create_time,lv_begin_time,lv_day,lv_relative_type FROM lv_leave WHERE (lv_id = ?) 
2019-11-18 14:00:37.375 [http-nio-8080-exec-8] DEBUG com.lv.adminsys.modules.dao.LvLeaveDao.selectOne - ==> Parameters: 1574056837(String)
2019-11-18 14:00:37.380 [http-nio-8080-exec-8] DEBUG com.lv.adminsys.modules.dao.LvLeaveDao.selectOne - <==      Total: 1
2019-11-18 14:00:37.384 [http-nio-8080-exec-8] DEBUG com.lv.adminsys.modules.dao.LvUserDao.selectOne - ==>  Preparing: SELECT lv_user_id,lv_role,lv_teacher_num,lv_user_phone,lv_user_password,lv_user_create_time,lv_user_name,lv_user_num FROM lv_user WHERE (lv_user_num = ?) 
2019-11-18 14:00:37.384 [http-nio-8080-exec-8] DEBUG com.lv.adminsys.modules.dao.LvUserDao.selectOne - ==> Parameters: 1713011332(String)
2019-11-18 14:00:37.392 [http-nio-8080-exec-8] DEBUG com.lv.adminsys.modules.dao.LvUserDao.selectOne - <==      Total: 1
2019-11-18 14:00:37.429 [http-nio-8080-exec-8] DEBUG com.lv.adminsys.modules.dao.LvLeaveDao.selectById - ==>  Preparing: SELECT lv_id,lv_relative_phone,lv_end_time_long,lv_picture,lv_reason,lv_relative_name,lv_end_time,lv_status,lv_user_num,lv_process_instance_id,lv_create_time,lv_begin_time,lv_day,lv_relative_type FROM lv_leave WHERE lv_id=? 
2019-11-18 14:00:37.430 [http-nio-8080-exec-8] DEBUG com.lv.adminsys.modules.dao.LvLeaveDao.selectById - ==> Parameters: 1574056837(String)
2019-11-18 14:00:37.432 [http-nio-8080-exec-8] DEBUG com.lv.adminsys.modules.dao.LvLeaveDao.selectById - <==      Total: 1
2019-11-18 14:00:37.435 [http-nio-8080-exec-8] DEBUG com.lv.adminsys.modules.dao.LvLeaveDao.updateById - ==>  Preparing: UPDATE lv_leave SET lv_relative_phone=?, lv_end_time_long=?, lv_reason=?, lv_relative_name=?, lv_end_time=?, lv_status=?, lv_user_num=?, lv_process_instance_id=?, lv_create_time=?, lv_begin_time=?, lv_day=?, lv_relative_type=? WHERE lv_id=? 
2019-11-18 14:00:37.438 [http-nio-8080-exec-8] DEBUG com.lv.adminsys.modules.dao.LvLeaveDao.updateById - ==> Parameters: 15383466853(String), 1574672810(String), 比赛(String), 你猜(String), 2019-11-25 17:06:50(String), ing(String), 1713011332(String), 112517(String), 2019-11-16(String), 2019-11-16 17:06:50(String), 4.0(Float), 父亲(String), 1574056837(String)
2019-11-18 14:00:37.440 [http-nio-8080-exec-8] DEBUG com.lv.adminsys.modules.dao.LvLeaveDao.updateById - <==    Updates: 1
2019-11-18 14:01:59.777 [http-nio-8080-exec-10] DEBUG com.lv.adminsys.modules.dao.LvUserDao.selectOne - ==>  Preparing: SELECT lv_user_id,lv_role,lv_teacher_num,lv_user_phone,lv_user_password,lv_user_create_time,lv_user_name,lv_user_num FROM lv_user WHERE (lv_user_num = ?) 
2019-11-18 14:01:59.778 [http-nio-8080-exec-10] DEBUG com.lv.adminsys.modules.dao.LvUserDao.selectOne - ==> Parameters: {"keys":["account","name","phoneId"],"currentSize":1,"limitSize":10240}(String)
2019-11-18 14:01:59.780 [http-nio-8080-exec-10] DEBUG com.lv.adminsys.modules.dao.LvUserDao.selectOne - <==      Total: 0
2019-11-18 14:02:22.098 [http-nio-8080-exec-1] DEBUG com.lv.adminsys.modules.dao.LvUserDao.selectOne - ==>  Preparing: SELECT lv_user_id,lv_role,lv_teacher_num,lv_user_phone,lv_user_password,lv_user_create_time,lv_user_name,lv_user_num FROM lv_user WHERE (lv_user_num = ?) 
2019-11-18 14:02:22.099 [http-nio-8080-exec-1] DEBUG com.lv.adminsys.modules.dao.LvUserDao.selectOne - ==> Parameters: {"keys":["account","name","phoneId"],"currentSize":1,"limitSize":10240}(String)
2019-11-18 14:02:22.100 [http-nio-8080-exec-1] DEBUG com.lv.adminsys.modules.dao.LvUserDao.selectOne - <==      Total: 0
2019-11-18 14:04:52.019 [http-nio-8080-exec-3] DEBUG com.lv.adminsys.modules.dao.LvUserDao.selectOne - ==>  Preparing: SELECT lv_user_id,lv_role,lv_teacher_num,lv_user_phone,lv_user_password,lv_user_create_time,lv_user_name,lv_user_num FROM lv_user WHERE (lv_user_num = ?) 
2019-11-18 14:04:52.020 [http-nio-8080-exec-3] DEBUG com.lv.adminsys.modules.dao.LvUserDao.selectOne - ==> Parameters: {"keys":[],"currentSize":1,"limitSize":10240}(String)
2019-11-18 14:04:52.021 [http-nio-8080-exec-3] DEBUG com.lv.adminsys.modules.dao.LvUserDao.selectOne - <==      Total: 0
2019-11-18 14:07:47.332 [http-nio-8080-exec-5] DEBUG com.lv.adminsys.modules.dao.LvUserDao.selectOne - ==>  Preparing: SELECT lv_user_id,lv_role,lv_teacher_num,lv_user_phone,lv_user_password,lv_user_create_time,lv_user_name,lv_user_num FROM lv_user WHERE (lv_user_num = ?) 
2019-11-18 14:07:47.333 [http-nio-8080-exec-5] DEBUG com.lv.adminsys.modules.dao.LvUserDao.selectOne - ==> Parameters: {"keys":[],"currentSize":1,"limitSize":10240}(String)
2019-11-18 14:07:47.334 [http-nio-8080-exec-5] DEBUG com.lv.adminsys.modules.dao.LvUserDao.selectOne - <==      Total: 0
2019-11-18 14:07:54.290 [http-nio-8080-exec-6] DEBUG com.lv.adminsys.modules.dao.LvUserDao.selectOne - ==>  Preparing: SELECT lv_user_id,lv_role,lv_teacher_num,lv_user_phone,lv_user_password,lv_user_create_time,lv_user_name,lv_user_num FROM lv_user WHERE (lv_user_num = ?) 
2019-11-18 14:07:54.291 [http-nio-8080-exec-6] DEBUG com.lv.adminsys.modules.dao.LvUserDao.selectOne - ==> Parameters: {"keys":[],"currentSize":1,"limitSize":10240}(String)
2019-11-18 14:07:54.294 [http-nio-8080-exec-6] DEBUG com.lv.adminsys.modules.dao.LvUserDao.selectOne - <==      Total: 0
2019-11-18 14:09:52.058 [http-nio-8080-exec-8] DEBUG com.lv.adminsys.modules.dao.LvUserDao.selectOne - ==>  Preparing: SELECT lv_user_id,lv_role,lv_teacher_num,lv_user_phone,lv_user_password,lv_user_create_time,lv_user_name,lv_user_num FROM lv_user WHERE (lv_user_num = ?) 
2019-11-18 14:09:52.059 [http-nio-8080-exec-8] DEBUG com.lv.adminsys.modules.dao.LvUserDao.selectOne - ==> Parameters: {"keys":[],"currentSize":1,"limitSize":10240}(String)
2019-11-18 14:09:52.060 [http-nio-8080-exec-8] DEBUG com.lv.adminsys.modules.dao.LvUserDao.selectOne - <==      Total: 0
2019-11-18 14:09:59.222 [http-nio-8080-exec-9] DEBUG com.lv.adminsys.modules.dao.LvUserDao.selectOne - ==>  Preparing: SELECT lv_user_id,lv_role,lv_teacher_num,lv_user_phone,lv_user_password,lv_user_create_time,lv_user_name,lv_user_num FROM lv_user WHERE (lv_user_num = ?) 
2019-11-18 14:09:59.222 [http-nio-8080-exec-9] DEBUG com.lv.adminsys.modules.dao.LvUserDao.selectOne - ==> Parameters: {"keys":[],"currentSize":1,"limitSize":10240}(String)
2019-11-18 14:09:59.223 [http-nio-8080-exec-9] DEBUG com.lv.adminsys.modules.dao.LvUserDao.selectOne - <==      Total: 0
2019-11-18 14:10:03.929 [http-nio-8080-exec-10] DEBUG com.lv.adminsys.modules.dao.LvUserDao.selectOne - ==>  Preparing: SELECT lv_user_id,lv_role,lv_teacher_num,lv_user_phone,lv_user_password,lv_user_create_time,lv_user_name,lv_user_num FROM lv_user WHERE (lv_user_num = ?) 
2019-11-18 14:10:03.930 [http-nio-8080-exec-10] DEBUG com.lv.adminsys.modules.dao.LvUserDao.selectOne - ==> Parameters: {"keys":[],"currentSize":1,"limitSize":10240}(String)
2019-11-18 14:10:03.931 [http-nio-8080-exec-10] DEBUG com.lv.adminsys.modules.dao.LvUserDao.selectOne - <==      Total: 0
2019-11-18 14:11:29.347 [http-nio-8080-exec-3] DEBUG com.lv.adminsys.modules.dao.LvUserDao.selectOne - ==>  Preparing: SELECT lv_user_id,lv_role,lv_teacher_num,lv_user_phone,lv_user_password,lv_user_create_time,lv_user_name,lv_user_num FROM lv_user WHERE (lv_user_num = ?) 
2019-11-18 14:11:29.347 [http-nio-8080-exec-3] DEBUG com.lv.adminsys.modules.dao.LvUserDao.selectOne - ==> Parameters: 1713011332(String)
2019-11-18 14:11:29.351 [http-nio-8080-exec-3] DEBUG com.lv.adminsys.modules.dao.LvUserDao.selectOne - <==      Total: 1
2019-11-18 14:11:29.354 [http-nio-8080-exec-3] DEBUG com.lv.adminsys.modules.dao.LvLeaveDao.selectList - ==>  Preparing: SELECT lv_id,lv_relative_phone,lv_end_time_long,lv_picture,lv_reason,lv_relative_name,lv_end_time,lv_status,lv_user_num,lv_process_instance_id,lv_create_time,lv_begin_time,lv_day,lv_relative_type FROM lv_leave WHERE (lv_user_num = ? AND lv_end_time_long >= ?) ORDER BY lv_id DESC 
2019-11-18 14:11:29.354 [http-nio-8080-exec-3] DEBUG com.lv.adminsys.modules.dao.LvLeaveDao.selectList - ==> Parameters: 1713011332(String), 1574057489(String)
2019-11-18 14:11:29.362 [http-nio-8080-exec-3] DEBUG com.lv.adminsys.modules.dao.LvLeaveDao.selectList - <==      Total: 4
2019-11-18 14:31:18.846 [http-nio-8080-exec-5] DEBUG com.lv.adminsys.modules.dao.LvLeaveDao.selectById - ==>  Preparing: SELECT lv_id,lv_relative_phone,lv_end_time_long,lv_picture,lv_reason,lv_relative_name,lv_end_time,lv_status,lv_user_num,lv_process_instance_id,lv_create_time,lv_begin_time,lv_day,lv_relative_type FROM lv_leave WHERE lv_id=? 
2019-11-18 14:31:18.848 [http-nio-8080-exec-5] DEBUG com.lv.adminsys.modules.dao.LvLeaveDao.selectById - ==> Parameters: 1574056829(String)
2019-11-18 14:31:18.851 [http-nio-8080-exec-5] DEBUG com.lv.adminsys.modules.dao.LvLeaveDao.selectById - <==      Total: 1
2019-11-18 14:31:18.857 [http-nio-8080-exec-5] DEBUG com.lv.adminsys.modules.dao.LvLeaveDao.selectById - ==>  Preparing: SELECT lv_id,lv_relative_phone,lv_end_time_long,lv_picture,lv_reason,lv_relative_name,lv_end_time,lv_status,lv_user_num,lv_process_instance_id,lv_create_time,lv_begin_time,lv_day,lv_relative_type FROM lv_leave WHERE lv_id=? 
2019-11-18 14:31:18.857 [http-nio-8080-exec-5] DEBUG com.lv.adminsys.modules.dao.LvLeaveDao.selectById - ==> Parameters: 1574056837(String)
2019-11-18 14:31:18.860 [http-nio-8080-exec-5] DEBUG com.lv.adminsys.modules.dao.LvLeaveDao.selectById - <==      Total: 1
2019-11-18 14:31:18.865 [http-nio-8080-exec-5] DEBUG com.lv.adminsys.modules.dao.LvLeaveDao.selectById - ==>  Preparing: SELECT lv_id,lv_relative_phone,lv_end_time_long,lv_picture,lv_reason,lv_relative_name,lv_end_time,lv_status,lv_user_num,lv_process_instance_id,lv_create_time,lv_begin_time,lv_day,lv_relative_type FROM lv_leave WHERE lv_id=? 
2019-11-18 14:31:18.865 [http-nio-8080-exec-5] DEBUG com.lv.adminsys.modules.dao.LvLeaveDao.selectById - ==> Parameters: 1573978003(String)
2019-11-18 14:31:18.867 [http-nio-8080-exec-5] DEBUG com.lv.adminsys.modules.dao.LvLeaveDao.selectById - <==      Total: 1
2019-11-18 14:31:18.871 [http-nio-8080-exec-5] DEBUG com.lv.adminsys.modules.dao.LvLeaveDao.selectById - ==>  Preparing: SELECT lv_id,lv_relative_phone,lv_end_time_long,lv_picture,lv_reason,lv_relative_name,lv_end_time,lv_status,lv_user_num,lv_process_instance_id,lv_create_time,lv_begin_time,lv_day,lv_relative_type FROM lv_leave WHERE lv_id=? 
2019-11-18 14:31:18.871 [http-nio-8080-exec-5] DEBUG com.lv.adminsys.modules.dao.LvLeaveDao.selectById - ==> Parameters: 1573978615(String)
2019-11-18 14:31:18.873 [http-nio-8080-exec-5] DEBUG com.lv.adminsys.modules.dao.LvLeaveDao.selectById - <==      Total: 1
2019-11-18 14:31:18.876 [http-nio-8080-exec-5] DEBUG com.lv.adminsys.modules.dao.LvLeaveDao.selectById - ==>  Preparing: SELECT lv_id,lv_relative_phone,lv_end_time_long,lv_picture,lv_reason,lv_relative_name,lv_end_time,lv_status,lv_user_num,lv_process_instance_id,lv_create_time,lv_begin_time,lv_day,lv_relative_type FROM lv_leave WHERE lv_id=? 
2019-11-18 14:31:18.876 [http-nio-8080-exec-5] DEBUG com.lv.adminsys.modules.dao.LvLeaveDao.selectById - ==> Parameters: 1574054878(String)
2019-11-18 14:31:18.879 [http-nio-8080-exec-5] DEBUG com.lv.adminsys.modules.dao.LvLeaveDao.selectById - <==      Total: 1
2019-11-18 14:31:18.886 [http-nio-8080-exec-5] DEBUG com.lv.adminsys.modules.dao.LvLeaveDao.selectById - ==>  Preparing: SELECT lv_id,lv_relative_phone,lv_end_time_long,lv_picture,lv_reason,lv_relative_name,lv_end_time,lv_status,lv_user_num,lv_process_instance_id,lv_create_time,lv_begin_time,lv_day,lv_relative_type FROM lv_leave WHERE lv_id=? 
2019-11-18 14:31:18.886 [http-nio-8080-exec-5] DEBUG com.lv.adminsys.modules.dao.LvLeaveDao.selectById - ==> Parameters: 1574055983(String)
2019-11-18 14:31:18.888 [http-nio-8080-exec-5] DEBUG com.lv.adminsys.modules.dao.LvLeaveDao.selectById - <==      Total: 1
2019-11-18 14:31:18.892 [http-nio-8080-exec-5] DEBUG com.lv.adminsys.modules.dao.LvLeaveDao.selectById - ==>  Preparing: SELECT lv_id,lv_relative_phone,lv_end_time_long,lv_picture,lv_reason,lv_relative_name,lv_end_time,lv_status,lv_user_num,lv_process_instance_id,lv_create_time,lv_begin_time,lv_day,lv_relative_type FROM lv_leave WHERE lv_id=? 
2019-11-18 14:31:18.893 [http-nio-8080-exec-5] DEBUG com.lv.adminsys.modules.dao.LvLeaveDao.selectById - ==> Parameters: 1574056820(String)
2019-11-18 14:31:18.894 [http-nio-8080-exec-5] DEBUG com.lv.adminsys.modules.dao.LvLeaveDao.selectById - <==      Total: 1
2019-11-18 14:33:09.466 [http-nio-8080-exec-1] DEBUG com.lv.adminsys.modules.dao.LvLeaveDao.selectOne - ==>  Preparing: SELECT lv_id,lv_relative_phone,lv_end_time_long,lv_picture,lv_reason,lv_relative_name,lv_end_time,lv_status,lv_user_num,lv_process_instance_id,lv_create_time,lv_begin_time,lv_day,lv_relative_type FROM lv_leave WHERE (lv_id = ?) 
2019-11-18 14:33:09.467 [http-nio-8080-exec-1] DEBUG com.lv.adminsys.modules.dao.LvLeaveDao.selectOne - ==> Parameters: 1574056820(String)
2019-11-18 14:33:09.470 [http-nio-8080-exec-1] DEBUG com.lv.adminsys.modules.dao.LvLeaveDao.selectOne - <==      Total: 1
2019-11-18 14:33:09.471 [http-nio-8080-exec-1] DEBUG com.lv.adminsys.modules.dao.LvLeaveDao.updateById - ==>  Preparing: UPDATE lv_leave SET lv_relative_phone=?, lv_end_time_long=?, lv_reason=?, lv_relative_name=?, lv_end_time=?, lv_status=?, lv_user_num=?, lv_process_instance_id=?, lv_create_time=?, lv_begin_time=?, lv_day=?, lv_relative_type=? WHERE lv_id=? 
2019-11-18 14:33:09.472 [http-nio-8080-exec-1] DEBUG com.lv.adminsys.modules.dao.LvLeaveDao.updateById - ==> Parameters: 15383466853(String), 1574672810(String), 比赛(String), 你猜(String), 2019-11-25 17:06:50(String), pass(String), 1713011332(String), 112501(String), 2019-11-16(String), 2019-11-16 17:06:50(String), 0.5(Float), 父亲(String), 1574056820(String)
2019-11-18 14:33:09.795 [http-nio-8080-exec-1] DEBUG com.lv.adminsys.modules.dao.LvLeaveDao.updateById - <==    Updates: 1
2019-11-18 14:33:50.129 [http-nio-8080-exec-3] DEBUG com.lv.adminsys.modules.dao.LvLeaveDao.selectOne - ==>  Preparing: SELECT lv_id,lv_relative_phone,lv_end_time_long,lv_picture,lv_reason,lv_relative_name,lv_end_time,lv_status,lv_user_num,lv_process_instance_id,lv_create_time,lv_begin_time,lv_day,lv_relative_type FROM lv_leave WHERE (lv_id = ?) 
2019-11-18 14:33:50.131 [http-nio-8080-exec-3] DEBUG com.lv.adminsys.modules.dao.LvLeaveDao.selectOne - ==> Parameters: 1574056820(String)
2019-11-18 14:33:50.135 [http-nio-8080-exec-3] DEBUG com.lv.adminsys.modules.dao.LvLeaveDao.selectOne - <==      Total: 1
2019-11-18 14:33:50.169 [http-nio-8080-exec-3] DEBUG com.lv.adminsys.modules.dao.LvTeacherDao.selectOne - ==>  Preparing: SELECT lv_teacher_id,lv_teacher_phone,lv_role,lv_teacher_work_time,lv_teacher_num,lv_teacher_create_time,lv_teacher_location,lv_teacher_password,lv_teacher_name FROM lv_teacher WHERE (lv_teacher_num = ?) 
2019-11-18 14:33:50.170 [http-nio-8080-exec-3] DEBUG com.lv.adminsys.modules.dao.LvTeacherDao.selectOne - ==> Parameters: 12345678(String)
2019-11-18 14:33:50.172 [http-nio-8080-exec-3] DEBUG com.lv.adminsys.modules.dao.LvTeacherDao.selectOne - <==      Total: 1
2019-11-18 14:37:56.154 [http-nio-8080-exec-7] DEBUG com.lv.adminsys.modules.dao.LvLeaveDao.selectById - ==>  Preparing: SELECT lv_id,lv_relative_phone,lv_end_time_long,lv_picture,lv_reason,lv_relative_name,lv_end_time,lv_status,lv_user_num,lv_process_instance_id,lv_create_time,lv_begin_time,lv_day,lv_relative_type FROM lv_leave WHERE lv_id=? 
2019-11-18 14:37:56.155 [http-nio-8080-exec-7] DEBUG com.lv.adminsys.modules.dao.LvLeaveDao.selectById - ==> Parameters: 1574056829(String)
2019-11-18 14:37:56.158 [http-nio-8080-exec-7] DEBUG com.lv.adminsys.modules.dao.LvLeaveDao.selectById - <==      Total: 1
2019-11-18 14:37:56.163 [http-nio-8080-exec-7] DEBUG com.lv.adminsys.modules.dao.LvLeaveDao.selectById - ==>  Preparing: SELECT lv_id,lv_relative_phone,lv_end_time_long,lv_picture,lv_reason,lv_relative_name,lv_end_time,lv_status,lv_user_num,lv_process_instance_id,lv_create_time,lv_begin_time,lv_day,lv_relative_type FROM lv_leave WHERE lv_id=? 
2019-11-18 14:37:56.163 [http-nio-8080-exec-7] DEBUG com.lv.adminsys.modules.dao.LvLeaveDao.selectById - ==> Parameters: 1574056837(String)
2019-11-18 14:37:56.165 [http-nio-8080-exec-7] DEBUG com.lv.adminsys.modules.dao.LvLeaveDao.selectById - <==      Total: 1
2019-11-18 14:37:56.168 [http-nio-8080-exec-7] DEBUG com.lv.adminsys.modules.dao.LvLeaveDao.selectById - ==>  Preparing: SELECT lv_id,lv_relative_phone,lv_end_time_long,lv_picture,lv_reason,lv_relative_name,lv_end_time,lv_status,lv_user_num,lv_process_instance_id,lv_create_time,lv_begin_time,lv_day,lv_relative_type FROM lv_leave WHERE lv_id=? 
2019-11-18 14:37:56.169 [http-nio-8080-exec-7] DEBUG com.lv.adminsys.modules.dao.LvLeaveDao.selectById - ==> Parameters: 1573978003(String)
2019-11-18 14:37:56.174 [http-nio-8080-exec-7] DEBUG com.lv.adminsys.modules.dao.LvLeaveDao.selectById - <==      Total: 1
2019-11-18 14:37:56.178 [http-nio-8080-exec-7] DEBUG com.lv.adminsys.modules.dao.LvLeaveDao.selectById - ==>  Preparing: SELECT lv_id,lv_relative_phone,lv_end_time_long,lv_picture,lv_reason,lv_relative_name,lv_end_time,lv_status,lv_user_num,lv_process_instance_id,lv_create_time,lv_begin_time,lv_day,lv_relative_type FROM lv_leave WHERE lv_id=? 
2019-11-18 14:37:56.179 [http-nio-8080-exec-7] DEBUG com.lv.adminsys.modules.dao.LvLeaveDao.selectById - ==> Parameters: 1573978615(String)
2019-11-18 14:37:56.181 [http-nio-8080-exec-7] DEBUG com.lv.adminsys.modules.dao.LvLeaveDao.selectById - <==      Total: 1
2019-11-18 14:37:56.183 [http-nio-8080-exec-7] DEBUG com.lv.adminsys.modules.dao.LvLeaveDao.selectById - ==>  Preparing: SELECT lv_id,lv_relative_phone,lv_end_time_long,lv_picture,lv_reason,lv_relative_name,lv_end_time,lv_status,lv_user_num,lv_process_instance_id,lv_create_time,lv_begin_time,lv_day,lv_relative_type FROM lv_leave WHERE lv_id=? 
2019-11-18 14:37:56.183 [http-nio-8080-exec-7] DEBUG com.lv.adminsys.modules.dao.LvLeaveDao.selectById - ==> Parameters: 1574054878(String)
2019-11-18 14:37:56.185 [http-nio-8080-exec-7] DEBUG com.lv.adminsys.modules.dao.LvLeaveDao.selectById - <==      Total: 1
2019-11-18 14:37:56.192 [http-nio-8080-exec-7] DEBUG com.lv.adminsys.modules.dao.LvLeaveDao.selectById - ==>  Preparing: SELECT lv_id,lv_relative_phone,lv_end_time_long,lv_picture,lv_reason,lv_relative_name,lv_end_time,lv_status,lv_user_num,lv_process_instance_id,lv_create_time,lv_begin_time,lv_day,lv_relative_type FROM lv_leave WHERE lv_id=? 
2019-11-18 14:37:56.194 [http-nio-8080-exec-7] DEBUG com.lv.adminsys.modules.dao.LvLeaveDao.selectById - ==> Parameters: 1574055983(String)
2019-11-18 14:37:56.195 [http-nio-8080-exec-7] DEBUG com.lv.adminsys.modules.dao.LvLeaveDao.selectById - <==      Total: 1
2019-11-18 14:38:16.977 [http-nio-8080-exec-8] DEBUG com.lv.adminsys.modules.dao.LvLeaveDao.selectOne - ==>  Preparing: SELECT lv_id,lv_relative_phone,lv_end_time_long,lv_picture,lv_reason,lv_relative_name,lv_end_time,lv_status,lv_user_num,lv_process_instance_id,lv_create_time,lv_begin_time,lv_day,lv_relative_type FROM lv_leave WHERE (lv_id = ?) 
2019-11-18 14:38:16.977 [http-nio-8080-exec-8] DEBUG com.lv.adminsys.modules.dao.LvLeaveDao.selectOne - ==> Parameters: 1574055983(String)
2019-11-18 14:38:16.981 [http-nio-8080-exec-8] DEBUG com.lv.adminsys.modules.dao.LvLeaveDao.selectOne - <==      Total: 1
2019-11-18 14:38:16.982 [http-nio-8080-exec-8] DEBUG com.lv.adminsys.modules.dao.LvLeaveDao.updateById - ==>  Preparing: UPDATE lv_leave SET lv_relative_phone=?, lv_end_time_long=?, lv_reason=?, lv_relative_name=?, lv_end_time=?, lv_status=?, lv_user_num=?, lv_process_instance_id=?, lv_create_time=?, lv_begin_time=?, lv_day=?, lv_relative_type=? WHERE lv_id=? 
2019-11-18 14:38:16.984 [http-nio-8080-exec-8] DEBUG com.lv.adminsys.modules.dao.LvLeaveDao.updateById - ==> Parameters: 15383466853(String), 1574068010(String), 比赛(String), 你猜(String), 2019-11-18 17:06:50(String), reject(String), 1713011332(String), 110001(String), 2019-11-16(String), 2019-11-16 17:06:50(String), 0.5(Float), 父亲(String), 1574055983(String)
2019-11-18 14:38:16.986 [http-nio-8080-exec-8] DEBUG com.lv.adminsys.modules.dao.LvLeaveDao.updateById - <==    Updates: 1
2019-11-18 14:38:54.349 [http-nio-8080-exec-1] DEBUG com.lv.adminsys.modules.dao.LvLeaveDao.selectOne - ==>  Preparing: SELECT lv_id,lv_relative_phone,lv_end_time_long,lv_picture,lv_reason,lv_relative_name,lv_end_time,lv_status,lv_user_num,lv_process_instance_id,lv_create_time,lv_begin_time,lv_day,lv_relative_type FROM lv_leave WHERE (lv_id = ?) 
2019-11-18 14:38:54.350 [http-nio-8080-exec-1] DEBUG com.lv.adminsys.modules.dao.LvLeaveDao.selectOne - ==> Parameters: 1574055983(String)
2019-11-18 14:38:54.352 [http-nio-8080-exec-1] DEBUG com.lv.adminsys.modules.dao.LvLeaveDao.selectOne - <==      Total: 1
2019-11-18 14:38:54.358 [http-nio-8080-exec-1] DEBUG com.lv.adminsys.modules.dao.LvTeacherDao.selectOne - ==>  Preparing: SELECT lv_teacher_id,lv_teacher_phone,lv_role,lv_teacher_work_time,lv_teacher_num,lv_teacher_create_time,lv_teacher_location,lv_teacher_password,lv_teacher_name FROM lv_teacher WHERE (lv_teacher_num = ?) 
2019-11-18 14:38:54.358 [http-nio-8080-exec-1] DEBUG com.lv.adminsys.modules.dao.LvTeacherDao.selectOne - ==> Parameters: 12345678(String)
2019-11-18 14:38:54.365 [http-nio-8080-exec-1] DEBUG com.lv.adminsys.modules.dao.LvTeacherDao.selectOne - <==      Total: 1
2019-11-18 14:58:42.266 [http-nio-8080-exec-1] DEBUG com.lv.adminsys.modules.dao.LvLeaveDao.selectOne - ==>  Preparing: SELECT lv_id,lv_relative_phone,lv_end_time_long,lv_picture,lv_reason,lv_relative_name,lv_end_time,lv_status,lv_user_num,lv_process_instance_id,lv_create_time,lv_begin_time,lv_day,lv_relative_type FROM lv_leave WHERE (lv_id = ?) 
2019-11-18 14:58:42.312 [http-nio-8080-exec-1] DEBUG com.lv.adminsys.modules.dao.LvLeaveDao.selectOne - ==> Parameters: 1574055983(String)
2019-11-18 14:58:42.366 [http-nio-8080-exec-1] DEBUG com.lv.adminsys.modules.dao.LvLeaveDao.selectOne - <==      Total: 1
2019-11-18 14:58:42.440 [http-nio-8080-exec-1] DEBUG com.lv.adminsys.modules.dao.LvTeacherDao.selectOne - ==>  Preparing: SELECT lv_teacher_id,lv_teacher_phone,lv_role,lv_teacher_work_time,lv_teacher_num,lv_teacher_create_time,lv_teacher_location,lv_teacher_password,lv_teacher_name FROM lv_teacher WHERE (lv_teacher_num = ?) 
2019-11-18 14:58:42.442 [http-nio-8080-exec-1] DEBUG com.lv.adminsys.modules.dao.LvTeacherDao.selectOne - ==> Parameters: 12345678(String)
2019-11-18 14:58:42.449 [http-nio-8080-exec-1] DEBUG com.lv.adminsys.modules.dao.LvTeacherDao.selectOne - <==      Total: 1
2019-11-18 14:59:46.307 [http-nio-8080-exec-6] DEBUG com.lv.adminsys.modules.dao.LvLeaveDao.selectOne - ==>  Preparing: SELECT lv_id,lv_relative_phone,lv_end_time_long,lv_picture,lv_reason,lv_relative_name,lv_end_time,lv_status,lv_user_num,lv_process_instance_id,lv_create_time,lv_begin_time,lv_day,lv_relative_type FROM lv_leave WHERE (lv_id = ?) 
2019-11-18 14:59:46.308 [http-nio-8080-exec-6] DEBUG com.lv.adminsys.modules.dao.LvLeaveDao.selectOne - ==> Parameters: 1574056820(String)
2019-11-18 14:59:46.317 [http-nio-8080-exec-6] DEBUG com.lv.adminsys.modules.dao.LvLeaveDao.selectOne - <==      Total: 1
2019-11-18 14:59:46.339 [http-nio-8080-exec-6] DEBUG com.lv.adminsys.modules.dao.LvTeacherDao.selectOne - ==>  Preparing: SELECT lv_teacher_id,lv_teacher_phone,lv_role,lv_teacher_work_time,lv_teacher_num,lv_teacher_create_time,lv_teacher_location,lv_teacher_password,lv_teacher_name FROM lv_teacher WHERE (lv_teacher_num = ?) 
2019-11-18 14:59:46.340 [http-nio-8080-exec-6] DEBUG com.lv.adminsys.modules.dao.LvTeacherDao.selectOne - ==> Parameters: 12345678(String)
2019-11-18 14:59:46.346 [http-nio-8080-exec-6] DEBUG com.lv.adminsys.modules.dao.LvTeacherDao.selectOne - <==      Total: 1
2019-11-18 15:00:39.770 [http-nio-8080-exec-3] DEBUG com.lv.adminsys.modules.dao.LvLeaveDao.selectOne - ==>  Preparing: SELECT lv_id,lv_relative_phone,lv_end_time_long,lv_picture,lv_reason,lv_relative_name,lv_end_time,lv_status,lv_user_num,lv_process_instance_id,lv_create_time,lv_begin_time,lv_day,lv_relative_type FROM lv_leave WHERE (lv_id = ?) 
2019-11-18 15:00:39.799 [http-nio-8080-exec-3] DEBUG com.lv.adminsys.modules.dao.LvLeaveDao.selectOne - ==> Parameters: 1574056820(String)
2019-11-18 15:00:39.821 [http-nio-8080-exec-3] DEBUG com.lv.adminsys.modules.dao.LvLeaveDao.selectOne - <==      Total: 1
2019-11-18 15:00:39.895 [http-nio-8080-exec-3] DEBUG com.lv.adminsys.modules.dao.LvTeacherDao.selectOne - ==>  Preparing: SELECT lv_teacher_id,lv_teacher_phone,lv_role,lv_teacher_work_time,lv_teacher_num,lv_teacher_create_time,lv_teacher_location,lv_teacher_password,lv_teacher_name FROM lv_teacher WHERE (lv_teacher_num = ?) 
2019-11-18 15:00:39.897 [http-nio-8080-exec-3] DEBUG com.lv.adminsys.modules.dao.LvTeacherDao.selectOne - ==> Parameters: 12345678(String)
2019-11-18 15:00:39.902 [http-nio-8080-exec-3] DEBUG com.lv.adminsys.modules.dao.LvTeacherDao.selectOne - <==      Total: 1
2019-11-18 15:04:33.742 [http-nio-8080-exec-4] DEBUG com.lv.adminsys.modules.dao.LvLeaveDao.selectOne - ==>  Preparing: SELECT lv_id,lv_relative_phone,lv_end_time_long,lv_picture,lv_reason,lv_relative_name,lv_end_time,lv_status,lv_user_num,lv_process_instance_id,lv_create_time,lv_begin_time,lv_day,lv_relative_type FROM lv_leave WHERE (lv_id = ?) 
2019-11-18 15:04:33.745 [http-nio-8080-exec-4] DEBUG com.lv.adminsys.modules.dao.LvLeaveDao.selectOne - ==> Parameters: 1574056829(String)
2019-11-18 15:04:33.753 [http-nio-8080-exec-4] DEBUG com.lv.adminsys.modules.dao.LvLeaveDao.selectOne - <==      Total: 1
2019-11-18 15:04:33.773 [http-nio-8080-exec-4] DEBUG com.lv.adminsys.modules.dao.LvTeacherDao.selectOne - ==>  Preparing: SELECT lv_teacher_id,lv_teacher_phone,lv_role,lv_teacher_work_time,lv_teacher_num,lv_teacher_create_time,lv_teacher_location,lv_teacher_password,lv_teacher_name FROM lv_teacher WHERE (lv_teacher_num = ?) 
2019-11-18 15:04:33.775 [http-nio-8080-exec-4] DEBUG com.lv.adminsys.modules.dao.LvTeacherDao.selectOne - ==> Parameters: null
2019-11-18 15:04:33.782 [http-nio-8080-exec-4] DEBUG com.lv.adminsys.modules.dao.LvTeacherDao.selectOne - <==      Total: 0
2019-11-18 15:04:33.789 [http-nio-8080-exec-4] DEBUG com.lv.adminsys.modules.dao.LvUserDao.selectOne - ==>  Preparing: SELECT lv_user_id,lv_role,lv_teacher_num,lv_user_phone,lv_user_password,lv_user_create_time,lv_user_name,lv_user_num FROM lv_user WHERE (lv_user_num = ?) 
2019-11-18 15:04:33.790 [http-nio-8080-exec-4] DEBUG com.lv.adminsys.modules.dao.LvUserDao.selectOne - ==> Parameters: 1713011332(String)
2019-11-18 15:04:33.796 [http-nio-8080-exec-4] DEBUG com.lv.adminsys.modules.dao.LvUserDao.selectOne - <==      Total: 1
2019-11-18 15:04:33.799 [http-nio-8080-exec-4] DEBUG com.lv.adminsys.modules.dao.LvTeacherDao.selectOne - ==>  Preparing: SELECT lv_teacher_id,lv_teacher_phone,lv_role,lv_teacher_work_time,lv_teacher_num,lv_teacher_create_time,lv_teacher_location,lv_teacher_password,lv_teacher_name FROM lv_teacher WHERE (lv_teacher_num = ?) 
2019-11-18 15:04:33.800 [http-nio-8080-exec-4] DEBUG com.lv.adminsys.modules.dao.LvTeacherDao.selectOne - ==> Parameters: 12345678(String)
2019-11-18 15:04:33.806 [http-nio-8080-exec-4] DEBUG com.lv.adminsys.modules.dao.LvTeacherDao.selectOne - <==      Total: 1
2019-11-18 15:04:33.810 [http-nio-8080-exec-4] DEBUG c.lv.adminsys.modules.dao.LvTeacherDao.selectList - ==>  Preparing: SELECT lv_teacher_id,lv_teacher_phone,lv_role,lv_teacher_work_time,lv_teacher_num,lv_teacher_create_time,lv_teacher_location,lv_teacher_password,lv_teacher_name FROM lv_teacher WHERE (lv_role = ?) 
2019-11-18 15:04:33.810 [http-nio-8080-exec-4] DEBUG c.lv.adminsys.modules.dao.LvTeacherDao.selectList - ==> Parameters: 3(Integer)
2019-11-18 15:04:33.813 [http-nio-8080-exec-4] DEBUG c.lv.adminsys.modules.dao.LvTeacherDao.selectList - <==      Total: 2
2019-11-18 15:09:20.408 [http-nio-8080-exec-7] DEBUG com.lv.adminsys.modules.dao.LvLeaveDao.selectById - ==>  Preparing: SELECT lv_id,lv_relative_phone,lv_end_time_long,lv_picture,lv_reason,lv_relative_name,lv_end_time,lv_status,lv_user_num,lv_process_instance_id,lv_create_time,lv_begin_time,lv_day,lv_relative_type FROM lv_leave WHERE lv_id=? 
2019-11-18 15:09:20.408 [http-nio-8080-exec-7] DEBUG com.lv.adminsys.modules.dao.LvLeaveDao.selectById - ==> Parameters: 1574056829(String)
2019-11-18 15:09:20.412 [http-nio-8080-exec-7] DEBUG com.lv.adminsys.modules.dao.LvLeaveDao.selectById - <==      Total: 1
2019-11-18 15:09:20.423 [http-nio-8080-exec-7] DEBUG com.lv.adminsys.modules.dao.LvLeaveDao.selectById - ==>  Preparing: SELECT lv_id,lv_relative_phone,lv_end_time_long,lv_picture,lv_reason,lv_relative_name,lv_end_time,lv_status,lv_user_num,lv_process_instance_id,lv_create_time,lv_begin_time,lv_day,lv_relative_type FROM lv_leave WHERE lv_id=? 
2019-11-18 15:09:20.423 [http-nio-8080-exec-7] DEBUG com.lv.adminsys.modules.dao.LvLeaveDao.selectById - ==> Parameters: 1574056837(String)
2019-11-18 15:09:20.425 [http-nio-8080-exec-7] DEBUG com.lv.adminsys.modules.dao.LvLeaveDao.selectById - <==      Total: 1
2019-11-18 15:09:20.430 [http-nio-8080-exec-7] DEBUG com.lv.adminsys.modules.dao.LvLeaveDao.selectById - ==>  Preparing: SELECT lv_id,lv_relative_phone,lv_end_time_long,lv_picture,lv_reason,lv_relative_name,lv_end_time,lv_status,lv_user_num,lv_process_instance_id,lv_create_time,lv_begin_time,lv_day,lv_relative_type FROM lv_leave WHERE lv_id=? 
2019-11-18 15:09:20.431 [http-nio-8080-exec-7] DEBUG com.lv.adminsys.modules.dao.LvLeaveDao.selectById - ==> Parameters: 1573978003(String)
2019-11-18 15:09:20.433 [http-nio-8080-exec-7] DEBUG com.lv.adminsys.modules.dao.LvLeaveDao.selectById - <==      Total: 1
2019-11-18 15:09:20.438 [http-nio-8080-exec-7] DEBUG com.lv.adminsys.modules.dao.LvLeaveDao.selectById - ==>  Preparing: SELECT lv_id,lv_relative_phone,lv_end_time_long,lv_picture,lv_reason,lv_relative_name,lv_end_time,lv_status,lv_user_num,lv_process_instance_id,lv_create_time,lv_begin_time,lv_day,lv_relative_type FROM lv_leave WHERE lv_id=? 
2019-11-18 15:09:20.438 [http-nio-8080-exec-7] DEBUG com.lv.adminsys.modules.dao.LvLeaveDao.selectById - ==> Parameters: 1573978615(String)
2019-11-18 15:09:20.440 [http-nio-8080-exec-7] DEBUG com.lv.adminsys.modules.dao.LvLeaveDao.selectById - <==      Total: 1
2019-11-18 15:09:20.444 [http-nio-8080-exec-7] DEBUG com.lv.adminsys.modules.dao.LvLeaveDao.selectById - ==>  Preparing: SELECT lv_id,lv_relative_phone,lv_end_time_long,lv_picture,lv_reason,lv_relative_name,lv_end_time,lv_status,lv_user_num,lv_process_instance_id,lv_create_time,lv_begin_time,lv_day,lv_relative_type FROM lv_leave WHERE lv_id=? 
2019-11-18 15:09:20.444 [http-nio-8080-exec-7] DEBUG com.lv.adminsys.modules.dao.LvLeaveDao.selectById - ==> Parameters: 1574054878(String)
2019-11-18 15:09:20.452 [http-nio-8080-exec-7] DEBUG com.lv.adminsys.modules.dao.LvLeaveDao.selectById - <==      Total: 1
2019-11-18 15:10:43.494 [http-nio-8080-exec-10] DEBUG com.lv.adminsys.modules.dao.LvLeaveDao.selectOne - ==>  Preparing: SELECT lv_id,lv_relative_phone,lv_end_time_long,lv_picture,lv_reason,lv_relative_name,lv_end_time,lv_status,lv_user_num,lv_process_instance_id,lv_create_time,lv_begin_time,lv_day,lv_relative_type FROM lv_leave WHERE (lv_id = ?) 
2019-11-18 15:10:43.495 [http-nio-8080-exec-10] DEBUG com.lv.adminsys.modules.dao.LvLeaveDao.selectOne - ==> Parameters: 1574056829(String)
2019-11-18 15:10:43.498 [http-nio-8080-exec-10] DEBUG com.lv.adminsys.modules.dao.LvLeaveDao.selectOne - <==      Total: 1
2019-11-18 15:10:43.500 [http-nio-8080-exec-10] DEBUG c.lv.adminsys.modules.dao.LvTeacherDao.selectList - ==>  Preparing: SELECT lv_teacher_id,lv_teacher_phone,lv_role,lv_teacher_work_time,lv_teacher_num,lv_teacher_create_time,lv_teacher_location,lv_teacher_password,lv_teacher_name FROM lv_teacher WHERE (lv_role = ?) 
2019-11-18 15:10:43.500 [http-nio-8080-exec-10] DEBUG c.lv.adminsys.modules.dao.LvTeacherDao.selectList - ==> Parameters: 3(Integer)
2019-11-18 15:10:43.502 [http-nio-8080-exec-10] DEBUG c.lv.adminsys.modules.dao.LvTeacherDao.selectList - <==      Total: 2
2019-11-18 15:10:58.616 [http-nio-8080-exec-2] DEBUG com.lv.adminsys.modules.dao.LvLeaveDao.selectById - ==>  Preparing: SELECT lv_id,lv_relative_phone,lv_end_time_long,lv_picture,lv_reason,lv_relative_name,lv_end_time,lv_status,lv_user_num,lv_process_instance_id,lv_create_time,lv_begin_time,lv_day,lv_relative_type FROM lv_leave WHERE lv_id=? 
2019-11-18 15:10:58.623 [http-nio-8080-exec-2] DEBUG com.lv.adminsys.modules.dao.LvLeaveDao.selectById - ==> Parameters: 1573978236(String)
2019-11-18 15:10:58.627 [http-nio-8080-exec-2] DEBUG com.lv.adminsys.modules.dao.LvLeaveDao.selectById - <==      Total: 1
2019-11-18 15:10:58.636 [http-nio-8080-exec-2] DEBUG com.lv.adminsys.modules.dao.LvLeaveDao.selectById - ==>  Preparing: SELECT lv_id,lv_relative_phone,lv_end_time_long,lv_picture,lv_reason,lv_relative_name,lv_end_time,lv_status,lv_user_num,lv_process_instance_id,lv_create_time,lv_begin_time,lv_day,lv_relative_type FROM lv_leave WHERE lv_id=? 
2019-11-18 15:10:58.637 [http-nio-8080-exec-2] DEBUG com.lv.adminsys.modules.dao.LvLeaveDao.selectById - ==> Parameters: 1573889373(String)
2019-11-18 15:10:58.647 [http-nio-8080-exec-2] DEBUG com.lv.adminsys.modules.dao.LvLeaveDao.selectById - <==      Total: 1
2019-11-18 15:12:04.179 [http-nio-8080-exec-6] DEBUG com.lv.adminsys.modules.dao.LvLeaveDao.selectOne - ==>  Preparing: SELECT lv_id,lv_relative_phone,lv_end_time_long,lv_picture,lv_reason,lv_relative_name,lv_end_time,lv_status,lv_user_num,lv_process_instance_id,lv_create_time,lv_begin_time,lv_day,lv_relative_type FROM lv_leave WHERE (lv_id = ?) 
2019-11-18 15:12:04.180 [http-nio-8080-exec-6] DEBUG com.lv.adminsys.modules.dao.LvLeaveDao.selectOne - ==> Parameters: 1574056829(String)
2019-11-18 15:12:04.187 [http-nio-8080-exec-6] DEBUG com.lv.adminsys.modules.dao.LvLeaveDao.selectOne - <==      Total: 1
2019-11-18 15:12:04.197 [http-nio-8080-exec-6] DEBUG com.lv.adminsys.modules.dao.LvTeacherDao.selectOne - ==>  Preparing: SELECT lv_teacher_id,lv_teacher_phone,lv_role,lv_teacher_work_time,lv_teacher_num,lv_teacher_create_time,lv_teacher_location,lv_teacher_password,lv_teacher_name FROM lv_teacher WHERE (lv_teacher_num = ?) 
2019-11-18 15:12:04.199 [http-nio-8080-exec-6] DEBUG com.lv.adminsys.modules.dao.LvTeacherDao.selectOne - ==> Parameters: 12345678(String)
2019-11-18 15:12:04.201 [http-nio-8080-exec-6] DEBUG com.lv.adminsys.modules.dao.LvTeacherDao.selectOne - <==      Total: 1
2019-11-18 15:12:04.210 [http-nio-8080-exec-6] DEBUG com.lv.adminsys.modules.dao.LvTeacherDao.selectOne - ==>  Preparing: SELECT lv_teacher_id,lv_teacher_phone,lv_role,lv_teacher_work_time,lv_teacher_num,lv_teacher_create_time,lv_teacher_location,lv_teacher_password,lv_teacher_name FROM lv_teacher WHERE (lv_teacher_num = ?) 
2019-11-18 15:12:04.210 [http-nio-8080-exec-6] DEBUG com.lv.adminsys.modules.dao.LvTeacherDao.selectOne - ==> Parameters: null
2019-11-18 15:12:04.211 [http-nio-8080-exec-6] DEBUG com.lv.adminsys.modules.dao.LvTeacherDao.selectOne - <==      Total: 0
2019-11-18 15:12:04.216 [http-nio-8080-exec-6] DEBUG c.lv.adminsys.modules.dao.LvTeacherDao.selectList - ==>  Preparing: SELECT lv_teacher_id,lv_teacher_phone,lv_role,lv_teacher_work_time,lv_teacher_num,lv_teacher_create_time,lv_teacher_location,lv_teacher_password,lv_teacher_name FROM lv_teacher WHERE (lv_role = ?) 
2019-11-18 15:12:04.217 [http-nio-8080-exec-6] DEBUG c.lv.adminsys.modules.dao.LvTeacherDao.selectList - ==> Parameters: 3(Integer)
2019-11-18 15:12:04.221 [http-nio-8080-exec-6] DEBUG c.lv.adminsys.modules.dao.LvTeacherDao.selectList - <==      Total: 2
2019-11-18 15:13:14.769 [http-nio-8080-exec-9] DEBUG com.lv.adminsys.modules.dao.LvLeaveDao.selectById - ==>  Preparing: SELECT lv_id,lv_relative_phone,lv_end_time_long,lv_picture,lv_reason,lv_relative_name,lv_end_time,lv_status,lv_user_num,lv_process_instance_id,lv_create_time,lv_begin_time,lv_day,lv_relative_type FROM lv_leave WHERE lv_id=? 
2019-11-18 15:13:14.770 [http-nio-8080-exec-9] DEBUG com.lv.adminsys.modules.dao.LvLeaveDao.selectById - ==> Parameters: 1574056829(String)
2019-11-18 15:13:14.778 [http-nio-8080-exec-9] DEBUG com.lv.adminsys.modules.dao.LvLeaveDao.selectById - <==      Total: 1
2019-11-18 15:13:14.786 [http-nio-8080-exec-9] DEBUG com.lv.adminsys.modules.dao.LvLeaveDao.selectById - ==>  Preparing: SELECT lv_id,lv_relative_phone,lv_end_time_long,lv_picture,lv_reason,lv_relative_name,lv_end_time,lv_status,lv_user_num,lv_process_instance_id,lv_create_time,lv_begin_time,lv_day,lv_relative_type FROM lv_leave WHERE lv_id=? 
2019-11-18 15:13:14.786 [http-nio-8080-exec-9] DEBUG com.lv.adminsys.modules.dao.LvLeaveDao.selectById - ==> Parameters: 1573976880(String)
2019-11-18 15:13:14.788 [http-nio-8080-exec-9] DEBUG com.lv.adminsys.modules.dao.LvLeaveDao.selectById - <==      Total: 1
2019-11-18 15:13:36.077 [http-nio-8080-exec-8] DEBUG com.lv.adminsys.modules.dao.LvLeaveDao.selectOne - ==>  Preparing: SELECT lv_id,lv_relative_phone,lv_end_time_long,lv_picture,lv_reason,lv_relative_name,lv_end_time,lv_status,lv_user_num,lv_process_instance_id,lv_create_time,lv_begin_time,lv_day,lv_relative_type FROM lv_leave WHERE (lv_id = ?) 
2019-11-18 15:13:36.077 [http-nio-8080-exec-8] DEBUG com.lv.adminsys.modules.dao.LvLeaveDao.selectOne - ==> Parameters: 1574056829(String)
2019-11-18 15:13:36.082 [http-nio-8080-exec-8] DEBUG com.lv.adminsys.modules.dao.LvLeaveDao.selectOne - <==      Total: 1
2019-11-18 15:13:36.090 [http-nio-8080-exec-8] DEBUG com.lv.adminsys.modules.dao.LvLeaveDao.updateById - ==>  Preparing: UPDATE lv_leave SET lv_relative_phone=?, lv_end_time_long=?, lv_reason=?, lv_relative_name=?, lv_end_time=?, lv_status=?, lv_user_num=?, lv_process_instance_id=?, lv_create_time=?, lv_begin_time=?, lv_day=?, lv_relative_type=? WHERE lv_id=? 
2019-11-18 15:13:36.091 [http-nio-8080-exec-8] DEBUG com.lv.adminsys.modules.dao.LvLeaveDao.updateById - ==> Parameters: 15383466853(String), 1574672810(String), 比赛(String), 你猜(String), 2019-11-25 17:06:50(String), pass(String), 1713011332(String), 112509(String), 2019-11-16(String), 2019-11-16 17:06:50(String), 1.0(Float), 父亲(String), 1574056829(String)
2019-11-18 15:13:36.093 [http-nio-8080-exec-8] DEBUG com.lv.adminsys.modules.dao.LvLeaveDao.updateById - <==    Updates: 1
2019-11-18 15:13:39.650 [http-nio-8080-exec-2] DEBUG com.lv.adminsys.modules.dao.LvLeaveDao.selectOne - ==>  Preparing: SELECT lv_id,lv_relative_phone,lv_end_time_long,lv_picture,lv_reason,lv_relative_name,lv_end_time,lv_status,lv_user_num,lv_process_instance_id,lv_create_time,lv_begin_time,lv_day,lv_relative_type FROM lv_leave WHERE (lv_id = ?) 
2019-11-18 15:13:39.652 [http-nio-8080-exec-2] DEBUG com.lv.adminsys.modules.dao.LvLeaveDao.selectOne - ==> Parameters: 1574056829(String)
2019-11-18 15:13:39.654 [http-nio-8080-exec-2] DEBUG com.lv.adminsys.modules.dao.LvLeaveDao.selectOne - <==      Total: 1
2019-11-18 15:13:39.671 [http-nio-8080-exec-2] DEBUG com.lv.adminsys.modules.dao.LvTeacherDao.selectOne - ==>  Preparing: SELECT lv_teacher_id,lv_teacher_phone,lv_role,lv_teacher_work_time,lv_teacher_num,lv_teacher_create_time,lv_teacher_location,lv_teacher_password,lv_teacher_name FROM lv_teacher WHERE (lv_teacher_num = ?) 
2019-11-18 15:13:39.673 [http-nio-8080-exec-2] DEBUG com.lv.adminsys.modules.dao.LvTeacherDao.selectOne - ==> Parameters: 12345678(String)
2019-11-18 15:13:39.676 [http-nio-8080-exec-2] DEBUG com.lv.adminsys.modules.dao.LvTeacherDao.selectOne - <==      Total: 1
2019-11-18 15:13:39.685 [http-nio-8080-exec-2] DEBUG com.lv.adminsys.modules.dao.LvTeacherDao.selectOne - ==>  Preparing: SELECT lv_teacher_id,lv_teacher_phone,lv_role,lv_teacher_work_time,lv_teacher_num,lv_teacher_create_time,lv_teacher_location,lv_teacher_password,lv_teacher_name FROM lv_teacher WHERE (lv_teacher_num = ?) 
2019-11-18 15:13:39.689 [http-nio-8080-exec-2] DEBUG com.lv.adminsys.modules.dao.LvTeacherDao.selectOne - ==> Parameters: 123456(String)
2019-11-18 15:13:39.690 [http-nio-8080-exec-2] DEBUG com.lv.adminsys.modules.dao.LvTeacherDao.selectOne - <==      Total: 1
2019-11-18 15:14:49.090 [http-nio-8080-exec-6] DEBUG com.lv.adminsys.modules.dao.LvLeaveDao.selectById - ==>  Preparing: SELECT lv_id,lv_relative_phone,lv_end_time_long,lv_picture,lv_reason,lv_relative_name,lv_end_time,lv_status,lv_user_num,lv_process_instance_id,lv_create_time,lv_begin_time,lv_day,lv_relative_type FROM lv_leave WHERE lv_id=? 
2019-11-18 15:14:49.091 [http-nio-8080-exec-6] DEBUG com.lv.adminsys.modules.dao.LvLeaveDao.selectById - ==> Parameters: 1574056837(String)
2019-11-18 15:14:49.101 [http-nio-8080-exec-6] DEBUG com.lv.adminsys.modules.dao.LvLeaveDao.selectById - <==      Total: 1
2019-11-18 15:14:49.109 [http-nio-8080-exec-6] DEBUG com.lv.adminsys.modules.dao.LvLeaveDao.selectById - ==>  Preparing: SELECT lv_id,lv_relative_phone,lv_end_time_long,lv_picture,lv_reason,lv_relative_name,lv_end_time,lv_status,lv_user_num,lv_process_instance_id,lv_create_time,lv_begin_time,lv_day,lv_relative_type FROM lv_leave WHERE lv_id=? 
2019-11-18 15:14:49.110 [http-nio-8080-exec-6] DEBUG com.lv.adminsys.modules.dao.LvLeaveDao.selectById - ==> Parameters: 1573978003(String)
2019-11-18 15:14:49.111 [http-nio-8080-exec-6] DEBUG com.lv.adminsys.modules.dao.LvLeaveDao.selectById - <==      Total: 1
2019-11-18 15:14:49.114 [http-nio-8080-exec-6] DEBUG com.lv.adminsys.modules.dao.LvLeaveDao.selectById - ==>  Preparing: SELECT lv_id,lv_relative_phone,lv_end_time_long,lv_picture,lv_reason,lv_relative_name,lv_end_time,lv_status,lv_user_num,lv_process_instance_id,lv_create_time,lv_begin_time,lv_day,lv_relative_type FROM lv_leave WHERE lv_id=? 
2019-11-18 15:14:49.114 [http-nio-8080-exec-6] DEBUG com.lv.adminsys.modules.dao.LvLeaveDao.selectById - ==> Parameters: 1573978615(String)
2019-11-18 15:14:49.115 [http-nio-8080-exec-6] DEBUG com.lv.adminsys.modules.dao.LvLeaveDao.selectById - <==      Total: 1
2019-11-18 15:14:49.119 [http-nio-8080-exec-6] DEBUG com.lv.adminsys.modules.dao.LvLeaveDao.selectById - ==>  Preparing: SELECT lv_id,lv_relative_phone,lv_end_time_long,lv_picture,lv_reason,lv_relative_name,lv_end_time,lv_status,lv_user_num,lv_process_instance_id,lv_create_time,lv_begin_time,lv_day,lv_relative_type FROM lv_leave WHERE lv_id=? 
2019-11-18 15:14:49.126 [http-nio-8080-exec-6] DEBUG com.lv.adminsys.modules.dao.LvLeaveDao.selectById - ==> Parameters: 1574054878(String)
2019-11-18 15:14:49.129 [http-nio-8080-exec-6] DEBUG com.lv.adminsys.modules.dao.LvLeaveDao.selectById - <==      Total: 1
2019-11-18 15:15:13.738 [http-nio-8080-exec-7] DEBUG com.lv.adminsys.modules.dao.LvLeaveDao.selectOne - ==>  Preparing: SELECT lv_id,lv_relative_phone,lv_end_time_long,lv_picture,lv_reason,lv_relative_name,lv_end_time,lv_status,lv_user_num,lv_process_instance_id,lv_create_time,lv_begin_time,lv_day,lv_relative_type FROM lv_leave WHERE (lv_id = ?) 
2019-11-18 15:15:13.738 [http-nio-8080-exec-7] DEBUG com.lv.adminsys.modules.dao.LvLeaveDao.selectOne - ==> Parameters: 1574056837(String)
2019-11-18 15:15:13.740 [http-nio-8080-exec-7] DEBUG com.lv.adminsys.modules.dao.LvLeaveDao.selectOne - <==      Total: 1
2019-11-18 15:15:13.742 [http-nio-8080-exec-7] DEBUG c.lv.adminsys.modules.dao.LvTeacherDao.selectList - ==>  Preparing: SELECT lv_teacher_id,lv_teacher_phone,lv_role,lv_teacher_work_time,lv_teacher_num,lv_teacher_create_time,lv_teacher_location,lv_teacher_password,lv_teacher_name FROM lv_teacher WHERE (lv_role = ?) 
2019-11-18 15:15:13.742 [http-nio-8080-exec-7] DEBUG c.lv.adminsys.modules.dao.LvTeacherDao.selectList - ==> Parameters: 3(Integer)
2019-11-18 15:15:13.743 [http-nio-8080-exec-7] DEBUG c.lv.adminsys.modules.dao.LvTeacherDao.selectList - <==      Total: 2
2019-11-18 15:15:22.986 [http-nio-8080-exec-10] DEBUG com.lv.adminsys.modules.dao.LvLeaveDao.selectById - ==>  Preparing: SELECT lv_id,lv_relative_phone,lv_end_time_long,lv_picture,lv_reason,lv_relative_name,lv_end_time,lv_status,lv_user_num,lv_process_instance_id,lv_create_time,lv_begin_time,lv_day,lv_relative_type FROM lv_leave WHERE lv_id=? 
2019-11-18 15:15:22.992 [http-nio-8080-exec-10] DEBUG com.lv.adminsys.modules.dao.LvLeaveDao.selectById - ==> Parameters: 1574056837(String)
2019-11-18 15:15:22.993 [http-nio-8080-exec-10] DEBUG com.lv.adminsys.modules.dao.LvLeaveDao.selectById - <==      Total: 1
2019-11-18 15:15:22.998 [http-nio-8080-exec-10] DEBUG com.lv.adminsys.modules.dao.LvLeaveDao.selectById - ==>  Preparing: SELECT lv_id,lv_relative_phone,lv_end_time_long,lv_picture,lv_reason,lv_relative_name,lv_end_time,lv_status,lv_user_num,lv_process_instance_id,lv_create_time,lv_begin_time,lv_day,lv_relative_type FROM lv_leave WHERE lv_id=? 
2019-11-18 15:15:22.998 [http-nio-8080-exec-10] DEBUG com.lv.adminsys.modules.dao.LvLeaveDao.selectById - ==> Parameters: 1573976880(String)
2019-11-18 15:15:23.000 [http-nio-8080-exec-10] DEBUG com.lv.adminsys.modules.dao.LvLeaveDao.selectById - <==      Total: 1
2019-11-18 15:15:56.786 [http-nio-8080-exec-8] DEBUG com.lv.adminsys.modules.dao.LvLeaveDao.selectOne - ==>  Preparing: SELECT lv_id,lv_relative_phone,lv_end_time_long,lv_picture,lv_reason,lv_relative_name,lv_end_time,lv_status,lv_user_num,lv_process_instance_id,lv_create_time,lv_begin_time,lv_day,lv_relative_type FROM lv_leave WHERE (lv_id = ?) 
2019-11-18 15:15:56.788 [http-nio-8080-exec-8] DEBUG com.lv.adminsys.modules.dao.LvLeaveDao.selectOne - ==> Parameters: 1574056837(String)
2019-11-18 15:15:56.795 [http-nio-8080-exec-8] DEBUG com.lv.adminsys.modules.dao.LvLeaveDao.selectOne - <==      Total: 1
2019-11-18 15:15:56.799 [http-nio-8080-exec-8] DEBUG com.lv.adminsys.modules.dao.LvLeaveDao.updateById - ==>  Preparing: UPDATE lv_leave SET lv_relative_phone=?, lv_end_time_long=?, lv_reason=?, lv_relative_name=?, lv_end_time=?, lv_status=?, lv_user_num=?, lv_process_instance_id=?, lv_create_time=?, lv_begin_time=?, lv_day=?, lv_relative_type=? WHERE lv_id=? 
2019-11-18 15:15:56.799 [http-nio-8080-exec-8] DEBUG com.lv.adminsys.modules.dao.LvLeaveDao.updateById - ==> Parameters: 15383466853(String), 1574672810(String), 比赛(String), 你猜(String), 2019-11-25 17:06:50(String), reject(String), 1713011332(String), 112517(String), 2019-11-16(String), 2019-11-16 17:06:50(String), 4.0(Float), 父亲(String), 1574056837(String)
2019-11-18 15:15:56.801 [http-nio-8080-exec-8] DEBUG com.lv.adminsys.modules.dao.LvLeaveDao.updateById - <==    Updates: 1
2019-11-18 15:16:13.249 [http-nio-8080-exec-1] DEBUG com.lv.adminsys.modules.dao.LvLeaveDao.selectOne - ==>  Preparing: SELECT lv_id,lv_relative_phone,lv_end_time_long,lv_picture,lv_reason,lv_relative_name,lv_end_time,lv_status,lv_user_num,lv_process_instance_id,lv_create_time,lv_begin_time,lv_day,lv_relative_type FROM lv_leave WHERE (lv_id = ?) 
2019-11-18 15:16:13.250 [http-nio-8080-exec-1] DEBUG com.lv.adminsys.modules.dao.LvLeaveDao.selectOne - ==> Parameters: 1574056837(String)
2019-11-18 15:16:13.252 [http-nio-8080-exec-1] DEBUG com.lv.adminsys.modules.dao.LvLeaveDao.selectOne - <==      Total: 1
2019-11-18 15:16:13.265 [http-nio-8080-exec-1] DEBUG com.lv.adminsys.modules.dao.LvTeacherDao.selectOne - ==>  Preparing: SELECT lv_teacher_id,lv_teacher_phone,lv_role,lv_teacher_work_time,lv_teacher_num,lv_teacher_create_time,lv_teacher_location,lv_teacher_password,lv_teacher_name FROM lv_teacher WHERE (lv_teacher_num = ?) 
2019-11-18 15:16:13.268 [http-nio-8080-exec-1] DEBUG com.lv.adminsys.modules.dao.LvTeacherDao.selectOne - ==> Parameters: 12345678(String)
2019-11-18 15:16:13.270 [http-nio-8080-exec-1] DEBUG com.lv.adminsys.modules.dao.LvTeacherDao.selectOne - <==      Total: 1
2019-11-18 15:16:13.275 [http-nio-8080-exec-1] DEBUG com.lv.adminsys.modules.dao.LvTeacherDao.selectOne - ==>  Preparing: SELECT lv_teacher_id,lv_teacher_phone,lv_role,lv_teacher_work_time,lv_teacher_num,lv_teacher_create_time,lv_teacher_location,lv_teacher_password,lv_teacher_name FROM lv_teacher WHERE (lv_teacher_num = ?) 
2019-11-18 15:16:13.276 [http-nio-8080-exec-1] DEBUG com.lv.adminsys.modules.dao.LvTeacherDao.selectOne - ==> Parameters: 123456(String)
2019-11-18 15:16:13.278 [http-nio-8080-exec-1] DEBUG com.lv.adminsys.modules.dao.LvTeacherDao.selectOne - <==      Total: 1
2019-11-18 15:18:25.148 [http-nio-8080-exec-9] DEBUG com.lv.adminsys.modules.dao.LvLeaveDao.selectById - ==>  Preparing: SELECT lv_id,lv_relative_phone,lv_end_time_long,lv_picture,lv_reason,lv_relative_name,lv_end_time,lv_status,lv_user_num,lv_process_instance_id,lv_create_time,lv_begin_time,lv_day,lv_relative_type FROM lv_leave WHERE lv_id=? 
2019-11-18 15:18:25.148 [http-nio-8080-exec-9] DEBUG com.lv.adminsys.modules.dao.LvLeaveDao.selectById - ==> Parameters: 1573978003(String)
2019-11-18 15:18:25.149 [http-nio-8080-exec-9] DEBUG com.lv.adminsys.modules.dao.LvLeaveDao.selectById - <==      Total: 1
2019-11-18 15:18:25.158 [http-nio-8080-exec-9] DEBUG com.lv.adminsys.modules.dao.LvLeaveDao.selectById - ==>  Preparing: SELECT lv_id,lv_relative_phone,lv_end_time_long,lv_picture,lv_reason,lv_relative_name,lv_end_time,lv_status,lv_user_num,lv_process_instance_id,lv_create_time,lv_begin_time,lv_day,lv_relative_type FROM lv_leave WHERE lv_id=? 
2019-11-18 15:18:25.162 [http-nio-8080-exec-9] DEBUG com.lv.adminsys.modules.dao.LvLeaveDao.selectById - ==> Parameters: 1573978615(String)
2019-11-18 15:18:25.165 [http-nio-8080-exec-9] DEBUG com.lv.adminsys.modules.dao.LvLeaveDao.selectById - <==      Total: 1
2019-11-18 15:18:25.172 [http-nio-8080-exec-9] DEBUG com.lv.adminsys.modules.dao.LvLeaveDao.selectById - ==>  Preparing: SELECT lv_id,lv_relative_phone,lv_end_time_long,lv_picture,lv_reason,lv_relative_name,lv_end_time,lv_status,lv_user_num,lv_process_instance_id,lv_create_time,lv_begin_time,lv_day,lv_relative_type FROM lv_leave WHERE lv_id=? 
2019-11-18 15:18:25.172 [http-nio-8080-exec-9] DEBUG com.lv.adminsys.modules.dao.LvLeaveDao.selectById - ==> Parameters: 1574054878(String)
2019-11-18 15:18:25.174 [http-nio-8080-exec-9] DEBUG com.lv.adminsys.modules.dao.LvLeaveDao.selectById - <==      Total: 1
2019-11-18 15:19:05.538 [http-nio-8080-exec-10] DEBUG com.lv.adminsys.modules.dao.LvLeaveDao.selectOne - ==>  Preparing: SELECT lv_id,lv_relative_phone,lv_end_time_long,lv_picture,lv_reason,lv_relative_name,lv_end_time,lv_status,lv_user_num,lv_process_instance_id,lv_create_time,lv_begin_time,lv_day,lv_relative_type FROM lv_leave WHERE (lv_id = ?) 
2019-11-18 15:19:05.539 [http-nio-8080-exec-10] DEBUG com.lv.adminsys.modules.dao.LvLeaveDao.selectOne - ==> Parameters: 1574054878(String)
2019-11-18 15:19:05.541 [http-nio-8080-exec-10] DEBUG com.lv.adminsys.modules.dao.LvLeaveDao.selectOne - <==      Total: 1
2019-11-18 15:19:05.543 [http-nio-8080-exec-10] DEBUG com.lv.adminsys.modules.dao.LvLeaveDao.updateById - ==>  Preparing: UPDATE lv_leave SET lv_relative_phone=?, lv_end_time_long=?, lv_reason=?, lv_relative_name=?, lv_end_time=?, lv_status=?, lv_user_num=?, lv_process_instance_id=?, lv_create_time=?, lv_begin_time=?, lv_day=?, lv_relative_type=? WHERE lv_id=? 
2019-11-18 15:19:05.543 [http-nio-8080-exec-10] DEBUG com.lv.adminsys.modules.dao.LvLeaveDao.updateById - ==> Parameters: 15383466853(String), 1574068010(String), 比赛(String), 你猜(String), 2019-11-18 17:06:50(String), reject(String), 1713011331(String), 107501(String), 2019-11-16(String), 2019-11-16 17:06:50(String), 2.0(Float), 父亲(String), 1574054878(String)
2019-11-18 15:19:05.545 [http-nio-8080-exec-10] DEBUG com.lv.adminsys.modules.dao.LvLeaveDao.updateById - <==    Updates: 1
2019-11-18 15:19:18.269 [http-nio-8080-exec-8] DEBUG com.lv.adminsys.modules.dao.LvLeaveDao.selectOne - ==>  Preparing: SELECT lv_id,lv_relative_phone,lv_end_time_long,lv_picture,lv_reason,lv_relative_name,lv_end_time,lv_status,lv_user_num,lv_process_instance_id,lv_create_time,lv_begin_time,lv_day,lv_relative_type FROM lv_leave WHERE (lv_id = ?) 
2019-11-18 15:19:18.270 [http-nio-8080-exec-8] DEBUG com.lv.adminsys.modules.dao.LvLeaveDao.selectOne - ==> Parameters: 1574054878(String)
2019-11-18 15:19:18.273 [http-nio-8080-exec-8] DEBUG com.lv.adminsys.modules.dao.LvLeaveDao.selectOne - <==      Total: 1
2019-11-18 15:19:18.283 [http-nio-8080-exec-8] DEBUG com.lv.adminsys.modules.dao.LvTeacherDao.selectOne - ==>  Preparing: SELECT lv_teacher_id,lv_teacher_phone,lv_role,lv_teacher_work_time,lv_teacher_num,lv_teacher_create_time,lv_teacher_location,lv_teacher_password,lv_teacher_name FROM lv_teacher WHERE (lv_teacher_num = ?) 
2019-11-18 15:19:18.284 [http-nio-8080-exec-8] DEBUG com.lv.adminsys.modules.dao.LvTeacherDao.selectOne - ==> Parameters: 12345678(String)
2019-11-18 15:19:18.297 [http-nio-8080-exec-8] DEBUG com.lv.adminsys.modules.dao.LvTeacherDao.selectOne - <==      Total: 1
2019-11-18 18:44:17.496 [http-nio-8080-exec-2] DEBUG com.lv.adminsys.modules.dao.LvLeaveDao.selectOne - ==>  Preparing: SELECT lv_id,lv_relative_phone,lv_end_time_long,lv_picture,lv_reason,lv_relative_name,lv_end_time,lv_status,lv_user_num,lv_process_instance_id,lv_create_time,lv_begin_time,lv_day,lv_relative_type FROM lv_leave WHERE (lv_id = ?) 
2019-11-18 18:44:17.512 [http-nio-8080-exec-2] DEBUG com.lv.adminsys.modules.dao.LvLeaveDao.selectOne - ==> Parameters: 1574054878(String)
2019-11-18 18:44:17.535 [http-nio-8080-exec-2] DEBUG com.lv.adminsys.modules.dao.LvLeaveDao.selectOne - <==      Total: 1
2019-11-18 18:44:17.542 [http-nio-8080-exec-2] DEBUG com.lv.adminsys.modules.dao.LvLeaveDao.selectList - ==>  Preparing: SELECT lv_id,lv_relative_phone,lv_end_time_long,lv_picture,lv_reason,lv_relative_name,lv_end_time,lv_status,lv_user_num,lv_process_instance_id,lv_create_time,lv_begin_time,lv_day,lv_relative_type FROM lv_leave WHERE (lv_id = ?) 
2019-11-18 18:44:17.542 [http-nio-8080-exec-2] DEBUG com.lv.adminsys.modules.dao.LvLeaveDao.selectList - ==> Parameters: 1574054878(String)
2019-11-18 18:44:17.556 [http-nio-8080-exec-2] DEBUG com.lv.adminsys.modules.dao.LvLeaveDao.selectList - <==      Total: 1
2019-11-18 18:44:27.662 [http-nio-8080-exec-4] DEBUG com.lv.adminsys.modules.dao.LvLeaveDao.selectOne - ==>  Preparing: SELECT lv_id,lv_relative_phone,lv_end_time_long,lv_picture,lv_reason,lv_relative_name,lv_end_time,lv_status,lv_user_num,lv_process_instance_id,lv_create_time,lv_begin_time,lv_day,lv_relative_type FROM lv_leave WHERE (lv_id = ?) 
2019-11-18 18:44:27.667 [http-nio-8080-exec-4] DEBUG com.lv.adminsys.modules.dao.LvLeaveDao.selectOne - ==> Parameters: 1574054878(String)
2019-11-18 18:44:27.671 [http-nio-8080-exec-4] DEBUG com.lv.adminsys.modules.dao.LvLeaveDao.selectOne - <==      Total: 1
2019-11-18 18:44:27.806 [http-nio-8080-exec-4] DEBUG com.lv.adminsys.modules.dao.LvTeacherDao.selectOne - ==>  Preparing: SELECT lv_teacher_id,lv_teacher_phone,lv_role,lv_teacher_work_time,lv_teacher_num,lv_teacher_create_time,lv_teacher_location,lv_teacher_password,lv_teacher_name FROM lv_teacher WHERE (lv_teacher_num = ?) 
2019-11-18 18:44:27.809 [http-nio-8080-exec-4] DEBUG com.lv.adminsys.modules.dao.LvTeacherDao.selectOne - ==> Parameters: 12345678(String)
2019-11-18 18:44:27.819 [http-nio-8080-exec-4] DEBUG com.lv.adminsys.modules.dao.LvTeacherDao.selectOne - <==      Total: 1
2019-11-18 18:44:42.625 [http-nio-8080-exec-5] DEBUG com.lv.adminsys.modules.dao.LvLeaveDao.selectOne - ==>  Preparing: SELECT lv_id,lv_relative_phone,lv_end_time_long,lv_picture,lv_reason,lv_relative_name,lv_end_time,lv_status,lv_user_num,lv_process_instance_id,lv_create_time,lv_begin_time,lv_day,lv_relative_type FROM lv_leave WHERE (lv_id = ?) 
2019-11-18 18:44:42.626 [http-nio-8080-exec-5] DEBUG com.lv.adminsys.modules.dao.LvLeaveDao.selectOne - ==> Parameters: 1574054878(String)
2019-11-18 18:44:42.637 [http-nio-8080-exec-5] DEBUG com.lv.adminsys.modules.dao.LvLeaveDao.selectOne - <==      Total: 1
2019-11-18 18:44:42.649 [http-nio-8080-exec-5] DEBUG com.lv.adminsys.modules.dao.LvLeaveDao.selectList - ==>  Preparing: SELECT lv_id,lv_relative_phone,lv_end_time_long,lv_picture,lv_reason,lv_relative_name,lv_end_time,lv_status,lv_user_num,lv_process_instance_id,lv_create_time,lv_begin_time,lv_day,lv_relative_type FROM lv_leave WHERE (lv_id = ?) 
2019-11-18 18:44:42.659 [http-nio-8080-exec-5] DEBUG com.lv.adminsys.modules.dao.LvLeaveDao.selectList - ==> Parameters: 1574054878(String)
2019-11-18 18:44:42.662 [http-nio-8080-exec-5] DEBUG com.lv.adminsys.modules.dao.LvLeaveDao.selectList - <==      Total: 1
