2019-11-22 13:48:13.162 [main] DEBUG c.l.a.modules.dao.LvUserDao.findUseMsgByUserNum - ==>  Preparing: select u.*,r.*,p.* from lv_user u INNER JOIN lv_roles r on u.lv_role = r.rid INNER JOIN lv_role_permission pr on pr.lv_rid = r.rid INNER JOIN lv_permission p on p.pid = pr.lv_pid where u.lv_user_num = ? 
2019-11-22 13:48:13.189 [main] DEBUG c.l.a.modules.dao.LvUserDao.findUseMsgByUserNum - ==> Parameters: 1713011332(String)
2019-11-22 13:48:13.211 [main] DEBUG c.l.a.modules.dao.LvUserDao.findUseMsgByUserNum - <==      Total: 1
2019-11-22 13:50:01.516 [main] DEBUG c.l.a.modules.dao.LvUserDao.findUseMsgByUserNum - ==>  Preparing: select u.*,r.*,p.* from lv_user u INNER JOIN lv_roles r on u.lv_role = r.rid INNER JOIN lv_role_permission pr on pr.lv_rid = r.rid INNER JOIN lv_permission p on p.pid = pr.lv_pid where u.lv_user_num = ? 
2019-11-22 13:50:01.527 [main] DEBUG c.l.a.modules.dao.LvUserDao.findUseMsgByUserNum - ==> Parameters: 1713011332(String)
2019-11-22 13:50:01.540 [main] DEBUG c.l.a.modules.dao.LvUserDao.findUseMsgByUserNum - <==      Total: 1
2019-11-22 13:51:03.815 [main] DEBUG c.l.a.modules.dao.LvUserDao.findUseMsgByUserNum - ==>  Preparing: select u.*,r.*,p.* from lv_user u INNER JOIN lv_roles r on u.lv_role = r.rid INNER JOIN lv_role_permission pr on pr.lv_rid = r.rid INNER JOIN lv_permission p on p.pid = pr.lv_pid where u.lv_user_num = ? 
2019-11-22 13:51:03.828 [main] DEBUG c.l.a.modules.dao.LvUserDao.findUseMsgByUserNum - ==> Parameters: 1713011332(String)
2019-11-22 13:51:03.843 [main] DEBUG c.l.a.modules.dao.LvUserDao.findUseMsgByUserNum - <==      Total: 1
2019-11-22 14:06:39.467 [http-nio-8080-exec-4] DEBUG com.lv.adminsys.modules.dao.LvUserDao.selectOne - ==>  Preparing: SELECT lv_user_id,lv_role,lv_teacher_num,lv_user_phone,lv_user_password,lv_user_create_time,lv_user_name,lv_user_num FROM lv_user WHERE (lv_user_num = ? AND lv_user_password = ?) 
2019-11-22 14:06:39.507 [http-nio-8080-exec-4] DEBUG com.lv.adminsys.modules.dao.LvUserDao.selectOne - ==> Parameters: 1713011332(String), 2b9cdebb444dbb2fe8380860104f0573(String)
2019-11-22 14:06:39.528 [http-nio-8080-exec-4] DEBUG com.lv.adminsys.modules.dao.LvUserDao.selectOne - <==      Total: 1
2019-11-22 14:07:43.937 [http-nio-8080-exec-6] DEBUG c.l.a.modules.dao.LvUserDao.findUseMsgByUserNum - ==>  Preparing: select u.*,r.*,p.* from lv_user u INNER JOIN lv_roles r on u.lv_role = r.rid INNER JOIN lv_role_permission pr on pr.lv_rid = r.rid INNER JOIN lv_permission p on p.pid = pr.lv_pid where u.lv_user_num = ? 
2019-11-22 14:07:43.939 [http-nio-8080-exec-6] DEBUG c.l.a.modules.dao.LvUserDao.findUseMsgByUserNum - ==> Parameters: memo(String)
2019-11-22 14:07:43.945 [http-nio-8080-exec-6] DEBUG c.l.a.modules.dao.LvUserDao.findUseMsgByUserNum - <==      Total: 0
2019-11-22 14:07:59.864 [http-nio-8080-exec-7] DEBUG c.l.a.modules.dao.LvUserDao.findUseMsgByUserNum - ==>  Preparing: select u.*,r.*,p.* from lv_user u INNER JOIN lv_roles r on u.lv_role = r.rid INNER JOIN lv_role_permission pr on pr.lv_rid = r.rid INNER JOIN lv_permission p on p.pid = pr.lv_pid where u.lv_user_num = ? 
2019-11-22 14:07:59.865 [http-nio-8080-exec-7] DEBUG c.l.a.modules.dao.LvUserDao.findUseMsgByUserNum - ==> Parameters: memo(String)
2019-11-22 14:07:59.867 [http-nio-8080-exec-7] DEBUG c.l.a.modules.dao.LvUserDao.findUseMsgByUserNum - <==      Total: 0
2019-11-22 14:09:09.841 [http-nio-8080-exec-1] DEBUG c.l.a.modules.dao.LvUserDao.findUseMsgByUserNum - ==>  Preparing: select u.*,r.*,p.* from lv_user u INNER JOIN lv_roles r on u.lv_role = r.rid INNER JOIN lv_role_permission pr on pr.lv_rid = r.rid INNER JOIN lv_permission p on p.pid = pr.lv_pid where u.lv_user_num = ? 
2019-11-22 14:09:09.842 [http-nio-8080-exec-1] DEBUG c.l.a.modules.dao.LvUserDao.findUseMsgByUserNum - ==> Parameters: memo(String)
2019-11-22 14:09:09.844 [http-nio-8080-exec-1] DEBUG c.l.a.modules.dao.LvUserDao.findUseMsgByUserNum - <==      Total: 0
2019-11-22 14:11:31.555 [http-nio-8080-exec-1] DEBUG c.l.a.modules.dao.LvUserDao.findUseMsgByUserNum - ==>  Preparing: select u.*,r.*,p.* from lv_user u INNER JOIN lv_roles r on u.lv_role = r.rid INNER JOIN lv_role_permission pr on pr.lv_rid = r.rid INNER JOIN lv_permission p on p.pid = pr.lv_pid where u.lv_user_num = ? 
2019-11-22 14:11:31.602 [http-nio-8080-exec-1] DEBUG c.l.a.modules.dao.LvUserDao.findUseMsgByUserNum - ==> Parameters: memo(String)
2019-11-22 14:11:31.638 [http-nio-8080-exec-1] DEBUG c.l.a.modules.dao.LvUserDao.findUseMsgByUserNum - <==      Total: 0
2019-11-22 14:16:02.909 [http-nio-8080-exec-3] DEBUG c.l.a.modules.dao.LvUserDao.findUseMsgByUserNum - ==>  Preparing: select u.*,r.*,p.* from lv_user u INNER JOIN lv_roles r on u.lv_role = r.rid INNER JOIN lv_role_permission pr on pr.lv_rid = r.rid INNER JOIN lv_permission p on p.pid = pr.lv_pid where u.lv_user_num = ? 
2019-11-22 14:16:02.941 [http-nio-8080-exec-3] DEBUG c.l.a.modules.dao.LvUserDao.findUseMsgByUserNum - ==> Parameters: memo(String)
2019-11-22 14:16:02.969 [http-nio-8080-exec-3] DEBUG c.l.a.modules.dao.LvUserDao.findUseMsgByUserNum - <==      Total: 0
2019-11-22 14:19:32.072 [http-nio-8080-exec-2] DEBUG com.lv.adminsys.modules.dao.LvUserDao.selectOne - ==>  Preparing: SELECT lv_user_id,lv_role,lv_teacher_num,lv_user_phone,lv_user_password,lv_user_create_time,lv_user_name,lv_user_num FROM lv_user WHERE (lv_user_num = ? AND lv_user_password = ?) 
2019-11-22 14:19:32.106 [http-nio-8080-exec-2] DEBUG com.lv.adminsys.modules.dao.LvUserDao.selectOne - ==> Parameters: 1713011332(String), 2b9cdebb444dbb2fe8380860104f0573(String)
2019-11-22 14:19:32.130 [http-nio-8080-exec-2] DEBUG com.lv.adminsys.modules.dao.LvUserDao.selectOne - <==      Total: 1
2019-11-22 14:19:50.261 [http-nio-8080-exec-3] DEBUG c.l.a.modules.dao.LvUserDao.findUseMsgByUserNum - ==>  Preparing: select u.*,r.*,p.* from lv_user u INNER JOIN lv_roles r on u.lv_role = r.rid INNER JOIN lv_role_permission pr on pr.lv_rid = r.rid INNER JOIN lv_permission p on p.pid = pr.lv_pid where u.lv_user_num = ? 
2019-11-22 14:19:50.262 [http-nio-8080-exec-3] DEBUG c.l.a.modules.dao.LvUserDao.findUseMsgByUserNum - ==> Parameters: 1713011332(String)
2019-11-22 14:19:50.280 [http-nio-8080-exec-3] DEBUG c.l.a.modules.dao.LvUserDao.findUseMsgByUserNum - <==      Total: 1
2019-11-22 14:19:57.306 [http-nio-8080-exec-4] DEBUG c.l.a.modules.dao.LvUserDao.findUseMsgByUserNum - ==>  Preparing: select u.*,r.*,p.* from lv_user u INNER JOIN lv_roles r on u.lv_role = r.rid INNER JOIN lv_role_permission pr on pr.lv_rid = r.rid INNER JOIN lv_permission p on p.pid = pr.lv_pid where u.lv_user_num = ? 
2019-11-22 14:19:57.306 [http-nio-8080-exec-4] DEBUG c.l.a.modules.dao.LvUserDao.findUseMsgByUserNum - ==> Parameters: 1713011332(String)
2019-11-22 14:19:57.310 [http-nio-8080-exec-4] DEBUG c.l.a.modules.dao.LvUserDao.findUseMsgByUserNum - <==      Total: 1
2019-11-22 14:21:16.140 [http-nio-8080-exec-1] DEBUG c.l.a.modules.dao.LvUserDao.findUseMsgByUserNum - ==>  Preparing: select u.*,r.*,p.* from lv_user u INNER JOIN lv_roles r on u.lv_role = r.rid INNER JOIN lv_role_permission pr on pr.lv_rid = r.rid INNER JOIN lv_permission p on p.pid = pr.lv_pid where u.lv_user_num = ? 
2019-11-22 14:21:16.193 [http-nio-8080-exec-1] DEBUG c.l.a.modules.dao.LvUserDao.findUseMsgByUserNum - ==> Parameters: 1713011332(String)
2019-11-22 14:21:16.238 [http-nio-8080-exec-1] DEBUG c.l.a.modules.dao.LvUserDao.findUseMsgByUserNum - <==      Total: 1
2019-11-22 14:21:33.470 [http-nio-8080-exec-3] DEBUG c.l.a.modules.dao.LvUserDao.findUseMsgByUserNum - ==>  Preparing: select u.*,r.*,p.* from lv_user u INNER JOIN lv_roles r on u.lv_role = r.rid INNER JOIN lv_role_permission pr on pr.lv_rid = r.rid INNER JOIN lv_permission p on p.pid = pr.lv_pid where u.lv_user_num = ? 
2019-11-22 14:21:33.471 [http-nio-8080-exec-3] DEBUG c.l.a.modules.dao.LvUserDao.findUseMsgByUserNum - ==> Parameters: 1713011332(String)
2019-11-22 14:21:33.475 [http-nio-8080-exec-3] DEBUG c.l.a.modules.dao.LvUserDao.findUseMsgByUserNum - <==      Total: 1
2019-11-22 14:28:04.310 [http-nio-8080-exec-6] DEBUG c.l.a.modules.dao.LvUserDao.findUseMsgByUserNum - ==>  Preparing: select u.*,r.*,p.* from lv_user u INNER JOIN lv_roles r on u.lv_role = r.rid INNER JOIN lv_role_permission pr on pr.lv_rid = r.rid INNER JOIN lv_permission p on p.pid = pr.lv_pid where u.lv_user_num = ? 
2019-11-22 14:28:04.345 [http-nio-8080-exec-6] DEBUG c.l.a.modules.dao.LvUserDao.findUseMsgByUserNum - ==> Parameters: 1713011332(String)
2019-11-22 14:28:04.374 [http-nio-8080-exec-6] DEBUG c.l.a.modules.dao.LvUserDao.findUseMsgByUserNum - <==      Total: 1
2019-11-22 14:45:44.388 [http-nio-8080-exec-9] DEBUG c.l.a.modules.dao.LvUserDao.findUseMsgByUserNum - ==>  Preparing: select u.*,r.*,p.* from lv_user u INNER JOIN lv_roles r on u.lv_role = r.rid INNER JOIN lv_role_permission pr on pr.lv_rid = r.rid INNER JOIN lv_permission p on p.pid = pr.lv_pid where u.lv_user_num = ? 
2019-11-22 14:45:44.389 [http-nio-8080-exec-9] DEBUG c.l.a.modules.dao.LvUserDao.findUseMsgByUserNum - ==> Parameters: 1713011332(String)
2019-11-22 14:45:44.395 [http-nio-8080-exec-9] DEBUG c.l.a.modules.dao.LvUserDao.findUseMsgByUserNum - <==      Total: 1
2019-11-22 14:50:26.533 [http-nio-8080-exec-4] DEBUG c.l.a.modules.dao.LvUserDao.findUseMsgByUserNum - ==>  Preparing: select u.*,r.*,p.* from lv_user u INNER JOIN lv_roles r on u.lv_role = r.rid INNER JOIN lv_role_permission pr on pr.lv_rid = r.rid INNER JOIN lv_permission p on p.pid = pr.lv_pid where u.lv_user_num = ? 
2019-11-22 14:50:26.598 [http-nio-8080-exec-4] DEBUG c.l.a.modules.dao.LvUserDao.findUseMsgByUserNum - ==> Parameters: 1713011332(String)
2019-11-22 14:50:26.635 [http-nio-8080-exec-4] DEBUG c.l.a.modules.dao.LvUserDao.findUseMsgByUserNum - <==      Total: 1
2019-11-22 14:51:51.742 [http-nio-8080-exec-7] DEBUG c.l.a.modules.dao.LvUserDao.findUseMsgByUserNum - ==>  Preparing: select u.*,r.*,p.* from lv_user u INNER JOIN lv_roles r on u.lv_role = r.rid INNER JOIN lv_role_permission pr on pr.lv_rid = r.rid INNER JOIN lv_permission p on p.pid = pr.lv_pid where u.lv_user_num = ? 
2019-11-22 14:51:51.743 [http-nio-8080-exec-7] DEBUG c.l.a.modules.dao.LvUserDao.findUseMsgByUserNum - ==> Parameters: 1713011332(String)
2019-11-22 14:51:51.747 [http-nio-8080-exec-7] DEBUG c.l.a.modules.dao.LvUserDao.findUseMsgByUserNum - <==      Total: 1
2019-11-22 14:52:02.706 [http-nio-8080-exec-8] DEBUG c.l.a.modules.dao.LvUserDao.findUseMsgByUserNum - ==>  Preparing: select u.*,r.*,p.* from lv_user u INNER JOIN lv_roles r on u.lv_role = r.rid INNER JOIN lv_role_permission pr on pr.lv_rid = r.rid INNER JOIN lv_permission p on p.pid = pr.lv_pid where u.lv_user_num = ? 
2019-11-22 14:52:02.707 [http-nio-8080-exec-8] DEBUG c.l.a.modules.dao.LvUserDao.findUseMsgByUserNum - ==> Parameters: 1713011332(String)
2019-11-22 14:52:02.712 [http-nio-8080-exec-8] DEBUG c.l.a.modules.dao.LvUserDao.findUseMsgByUserNum - <==      Total: 1
2019-11-22 14:52:11.307 [http-nio-8080-exec-1] DEBUG c.l.a.modules.dao.LvUserDao.findUseMsgByUserNum - ==>  Preparing: select u.*,r.*,p.* from lv_user u INNER JOIN lv_roles r on u.lv_role = r.rid INNER JOIN lv_role_permission pr on pr.lv_rid = r.rid INNER JOIN lv_permission p on p.pid = pr.lv_pid where u.lv_user_num = ? 
2019-11-22 14:52:11.308 [http-nio-8080-exec-1] DEBUG c.l.a.modules.dao.LvUserDao.findUseMsgByUserNum - ==> Parameters: 1713011332(String)
2019-11-22 14:52:11.311 [http-nio-8080-exec-1] DEBUG c.l.a.modules.dao.LvUserDao.findUseMsgByUserNum - <==      Total: 1
2019-11-22 14:52:56.089 [http-nio-8080-exec-4] DEBUG c.l.a.modules.dao.LvUserDao.findUseMsgByUserNum - ==>  Preparing: select u.*,r.*,p.* from lv_user u INNER JOIN lv_roles r on u.lv_role = r.rid INNER JOIN lv_role_permission pr on pr.lv_rid = r.rid INNER JOIN lv_permission p on p.pid = pr.lv_pid where u.lv_user_num = ? 
2019-11-22 14:52:56.091 [http-nio-8080-exec-4] DEBUG c.l.a.modules.dao.LvUserDao.findUseMsgByUserNum - ==> Parameters: 1713011332(String)
2019-11-22 14:52:56.106 [http-nio-8080-exec-4] DEBUG c.l.a.modules.dao.LvUserDao.findUseMsgByUserNum - <==      Total: 1
2019-11-22 14:53:03.187 [http-nio-8080-exec-6] DEBUG c.l.a.modules.dao.LvUserDao.findUseMsgByUserNum - ==>  Preparing: select u.*,r.*,p.* from lv_user u INNER JOIN lv_roles r on u.lv_role = r.rid INNER JOIN lv_role_permission pr on pr.lv_rid = r.rid INNER JOIN lv_permission p on p.pid = pr.lv_pid where u.lv_user_num = ? 
2019-11-22 14:53:03.188 [http-nio-8080-exec-6] DEBUG c.l.a.modules.dao.LvUserDao.findUseMsgByUserNum - ==> Parameters: 1713011332(String)
2019-11-22 14:53:03.193 [http-nio-8080-exec-6] DEBUG c.l.a.modules.dao.LvUserDao.findUseMsgByUserNum - <==      Total: 1
2019-11-22 14:53:12.865 [http-nio-8080-exec-8] DEBUG c.l.a.modules.dao.LvUserDao.findUseMsgByUserNum - ==>  Preparing: select u.*,r.*,p.* from lv_user u INNER JOIN lv_roles r on u.lv_role = r.rid INNER JOIN lv_role_permission pr on pr.lv_rid = r.rid INNER JOIN lv_permission p on p.pid = pr.lv_pid where u.lv_user_num = ? 
2019-11-22 14:53:12.866 [http-nio-8080-exec-8] DEBUG c.l.a.modules.dao.LvUserDao.findUseMsgByUserNum - ==> Parameters: 1713011332(String)
2019-11-22 14:53:12.870 [http-nio-8080-exec-8] DEBUG c.l.a.modules.dao.LvUserDao.findUseMsgByUserNum - <==      Total: 1
2019-11-22 14:53:17.112 [http-nio-8080-exec-9] DEBUG com.lv.adminsys.modules.dao.LvUserDao.selectOne - ==>  Preparing: SELECT lv_user_id,lv_role,lv_teacher_num,lv_user_phone,lv_user_password,lv_user_create_time,lv_user_name,lv_user_num FROM lv_user WHERE (lv_user_num = ? AND lv_user_password = ?) 
2019-11-22 14:53:17.113 [http-nio-8080-exec-9] DEBUG com.lv.adminsys.modules.dao.LvUserDao.selectOne - ==> Parameters: 1713011332(String), 2b9cdebb444dbb2fe8380860104f0573(String)
2019-11-22 14:53:17.127 [http-nio-8080-exec-9] DEBUG com.lv.adminsys.modules.dao.LvUserDao.selectOne - <==      Total: 1
2019-11-22 14:53:27.691 [http-nio-8080-exec-10] DEBUG c.l.a.modules.dao.LvUserDao.findUseMsgByUserNum - ==>  Preparing: select u.*,r.*,p.* from lv_user u INNER JOIN lv_roles r on u.lv_role = r.rid INNER JOIN lv_role_permission pr on pr.lv_rid = r.rid INNER JOIN lv_permission p on p.pid = pr.lv_pid where u.lv_user_num = ? 
2019-11-22 14:53:27.693 [http-nio-8080-exec-10] DEBUG c.l.a.modules.dao.LvUserDao.findUseMsgByUserNum - ==> Parameters: 1713011332(String)
2019-11-22 14:53:27.704 [http-nio-8080-exec-10] DEBUG c.l.a.modules.dao.LvUserDao.findUseMsgByUserNum - <==      Total: 1
2019-11-22 14:53:27.730 [http-nio-8080-exec-10] DEBUG c.l.a.modules.dao.LvUserDao.findUseMsgByUserNum - ==>  Preparing: select u.*,r.*,p.* from lv_user u INNER JOIN lv_roles r on u.lv_role = r.rid INNER JOIN lv_role_permission pr on pr.lv_rid = r.rid INNER JOIN lv_permission p on p.pid = pr.lv_pid where u.lv_user_num = ? 
2019-11-22 14:53:27.733 [http-nio-8080-exec-10] DEBUG c.l.a.modules.dao.LvUserDao.findUseMsgByUserNum - ==> Parameters: 1713011332(String)
2019-11-22 14:53:27.742 [http-nio-8080-exec-10] DEBUG c.l.a.modules.dao.LvUserDao.findUseMsgByUserNum - <==      Total: 1
2019-11-22 14:53:36.748 [http-nio-8080-exec-1] DEBUG c.l.a.modules.dao.LvUserDao.findUseMsgByUserNum - ==>  Preparing: select u.*,r.*,p.* from lv_user u INNER JOIN lv_roles r on u.lv_role = r.rid INNER JOIN lv_role_permission pr on pr.lv_rid = r.rid INNER JOIN lv_permission p on p.pid = pr.lv_pid where u.lv_user_num = ? 
2019-11-22 14:53:36.750 [http-nio-8080-exec-1] DEBUG c.l.a.modules.dao.LvUserDao.findUseMsgByUserNum - ==> Parameters: 1713011332(String)
2019-11-22 14:53:36.752 [http-nio-8080-exec-1] DEBUG c.l.a.modules.dao.LvUserDao.findUseMsgByUserNum - <==      Total: 1
2019-11-22 14:53:36.770 [http-nio-8080-exec-1] DEBUG c.l.a.modules.dao.LvUserDao.findUseMsgByUserNum - ==>  Preparing: select u.*,r.*,p.* from lv_user u INNER JOIN lv_roles r on u.lv_role = r.rid INNER JOIN lv_role_permission pr on pr.lv_rid = r.rid INNER JOIN lv_permission p on p.pid = pr.lv_pid where u.lv_user_num = ? 
2019-11-22 14:53:36.771 [http-nio-8080-exec-1] DEBUG c.l.a.modules.dao.LvUserDao.findUseMsgByUserNum - ==> Parameters: 1713011332(String)
2019-11-22 14:53:36.784 [http-nio-8080-exec-1] DEBUG c.l.a.modules.dao.LvUserDao.findUseMsgByUserNum - <==      Total: 1
2019-11-22 14:59:32.943 [http-nio-8080-exec-2] DEBUG c.l.a.modules.dao.LvUserDao.findUseMsgByUserNum - ==>  Preparing: select u.*,r.*,p.* from lv_user u INNER JOIN lv_roles r on u.lv_role = r.rid INNER JOIN lv_role_permission pr on pr.lv_rid = r.rid INNER JOIN lv_permission p on p.pid = pr.lv_pid where u.lv_user_num = ? 
2019-11-22 14:59:32.971 [http-nio-8080-exec-2] DEBUG c.l.a.modules.dao.LvUserDao.findUseMsgByUserNum - ==> Parameters: 1713011332(String)
2019-11-22 14:59:32.996 [http-nio-8080-exec-2] DEBUG c.l.a.modules.dao.LvUserDao.findUseMsgByUserNum - <==      Total: 1
2019-11-22 17:49:36.244 [http-nio-8080-exec-1] DEBUG com.lv.adminsys.modules.dao.LvUserDao.selectOne - ==>  Preparing: SELECT lv_user_id,lv_role,lv_teacher_num,lv_user_phone,lv_user_password,lv_user_create_time,lv_user_name,lv_user_num FROM lv_user WHERE (lv_user_num = ? AND lv_user_password = ?) 
2019-11-22 17:49:36.279 [http-nio-8080-exec-1] DEBUG com.lv.adminsys.modules.dao.LvUserDao.selectOne - ==> Parameters: 1713011332(String), 2b9cdebb444dbb2fe8380860104f0573(String)
2019-11-22 17:49:36.312 [http-nio-8080-exec-1] DEBUG com.lv.adminsys.modules.dao.LvUserDao.selectOne - <==      Total: 1
2019-11-22 18:19:47.903 [http-nio-8080-exec-8] DEBUG com.lv.adminsys.modules.dao.LvUserDao.selectOne - ==>  Preparing: SELECT lv_user_id,lv_role,lv_teacher_num,lv_user_phone,lv_user_password,lv_user_create_time,lv_user_name,lv_user_num FROM lv_user WHERE (lv_user_num = ? AND lv_user_password = ?) 
2019-11-22 18:19:47.981 [http-nio-8080-exec-8] DEBUG com.lv.adminsys.modules.dao.LvUserDao.selectOne - ==> Parameters: 1713011332(String), 2b9cdebb444dbb2fe8380860104f0573(String)
2019-11-22 18:19:48.054 [http-nio-8080-exec-8] DEBUG com.lv.adminsys.modules.dao.LvUserDao.selectOne - <==      Total: 1
2019-11-22 19:13:47.271 [http-nio-8080-exec-1] DEBUG com.lv.adminsys.modules.dao.LvUserDao.selectOne - ==>  Preparing: SELECT lv_user_id,lv_role,lv_teacher_num,lv_user_phone,lv_user_password,lv_user_create_time,lv_user_name,lv_user_num FROM lv_user WHERE (lv_user_num = ? AND lv_user_password = ?) 
2019-11-22 19:13:47.283 [http-nio-8080-exec-1] DEBUG com.lv.adminsys.modules.dao.LvUserDao.selectOne - ==> Parameters: 1713011332(String), 2b9cdebb444dbb2fe8380860104f0573(String)
2019-11-22 19:13:47.292 [http-nio-8080-exec-1] DEBUG com.lv.adminsys.modules.dao.LvUserDao.selectOne - <==      Total: 1
2019-11-22 19:13:48.384 [http-nio-8080-exec-3] DEBUG com.lv.adminsys.modules.dao.LvUserDao.selectOne - ==>  Preparing: SELECT lv_user_id,lv_role,lv_teacher_num,lv_user_phone,lv_user_password,lv_user_create_time,lv_user_name,lv_user_num FROM lv_user WHERE (lv_user_num = ? AND lv_user_password = ?) 
2019-11-22 19:13:48.385 [http-nio-8080-exec-3] DEBUG com.lv.adminsys.modules.dao.LvUserDao.selectOne - ==> Parameters: 1713011332(String), 2b9cdebb444dbb2fe8380860104f0573(String)
2019-11-22 19:13:48.388 [http-nio-8080-exec-3] DEBUG com.lv.adminsys.modules.dao.LvUserDao.selectOne - <==      Total: 1
2019-11-22 19:16:11.282 [http-nio-8080-exec-2] DEBUG com.lv.adminsys.modules.dao.LvUserDao.selectOne - ==>  Preparing: SELECT lv_user_id,lv_role,lv_teacher_num,lv_user_phone,lv_user_password,lv_user_create_time,lv_user_name,lv_user_num FROM lv_user WHERE (lv_user_num = ? AND lv_user_password = ?) 
2019-11-22 19:16:11.282 [http-nio-8080-exec-2] DEBUG com.lv.adminsys.modules.dao.LvUserDao.selectOne - ==> Parameters: 1713011332(String), 2b9cdebb444dbb2fe8380860104f0573(String)
2019-11-22 19:16:11.287 [http-nio-8080-exec-2] DEBUG com.lv.adminsys.modules.dao.LvUserDao.selectOne - <==      Total: 1
2019-11-22 19:17:05.772 [http-nio-8080-exec-5] DEBUG com.lv.adminsys.modules.dao.LvUserDao.selectOne - ==>  Preparing: SELECT lv_user_id,lv_role,lv_teacher_num,lv_user_phone,lv_user_password,lv_user_create_time,lv_user_name,lv_user_num FROM lv_user WHERE (lv_user_num = ? AND lv_user_password = ?) 
2019-11-22 19:17:05.773 [http-nio-8080-exec-5] DEBUG com.lv.adminsys.modules.dao.LvUserDao.selectOne - ==> Parameters: 1713011332(String), 2b9cdebb444dbb2fe8380860104f0573(String)
2019-11-22 19:17:05.777 [http-nio-8080-exec-5] DEBUG com.lv.adminsys.modules.dao.LvUserDao.selectOne - <==      Total: 1
2019-11-22 19:17:56.131 [http-nio-8080-exec-6] DEBUG com.lv.adminsys.modules.dao.LvUserDao.selectOne - ==>  Preparing: SELECT lv_user_id,lv_role,lv_teacher_num,lv_user_phone,lv_user_password,lv_user_create_time,lv_user_name,lv_user_num FROM lv_user WHERE (lv_user_num = ? AND lv_user_password = ?) 
2019-11-22 19:17:56.131 [http-nio-8080-exec-6] DEBUG com.lv.adminsys.modules.dao.LvUserDao.selectOne - ==> Parameters: 11713011332(String), 2b9cdebb444dbb2fe8380860104f0573(String)
2019-11-22 19:17:56.133 [http-nio-8080-exec-6] DEBUG com.lv.adminsys.modules.dao.LvUserDao.selectOne - <==      Total: 0
2019-11-22 19:18:06.416 [http-nio-8080-exec-7] DEBUG com.lv.adminsys.modules.dao.LvUserDao.selectOne - ==>  Preparing: SELECT lv_user_id,lv_role,lv_teacher_num,lv_user_phone,lv_user_password,lv_user_create_time,lv_user_name,lv_user_num FROM lv_user WHERE (lv_user_num = ? AND lv_user_password = ?) 
2019-11-22 19:18:06.417 [http-nio-8080-exec-7] DEBUG com.lv.adminsys.modules.dao.LvUserDao.selectOne - ==> Parameters: 11713011332(String), 2b9cdebb444dbb2fe8380860104f0573(String)
2019-11-22 19:18:06.418 [http-nio-8080-exec-7] DEBUG com.lv.adminsys.modules.dao.LvUserDao.selectOne - <==      Total: 0
2019-11-22 19:18:12.251 [http-nio-8080-exec-8] DEBUG com.lv.adminsys.modules.dao.LvUserDao.selectOne - ==>  Preparing: SELECT lv_user_id,lv_role,lv_teacher_num,lv_user_phone,lv_user_password,lv_user_create_time,lv_user_name,lv_user_num FROM lv_user WHERE (lv_user_num = ? AND lv_user_password = ?) 
2019-11-22 19:18:12.252 [http-nio-8080-exec-8] DEBUG com.lv.adminsys.modules.dao.LvUserDao.selectOne - ==> Parameters: 1713011332(String), 2b9cdebb444dbb2fe8380860104f0573(String)
2019-11-22 19:18:12.255 [http-nio-8080-exec-8] DEBUG com.lv.adminsys.modules.dao.LvUserDao.selectOne - <==      Total: 1
2019-11-22 19:18:19.336 [http-nio-8080-exec-9] DEBUG com.lv.adminsys.modules.dao.LvUserDao.selectOne - ==>  Preparing: SELECT lv_user_id,lv_role,lv_teacher_num,lv_user_phone,lv_user_password,lv_user_create_time,lv_user_name,lv_user_num FROM lv_user WHERE (lv_user_num = ?) 
2019-11-22 19:18:19.337 [http-nio-8080-exec-9] DEBUG com.lv.adminsys.modules.dao.LvUserDao.selectOne - ==> Parameters: {"keys":["account","name","phoneId"],"currentSize":1,"limitSize":10240}(String)
2019-11-22 19:18:19.337 [http-nio-8080-exec-9] DEBUG com.lv.adminsys.modules.dao.LvUserDao.selectOne - <==      Total: 0
2019-11-22 19:18:42.615 [http-nio-8080-exec-10] DEBUG com.lv.adminsys.modules.dao.LvUserDao.selectOne - ==>  Preparing: SELECT lv_user_id,lv_role,lv_teacher_num,lv_user_phone,lv_user_password,lv_user_create_time,lv_user_name,lv_user_num FROM lv_user WHERE (lv_user_num = ?) 
2019-11-22 19:18:42.617 [http-nio-8080-exec-10] DEBUG com.lv.adminsys.modules.dao.LvUserDao.selectOne - ==> Parameters: {"keys":["account","name","phoneId"],"currentSize":1,"limitSize":10240}(String)
2019-11-22 19:18:42.618 [http-nio-8080-exec-10] DEBUG com.lv.adminsys.modules.dao.LvUserDao.selectOne - <==      Total: 0
2019-11-22 19:19:45.693 [http-nio-8080-exec-3] DEBUG com.lv.adminsys.modules.dao.LvUserDao.selectOne - ==>  Preparing: SELECT lv_user_id,lv_role,lv_teacher_num,lv_user_phone,lv_user_password,lv_user_create_time,lv_user_name,lv_user_num FROM lv_user WHERE (lv_user_num = ?) 
2019-11-22 19:19:45.694 [http-nio-8080-exec-3] DEBUG com.lv.adminsys.modules.dao.LvUserDao.selectOne - ==> Parameters: {"keys":["account","name","phoneId"],"currentSize":1,"limitSize":10240}(String)
2019-11-22 19:19:45.696 [http-nio-8080-exec-3] DEBUG com.lv.adminsys.modules.dao.LvUserDao.selectOne - <==      Total: 0
2019-11-22 19:20:35.865 [http-nio-8080-exec-4] DEBUG com.lv.adminsys.modules.dao.LvUserDao.selectOne - ==>  Preparing: SELECT lv_user_id,lv_role,lv_teacher_num,lv_user_phone,lv_user_password,lv_user_create_time,lv_user_name,lv_user_num FROM lv_user WHERE (lv_user_num = ?) 
2019-11-22 19:20:35.866 [http-nio-8080-exec-4] DEBUG com.lv.adminsys.modules.dao.LvUserDao.selectOne - ==> Parameters: {"keys":["account","name","phoneId"],"currentSize":1,"limitSize":10240}(String)
2019-11-22 19:20:35.869 [http-nio-8080-exec-4] DEBUG com.lv.adminsys.modules.dao.LvUserDao.selectOne - <==      Total: 0
2019-11-22 19:20:45.489 [http-nio-8080-exec-2] DEBUG com.lv.adminsys.modules.dao.LvUserDao.selectOne - ==>  Preparing: SELECT lv_user_id,lv_role,lv_teacher_num,lv_user_phone,lv_user_password,lv_user_create_time,lv_user_name,lv_user_num FROM lv_user WHERE (lv_user_num = ?) 
2019-11-22 19:20:45.490 [http-nio-8080-exec-2] DEBUG com.lv.adminsys.modules.dao.LvUserDao.selectOne - ==> Parameters: {"keys":["account","name","phoneId"],"currentSize":1,"limitSize":10240}(String)
2019-11-22 19:20:45.492 [http-nio-8080-exec-2] DEBUG com.lv.adminsys.modules.dao.LvUserDao.selectOne - <==      Total: 0
2019-11-22 19:21:33.718 [http-nio-8080-exec-5] DEBUG com.lv.adminsys.modules.dao.LvUserDao.selectOne - ==>  Preparing: SELECT lv_user_id,lv_role,lv_teacher_num,lv_user_phone,lv_user_password,lv_user_create_time,lv_user_name,lv_user_num FROM lv_user WHERE (lv_user_num = ?) 
2019-11-22 19:21:33.718 [http-nio-8080-exec-5] DEBUG com.lv.adminsys.modules.dao.LvUserDao.selectOne - ==> Parameters: {"keys":["account","name","phoneId"],"currentSize":1,"limitSize":10240}(String)
2019-11-22 19:21:33.720 [http-nio-8080-exec-5] DEBUG com.lv.adminsys.modules.dao.LvUserDao.selectOne - <==      Total: 0
2019-11-22 19:22:06.234 [http-nio-8080-exec-6] DEBUG com.lv.adminsys.modules.dao.LvUserDao.selectOne - ==>  Preparing: SELECT lv_user_id,lv_role,lv_teacher_num,lv_user_phone,lv_user_password,lv_user_create_time,lv_user_name,lv_user_num FROM lv_user WHERE (lv_user_num = ?) 
2019-11-22 19:22:06.236 [http-nio-8080-exec-6] DEBUG com.lv.adminsys.modules.dao.LvUserDao.selectOne - ==> Parameters: 1713011332(String)
2019-11-22 19:22:06.239 [http-nio-8080-exec-6] DEBUG com.lv.adminsys.modules.dao.LvUserDao.selectOne - <==      Total: 1
2019-11-22 19:22:06.248 [http-nio-8080-exec-6] DEBUG com.lv.adminsys.modules.dao.LvLeaveDao.selectList - ==>  Preparing: SELECT lv_id,lv_relative_phone,lv_end_time_long,lv_picture,lv_reason,lv_relative_name,lv_end_time,lv_status,lv_user_num,lv_process_instance_id,lv_create_time,lv_begin_time,lv_day,lv_relative_type FROM lv_leave WHERE (lv_user_num = ? AND lv_end_time_long >= ?) ORDER BY lv_id DESC 
2019-11-22 19:22:06.248 [http-nio-8080-exec-6] DEBUG com.lv.adminsys.modules.dao.LvLeaveDao.selectList - ==> Parameters: 1713011332(String), 1574421726(String)
2019-11-22 19:22:06.276 [http-nio-8080-exec-6] DEBUG com.lv.adminsys.modules.dao.LvLeaveDao.selectList - <==      Total: 3
2019-11-22 19:23:13.767 [http-nio-8080-exec-8] DEBUG com.lv.adminsys.modules.dao.LvUserDao.selectOne - ==>  Preparing: SELECT lv_user_id,lv_role,lv_teacher_num,lv_user_phone,lv_user_password,lv_user_create_time,lv_user_name,lv_user_num FROM lv_user WHERE (lv_user_num = ?) 
2019-11-22 19:23:13.768 [http-nio-8080-exec-8] DEBUG com.lv.adminsys.modules.dao.LvUserDao.selectOne - ==> Parameters: 1713011332(String)
2019-11-22 19:23:13.772 [http-nio-8080-exec-8] DEBUG com.lv.adminsys.modules.dao.LvUserDao.selectOne - <==      Total: 1
2019-11-22 19:23:13.775 [http-nio-8080-exec-8] DEBUG com.lv.adminsys.modules.dao.LvLeaveDao.selectList - ==>  Preparing: SELECT lv_id,lv_relative_phone,lv_end_time_long,lv_picture,lv_reason,lv_relative_name,lv_end_time,lv_status,lv_user_num,lv_process_instance_id,lv_create_time,lv_begin_time,lv_day,lv_relative_type FROM lv_leave WHERE (lv_user_num = ? AND lv_end_time_long >= ?) ORDER BY lv_id DESC 
2019-11-22 19:23:13.775 [http-nio-8080-exec-8] DEBUG com.lv.adminsys.modules.dao.LvLeaveDao.selectList - ==> Parameters: 1713011332(String), 1574421793(String)
2019-11-22 19:23:13.779 [http-nio-8080-exec-8] DEBUG com.lv.adminsys.modules.dao.LvLeaveDao.selectList - <==      Total: 3
2019-11-22 19:26:07.225 [http-nio-8080-exec-10] DEBUG com.lv.adminsys.modules.dao.LvUserDao.selectOne - ==>  Preparing: SELECT lv_user_id,lv_role,lv_teacher_num,lv_user_phone,lv_user_password,lv_user_create_time,lv_user_name,lv_user_num FROM lv_user WHERE (lv_user_num = ?) 
2019-11-22 19:26:07.226 [http-nio-8080-exec-10] DEBUG com.lv.adminsys.modules.dao.LvUserDao.selectOne - ==> Parameters: 1713011332(String)
2019-11-22 19:26:07.228 [http-nio-8080-exec-10] DEBUG com.lv.adminsys.modules.dao.LvUserDao.selectOne - <==      Total: 1
2019-11-22 19:26:07.231 [http-nio-8080-exec-10] DEBUG com.lv.adminsys.modules.dao.LvLeaveDao.selectList - ==>  Preparing: SELECT lv_id,lv_relative_phone,lv_end_time_long,lv_picture,lv_reason,lv_relative_name,lv_end_time,lv_status,lv_user_num,lv_process_instance_id,lv_create_time,lv_begin_time,lv_day,lv_relative_type FROM lv_leave WHERE (lv_user_num = ? AND lv_end_time_long >= ?) ORDER BY lv_id DESC 
2019-11-22 19:26:07.232 [http-nio-8080-exec-10] DEBUG com.lv.adminsys.modules.dao.LvLeaveDao.selectList - ==> Parameters: 1713011332(String), 1574421967(String)
2019-11-22 19:26:07.234 [http-nio-8080-exec-10] DEBUG com.lv.adminsys.modules.dao.LvLeaveDao.selectList - <==      Total: 3
2019-11-22 19:27:15.421 [http-nio-8080-exec-3] DEBUG com.lv.adminsys.modules.dao.LvUserDao.selectOne - ==>  Preparing: SELECT lv_user_id,lv_role,lv_teacher_num,lv_user_phone,lv_user_password,lv_user_create_time,lv_user_name,lv_user_num FROM lv_user WHERE (lv_user_num = ?) 
2019-11-22 19:27:15.421 [http-nio-8080-exec-3] DEBUG com.lv.adminsys.modules.dao.LvUserDao.selectOne - ==> Parameters: 1713011332(String)
2019-11-22 19:27:15.424 [http-nio-8080-exec-3] DEBUG com.lv.adminsys.modules.dao.LvUserDao.selectOne - <==      Total: 1
2019-11-22 19:27:15.426 [http-nio-8080-exec-3] DEBUG com.lv.adminsys.modules.dao.LvLeaveDao.selectList - ==>  Preparing: SELECT lv_id,lv_relative_phone,lv_end_time_long,lv_picture,lv_reason,lv_relative_name,lv_end_time,lv_status,lv_user_num,lv_process_instance_id,lv_create_time,lv_begin_time,lv_day,lv_relative_type FROM lv_leave WHERE (lv_user_num = ? AND lv_end_time_long >= ?) ORDER BY lv_id DESC 
2019-11-22 19:27:15.427 [http-nio-8080-exec-3] DEBUG com.lv.adminsys.modules.dao.LvLeaveDao.selectList - ==> Parameters: 1713011332(String), 1574422035(String)
2019-11-22 19:27:15.430 [http-nio-8080-exec-3] DEBUG com.lv.adminsys.modules.dao.LvLeaveDao.selectList - <==      Total: 3
2019-11-22 19:28:49.218 [http-nio-8080-exec-2] DEBUG com.lv.adminsys.modules.dao.LvUserDao.selectOne - ==>  Preparing: SELECT lv_user_id,lv_role,lv_teacher_num,lv_user_phone,lv_user_password,lv_user_create_time,lv_user_name,lv_user_num FROM lv_user WHERE (lv_user_num = ?) 
2019-11-22 19:28:49.219 [http-nio-8080-exec-2] DEBUG com.lv.adminsys.modules.dao.LvUserDao.selectOne - ==> Parameters: 1713011332(String)
2019-11-22 19:28:49.220 [http-nio-8080-exec-2] DEBUG com.lv.adminsys.modules.dao.LvUserDao.selectOne - <==      Total: 1
2019-11-22 19:28:49.222 [http-nio-8080-exec-2] DEBUG com.lv.adminsys.modules.dao.LvLeaveDao.selectList - ==>  Preparing: SELECT lv_id,lv_relative_phone,lv_end_time_long,lv_picture,lv_reason,lv_relative_name,lv_end_time,lv_status,lv_user_num,lv_process_instance_id,lv_create_time,lv_begin_time,lv_day,lv_relative_type FROM lv_leave WHERE (lv_user_num = ? AND lv_end_time_long >= ?) ORDER BY lv_id DESC 
2019-11-22 19:28:49.222 [http-nio-8080-exec-2] DEBUG com.lv.adminsys.modules.dao.LvLeaveDao.selectList - ==> Parameters: 1713011332(String), 1574422129(String)
2019-11-22 19:28:49.225 [http-nio-8080-exec-2] DEBUG com.lv.adminsys.modules.dao.LvLeaveDao.selectList - <==      Total: 3
2019-11-22 19:32:58.384 [http-nio-8080-exec-1] DEBUG com.lv.adminsys.modules.dao.LvUserDao.selectOne - ==>  Preparing: SELECT lv_user_id,lv_role,lv_teacher_num,lv_user_phone,lv_user_password,lv_user_create_time,lv_user_name,lv_user_num FROM lv_user WHERE (lv_user_num = ?) 
2019-11-22 19:32:58.506 [http-nio-8080-exec-1] DEBUG com.lv.adminsys.modules.dao.LvUserDao.selectOne - ==> Parameters: 1713011332(String)
2019-11-22 19:32:58.601 [http-nio-8080-exec-1] DEBUG com.lv.adminsys.modules.dao.LvUserDao.selectOne - <==      Total: 1
2019-11-22 19:32:58.617 [http-nio-8080-exec-1] DEBUG com.lv.adminsys.modules.dao.LvLeaveDao.selectList - ==>  Preparing: SELECT lv_id,lv_relative_phone,lv_end_time_long,lv_picture,lv_reason,lv_relative_name,lv_end_time,lv_status,lv_user_num,lv_process_instance_id,lv_create_time,lv_begin_time,lv_day,lv_relative_type FROM lv_leave WHERE (lv_user_num = ? AND lv_end_time_long >= ?) ORDER BY lv_id DESC 
2019-11-22 19:32:58.619 [http-nio-8080-exec-1] DEBUG com.lv.adminsys.modules.dao.LvLeaveDao.selectList - ==> Parameters: 1713011332(String), 1574422378(String)
2019-11-22 19:32:58.633 [http-nio-8080-exec-1] DEBUG com.lv.adminsys.modules.dao.LvLeaveDao.selectList - <==      Total: 3
2019-11-22 19:33:08.902 [http-nio-8080-exec-2] DEBUG com.lv.adminsys.modules.dao.LvUserDao.selectOne - ==>  Preparing: SELECT lv_user_id,lv_role,lv_teacher_num,lv_user_phone,lv_user_password,lv_user_create_time,lv_user_name,lv_user_num FROM lv_user WHERE (lv_user_num = ?) 
2019-11-22 19:33:08.903 [http-nio-8080-exec-2] DEBUG com.lv.adminsys.modules.dao.LvUserDao.selectOne - ==> Parameters: 1713011332(String)
2019-11-22 19:33:08.906 [http-nio-8080-exec-2] DEBUG com.lv.adminsys.modules.dao.LvUserDao.selectOne - <==      Total: 1
2019-11-22 19:33:08.911 [http-nio-8080-exec-2] DEBUG com.lv.adminsys.modules.dao.LvLeaveDao.selectList - ==>  Preparing: SELECT lv_id,lv_relative_phone,lv_end_time_long,lv_picture,lv_reason,lv_relative_name,lv_end_time,lv_status,lv_user_num,lv_process_instance_id,lv_create_time,lv_begin_time,lv_day,lv_relative_type FROM lv_leave WHERE (lv_user_num = ?) ORDER BY lv_id DESC 
2019-11-22 19:33:08.912 [http-nio-8080-exec-2] DEBUG com.lv.adminsys.modules.dao.LvLeaveDao.selectList - ==> Parameters: 1713011332(String)
2019-11-22 19:33:08.917 [http-nio-8080-exec-2] DEBUG com.lv.adminsys.modules.dao.LvLeaveDao.selectList - <==      Total: 4
2019-11-22 19:34:00.512 [http-nio-8080-exec-3] DEBUG com.lv.adminsys.modules.dao.LvUserDao.selectOne - ==>  Preparing: SELECT lv_user_id,lv_role,lv_teacher_num,lv_user_phone,lv_user_password,lv_user_create_time,lv_user_name,lv_user_num FROM lv_user WHERE (lv_user_num = ?) 
2019-11-22 19:34:00.513 [http-nio-8080-exec-3] DEBUG com.lv.adminsys.modules.dao.LvUserDao.selectOne - ==> Parameters: 1713011332(String)
2019-11-22 19:34:00.516 [http-nio-8080-exec-3] DEBUG com.lv.adminsys.modules.dao.LvUserDao.selectOne - <==      Total: 1
2019-11-22 19:34:00.519 [http-nio-8080-exec-3] DEBUG com.lv.adminsys.modules.dao.LvLeaveDao.selectList - ==>  Preparing: SELECT lv_id,lv_relative_phone,lv_end_time_long,lv_picture,lv_reason,lv_relative_name,lv_end_time,lv_status,lv_user_num,lv_process_instance_id,lv_create_time,lv_begin_time,lv_day,lv_relative_type FROM lv_leave WHERE (lv_user_num = ?) ORDER BY lv_id DESC 
2019-11-22 19:34:00.520 [http-nio-8080-exec-3] DEBUG com.lv.adminsys.modules.dao.LvLeaveDao.selectList - ==> Parameters: 1713011332(String)
2019-11-22 19:34:00.532 [http-nio-8080-exec-3] DEBUG com.lv.adminsys.modules.dao.LvLeaveDao.selectList - <==      Total: 4
2019-11-22 19:35:06.065 [http-nio-8080-exec-5] DEBUG com.lv.adminsys.modules.dao.LvUserDao.selectOne - ==>  Preparing: SELECT lv_user_id,lv_role,lv_teacher_num,lv_user_phone,lv_user_password,lv_user_create_time,lv_user_name,lv_user_num FROM lv_user WHERE (lv_user_num = ?) 
2019-11-22 19:35:06.067 [http-nio-8080-exec-5] DEBUG com.lv.adminsys.modules.dao.LvUserDao.selectOne - ==> Parameters: 1713011332(String)
2019-11-22 19:35:06.072 [http-nio-8080-exec-5] DEBUG com.lv.adminsys.modules.dao.LvUserDao.selectOne - <==      Total: 1
2019-11-22 19:35:06.077 [http-nio-8080-exec-5] DEBUG com.lv.adminsys.modules.dao.LvLeaveDao.selectList - ==>  Preparing: SELECT lv_id,lv_relative_phone,lv_end_time_long,lv_picture,lv_reason,lv_relative_name,lv_end_time,lv_status,lv_user_num,lv_process_instance_id,lv_create_time,lv_begin_time,lv_day,lv_relative_type FROM lv_leave WHERE (lv_user_num = ?) ORDER BY lv_id DESC 
2019-11-22 19:35:06.077 [http-nio-8080-exec-5] DEBUG com.lv.adminsys.modules.dao.LvLeaveDao.selectList - ==> Parameters: 1713011332(String)
2019-11-22 19:35:06.087 [http-nio-8080-exec-5] DEBUG com.lv.adminsys.modules.dao.LvLeaveDao.selectList - <==      Total: 4
2019-11-22 19:35:46.388 [http-nio-8080-exec-6] DEBUG com.lv.adminsys.modules.dao.LvUserDao.selectOne - ==>  Preparing: SELECT lv_user_id,lv_role,lv_teacher_num,lv_user_phone,lv_user_password,lv_user_create_time,lv_user_name,lv_user_num FROM lv_user WHERE (lv_user_num = ?) 
2019-11-22 19:35:46.389 [http-nio-8080-exec-6] DEBUG com.lv.adminsys.modules.dao.LvUserDao.selectOne - ==> Parameters: 1713011332(String)
2019-11-22 19:35:46.390 [http-nio-8080-exec-6] DEBUG com.lv.adminsys.modules.dao.LvUserDao.selectOne - <==      Total: 1
2019-11-22 19:35:46.392 [http-nio-8080-exec-6] DEBUG com.lv.adminsys.modules.dao.LvLeaveDao.selectList - ==>  Preparing: SELECT lv_id,lv_relative_phone,lv_end_time_long,lv_picture,lv_reason,lv_relative_name,lv_end_time,lv_status,lv_user_num,lv_process_instance_id,lv_create_time,lv_begin_time,lv_day,lv_relative_type FROM lv_leave WHERE (lv_user_num = ?) ORDER BY lv_id DESC 
2019-11-22 19:35:46.393 [http-nio-8080-exec-6] DEBUG com.lv.adminsys.modules.dao.LvLeaveDao.selectList - ==> Parameters: 1713011332(String)
2019-11-22 19:35:46.400 [http-nio-8080-exec-6] DEBUG com.lv.adminsys.modules.dao.LvLeaveDao.selectList - <==      Total: 4
2019-11-22 19:37:20.007 [http-nio-8080-exec-8] DEBUG com.lv.adminsys.modules.dao.LvUserDao.selectOne - ==>  Preparing: SELECT lv_user_id,lv_role,lv_teacher_num,lv_user_phone,lv_user_password,lv_user_create_time,lv_user_name,lv_user_num FROM lv_user WHERE (lv_user_num = ?) 
2019-11-22 19:37:20.009 [http-nio-8080-exec-8] DEBUG com.lv.adminsys.modules.dao.LvUserDao.selectOne - ==> Parameters: 1713011332(String)
2019-11-22 19:37:20.011 [http-nio-8080-exec-8] DEBUG com.lv.adminsys.modules.dao.LvUserDao.selectOne - <==      Total: 1
2019-11-22 19:37:20.013 [http-nio-8080-exec-8] DEBUG com.lv.adminsys.modules.dao.LvLeaveDao.selectList - ==>  Preparing: SELECT lv_id,lv_relative_phone,lv_end_time_long,lv_picture,lv_reason,lv_relative_name,lv_end_time,lv_status,lv_user_num,lv_process_instance_id,lv_create_time,lv_begin_time,lv_day,lv_relative_type FROM lv_leave WHERE (lv_user_num = ?) ORDER BY lv_id DESC 
2019-11-22 19:37:20.013 [http-nio-8080-exec-8] DEBUG com.lv.adminsys.modules.dao.LvLeaveDao.selectList - ==> Parameters: 1713011332(String)
2019-11-22 19:37:20.021 [http-nio-8080-exec-8] DEBUG com.lv.adminsys.modules.dao.LvLeaveDao.selectList - <==      Total: 4
2019-11-22 19:37:38.820 [http-nio-8080-exec-9] DEBUG com.lv.adminsys.modules.dao.LvUserDao.selectOne - ==>  Preparing: SELECT lv_user_id,lv_role,lv_teacher_num,lv_user_phone,lv_user_password,lv_user_create_time,lv_user_name,lv_user_num FROM lv_user WHERE (lv_user_num = ?) 
2019-11-22 19:37:38.821 [http-nio-8080-exec-9] DEBUG com.lv.adminsys.modules.dao.LvUserDao.selectOne - ==> Parameters: 1713011332(String)
2019-11-22 19:37:38.826 [http-nio-8080-exec-9] DEBUG com.lv.adminsys.modules.dao.LvUserDao.selectOne - <==      Total: 1
2019-11-22 19:37:38.828 [http-nio-8080-exec-9] DEBUG com.lv.adminsys.modules.dao.LvLeaveDao.selectList - ==>  Preparing: SELECT lv_id,lv_relative_phone,lv_end_time_long,lv_picture,lv_reason,lv_relative_name,lv_end_time,lv_status,lv_user_num,lv_process_instance_id,lv_create_time,lv_begin_time,lv_day,lv_relative_type FROM lv_leave WHERE (lv_user_num = ?) ORDER BY lv_id DESC 
2019-11-22 19:37:38.829 [http-nio-8080-exec-9] DEBUG com.lv.adminsys.modules.dao.LvLeaveDao.selectList - ==> Parameters: 1713011332(String)
2019-11-22 19:37:38.839 [http-nio-8080-exec-9] DEBUG com.lv.adminsys.modules.dao.LvLeaveDao.selectList - <==      Total: 4
2019-11-22 19:38:22.855 [http-nio-8080-exec-10] DEBUG com.lv.adminsys.modules.dao.LvUserDao.selectOne - ==>  Preparing: SELECT lv_user_id,lv_role,lv_teacher_num,lv_user_phone,lv_user_password,lv_user_create_time,lv_user_name,lv_user_num FROM lv_user WHERE (lv_user_num = ?) 
2019-11-22 19:38:22.856 [http-nio-8080-exec-10] DEBUG com.lv.adminsys.modules.dao.LvUserDao.selectOne - ==> Parameters: 1713011332(String)
2019-11-22 19:38:22.858 [http-nio-8080-exec-10] DEBUG com.lv.adminsys.modules.dao.LvUserDao.selectOne - <==      Total: 1
2019-11-22 19:38:22.864 [http-nio-8080-exec-10] DEBUG com.lv.adminsys.modules.dao.LvLeaveDao.selectList - ==>  Preparing: SELECT lv_id,lv_relative_phone,lv_end_time_long,lv_picture,lv_reason,lv_relative_name,lv_end_time,lv_status,lv_user_num,lv_process_instance_id,lv_create_time,lv_begin_time,lv_day,lv_relative_type FROM lv_leave WHERE (lv_user_num = ?) ORDER BY lv_id DESC 
2019-11-22 19:38:22.865 [http-nio-8080-exec-10] DEBUG com.lv.adminsys.modules.dao.LvLeaveDao.selectList - ==> Parameters: 1713011332(String)
2019-11-22 19:38:22.869 [http-nio-8080-exec-10] DEBUG com.lv.adminsys.modules.dao.LvLeaveDao.selectList - <==      Total: 4
2019-11-22 19:39:37.611 [http-nio-8080-exec-2] DEBUG com.lv.adminsys.modules.dao.LvUserDao.selectOne - ==>  Preparing: SELECT lv_user_id,lv_role,lv_teacher_num,lv_user_phone,lv_user_password,lv_user_create_time,lv_user_name,lv_user_num FROM lv_user WHERE (lv_user_num = ?) 
2019-11-22 19:39:37.612 [http-nio-8080-exec-2] DEBUG com.lv.adminsys.modules.dao.LvUserDao.selectOne - ==> Parameters: 1713011332(String)
2019-11-22 19:39:37.614 [http-nio-8080-exec-2] DEBUG com.lv.adminsys.modules.dao.LvUserDao.selectOne - <==      Total: 1
2019-11-22 19:39:37.616 [http-nio-8080-exec-2] DEBUG com.lv.adminsys.modules.dao.LvLeaveDao.selectList - ==>  Preparing: SELECT lv_id,lv_relative_phone,lv_end_time_long,lv_picture,lv_reason,lv_relative_name,lv_end_time,lv_status,lv_user_num,lv_process_instance_id,lv_create_time,lv_begin_time,lv_day,lv_relative_type FROM lv_leave WHERE (lv_user_num = ? AND lv_end_time_long >= ?) ORDER BY lv_id DESC 
2019-11-22 19:39:37.617 [http-nio-8080-exec-2] DEBUG com.lv.adminsys.modules.dao.LvLeaveDao.selectList - ==> Parameters: 1713011332(String), 1574422777(String)
2019-11-22 19:39:37.620 [http-nio-8080-exec-2] DEBUG com.lv.adminsys.modules.dao.LvLeaveDao.selectList - <==      Total: 3
2019-11-22 19:50:03.309 [http-nio-8080-exec-1] DEBUG com.lv.adminsys.modules.dao.LvUserDao.selectOne - ==>  Preparing: SELECT lv_user_id,lv_role,lv_teacher_num,lv_user_phone,lv_user_password,lv_user_create_time,lv_user_name,lv_user_num FROM lv_user WHERE (lv_user_num = ?) 
2019-11-22 19:50:03.320 [http-nio-8080-exec-1] DEBUG com.lv.adminsys.modules.dao.LvUserDao.selectOne - ==> Parameters: 1713011332(String)
2019-11-22 19:50:03.332 [http-nio-8080-exec-1] DEBUG com.lv.adminsys.modules.dao.LvUserDao.selectOne - <==      Total: 1
2019-11-22 19:50:03.338 [http-nio-8080-exec-1] DEBUG com.lv.adminsys.modules.dao.LvLeaveDao.selectList - ==>  Preparing: SELECT lv_id,lv_relative_phone,lv_end_time_long,lv_picture,lv_reason,lv_relative_name,lv_end_time,lv_status,lv_user_num,lv_process_instance_id,lv_create_time,lv_begin_time,lv_day,lv_relative_type FROM lv_leave WHERE (lv_user_num = ? AND lv_end_time_long >= ?) ORDER BY lv_id DESC 
2019-11-22 19:50:03.339 [http-nio-8080-exec-1] DEBUG com.lv.adminsys.modules.dao.LvLeaveDao.selectList - ==> Parameters: 1713011332(String), 1574423403(String)
2019-11-22 19:50:03.344 [http-nio-8080-exec-1] DEBUG com.lv.adminsys.modules.dao.LvLeaveDao.selectList - <==      Total: 3
2019-11-22 19:51:11.477 [http-nio-8080-exec-2] DEBUG com.lv.adminsys.modules.dao.LvUserDao.selectOne - ==>  Preparing: SELECT lv_user_id,lv_role,lv_teacher_num,lv_user_phone,lv_user_password,lv_user_create_time,lv_user_name,lv_user_num FROM lv_user WHERE (lv_user_num = ?) 
2019-11-22 19:51:11.480 [http-nio-8080-exec-2] DEBUG com.lv.adminsys.modules.dao.LvUserDao.selectOne - ==> Parameters: 1713011332(String)
2019-11-22 19:51:11.484 [http-nio-8080-exec-2] DEBUG com.lv.adminsys.modules.dao.LvUserDao.selectOne - <==      Total: 1
2019-11-22 19:51:11.488 [http-nio-8080-exec-2] DEBUG com.lv.adminsys.modules.dao.LvLeaveDao.selectList - ==>  Preparing: SELECT lv_id,lv_relative_phone,lv_end_time_long,lv_picture,lv_reason,lv_relative_name,lv_end_time,lv_status,lv_user_num,lv_process_instance_id,lv_create_time,lv_begin_time,lv_day,lv_relative_type FROM lv_leave WHERE (lv_user_num = ?) ORDER BY lv_id DESC 
2019-11-22 19:51:11.489 [http-nio-8080-exec-2] DEBUG com.lv.adminsys.modules.dao.LvLeaveDao.selectList - ==> Parameters: 1713011332(String)
2019-11-22 19:51:11.494 [http-nio-8080-exec-2] DEBUG com.lv.adminsys.modules.dao.LvLeaveDao.selectList - <==      Total: 4
2019-11-22 19:52:12.729 [http-nio-8080-exec-4] DEBUG com.lv.adminsys.modules.dao.LvLeaveDao.selectList - ==>  Preparing: SELECT lv_id,lv_relative_phone,lv_end_time_long,lv_picture,lv_reason,lv_relative_name,lv_end_time,lv_status,lv_user_num,lv_process_instance_id,lv_create_time,lv_begin_time,lv_day,lv_relative_type FROM lv_leave WHERE (lv_status = ? AND lv_user_num = ?) 
2019-11-22 19:52:12.730 [http-nio-8080-exec-4] DEBUG com.lv.adminsys.modules.dao.LvLeaveDao.selectList - ==> Parameters: pass(String), 1713011332(String)
2019-11-22 19:52:12.736 [http-nio-8080-exec-4] DEBUG com.lv.adminsys.modules.dao.LvLeaveDao.selectList - <==      Total: 2
2019-11-22 19:55:08.831 [http-nio-8080-exec-7] DEBUG com.lv.adminsys.modules.dao.LvLeaveDao.selectList - ==>  Preparing: SELECT lv_id,lv_relative_phone,lv_end_time_long,lv_picture,lv_reason,lv_relative_name,lv_end_time,lv_status,lv_user_num,lv_process_instance_id,lv_create_time,lv_begin_time,lv_day,lv_relative_type FROM lv_leave WHERE (lv_status = ? AND lv_user_num = ?) 
2019-11-22 19:55:08.831 [http-nio-8080-exec-7] DEBUG com.lv.adminsys.modules.dao.LvLeaveDao.selectList - ==> Parameters: pass(String), 1713011332(String)
2019-11-22 19:55:08.834 [http-nio-8080-exec-7] DEBUG com.lv.adminsys.modules.dao.LvLeaveDao.selectList - <==      Total: 2
2019-11-22 19:55:48.965 [http-nio-8080-exec-8] DEBUG com.lv.adminsys.modules.dao.LvLeaveDao.selectList - ==>  Preparing: SELECT lv_id,lv_relative_phone,lv_end_time_long,lv_picture,lv_reason,lv_relative_name,lv_end_time,lv_status,lv_user_num,lv_process_instance_id,lv_create_time,lv_begin_time,lv_day,lv_relative_type FROM lv_leave WHERE (lv_status = ? AND lv_user_num = ?) 
2019-11-22 19:55:48.966 [http-nio-8080-exec-8] DEBUG com.lv.adminsys.modules.dao.LvLeaveDao.selectList - ==> Parameters: pass(String), 1713011332(String)
2019-11-22 19:55:48.969 [http-nio-8080-exec-8] DEBUG com.lv.adminsys.modules.dao.LvLeaveDao.selectList - <==      Total: 2
2019-11-22 19:59:48.784 [http-nio-8080-exec-10] DEBUG com.lv.adminsys.modules.dao.LvLeaveDao.selectList - ==>  Preparing: SELECT lv_id,lv_relative_phone,lv_end_time_long,lv_picture,lv_reason,lv_relative_name,lv_end_time,lv_status,lv_user_num,lv_process_instance_id,lv_create_time,lv_begin_time,lv_day,lv_relative_type FROM lv_leave WHERE (lv_status = ? AND lv_user_num = ?) 
2019-11-22 19:59:48.784 [http-nio-8080-exec-10] DEBUG com.lv.adminsys.modules.dao.LvLeaveDao.selectList - ==> Parameters: pass(String), 1713011332(String)
2019-11-22 19:59:48.787 [http-nio-8080-exec-10] DEBUG com.lv.adminsys.modules.dao.LvLeaveDao.selectList - <==      Total: 2
2019-11-22 20:00:54.360 [http-nio-8080-exec-3] DEBUG com.lv.adminsys.modules.dao.LvLeaveDao.selectList - ==>  Preparing: SELECT lv_id,lv_relative_phone,lv_end_time_long,lv_picture,lv_reason,lv_relative_name,lv_end_time,lv_status,lv_user_num,lv_process_instance_id,lv_create_time,lv_begin_time,lv_day,lv_relative_type FROM lv_leave WHERE (lv_status = ? AND lv_user_num = ?) 
2019-11-22 20:00:54.361 [http-nio-8080-exec-3] DEBUG com.lv.adminsys.modules.dao.LvLeaveDao.selectList - ==> Parameters: pass(String), 1713011332(String)
2019-11-22 20:00:54.366 [http-nio-8080-exec-3] DEBUG com.lv.adminsys.modules.dao.LvLeaveDao.selectList - <==      Total: 2
2019-11-22 20:02:42.711 [http-nio-8080-exec-5] DEBUG com.lv.adminsys.modules.dao.LvUserDao.selectOne - ==>  Preparing: SELECT lv_user_id,lv_role,lv_teacher_num,lv_user_phone,lv_user_password,lv_user_create_time,lv_user_name,lv_user_num FROM lv_user WHERE (lv_user_num = ?) 
2019-11-22 20:02:42.712 [http-nio-8080-exec-5] DEBUG com.lv.adminsys.modules.dao.LvUserDao.selectOne - ==> Parameters: 1713011332(String)
2019-11-22 20:02:42.715 [http-nio-8080-exec-5] DEBUG com.lv.adminsys.modules.dao.LvUserDao.selectOne - <==      Total: 1
2019-11-22 20:02:42.717 [http-nio-8080-exec-5] DEBUG com.lv.adminsys.modules.dao.LvLeaveDao.selectList - ==>  Preparing: SELECT lv_id,lv_relative_phone,lv_end_time_long,lv_picture,lv_reason,lv_relative_name,lv_end_time,lv_status,lv_user_num,lv_process_instance_id,lv_create_time,lv_begin_time,lv_day,lv_relative_type FROM lv_leave WHERE (lv_user_num = ?) ORDER BY lv_id DESC 
2019-11-22 20:02:42.718 [http-nio-8080-exec-5] DEBUG com.lv.adminsys.modules.dao.LvLeaveDao.selectList - ==> Parameters: 1713011332(String)
2019-11-22 20:02:42.721 [http-nio-8080-exec-5] DEBUG com.lv.adminsys.modules.dao.LvLeaveDao.selectList - <==      Total: 4
2019-11-22 20:02:48.878 [http-nio-8080-exec-4] DEBUG com.lv.adminsys.modules.dao.LvUserDao.selectOne - ==>  Preparing: SELECT lv_user_id,lv_role,lv_teacher_num,lv_user_phone,lv_user_password,lv_user_create_time,lv_user_name,lv_user_num FROM lv_user WHERE (lv_user_num = ?) 
2019-11-22 20:02:48.879 [http-nio-8080-exec-4] DEBUG com.lv.adminsys.modules.dao.LvUserDao.selectOne - ==> Parameters: 1713011332(String)
2019-11-22 20:02:48.882 [http-nio-8080-exec-4] DEBUG com.lv.adminsys.modules.dao.LvUserDao.selectOne - <==      Total: 1
2019-11-22 20:02:48.884 [http-nio-8080-exec-4] DEBUG com.lv.adminsys.modules.dao.LvLeaveDao.selectList - ==>  Preparing: SELECT lv_id,lv_relative_phone,lv_end_time_long,lv_picture,lv_reason,lv_relative_name,lv_end_time,lv_status,lv_user_num,lv_process_instance_id,lv_create_time,lv_begin_time,lv_day,lv_relative_type FROM lv_leave WHERE (lv_user_num = ? AND lv_end_time_long >= ?) ORDER BY lv_id DESC 
2019-11-22 20:02:48.885 [http-nio-8080-exec-4] DEBUG com.lv.adminsys.modules.dao.LvLeaveDao.selectList - ==> Parameters: 1713011332(String), 1574424168(String)
2019-11-22 20:02:48.887 [http-nio-8080-exec-4] DEBUG com.lv.adminsys.modules.dao.LvLeaveDao.selectList - <==      Total: 3
2019-11-22 20:03:55.361 [http-nio-8080-exec-7] DEBUG com.lv.adminsys.modules.dao.LvLeaveDao.selectList - ==>  Preparing: SELECT lv_id,lv_relative_phone,lv_end_time_long,lv_picture,lv_reason,lv_relative_name,lv_end_time,lv_status,lv_user_num,lv_process_instance_id,lv_create_time,lv_begin_time,lv_day,lv_relative_type FROM lv_leave WHERE (lv_status = ? AND lv_user_num = ?) 
2019-11-22 20:03:55.362 [http-nio-8080-exec-7] DEBUG com.lv.adminsys.modules.dao.LvLeaveDao.selectList - ==> Parameters: pass(String), 1713011332(String)
2019-11-22 20:03:55.364 [http-nio-8080-exec-7] DEBUG com.lv.adminsys.modules.dao.LvLeaveDao.selectList - <==      Total: 2
2019-11-22 20:04:56.192 [http-nio-8080-exec-9] DEBUG com.lv.adminsys.modules.dao.LvLeaveDao.selectList - ==>  Preparing: SELECT lv_id,lv_relative_phone,lv_end_time_long,lv_picture,lv_reason,lv_relative_name,lv_end_time,lv_status,lv_user_num,lv_process_instance_id,lv_create_time,lv_begin_time,lv_day,lv_relative_type FROM lv_leave WHERE (lv_status = ? AND lv_user_num = ?) 
2019-11-22 20:04:56.193 [http-nio-8080-exec-9] DEBUG com.lv.adminsys.modules.dao.LvLeaveDao.selectList - ==> Parameters: pass(String), 1713011332(String)
2019-11-22 20:04:56.198 [http-nio-8080-exec-9] DEBUG com.lv.adminsys.modules.dao.LvLeaveDao.selectList - <==      Total: 2
2019-11-22 20:09:42.088 [http-nio-8080-exec-1] DEBUG com.lv.adminsys.modules.dao.LvLeaveDao.selectList - ==>  Preparing: SELECT lv_id,lv_relative_phone,lv_end_time_long,lv_picture,lv_reason,lv_relative_name,lv_end_time,lv_status,lv_user_num,lv_process_instance_id,lv_create_time,lv_begin_time,lv_day,lv_relative_type FROM lv_leave WHERE (lv_status = ? AND lv_user_num = ?) 
2019-11-22 20:09:42.089 [http-nio-8080-exec-1] DEBUG com.lv.adminsys.modules.dao.LvLeaveDao.selectList - ==> Parameters: pass(String), 1713011332(String)
2019-11-22 20:09:42.098 [http-nio-8080-exec-1] DEBUG com.lv.adminsys.modules.dao.LvLeaveDao.selectList - <==      Total: 2
2019-11-22 20:10:09.337 [http-nio-8080-exec-1] DEBUG com.lv.adminsys.modules.dao.LvLeaveDao.selectList - ==>  Preparing: SELECT lv_id,lv_relative_phone,lv_end_time_long,lv_picture,lv_reason,lv_relative_name,lv_end_time,lv_status,lv_user_num,lv_process_instance_id,lv_create_time,lv_begin_time,lv_day,lv_relative_type FROM lv_leave WHERE (lv_status = ? AND lv_user_num = ?) 
2019-11-22 20:10:09.349 [http-nio-8080-exec-1] DEBUG com.lv.adminsys.modules.dao.LvLeaveDao.selectList - ==> Parameters: pass(String), 1713011332(String)
2019-11-22 20:10:09.363 [http-nio-8080-exec-1] DEBUG com.lv.adminsys.modules.dao.LvLeaveDao.selectList - <==      Total: 2
2019-11-22 20:10:41.473 [http-nio-8080-exec-2] DEBUG com.lv.adminsys.modules.dao.LvLeaveDao.selectList - ==>  Preparing: SELECT lv_id,lv_relative_phone,lv_end_time_long,lv_picture,lv_reason,lv_relative_name,lv_end_time,lv_status,lv_user_num,lv_process_instance_id,lv_create_time,lv_begin_time,lv_day,lv_relative_type FROM lv_leave WHERE (lv_status = ? AND lv_user_num = ?) 
2019-11-22 20:10:41.476 [http-nio-8080-exec-2] DEBUG com.lv.adminsys.modules.dao.LvLeaveDao.selectList - ==> Parameters: pass(String), 1713011332(String)
2019-11-22 20:10:41.480 [http-nio-8080-exec-2] DEBUG com.lv.adminsys.modules.dao.LvLeaveDao.selectList - <==      Total: 2
2019-11-22 20:10:54.376 [http-nio-8080-exec-4] DEBUG com.lv.adminsys.modules.dao.LvLeaveDao.selectList - ==>  Preparing: SELECT lv_id,lv_relative_phone,lv_end_time_long,lv_picture,lv_reason,lv_relative_name,lv_end_time,lv_status,lv_user_num,lv_process_instance_id,lv_create_time,lv_begin_time,lv_day,lv_relative_type FROM lv_leave WHERE (lv_status = ? AND lv_user_num = ?) 
2019-11-22 20:10:54.378 [http-nio-8080-exec-4] DEBUG com.lv.adminsys.modules.dao.LvLeaveDao.selectList - ==> Parameters: pass(String), 1713011332(String)
2019-11-22 20:10:54.381 [http-nio-8080-exec-4] DEBUG com.lv.adminsys.modules.dao.LvLeaveDao.selectList - <==      Total: 2
2019-11-22 20:11:24.479 [http-nio-8080-exec-5] DEBUG com.lv.adminsys.modules.dao.LvLeaveDao.selectList - ==>  Preparing: SELECT lv_id,lv_relative_phone,lv_end_time_long,lv_picture,lv_reason,lv_relative_name,lv_end_time,lv_status,lv_user_num,lv_process_instance_id,lv_create_time,lv_begin_time,lv_day,lv_relative_type FROM lv_leave WHERE (lv_status = ? AND lv_user_num = ?) 
2019-11-22 20:11:24.481 [http-nio-8080-exec-5] DEBUG com.lv.adminsys.modules.dao.LvLeaveDao.selectList - ==> Parameters: pass(String), 1713011332(String)
2019-11-22 20:11:24.484 [http-nio-8080-exec-5] DEBUG com.lv.adminsys.modules.dao.LvLeaveDao.selectList - <==      Total: 2
2019-11-22 20:11:45.777 [http-nio-8080-exec-6] DEBUG com.lv.adminsys.modules.dao.LvLeaveDao.selectList - ==>  Preparing: SELECT lv_id,lv_relative_phone,lv_end_time_long,lv_picture,lv_reason,lv_relative_name,lv_end_time,lv_status,lv_user_num,lv_process_instance_id,lv_create_time,lv_begin_time,lv_day,lv_relative_type FROM lv_leave WHERE (lv_status = ? AND lv_user_num = ?) 
2019-11-22 20:11:45.778 [http-nio-8080-exec-6] DEBUG com.lv.adminsys.modules.dao.LvLeaveDao.selectList - ==> Parameters: pass(String), 1713011332(String)
2019-11-22 20:11:45.782 [http-nio-8080-exec-6] DEBUG com.lv.adminsys.modules.dao.LvLeaveDao.selectList - <==      Total: 2
2019-11-22 20:12:08.102 [http-nio-8080-exec-7] DEBUG com.lv.adminsys.modules.dao.LvLeaveDao.selectList - ==>  Preparing: SELECT lv_id,lv_relative_phone,lv_end_time_long,lv_picture,lv_reason,lv_relative_name,lv_end_time,lv_status,lv_user_num,lv_process_instance_id,lv_create_time,lv_begin_time,lv_day,lv_relative_type FROM lv_leave WHERE (lv_status = ? AND lv_user_num = ?) 
2019-11-22 20:12:08.103 [http-nio-8080-exec-7] DEBUG com.lv.adminsys.modules.dao.LvLeaveDao.selectList - ==> Parameters: pass(String), 1713011332(String)
2019-11-22 20:12:08.107 [http-nio-8080-exec-7] DEBUG com.lv.adminsys.modules.dao.LvLeaveDao.selectList - <==      Total: 2
2019-11-22 20:13:13.436 [http-nio-8080-exec-9] DEBUG com.lv.adminsys.modules.dao.LvUserDao.selectOne - ==>  Preparing: SELECT lv_user_id,lv_role,lv_teacher_num,lv_user_phone,lv_user_password,lv_user_create_time,lv_user_name,lv_user_num FROM lv_user WHERE (lv_user_num = ?) 
2019-11-22 20:13:13.437 [http-nio-8080-exec-9] DEBUG com.lv.adminsys.modules.dao.LvUserDao.selectOne - ==> Parameters: 1713011332(String)
2019-11-22 20:13:13.439 [http-nio-8080-exec-9] DEBUG com.lv.adminsys.modules.dao.LvUserDao.selectOne - <==      Total: 1
2019-11-22 20:13:13.444 [http-nio-8080-exec-9] DEBUG com.lv.adminsys.modules.dao.LvLeaveDao.selectList - ==>  Preparing: SELECT lv_id,lv_relative_phone,lv_end_time_long,lv_picture,lv_reason,lv_relative_name,lv_end_time,lv_status,lv_user_num,lv_process_instance_id,lv_create_time,lv_begin_time,lv_day,lv_relative_type FROM lv_leave WHERE (lv_user_num = ?) ORDER BY lv_id DESC 
2019-11-22 20:13:13.445 [http-nio-8080-exec-9] DEBUG com.lv.adminsys.modules.dao.LvLeaveDao.selectList - ==> Parameters: 1713011332(String)
2019-11-22 20:13:13.455 [http-nio-8080-exec-9] DEBUG com.lv.adminsys.modules.dao.LvLeaveDao.selectList - <==      Total: 4
2019-11-22 20:14:06.270 [http-nio-8080-exec-10] DEBUG com.lv.adminsys.modules.dao.LvUserDao.selectOne - ==>  Preparing: SELECT lv_user_id,lv_role,lv_teacher_num,lv_user_phone,lv_user_password,lv_user_create_time,lv_user_name,lv_user_num FROM lv_user WHERE (lv_user_num = ?) 
2019-11-22 20:14:06.271 [http-nio-8080-exec-10] DEBUG com.lv.adminsys.modules.dao.LvUserDao.selectOne - ==> Parameters: 1713011332(String)
2019-11-22 20:14:06.273 [http-nio-8080-exec-10] DEBUG com.lv.adminsys.modules.dao.LvUserDao.selectOne - <==      Total: 1
2019-11-22 20:14:06.276 [http-nio-8080-exec-10] DEBUG com.lv.adminsys.modules.dao.LvLeaveDao.selectList - ==>  Preparing: SELECT lv_id,lv_relative_phone,lv_end_time_long,lv_picture,lv_reason,lv_relative_name,lv_end_time,lv_status,lv_user_num,lv_process_instance_id,lv_create_time,lv_begin_time,lv_day,lv_relative_type FROM lv_leave WHERE (lv_user_num = ? AND lv_end_time_long >= ?) ORDER BY lv_id DESC 
2019-11-22 20:14:06.277 [http-nio-8080-exec-10] DEBUG com.lv.adminsys.modules.dao.LvLeaveDao.selectList - ==> Parameters: 1713011332(String), 1574424846(String)
2019-11-22 20:14:06.281 [http-nio-8080-exec-10] DEBUG com.lv.adminsys.modules.dao.LvLeaveDao.selectList - <==      Total: 3
2019-11-22 20:14:09.343 [http-nio-8080-exec-1] DEBUG com.lv.adminsys.modules.dao.LvLeaveDao.selectList - ==>  Preparing: SELECT lv_id,lv_relative_phone,lv_end_time_long,lv_picture,lv_reason,lv_relative_name,lv_end_time,lv_status,lv_user_num,lv_process_instance_id,lv_create_time,lv_begin_time,lv_day,lv_relative_type FROM lv_leave WHERE (lv_status = ? AND lv_user_num = ?) 
2019-11-22 20:14:09.344 [http-nio-8080-exec-1] DEBUG com.lv.adminsys.modules.dao.LvLeaveDao.selectList - ==> Parameters: pass(String), 1713011332(String)
2019-11-22 20:14:09.346 [http-nio-8080-exec-1] DEBUG com.lv.adminsys.modules.dao.LvLeaveDao.selectList - <==      Total: 2
2019-11-22 20:15:33.112 [http-nio-8080-exec-2] DEBUG com.lv.adminsys.modules.dao.LvLeaveDao.selectList - ==>  Preparing: SELECT lv_id,lv_relative_phone,lv_end_time_long,lv_picture,lv_reason,lv_relative_name,lv_end_time,lv_status,lv_user_num,lv_process_instance_id,lv_create_time,lv_begin_time,lv_day,lv_relative_type FROM lv_leave WHERE (lv_status = ? AND lv_user_num = ?) 
2019-11-22 20:15:33.113 [http-nio-8080-exec-2] DEBUG com.lv.adminsys.modules.dao.LvLeaveDao.selectList - ==> Parameters: pass(String), 1713011332(String)
2019-11-22 20:15:33.115 [http-nio-8080-exec-2] DEBUG com.lv.adminsys.modules.dao.LvLeaveDao.selectList - <==      Total: 2
2019-11-22 20:17:51.552 [http-nio-8080-exec-5] DEBUG com.lv.adminsys.modules.dao.LvLeaveDao.selectList - ==>  Preparing: SELECT lv_id,lv_relative_phone,lv_end_time_long,lv_picture,lv_reason,lv_relative_name,lv_end_time,lv_status,lv_user_num,lv_process_instance_id,lv_create_time,lv_begin_time,lv_day,lv_relative_type FROM lv_leave WHERE (lv_status = ? AND lv_user_num = ?) 
2019-11-22 20:17:51.552 [http-nio-8080-exec-5] DEBUG com.lv.adminsys.modules.dao.LvLeaveDao.selectList - ==> Parameters: pass(String), 1713011332(String)
2019-11-22 20:17:51.555 [http-nio-8080-exec-5] DEBUG com.lv.adminsys.modules.dao.LvLeaveDao.selectList - <==      Total: 2
2019-11-22 20:18:51.968 [http-nio-8080-exec-7] DEBUG com.lv.adminsys.modules.dao.LvLeaveDao.selectList - ==>  Preparing: SELECT lv_id,lv_relative_phone,lv_end_time_long,lv_picture,lv_reason,lv_relative_name,lv_end_time,lv_status,lv_user_num,lv_process_instance_id,lv_create_time,lv_begin_time,lv_day,lv_relative_type FROM lv_leave WHERE (lv_status = ? AND lv_user_num = ?) 
2019-11-22 20:18:51.969 [http-nio-8080-exec-7] DEBUG com.lv.adminsys.modules.dao.LvLeaveDao.selectList - ==> Parameters: pass(String), 1713011332(String)
2019-11-22 20:18:51.971 [http-nio-8080-exec-7] DEBUG com.lv.adminsys.modules.dao.LvLeaveDao.selectList - <==      Total: 2
2019-11-22 20:22:02.322 [http-nio-8080-exec-2] DEBUG com.lv.adminsys.modules.dao.LvLeaveDao.selectList - ==>  Preparing: SELECT lv_id,lv_relative_phone,lv_end_time_long,lv_picture,lv_reason,lv_relative_name,lv_end_time,lv_status,lv_user_num,lv_process_instance_id,lv_create_time,lv_begin_time,lv_day,lv_relative_type FROM lv_leave WHERE (lv_status = ? AND lv_user_num = ?) 
2019-11-22 20:22:02.347 [http-nio-8080-exec-2] DEBUG com.lv.adminsys.modules.dao.LvLeaveDao.selectList - ==> Parameters: pass(String), 1713011332(String)
2019-11-22 20:22:02.364 [http-nio-8080-exec-2] DEBUG com.lv.adminsys.modules.dao.LvLeaveDao.selectList - <==      Total: 2
2019-11-22 20:24:19.241 [http-nio-8080-exec-1] DEBUG com.lv.adminsys.modules.dao.LvLeaveDao.selectList - ==>  Preparing: SELECT lv_id,lv_relative_phone,lv_end_time_long,lv_picture,lv_reason,lv_relative_name,lv_end_time,lv_status,lv_user_num,lv_process_instance_id,lv_create_time,lv_begin_time,lv_day,lv_relative_type FROM lv_leave WHERE (lv_status = ? AND lv_user_num = ?) 
2019-11-22 20:24:19.242 [http-nio-8080-exec-1] DEBUG com.lv.adminsys.modules.dao.LvLeaveDao.selectList - ==> Parameters: pass(String), 1713011332(String)
2019-11-22 20:24:19.250 [http-nio-8080-exec-1] DEBUG com.lv.adminsys.modules.dao.LvLeaveDao.selectList - <==      Total: 2
2019-11-22 20:24:21.283 [http-nio-8080-exec-4] DEBUG com.lv.adminsys.modules.dao.LvLeaveDao.selectOne - ==>  Preparing: SELECT lv_id,lv_relative_phone,lv_end_time_long,lv_picture,lv_reason,lv_relative_name,lv_end_time,lv_status,lv_user_num,lv_process_instance_id,lv_create_time,lv_begin_time,lv_day,lv_relative_type FROM lv_leave WHERE (lv_id = ?) 
2019-11-22 20:24:21.284 [http-nio-8080-exec-4] DEBUG com.lv.adminsys.modules.dao.LvLeaveDao.selectOne - ==> Parameters: 1574056820(String)
2019-11-22 20:24:21.289 [http-nio-8080-exec-4] DEBUG com.lv.adminsys.modules.dao.LvLeaveDao.selectOne - <==      Total: 1
2019-11-22 20:24:55.688 [http-nio-8080-exec-5] DEBUG com.lv.adminsys.modules.dao.LvLeaveDao.selectList - ==>  Preparing: SELECT lv_id,lv_relative_phone,lv_end_time_long,lv_picture,lv_reason,lv_relative_name,lv_end_time,lv_status,lv_user_num,lv_process_instance_id,lv_create_time,lv_begin_time,lv_day,lv_relative_type FROM lv_leave WHERE (lv_status = ? AND lv_user_num = ?) 
2019-11-22 20:24:55.689 [http-nio-8080-exec-5] DEBUG com.lv.adminsys.modules.dao.LvLeaveDao.selectList - ==> Parameters: pass(String), 1713011332(String)
2019-11-22 20:24:55.692 [http-nio-8080-exec-5] DEBUG com.lv.adminsys.modules.dao.LvLeaveDao.selectList - <==      Total: 2
2019-11-22 20:25:02.036 [http-nio-8080-exec-6] DEBUG com.lv.adminsys.modules.dao.LvLeaveDao.selectOne - ==>  Preparing: SELECT lv_id,lv_relative_phone,lv_end_time_long,lv_picture,lv_reason,lv_relative_name,lv_end_time,lv_status,lv_user_num,lv_process_instance_id,lv_create_time,lv_begin_time,lv_day,lv_relative_type FROM lv_leave WHERE (lv_id = ?) 
2019-11-22 20:25:02.037 [http-nio-8080-exec-6] DEBUG com.lv.adminsys.modules.dao.LvLeaveDao.selectOne - ==> Parameters: 1574056829(String)
2019-11-22 20:25:02.040 [http-nio-8080-exec-6] DEBUG com.lv.adminsys.modules.dao.LvLeaveDao.selectOne - <==      Total: 1
2019-11-22 20:32:08.229 [http-nio-8080-exec-8] DEBUG com.lv.adminsys.modules.dao.LvLeaveDao.selectList - ==>  Preparing: SELECT lv_id,lv_relative_phone,lv_end_time_long,lv_picture,lv_reason,lv_relative_name,lv_end_time,lv_status,lv_user_num,lv_process_instance_id,lv_create_time,lv_begin_time,lv_day,lv_relative_type FROM lv_leave WHERE (lv_status = ? AND lv_user_num = ?) 
2019-11-22 20:32:08.230 [http-nio-8080-exec-8] DEBUG com.lv.adminsys.modules.dao.LvLeaveDao.selectList - ==> Parameters: pass(String), 1713011332(String)
2019-11-22 20:32:08.248 [http-nio-8080-exec-8] DEBUG com.lv.adminsys.modules.dao.LvLeaveDao.selectList - <==      Total: 2
2019-11-22 20:35:42.859 [http-nio-8080-exec-10] DEBUG com.lv.adminsys.modules.dao.LvLeaveDao.selectList - ==>  Preparing: SELECT lv_id,lv_relative_phone,lv_end_time_long,lv_picture,lv_reason,lv_relative_name,lv_end_time,lv_status,lv_user_num,lv_process_instance_id,lv_create_time,lv_begin_time,lv_day,lv_relative_type FROM lv_leave WHERE (lv_status = ? AND lv_user_num = ?) 
2019-11-22 20:35:42.860 [http-nio-8080-exec-10] DEBUG com.lv.adminsys.modules.dao.LvLeaveDao.selectList - ==> Parameters: pass(String), 1713011332(String)
2019-11-22 20:35:42.863 [http-nio-8080-exec-10] DEBUG com.lv.adminsys.modules.dao.LvLeaveDao.selectList - <==      Total: 2
2019-11-22 20:36:34.670 [http-nio-8080-exec-2] DEBUG com.lv.adminsys.modules.dao.LvLeaveDao.selectList - ==>  Preparing: SELECT lv_id,lv_relative_phone,lv_end_time_long,lv_picture,lv_reason,lv_relative_name,lv_end_time,lv_status,lv_user_num,lv_process_instance_id,lv_create_time,lv_begin_time,lv_day,lv_relative_type FROM lv_leave WHERE (lv_status = ? AND lv_user_num = ?) 
2019-11-22 20:36:34.670 [http-nio-8080-exec-2] DEBUG com.lv.adminsys.modules.dao.LvLeaveDao.selectList - ==> Parameters: pass(String), 1713011332(String)
2019-11-22 20:36:34.673 [http-nio-8080-exec-2] DEBUG com.lv.adminsys.modules.dao.LvLeaveDao.selectList - <==      Total: 2
2019-11-22 20:37:23.002 [http-nio-8080-exec-3] DEBUG com.lv.adminsys.modules.dao.LvLeaveDao.selectList - ==>  Preparing: SELECT lv_id,lv_relative_phone,lv_end_time_long,lv_picture,lv_reason,lv_relative_name,lv_end_time,lv_status,lv_user_num,lv_process_instance_id,lv_create_time,lv_begin_time,lv_day,lv_relative_type FROM lv_leave WHERE (lv_status = ? AND lv_user_num = ?) 
2019-11-22 20:37:23.004 [http-nio-8080-exec-3] DEBUG com.lv.adminsys.modules.dao.LvLeaveDao.selectList - ==> Parameters: pass(String), 1713011332(String)
2019-11-22 20:37:23.011 [http-nio-8080-exec-3] DEBUG com.lv.adminsys.modules.dao.LvLeaveDao.selectList - <==      Total: 2
2019-11-22 20:37:29.558 [http-nio-8080-exec-1] DEBUG com.lv.adminsys.modules.dao.LvLeaveDao.selectOne - ==>  Preparing: SELECT lv_id,lv_relative_phone,lv_end_time_long,lv_picture,lv_reason,lv_relative_name,lv_end_time,lv_status,lv_user_num,lv_process_instance_id,lv_create_time,lv_begin_time,lv_day,lv_relative_type FROM lv_leave WHERE (lv_id = ?) 
2019-11-22 20:37:29.559 [http-nio-8080-exec-1] DEBUG com.lv.adminsys.modules.dao.LvLeaveDao.selectOne - ==> Parameters: 1574056829(String)
2019-11-22 20:37:29.564 [http-nio-8080-exec-1] DEBUG com.lv.adminsys.modules.dao.LvLeaveDao.selectOne - <==      Total: 1
2019-11-22 20:38:08.071 [http-nio-8080-exec-4] DEBUG com.lv.adminsys.modules.dao.LvLeaveDao.selectList - ==>  Preparing: SELECT lv_id,lv_relative_phone,lv_end_time_long,lv_picture,lv_reason,lv_relative_name,lv_end_time,lv_status,lv_user_num,lv_process_instance_id,lv_create_time,lv_begin_time,lv_day,lv_relative_type FROM lv_leave WHERE (lv_status = ? AND lv_user_num = ?) 
2019-11-22 20:38:08.072 [http-nio-8080-exec-4] DEBUG com.lv.adminsys.modules.dao.LvLeaveDao.selectList - ==> Parameters: pass(String), 1713011332(String)
2019-11-22 20:38:08.080 [http-nio-8080-exec-4] DEBUG com.lv.adminsys.modules.dao.LvLeaveDao.selectList - <==      Total: 2
2019-11-22 20:38:25.466 [http-nio-8080-exec-5] DEBUG com.lv.adminsys.modules.dao.LvLeaveDao.selectList - ==>  Preparing: SELECT lv_id,lv_relative_phone,lv_end_time_long,lv_picture,lv_reason,lv_relative_name,lv_end_time,lv_status,lv_user_num,lv_process_instance_id,lv_create_time,lv_begin_time,lv_day,lv_relative_type FROM lv_leave WHERE (lv_status = ? AND lv_user_num = ?) 
2019-11-22 20:38:25.466 [http-nio-8080-exec-5] DEBUG com.lv.adminsys.modules.dao.LvLeaveDao.selectList - ==> Parameters: pass(String), 1713011332(String)
2019-11-22 20:38:25.471 [http-nio-8080-exec-5] DEBUG com.lv.adminsys.modules.dao.LvLeaveDao.selectList - <==      Total: 2
2019-11-22 20:44:53.585 [http-nio-8080-exec-1] DEBUG com.lv.adminsys.modules.dao.LvLeaveDao.selectList - ==>  Preparing: SELECT lv_id,lv_relative_phone,lv_end_time_long,lv_picture,lv_reason,lv_relative_name,lv_end_time,lv_status,lv_user_num,lv_process_instance_id,lv_create_time,lv_begin_time,lv_day,lv_relative_type FROM lv_leave WHERE (lv_status = ? AND lv_user_num = ?) 
2019-11-22 20:44:53.598 [http-nio-8080-exec-1] DEBUG com.lv.adminsys.modules.dao.LvLeaveDao.selectList - ==> Parameters: pass(String), 1713011332(String)
2019-11-22 20:44:53.611 [http-nio-8080-exec-1] DEBUG com.lv.adminsys.modules.dao.LvLeaveDao.selectList - <==      Total: 2
2019-11-22 20:44:55.715 [http-nio-8080-exec-2] DEBUG com.lv.adminsys.modules.dao.LvLeaveDao.selectOne - ==>  Preparing: SELECT lv_id,lv_relative_phone,lv_end_time_long,lv_picture,lv_reason,lv_relative_name,lv_end_time,lv_status,lv_user_num,lv_process_instance_id,lv_create_time,lv_begin_time,lv_day,lv_relative_type FROM lv_leave WHERE (lv_id = ?) 
2019-11-22 20:44:55.716 [http-nio-8080-exec-2] DEBUG com.lv.adminsys.modules.dao.LvLeaveDao.selectOne - ==> Parameters: 1574056820(String)
2019-11-22 20:44:55.719 [http-nio-8080-exec-2] DEBUG com.lv.adminsys.modules.dao.LvLeaveDao.selectOne - <==      Total: 1
2019-11-22 20:45:05.262 [http-nio-8080-exec-3] DEBUG com.lv.adminsys.modules.dao.LvLeaveDao.selectOne - ==>  Preparing: SELECT lv_id,lv_relative_phone,lv_end_time_long,lv_picture,lv_reason,lv_relative_name,lv_end_time,lv_status,lv_user_num,lv_process_instance_id,lv_create_time,lv_begin_time,lv_day,lv_relative_type FROM lv_leave WHERE (lv_id = ?) 
2019-11-22 20:45:05.263 [http-nio-8080-exec-3] DEBUG com.lv.adminsys.modules.dao.LvLeaveDao.selectOne - ==> Parameters: 1574056829(String)
2019-11-22 20:45:05.266 [http-nio-8080-exec-3] DEBUG com.lv.adminsys.modules.dao.LvLeaveDao.selectOne - <==      Total: 1
2019-11-22 20:45:15.767 [http-nio-8080-exec-4] DEBUG com.lv.adminsys.modules.dao.LvLeaveDao.selectOne - ==>  Preparing: SELECT lv_id,lv_relative_phone,lv_end_time_long,lv_picture,lv_reason,lv_relative_name,lv_end_time,lv_status,lv_user_num,lv_process_instance_id,lv_create_time,lv_begin_time,lv_day,lv_relative_type FROM lv_leave WHERE (lv_id = ?) 
2019-11-22 20:45:15.768 [http-nio-8080-exec-4] DEBUG com.lv.adminsys.modules.dao.LvLeaveDao.selectOne - ==> Parameters: 1574056820(String)
2019-11-22 20:45:15.770 [http-nio-8080-exec-4] DEBUG com.lv.adminsys.modules.dao.LvLeaveDao.selectOne - <==      Total: 1
2019-11-22 21:02:52.856 [http-nio-8080-exec-6] DEBUG com.lv.adminsys.modules.dao.LvUserDao.selectOne - ==>  Preparing: SELECT lv_user_id,lv_role,lv_teacher_num,lv_user_phone,lv_user_password,lv_user_create_time,lv_user_name,lv_user_num FROM lv_user WHERE (lv_user_num = ?) 
2019-11-22 21:02:52.856 [http-nio-8080-exec-6] DEBUG com.lv.adminsys.modules.dao.LvUserDao.selectOne - ==> Parameters: 1713011332(String)
2019-11-22 21:02:52.858 [http-nio-8080-exec-6] DEBUG com.lv.adminsys.modules.dao.LvUserDao.selectOne - <==      Total: 1
2019-11-22 21:02:52.862 [http-nio-8080-exec-6] DEBUG com.lv.adminsys.modules.dao.LvLeaveDao.selectList - ==>  Preparing: SELECT lv_id,lv_relative_phone,lv_end_time_long,lv_picture,lv_reason,lv_relative_name,lv_end_time,lv_status,lv_user_num,lv_process_instance_id,lv_create_time,lv_begin_time,lv_day,lv_relative_type FROM lv_leave WHERE (lv_user_num = ? AND lv_end_time_long >= ?) ORDER BY lv_id DESC 
2019-11-22 21:02:52.863 [http-nio-8080-exec-6] DEBUG com.lv.adminsys.modules.dao.LvLeaveDao.selectList - ==> Parameters: 1713011332(String), 1574427772(String)
2019-11-22 21:02:52.865 [http-nio-8080-exec-6] DEBUG com.lv.adminsys.modules.dao.LvLeaveDao.selectList - <==      Total: 3
2019-11-22 21:11:50.032 [http-nio-8080-exec-8] DEBUG com.lv.adminsys.modules.dao.LvLeaveDao.selectList - ==>  Preparing: SELECT lv_id,lv_relative_phone,lv_end_time_long,lv_picture,lv_reason,lv_relative_name,lv_end_time,lv_status,lv_user_num,lv_process_instance_id,lv_create_time,lv_begin_time,lv_day,lv_relative_type FROM lv_leave WHERE (lv_status = ? AND lv_user_num = ?) 
2019-11-22 21:11:50.032 [http-nio-8080-exec-8] DEBUG com.lv.adminsys.modules.dao.LvLeaveDao.selectList - ==> Parameters: pass(String), 1713011332(String)
2019-11-22 21:11:50.036 [http-nio-8080-exec-8] DEBUG com.lv.adminsys.modules.dao.LvLeaveDao.selectList - <==      Total: 2
2019-11-22 21:14:45.955 [http-nio-8080-exec-10] DEBUG com.lv.adminsys.modules.dao.LvLeaveDao.selectList - ==>  Preparing: SELECT lv_id,lv_relative_phone,lv_end_time_long,lv_picture,lv_reason,lv_relative_name,lv_end_time,lv_status,lv_user_num,lv_process_instance_id,lv_create_time,lv_begin_time,lv_day,lv_relative_type FROM lv_leave WHERE (lv_status = ? AND lv_user_num = ?) 
2019-11-22 21:14:45.955 [http-nio-8080-exec-10] DEBUG com.lv.adminsys.modules.dao.LvLeaveDao.selectList - ==> Parameters: pass(String), 1713011332(String)
2019-11-22 21:14:45.957 [http-nio-8080-exec-10] DEBUG com.lv.adminsys.modules.dao.LvLeaveDao.selectList - <==      Total: 2
2019-11-22 21:14:47.587 [http-nio-8080-exec-1] DEBUG com.lv.adminsys.modules.dao.LvLeaveDao.selectOne - ==>  Preparing: SELECT lv_id,lv_relative_phone,lv_end_time_long,lv_picture,lv_reason,lv_relative_name,lv_end_time,lv_status,lv_user_num,lv_process_instance_id,lv_create_time,lv_begin_time,lv_day,lv_relative_type FROM lv_leave WHERE (lv_id = ?) 
2019-11-22 21:14:47.588 [http-nio-8080-exec-1] DEBUG com.lv.adminsys.modules.dao.LvLeaveDao.selectOne - ==> Parameters: 1574056829(String)
2019-11-22 21:14:47.590 [http-nio-8080-exec-1] DEBUG com.lv.adminsys.modules.dao.LvLeaveDao.selectOne - <==      Total: 1
2019-11-22 21:15:04.993 [http-nio-8080-exec-2] DEBUG com.lv.adminsys.modules.dao.LvLeaveDao.selectList - ==>  Preparing: SELECT lv_id,lv_relative_phone,lv_end_time_long,lv_picture,lv_reason,lv_relative_name,lv_end_time,lv_status,lv_user_num,lv_process_instance_id,lv_create_time,lv_begin_time,lv_day,lv_relative_type FROM lv_leave WHERE (lv_status = ? AND lv_user_num = ?) 
2019-11-22 21:15:04.994 [http-nio-8080-exec-2] DEBUG com.lv.adminsys.modules.dao.LvLeaveDao.selectList - ==> Parameters: pass(String), 1713011332(String)
2019-11-22 21:15:04.997 [http-nio-8080-exec-2] DEBUG com.lv.adminsys.modules.dao.LvLeaveDao.selectList - <==      Total: 2
2019-11-22 21:15:06.222 [http-nio-8080-exec-3] DEBUG com.lv.adminsys.modules.dao.LvLeaveDao.selectOne - ==>  Preparing: SELECT lv_id,lv_relative_phone,lv_end_time_long,lv_picture,lv_reason,lv_relative_name,lv_end_time,lv_status,lv_user_num,lv_process_instance_id,lv_create_time,lv_begin_time,lv_day,lv_relative_type FROM lv_leave WHERE (lv_id = ?) 
2019-11-22 21:15:06.223 [http-nio-8080-exec-3] DEBUG com.lv.adminsys.modules.dao.LvLeaveDao.selectOne - ==> Parameters: 1574056829(String)
2019-11-22 21:15:06.228 [http-nio-8080-exec-3] DEBUG com.lv.adminsys.modules.dao.LvLeaveDao.selectOne - <==      Total: 1
2019-11-22 21:20:31.445 [http-nio-8080-exec-5] DEBUG com.lv.adminsys.modules.dao.LvLeaveDao.selectList - ==>  Preparing: SELECT lv_id,lv_relative_phone,lv_end_time_long,lv_picture,lv_reason,lv_relative_name,lv_end_time,lv_status,lv_user_num,lv_process_instance_id,lv_create_time,lv_begin_time,lv_day,lv_relative_type FROM lv_leave WHERE (lv_status = ? AND lv_user_num = ?) 
2019-11-22 21:20:31.445 [http-nio-8080-exec-5] DEBUG com.lv.adminsys.modules.dao.LvLeaveDao.selectList - ==> Parameters: pass(String), 1713011332(String)
2019-11-22 21:20:31.448 [http-nio-8080-exec-5] DEBUG com.lv.adminsys.modules.dao.LvLeaveDao.selectList - <==      Total: 2
2019-11-22 21:20:32.874 [http-nio-8080-exec-6] DEBUG com.lv.adminsys.modules.dao.LvLeaveDao.selectOne - ==>  Preparing: SELECT lv_id,lv_relative_phone,lv_end_time_long,lv_picture,lv_reason,lv_relative_name,lv_end_time,lv_status,lv_user_num,lv_process_instance_id,lv_create_time,lv_begin_time,lv_day,lv_relative_type FROM lv_leave WHERE (lv_id = ?) 
2019-11-22 21:20:32.875 [http-nio-8080-exec-6] DEBUG com.lv.adminsys.modules.dao.LvLeaveDao.selectOne - ==> Parameters: 1574056829(String)
2019-11-22 21:20:32.878 [http-nio-8080-exec-6] DEBUG com.lv.adminsys.modules.dao.LvLeaveDao.selectOne - <==      Total: 1
2019-11-22 21:20:48.439 [http-nio-8080-exec-7] DEBUG com.lv.adminsys.modules.dao.LvLeaveDao.selectList - ==>  Preparing: SELECT lv_id,lv_relative_phone,lv_end_time_long,lv_picture,lv_reason,lv_relative_name,lv_end_time,lv_status,lv_user_num,lv_process_instance_id,lv_create_time,lv_begin_time,lv_day,lv_relative_type FROM lv_leave WHERE (lv_status = ? AND lv_user_num = ?) 
2019-11-22 21:20:48.440 [http-nio-8080-exec-7] DEBUG com.lv.adminsys.modules.dao.LvLeaveDao.selectList - ==> Parameters: pass(String), 1713011332(String)
2019-11-22 21:20:48.442 [http-nio-8080-exec-7] DEBUG com.lv.adminsys.modules.dao.LvLeaveDao.selectList - <==      Total: 2
2019-11-22 21:20:49.666 [http-nio-8080-exec-8] DEBUG com.lv.adminsys.modules.dao.LvLeaveDao.selectOne - ==>  Preparing: SELECT lv_id,lv_relative_phone,lv_end_time_long,lv_picture,lv_reason,lv_relative_name,lv_end_time,lv_status,lv_user_num,lv_process_instance_id,lv_create_time,lv_begin_time,lv_day,lv_relative_type FROM lv_leave WHERE (lv_id = ?) 
2019-11-22 21:20:49.667 [http-nio-8080-exec-8] DEBUG com.lv.adminsys.modules.dao.LvLeaveDao.selectOne - ==> Parameters: 1574056820(String)
2019-11-22 21:20:49.669 [http-nio-8080-exec-8] DEBUG com.lv.adminsys.modules.dao.LvLeaveDao.selectOne - <==      Total: 1
2019-11-22 21:44:25.500 [http-nio-8080-exec-3] DEBUG com.lv.adminsys.modules.dao.LvUserDao.selectOne - ==>  Preparing: SELECT lv_user_id,lv_role,lv_teacher_num,lv_user_phone,lv_user_password,lv_user_create_time,lv_user_name,lv_user_num FROM lv_user WHERE (lv_user_num = ?) 
2019-11-22 21:44:25.521 [http-nio-8080-exec-3] DEBUG com.lv.adminsys.modules.dao.LvUserDao.selectOne - ==> Parameters: 1713011332(String)
2019-11-22 21:44:25.539 [http-nio-8080-exec-3] DEBUG com.lv.adminsys.modules.dao.LvUserDao.selectOne - <==      Total: 1
2019-11-22 21:44:25.565 [http-nio-8080-exec-3] DEBUG com.lv.adminsys.modules.dao.LvLeaveDao.insert - ==>  Preparing: INSERT INTO lv_leave ( lv_id, lv_relative_phone, lv_length, lv_end_time_long, lv_reason, lv_relative_name, lv_end_time, lv_user_num, lv_create_time, lv_begin_time, lv_relative_type ) VALUES ( ?, ?, ?, ?, ?, ?, ?, ?, ?, ?, ? ) 
2019-11-22 21:44:25.567 [http-nio-8080-exec-3] DEBUG com.lv.adminsys.modules.dao.LvLeaveDao.insert - ==> Parameters: 1574430265(String), 15383466853(String), (String), 1574672810(String), (String), (String), 2019-11-25 17:06:50(String), 1713011332(String), 2019-11-22(String), 2019-11-16 17:06:50(String), (String)
2019-11-22 21:45:18.174 [http-nio-8080-exec-2] DEBUG com.lv.adminsys.modules.dao.LvUserDao.selectOne - ==>  Preparing: SELECT lv_user_id,lv_role,lv_teacher_num,lv_user_phone,lv_user_password,lv_user_create_time,lv_user_name,lv_user_num FROM lv_user WHERE (lv_user_num = ?) 
2019-11-22 21:45:18.190 [http-nio-8080-exec-2] DEBUG com.lv.adminsys.modules.dao.LvUserDao.selectOne - ==> Parameters: 1713011332(String)
2019-11-22 21:45:18.216 [http-nio-8080-exec-2] DEBUG com.lv.adminsys.modules.dao.LvUserDao.selectOne - <==      Total: 1
2019-11-22 21:45:18.241 [http-nio-8080-exec-2] DEBUG com.lv.adminsys.modules.dao.LvLeaveDao.insert - ==>  Preparing: INSERT INTO lv_leave ( lv_id, lv_relative_phone, lv_length, lv_end_time_long, lv_reason, lv_relative_name, lv_end_time, lv_user_num, lv_create_time, lv_begin_time, lv_relative_type ) VALUES ( ?, ?, ?, ?, ?, ?, ?, ?, ?, ?, ? ) 
2019-11-22 21:45:18.243 [http-nio-8080-exec-2] DEBUG com.lv.adminsys.modules.dao.LvLeaveDao.insert - ==> Parameters: 1574430318(String), 15383466853(String), (String), 1574672810(String), (String), (String), 2019-11-25 17:06:50(String), 1713011332(String), 2019-11-22(String), 2019-11-16 17:06:50(String), (String)
2019-11-22 21:47:11.990 [http-nio-8080-exec-3] DEBUG com.lv.adminsys.modules.dao.LvUserDao.selectOne - ==>  Preparing: SELECT lv_user_id,lv_role,lv_teacher_num,lv_user_phone,lv_user_password,lv_user_create_time,lv_user_name,lv_user_num FROM lv_user WHERE (lv_user_num = ?) 
2019-11-22 21:47:12.012 [http-nio-8080-exec-3] DEBUG com.lv.adminsys.modules.dao.LvUserDao.selectOne - ==> Parameters: 1713011332(String)
2019-11-22 21:47:12.031 [http-nio-8080-exec-3] DEBUG com.lv.adminsys.modules.dao.LvUserDao.selectOne - <==      Total: 1
2019-11-22 21:47:12.089 [http-nio-8080-exec-3] DEBUG com.lv.adminsys.modules.dao.LvLeaveDao.insert - ==>  Preparing: INSERT INTO lv_leave ( lv_id, lv_relative_phone, lv_length, lv_end_time_long, lv_reason, lv_relative_name, lv_end_time, lv_user_num, lv_create_time, lv_begin_time, lv_relative_type ) VALUES ( ?, ?, ?, ?, ?, ?, ?, ?, ?, ?, ? ) 
2019-11-22 21:47:12.095 [http-nio-8080-exec-3] DEBUG com.lv.adminsys.modules.dao.LvLeaveDao.insert - ==> Parameters: 1574430432(String), 15383466853(String), (String), 1574672810(String), (String), (String), 2019-11-25 17:06:50(String), 1713011332(String), 2019-11-22(String), 2019-11-16 17:06:50(String), (String)
2019-11-22 21:48:19.557 [http-nio-8080-exec-3] DEBUG com.lv.adminsys.modules.dao.LvUserDao.selectOne - ==>  Preparing: SELECT lv_user_id,lv_role,lv_teacher_num,lv_user_phone,lv_user_password,lv_user_create_time,lv_user_name,lv_user_num FROM lv_user WHERE (lv_user_num = ?) 
2019-11-22 21:48:19.583 [http-nio-8080-exec-3] DEBUG com.lv.adminsys.modules.dao.LvUserDao.selectOne - ==> Parameters: 1713011332(String)
2019-11-22 21:48:19.605 [http-nio-8080-exec-3] DEBUG com.lv.adminsys.modules.dao.LvUserDao.selectOne - <==      Total: 1
2019-11-22 21:48:19.631 [http-nio-8080-exec-3] DEBUG com.lv.adminsys.modules.dao.LvLeaveDao.insert - ==>  Preparing: INSERT INTO lv_leave ( lv_id, lv_relative_phone, lv_length, lv_end_time_long, lv_reason, lv_relative_name, lv_end_time, lv_user_num, lv_create_time, lv_begin_time, lv_relative_type ) VALUES ( ?, ?, ?, ?, ?, ?, ?, ?, ?, ?, ? ) 
2019-11-22 21:48:19.634 [http-nio-8080-exec-3] DEBUG com.lv.adminsys.modules.dao.LvLeaveDao.insert - ==> Parameters: 1574430499(String), 15383466853(String), (String), 1574672810(String), (String), (String), 2019-11-25 17:06:50(String), 1713011332(String), 2019-11-22(String), 2019-11-16 17:06:50(String), (String)
2019-11-22 21:49:24.306 [http-nio-8080-exec-3] DEBUG com.lv.adminsys.modules.dao.LvUserDao.selectOne - ==>  Preparing: SELECT lv_user_id,lv_role,lv_teacher_num,lv_user_phone,lv_user_password,lv_user_create_time,lv_user_name,lv_user_num FROM lv_user WHERE (lv_user_num = ?) 
2019-11-22 21:49:24.336 [http-nio-8080-exec-3] DEBUG com.lv.adminsys.modules.dao.LvUserDao.selectOne - ==> Parameters: 1713011332(String)
2019-11-22 21:49:24.358 [http-nio-8080-exec-3] DEBUG com.lv.adminsys.modules.dao.LvUserDao.selectOne - <==      Total: 1
2019-11-22 21:49:24.383 [http-nio-8080-exec-3] DEBUG com.lv.adminsys.modules.dao.LvLeaveDao.insert - ==>  Preparing: INSERT INTO lv_leave ( lv_id, lv_relative_phone, lv_length, lv_end_time_long, lv_reason, lv_relative_name, lv_end_time, lv_user_num, lv_create_time, lv_begin_time, lv_relative_type ) VALUES ( ?, ?, ?, ?, ?, ?, ?, ?, ?, ?, ? ) 
2019-11-22 21:49:24.385 [http-nio-8080-exec-3] DEBUG com.lv.adminsys.modules.dao.LvLeaveDao.insert - ==> Parameters: 1574430564(String), 15383466853(String), (String), 1574672810(String), (String), (String), 2019-11-25 17:06:50(String), 1713011332(String), 2019-11-22(String), 2019-11-16 17:06:50(String), (String)
2019-11-22 21:50:20.287 [http-nio-8080-exec-3] DEBUG com.lv.adminsys.modules.dao.LvUserDao.selectOne - ==>  Preparing: SELECT lv_user_id,lv_role,lv_teacher_num,lv_user_phone,lv_user_password,lv_user_create_time,lv_user_name,lv_user_num FROM lv_user WHERE (lv_user_num = ?) 
2019-11-22 21:50:20.329 [http-nio-8080-exec-3] DEBUG com.lv.adminsys.modules.dao.LvUserDao.selectOne - ==> Parameters: 1713011332(String)
2019-11-22 21:50:20.357 [http-nio-8080-exec-3] DEBUG com.lv.adminsys.modules.dao.LvUserDao.selectOne - <==      Total: 1
2019-11-22 21:50:20.386 [http-nio-8080-exec-3] DEBUG com.lv.adminsys.modules.dao.LvLeaveDao.insert - ==>  Preparing: INSERT INTO lv_leave ( lv_id, lv_relative_phone, lv_length, lv_end_time_long, lv_reason, lv_relative_name, lv_end_time, lv_user_num, lv_create_time, lv_begin_time, lv_relative_type ) VALUES ( ?, ?, ?, ?, ?, ?, ?, ?, ?, ?, ? ) 
2019-11-22 21:50:20.398 [http-nio-8080-exec-3] DEBUG com.lv.adminsys.modules.dao.LvLeaveDao.insert - ==> Parameters: 1574430620(String), 15383466853(String), (String), 1574672810(String), (String), (String), 2019-11-25 17:06:50(String), 1713011332(String), 2019-11-22(String), 2019-11-16 17:06:50(String), (String)
2019-11-22 21:50:55.717 [http-nio-8080-exec-4] DEBUG com.lv.adminsys.modules.dao.LvUserDao.selectOne - ==>  Preparing: SELECT lv_user_id,lv_role,lv_teacher_num,lv_user_phone,lv_user_password,lv_user_create_time,lv_user_name,lv_user_num FROM lv_user WHERE (lv_user_num = ?) 
2019-11-22 21:50:55.718 [http-nio-8080-exec-4] DEBUG com.lv.adminsys.modules.dao.LvUserDao.selectOne - ==> Parameters: 1713011332(String)
2019-11-22 21:50:55.727 [http-nio-8080-exec-4] DEBUG com.lv.adminsys.modules.dao.LvUserDao.selectOne - <==      Total: 1
2019-11-22 21:50:55.731 [http-nio-8080-exec-4] DEBUG com.lv.adminsys.modules.dao.LvLeaveDao.insert - ==>  Preparing: INSERT INTO lv_leave ( lv_id, lv_relative_phone, lv_length, lv_end_time_long, lv_reason, lv_relative_name, lv_end_time, lv_user_num, lv_create_time, lv_begin_time, lv_relative_type ) VALUES ( ?, ?, ?, ?, ?, ?, ?, ?, ?, ?, ? ) 
2019-11-22 21:50:55.737 [http-nio-8080-exec-4] DEBUG com.lv.adminsys.modules.dao.LvLeaveDao.insert - ==> Parameters: 1574430655(String), 15383466853(String), (String), 1574672810(String), (String), (String), 2019-11-25 17:06:50(String), 1713011332(String), 2019-11-22(String), 2019-11-16 17:06:50(String), (String)
2019-11-22 21:50:55.739 [http-nio-8080-exec-4] DEBUG com.lv.adminsys.modules.dao.LvLeaveDao.insert - <==    Updates: 1
2019-11-22 21:50:56.873 [http-nio-8080-exec-4] DEBUG com.lv.adminsys.modules.dao.LvLeaveDao.selectOne - ==>  Preparing: SELECT lv_id,lv_relative_phone,lv_length,lv_end_time_long,lv_picture,lv_reason,lv_relative_name,lv_end_time,lv_status,lv_user_num,lv_process_instance_id,lv_create_time,lv_apply_detail,lv_begin_time,lv_relative_type FROM lv_leave WHERE (lv_id = ?) 
2019-11-22 21:50:56.875 [http-nio-8080-exec-4] DEBUG com.lv.adminsys.modules.dao.LvLeaveDao.selectOne - ==> Parameters: 1574430655(String)
2019-11-22 21:50:56.882 [http-nio-8080-exec-4] DEBUG com.lv.adminsys.modules.dao.LvLeaveDao.selectOne - <==      Total: 1
2019-11-22 21:50:56.890 [http-nio-8080-exec-4] DEBUG com.lv.adminsys.modules.dao.LvLeaveDao.updateById - ==>  Preparing: UPDATE lv_leave SET lv_relative_phone=?, lv_length=?, lv_end_time_long=?, lv_reason=?, lv_relative_name=?, lv_end_time=?, lv_status=?, lv_user_num=?, lv_create_time=?, lv_begin_time=?, lv_relative_type=? WHERE lv_id=? 
2019-11-22 21:50:56.895 [http-nio-8080-exec-4] DEBUG com.lv.adminsys.modules.dao.LvLeaveDao.updateById - ==> Parameters: 15383466853(String), (String), 1574672810(String), (String), (String), 2019-11-25 17:06:50(String), ing(String), 1713011332(String), 2019-11-22(String), 2019-11-16 17:06:50(String), (String), 1574430655(String)
2019-11-22 21:50:56.898 [http-nio-8080-exec-4] DEBUG com.lv.adminsys.modules.dao.LvLeaveDao.updateById - <==    Updates: 1
2019-11-22 21:50:56.903 [http-nio-8080-exec-4] DEBUG com.lv.adminsys.modules.dao.LvLeaveDao.selectOne - ==>  Preparing: SELECT lv_id,lv_relative_phone,lv_length,lv_end_time_long,lv_picture,lv_reason,lv_relative_name,lv_end_time,lv_status,lv_user_num,lv_process_instance_id,lv_create_time,lv_apply_detail,lv_begin_time,lv_relative_type FROM lv_leave WHERE (lv_id = ?) 
2019-11-22 21:50:56.904 [http-nio-8080-exec-4] DEBUG com.lv.adminsys.modules.dao.LvLeaveDao.selectOne - ==> Parameters: 1574430655(String)
2019-11-22 21:50:56.906 [http-nio-8080-exec-4] DEBUG com.lv.adminsys.modules.dao.LvLeaveDao.selectOne - <==      Total: 1
2019-11-22 21:50:56.909 [http-nio-8080-exec-4] DEBUG com.lv.adminsys.modules.dao.LvUserDao.selectOne - ==>  Preparing: SELECT lv_user_id,lv_role,lv_teacher_num,lv_user_phone,lv_user_password,lv_user_create_time,lv_user_name,lv_user_num FROM lv_user WHERE (lv_user_num = ?) 
2019-11-22 21:50:56.910 [http-nio-8080-exec-4] DEBUG com.lv.adminsys.modules.dao.LvUserDao.selectOne - ==> Parameters: 1713011332(String)
2019-11-22 21:50:56.914 [http-nio-8080-exec-4] DEBUG com.lv.adminsys.modules.dao.LvUserDao.selectOne - <==      Total: 1
2019-11-22 21:50:57.451 [http-nio-8080-exec-4] DEBUG com.lv.adminsys.modules.dao.LvLeaveDao.selectById - ==>  Preparing: SELECT lv_id,lv_relative_phone,lv_length,lv_end_time_long,lv_picture,lv_reason,lv_relative_name,lv_end_time,lv_status,lv_user_num,lv_process_instance_id,lv_create_time,lv_apply_detail,lv_begin_time,lv_relative_type FROM lv_leave WHERE lv_id=? 
2019-11-22 21:50:57.451 [http-nio-8080-exec-4] DEBUG com.lv.adminsys.modules.dao.LvLeaveDao.selectById - ==> Parameters: 1574430655(String)
2019-11-22 21:50:57.453 [http-nio-8080-exec-4] DEBUG com.lv.adminsys.modules.dao.LvLeaveDao.selectById - <==      Total: 1
2019-11-22 21:50:57.456 [http-nio-8080-exec-4] DEBUG com.lv.adminsys.modules.dao.LvLeaveDao.updateById - ==>  Preparing: UPDATE lv_leave SET lv_relative_phone=?, lv_length=?, lv_end_time_long=?, lv_reason=?, lv_relative_name=?, lv_end_time=?, lv_status=?, lv_user_num=?, lv_process_instance_id=?, lv_create_time=?, lv_begin_time=?, lv_relative_type=? WHERE lv_id=? 
2019-11-22 21:50:57.458 [http-nio-8080-exec-4] DEBUG com.lv.adminsys.modules.dao.LvLeaveDao.updateById - ==> Parameters: 15383466853(String), (String), 1574672810(String), (String), (String), 2019-11-25 17:06:50(String), ing(String), 1713011332(String), 117501(String), 2019-11-22(String), 2019-11-16 17:06:50(String), (String), 1574430655(String)
2019-11-22 21:50:57.462 [http-nio-8080-exec-4] DEBUG com.lv.adminsys.modules.dao.LvLeaveDao.updateById - <==    Updates: 1
