2019-11-15 19:12:45.706 [http-nio-8080-exec-2] DEBUG com.lv.adminsys.modules.dao.LvUserDao.selectOne - ==>  Preparing: SELECT lv_user_id,lv_teacher_num,lv_user_phone,lv_user_role,lv_user_password,lv_user_create_time,lv_user_name,lv_user_num FROM lv_user WHERE (lv_user_num = ?) 
2019-11-15 19:12:45.775 [http-nio-8080-exec-2] DEBUG com.lv.adminsys.modules.dao.LvUserDao.selectOne - ==> Parameters: 1713011331(String)
2019-11-15 19:15:12.561 [http-nio-8080-exec-4] DEBUG com.lv.adminsys.modules.dao.LvUserDao.selectOne - ==>  Preparing: SELECT lv_user_id,lv_teacher_num,lv_user_phone,lv_user_role,lv_user_password,lv_user_create_time,lv_user_name,lv_user_num FROM lv_user WHERE (lv_user_num = ?) 
2019-11-15 19:15:12.564 [http-nio-8080-exec-4] DEBUG com.lv.adminsys.modules.dao.LvUserDao.selectOne - ==> Parameters: 1713011331(String)
2019-11-15 19:15:12.575 [http-nio-8080-exec-4] DEBUG com.lv.adminsys.modules.dao.LvUserDao.selectOne - <==      Total: 0
2019-11-15 19:15:58.990 [http-nio-8080-exec-5] DEBUG com.lv.adminsys.modules.dao.LvUserDao.selectOne - ==>  Preparing: SELECT lv_user_id,lv_teacher_num,lv_user_phone,lv_user_role,lv_user_password,lv_user_create_time,lv_user_name,lv_user_num FROM lv_user WHERE (lv_user_num = ?) 
2019-11-15 19:15:58.998 [http-nio-8080-exec-5] DEBUG com.lv.adminsys.modules.dao.LvUserDao.selectOne - ==> Parameters: 1713011331(String)
2019-11-15 19:15:59.007 [http-nio-8080-exec-5] DEBUG com.lv.adminsys.modules.dao.LvUserDao.selectOne - <==      Total: 1
2019-11-15 19:15:59.095 [http-nio-8080-exec-5] DEBUG com.lv.adminsys.modules.dao.LvLeaveDao.insert - ==>  Preparing: INSERT INTO lv_table ( lv_id, lv_relative_phone, lv_picture, lv_reason, lv_relative_name, lv_end_time, lv_status, lv_user_num, lv_process_instance_id, lv_create_time, lv_begin_time, lv_day, lv_relative_type ) VALUES ( ?, ?, ?, ?, ?, ?, ?, ?, ?, ?, ?, ?, ? ) 
2019-11-15 19:15:59.097 [http-nio-8080-exec-5] DEBUG com.lv.adminsys.modules.dao.LvLeaveDao.insert - ==> Parameters: 1573816559(String), 44444444(String), (String), 比赛(String), xxx(String), 2019-1-13(String), ing(String), 1713011331(String), (String), 2019-01-12(String), 2019-01-12(String), 1(Integer), 父亲(String)
2019-11-15 19:17:16.706 [http-nio-8080-exec-2] DEBUG com.lv.adminsys.modules.dao.LvUserDao.selectOne - ==>  Preparing: SELECT lv_user_id,lv_teacher_num,lv_user_phone,lv_user_role,lv_user_password,lv_user_create_time,lv_user_name,lv_user_num FROM lv_user WHERE (lv_user_num = ?) 
2019-11-15 19:17:16.729 [http-nio-8080-exec-2] DEBUG com.lv.adminsys.modules.dao.LvUserDao.selectOne - ==> Parameters: 1713011331(String)
2019-11-15 19:17:16.786 [http-nio-8080-exec-2] DEBUG com.lv.adminsys.modules.dao.LvUserDao.selectOne - <==      Total: 1
2019-11-15 19:17:16.826 [http-nio-8080-exec-2] DEBUG com.lv.adminsys.modules.dao.LvLeaveDao.insert - ==>  Preparing: INSERT INTO lv_leave ( lv_id, lv_relative_phone, lv_picture, lv_reason, lv_relative_name, lv_end_time, lv_status, lv_user_num, lv_process_instance_id, lv_create_time, lv_begin_time, lv_day, lv_relative_type ) VALUES ( ?, ?, ?, ?, ?, ?, ?, ?, ?, ?, ?, ?, ? ) 
2019-11-15 19:17:16.834 [http-nio-8080-exec-2] DEBUG com.lv.adminsys.modules.dao.LvLeaveDao.insert - ==> Parameters: 1573816636(String), 44444444(String), (String), 比赛(String), xxx(String), 2019-1-13(String), ing(String), 1713011331(String), (String), 2019-01-12(String), 2019-01-12(String), 1(Integer), 父亲(String)
2019-11-15 19:17:58.027 [http-nio-8080-exec-4] DEBUG com.lv.adminsys.modules.dao.LvUserDao.selectOne - ==>  Preparing: SELECT lv_user_id,lv_teacher_num,lv_user_phone,lv_user_role,lv_user_password,lv_user_create_time,lv_user_name,lv_user_num FROM lv_user WHERE (lv_user_num = ?) 
2019-11-15 19:17:58.029 [http-nio-8080-exec-4] DEBUG com.lv.adminsys.modules.dao.LvUserDao.selectOne - ==> Parameters: 1713011331(String)
2019-11-15 19:17:58.034 [http-nio-8080-exec-4] DEBUG com.lv.adminsys.modules.dao.LvUserDao.selectOne - <==      Total: 1
2019-11-15 19:17:58.039 [http-nio-8080-exec-4] DEBUG com.lv.adminsys.modules.dao.LvLeaveDao.insert - ==>  Preparing: INSERT INTO lv_leave ( lv_id, lv_relative_phone, lv_picture, lv_reason, lv_relative_name, lv_end_time, lv_status, lv_user_num, lv_process_instance_id, lv_create_time, lv_begin_time, lv_day, lv_relative_type ) VALUES ( ?, ?, ?, ?, ?, ?, ?, ?, ?, ?, ?, ?, ? ) 
2019-11-15 19:17:58.050 [http-nio-8080-exec-4] DEBUG com.lv.adminsys.modules.dao.LvLeaveDao.insert - ==> Parameters: 1573816678(String), 44444444(String), (String), 比赛(String), xxx(String), 2019-1-13(String), ing(String), 1713011331(String), (String), 2019-01-12(String), 2019-01-12(String), 1(Integer), 父亲(String)
2019-11-15 19:17:58.052 [http-nio-8080-exec-4] DEBUG com.lv.adminsys.modules.dao.LvLeaveDao.insert - <==    Updates: 1
2019-11-15 19:17:58.435 [http-nio-8080-exec-4] DEBUG com.lv.adminsys.modules.dao.LvLeaveDao.selectOne - ==>  Preparing: SELECT lv_id,lv_relative_phone,lv_picture,lv_reason,lv_relative_name,lv_end_time,lv_status,lv_user_num,lv_process_instance_id,lv_create_time,lv_begin_time,lv_day,lv_relative_type FROM lv_leave WHERE (lv_id = ?) 
2019-11-15 19:17:58.436 [http-nio-8080-exec-4] DEBUG com.lv.adminsys.modules.dao.LvLeaveDao.selectOne - ==> Parameters: 1573816678(String)
2019-11-15 19:17:58.442 [http-nio-8080-exec-4] DEBUG com.lv.adminsys.modules.dao.LvLeaveDao.selectOne - <==      Total: 1
2019-11-15 19:17:58.471 [http-nio-8080-exec-4] DEBUG com.lv.adminsys.modules.dao.LvLeaveDao.updateById - ==>  Preparing: UPDATE lv_leave SET lv_relative_phone=?, lv_picture=?, lv_reason=?, lv_relative_name=?, lv_end_time=?, lv_status=?, lv_user_num=?, lv_process_instance_id=?, lv_create_time=?, lv_begin_time=?, lv_day=?, lv_relative_type=? WHERE lv_id=? 
2019-11-15 19:17:58.477 [http-nio-8080-exec-4] DEBUG com.lv.adminsys.modules.dao.LvLeaveDao.updateById - ==> Parameters: 44444444(String), (String), 比赛(String), xxx(String), 2019-1-13(String), ing(String), 1713011331(String), (String), 2019-01-12(String), 2019-01-12(String), 1(Integer), 父亲(String), 1573816678(String)
2019-11-15 19:17:58.485 [http-nio-8080-exec-4] DEBUG com.lv.adminsys.modules.dao.LvLeaveDao.updateById - <==    Updates: 1
2019-11-15 19:17:59.186 [http-nio-8080-exec-4] DEBUG com.lv.adminsys.modules.dao.LvLeaveDao.selectById - ==>  Preparing: SELECT lv_id,lv_relative_phone,lv_picture,lv_reason,lv_relative_name,lv_end_time,lv_status,lv_user_num,lv_process_instance_id,lv_create_time,lv_begin_time,lv_day,lv_relative_type FROM lv_leave WHERE lv_id=? 
2019-11-15 19:17:59.187 [http-nio-8080-exec-4] DEBUG com.lv.adminsys.modules.dao.LvLeaveDao.selectById - ==> Parameters: 7501(String)
2019-11-15 19:17:59.193 [http-nio-8080-exec-4] DEBUG com.lv.adminsys.modules.dao.LvLeaveDao.selectById - <==      Total: 0
2019-11-15 19:23:57.559 [http-nio-8080-exec-3] DEBUG com.lv.adminsys.modules.dao.LvUserDao.selectOne - ==>  Preparing: SELECT lv_user_id,lv_teacher_num,lv_user_phone,lv_user_role,lv_user_password,lv_user_create_time,lv_user_name,lv_user_num FROM lv_user WHERE (lv_user_num = ?) 
2019-11-15 19:23:57.579 [http-nio-8080-exec-3] DEBUG com.lv.adminsys.modules.dao.LvUserDao.selectOne - ==> Parameters: 1713011331(String)
2019-11-15 19:23:57.598 [http-nio-8080-exec-3] DEBUG com.lv.adminsys.modules.dao.LvUserDao.selectOne - <==      Total: 1
2019-11-15 19:23:57.616 [http-nio-8080-exec-3] DEBUG com.lv.adminsys.modules.dao.LvLeaveDao.insert - ==>  Preparing: INSERT INTO lv_leave ( lv_id, lv_relative_phone, lv_reason, lv_relative_name, lv_end_time, lv_user_num, lv_create_time, lv_begin_time, lv_day, lv_relative_type ) VALUES ( ?, ?, ?, ?, ?, ?, ?, ?, ?, ? ) 
2019-11-15 19:23:57.620 [http-nio-8080-exec-3] DEBUG com.lv.adminsys.modules.dao.LvLeaveDao.insert - ==> Parameters: 1573817037(String), 44444444(String), 比赛(String), xxx(String), 2019-1-13(String), 1713011331(String), 2019-01-12(String), 2019-01-12(String), 1(Integer), 父亲(String)
2019-11-15 19:23:57.622 [http-nio-8080-exec-3] DEBUG com.lv.adminsys.modules.dao.LvLeaveDao.insert - <==    Updates: 1
2019-11-15 19:23:57.952 [http-nio-8080-exec-3] DEBUG com.lv.adminsys.modules.dao.LvLeaveDao.selectOne - ==>  Preparing: SELECT lv_id,lv_relative_phone,lv_picture,lv_reason,lv_relative_name,lv_end_time,lv_status,lv_user_num,lv_process_instance_id,lv_create_time,lv_begin_time,lv_day,lv_relative_type FROM lv_leave WHERE (lv_id = ?) 
2019-11-15 19:23:57.953 [http-nio-8080-exec-3] DEBUG com.lv.adminsys.modules.dao.LvLeaveDao.selectOne - ==> Parameters: 1573817037(String)
2019-11-15 19:23:57.958 [http-nio-8080-exec-3] DEBUG com.lv.adminsys.modules.dao.LvLeaveDao.selectOne - <==      Total: 1
2019-11-15 19:23:57.967 [http-nio-8080-exec-3] DEBUG com.lv.adminsys.modules.dao.LvLeaveDao.updateById - ==>  Preparing: UPDATE lv_leave SET lv_relative_phone=?, lv_reason=?, lv_relative_name=?, lv_end_time=?, lv_status=?, lv_user_num=?, lv_create_time=?, lv_begin_time=?, lv_day=?, lv_relative_type=? WHERE lv_id=? 
2019-11-15 19:23:57.970 [http-nio-8080-exec-3] DEBUG com.lv.adminsys.modules.dao.LvLeaveDao.updateById - ==> Parameters: 44444444(String), 比赛(String), xxx(String), 2019-1-13(String), ing(String), 1713011331(String), 2019-01-12(String), 2019-01-12(String), 1(Integer), 父亲(String), 1573817037(String)
2019-11-15 19:23:57.972 [http-nio-8080-exec-3] DEBUG com.lv.adminsys.modules.dao.LvLeaveDao.updateById - <==    Updates: 1
2019-11-15 19:23:58.911 [http-nio-8080-exec-3] DEBUG com.lv.adminsys.modules.dao.LvLeaveDao.selectById - ==>  Preparing: SELECT lv_id,lv_relative_phone,lv_picture,lv_reason,lv_relative_name,lv_end_time,lv_status,lv_user_num,lv_process_instance_id,lv_create_time,lv_begin_time,lv_day,lv_relative_type FROM lv_leave WHERE lv_id=? 
2019-11-15 19:23:58.912 [http-nio-8080-exec-3] DEBUG com.lv.adminsys.modules.dao.LvLeaveDao.selectById - ==> Parameters: 10001(String)
2019-11-15 19:23:58.914 [http-nio-8080-exec-3] DEBUG com.lv.adminsys.modules.dao.LvLeaveDao.selectById - <==      Total: 0
2019-11-15 19:30:01.266 [http-nio-8080-exec-3] DEBUG com.lv.adminsys.modules.dao.LvUserDao.selectOne - ==>  Preparing: SELECT lv_user_id,lv_teacher_num,lv_user_phone,lv_user_role,lv_user_password,lv_user_create_time,lv_user_name,lv_user_num FROM lv_user WHERE (lv_user_num = ?) 
2019-11-15 19:30:01.283 [http-nio-8080-exec-3] DEBUG com.lv.adminsys.modules.dao.LvUserDao.selectOne - ==> Parameters: 1713011331(String)
2019-11-15 19:30:01.300 [http-nio-8080-exec-3] DEBUG com.lv.adminsys.modules.dao.LvUserDao.selectOne - <==      Total: 1
2019-11-15 19:30:01.317 [http-nio-8080-exec-3] DEBUG com.lv.adminsys.modules.dao.LvLeaveDao.insert - ==>  Preparing: INSERT INTO lv_leave ( lv_id, lv_relative_phone, lv_reason, lv_relative_name, lv_end_time, lv_user_num, lv_create_time, lv_begin_time, lv_day, lv_relative_type ) VALUES ( ?, ?, ?, ?, ?, ?, ?, ?, ?, ? ) 
2019-11-15 19:30:01.319 [http-nio-8080-exec-3] DEBUG com.lv.adminsys.modules.dao.LvLeaveDao.insert - ==> Parameters: 1573817401(String), 44444444(String), 比赛(String), xxx(String), 2019-1-13(String), 1713011331(String), 2019-01-12(String), 2019-01-12(String), 1(Integer), 父亲(String)
2019-11-15 19:30:01.331 [http-nio-8080-exec-3] DEBUG com.lv.adminsys.modules.dao.LvLeaveDao.insert - <==    Updates: 1
2019-11-15 19:30:01.756 [http-nio-8080-exec-3] DEBUG com.lv.adminsys.modules.dao.LvLeaveDao.selectOne - ==>  Preparing: SELECT lv_id,lv_relative_phone,lv_picture,lv_reason,lv_relative_name,lv_end_time,lv_status,lv_user_num,lv_process_instance_id,lv_create_time,lv_begin_time,lv_day,lv_relative_type FROM lv_leave WHERE (lv_id = ?) 
2019-11-15 19:30:01.757 [http-nio-8080-exec-3] DEBUG com.lv.adminsys.modules.dao.LvLeaveDao.selectOne - ==> Parameters: 1573817401(String)
2019-11-15 19:30:01.763 [http-nio-8080-exec-3] DEBUG com.lv.adminsys.modules.dao.LvLeaveDao.selectOne - <==      Total: 1
2019-11-15 19:30:01.782 [http-nio-8080-exec-3] DEBUG com.lv.adminsys.modules.dao.LvLeaveDao.updateById - ==>  Preparing: UPDATE lv_leave SET lv_relative_phone=?, lv_reason=?, lv_relative_name=?, lv_end_time=?, lv_status=?, lv_user_num=?, lv_create_time=?, lv_begin_time=?, lv_day=?, lv_relative_type=? WHERE lv_id=? 
2019-11-15 19:30:01.784 [http-nio-8080-exec-3] DEBUG com.lv.adminsys.modules.dao.LvLeaveDao.updateById - ==> Parameters: 44444444(String), 比赛(String), xxx(String), 2019-1-13(String), ing(String), 1713011331(String), 2019-01-12(String), 2019-01-12(String), 1(Integer), 父亲(String), 1573817401(String)
2019-11-15 19:30:01.789 [http-nio-8080-exec-3] DEBUG com.lv.adminsys.modules.dao.LvLeaveDao.updateById - <==    Updates: 1
2019-11-15 19:30:02.030 [http-nio-8080-exec-3] DEBUG com.lv.adminsys.modules.dao.LvLeaveDao.selectById - ==>  Preparing: SELECT lv_id,lv_relative_phone,lv_picture,lv_reason,lv_relative_name,lv_end_time,lv_status,lv_user_num,lv_process_instance_id,lv_create_time,lv_begin_time,lv_day,lv_relative_type FROM lv_leave WHERE lv_id=? 
2019-11-15 19:30:02.031 [http-nio-8080-exec-3] DEBUG com.lv.adminsys.modules.dao.LvLeaveDao.selectById - ==> Parameters: 1573817401(String)
2019-11-15 19:30:02.033 [http-nio-8080-exec-3] DEBUG com.lv.adminsys.modules.dao.LvLeaveDao.selectById - <==      Total: 1
2019-11-15 19:30:02.035 [http-nio-8080-exec-3] DEBUG com.lv.adminsys.modules.dao.LvLeaveDao.updateById - ==>  Preparing: UPDATE lv_leave SET lv_relative_phone=?, lv_reason=?, lv_relative_name=?, lv_end_time=?, lv_status=?, lv_user_num=?, lv_process_instance_id=?, lv_create_time=?, lv_begin_time=?, lv_day=?, lv_relative_type=? WHERE lv_id=? 
2019-11-15 19:30:02.038 [http-nio-8080-exec-3] DEBUG com.lv.adminsys.modules.dao.LvLeaveDao.updateById - ==> Parameters: 44444444(String), 比赛(String), xxx(String), 2019-1-13(String), ing(String), 1713011331(String), 12501(String), 2019-01-12(String), 2019-01-12(String), 1(Integer), 父亲(String), 1573817401(String)
2019-11-15 19:30:02.041 [http-nio-8080-exec-3] DEBUG com.lv.adminsys.modules.dao.LvLeaveDao.updateById - <==    Updates: 1
2019-11-15 19:59:32.972 [http-nio-8080-exec-1] DEBUG com.lv.adminsys.modules.dao.LvLeaveDao.selectById - ==>  Preparing: SELECT lv_id,lv_relative_phone,lv_picture,lv_reason,lv_relative_name,lv_end_time,lv_status,lv_user_num,lv_process_instance_id,lv_create_time,lv_begin_time,lv_day,lv_relative_type FROM lv_leave WHERE lv_id=? 
2019-11-15 19:59:32.984 [http-nio-8080-exec-1] DEBUG com.lv.adminsys.modules.dao.LvLeaveDao.selectById - ==> Parameters: 1573817401(String)
2019-11-15 19:59:32.997 [http-nio-8080-exec-1] DEBUG com.lv.adminsys.modules.dao.LvLeaveDao.selectById - <==      Total: 1
2019-11-15 20:26:09.308 [http-nio-8080-exec-7] DEBUG com.lv.adminsys.modules.dao.LvLeaveDao.selectById - ==>  Preparing: SELECT lv_id,lv_relative_phone,lv_picture,lv_reason,lv_relative_name,lv_end_time,lv_status,lv_user_num,lv_process_instance_id,lv_create_time,lv_begin_time,lv_day,lv_relative_type FROM lv_leave WHERE lv_id=? 
2019-11-15 20:26:09.309 [http-nio-8080-exec-7] DEBUG com.lv.adminsys.modules.dao.LvLeaveDao.selectById - ==> Parameters: 1573817401(String)
2019-11-15 20:26:09.312 [http-nio-8080-exec-7] DEBUG com.lv.adminsys.modules.dao.LvLeaveDao.selectById - <==      Total: 1
2019-11-15 20:35:16.216 [http-nio-8080-exec-3] DEBUG com.lv.adminsys.modules.dao.LvUserDao.selectOne - ==>  Preparing: SELECT lv_user_id,lv_teacher_num,lv_user_phone,lv_user_role,lv_user_password,lv_user_create_time,lv_user_name,lv_user_num FROM lv_user WHERE (lv_user_num = ?) 
2019-11-15 20:35:16.232 [http-nio-8080-exec-3] DEBUG com.lv.adminsys.modules.dao.LvUserDao.selectOne - ==> Parameters: 1713011331(String)
2019-11-15 20:35:16.249 [http-nio-8080-exec-3] DEBUG com.lv.adminsys.modules.dao.LvUserDao.selectOne - <==      Total: 1
2019-11-15 20:35:16.280 [http-nio-8080-exec-3] DEBUG com.lv.adminsys.modules.dao.LvLeaveDao.insert - ==>  Preparing: INSERT INTO lv_leave ( lv_id, lv_relative_phone, lv_reason, lv_relative_name, lv_end_time, lv_user_num, lv_create_time, lv_begin_time, lv_day, lv_relative_type ) VALUES ( ?, ?, ?, ?, ?, ?, ?, ?, ?, ? ) 
2019-11-15 20:35:16.283 [http-nio-8080-exec-3] DEBUG com.lv.adminsys.modules.dao.LvLeaveDao.insert - ==> Parameters: 1573821316(String), 44444444(String), 比赛(String), xxx(String), 2019-1-13(String), 1713011331(String), 2019-01-12(String), 2019-01-12(String), 1(Integer), 父亲(String)
2019-11-15 20:35:16.285 [http-nio-8080-exec-3] DEBUG com.lv.adminsys.modules.dao.LvLeaveDao.insert - <==    Updates: 1
2019-11-15 20:35:16.343 [http-nio-8080-exec-3] DEBUG com.lv.adminsys.modules.dao.LvLeaveDao.selectOne - ==>  Preparing: SELECT lv_id,lv_relative_phone,lv_picture,lv_reason,lv_relative_name,lv_end_time,lv_status,lv_user_num,lv_process_instance_id,lv_create_time,lv_begin_time,lv_day,lv_relative_type FROM lv_leave WHERE (lv_id = ?) 
2019-11-15 20:35:16.344 [http-nio-8080-exec-3] DEBUG com.lv.adminsys.modules.dao.LvLeaveDao.selectOne - ==> Parameters: 1573821316(String)
2019-11-15 20:35:16.350 [http-nio-8080-exec-3] DEBUG com.lv.adminsys.modules.dao.LvLeaveDao.selectOne - <==      Total: 1
2019-11-15 20:35:16.364 [http-nio-8080-exec-3] DEBUG com.lv.adminsys.modules.dao.LvLeaveDao.updateById - ==>  Preparing: UPDATE lv_leave SET lv_relative_phone=?, lv_reason=?, lv_relative_name=?, lv_end_time=?, lv_status=?, lv_user_num=?, lv_create_time=?, lv_begin_time=?, lv_day=?, lv_relative_type=? WHERE lv_id=? 
2019-11-15 20:35:16.372 [http-nio-8080-exec-3] DEBUG com.lv.adminsys.modules.dao.LvLeaveDao.updateById - ==> Parameters: 44444444(String), 比赛(String), xxx(String), 2019-1-13(String), ing(String), 1713011331(String), 2019-01-12(String), 2019-01-12(String), 1(Integer), 父亲(String), 1573821316(String)
2019-11-15 20:35:16.375 [http-nio-8080-exec-3] DEBUG com.lv.adminsys.modules.dao.LvLeaveDao.updateById - <==    Updates: 1
2019-11-15 20:35:17.155 [http-nio-8080-exec-3] DEBUG com.lv.adminsys.modules.dao.LvLeaveDao.selectById - ==>  Preparing: SELECT lv_id,lv_relative_phone,lv_picture,lv_reason,lv_relative_name,lv_end_time,lv_status,lv_user_num,lv_process_instance_id,lv_create_time,lv_begin_time,lv_day,lv_relative_type FROM lv_leave WHERE lv_id=? 
2019-11-15 20:35:17.156 [http-nio-8080-exec-3] DEBUG com.lv.adminsys.modules.dao.LvLeaveDao.selectById - ==> Parameters: 1573821316(String)
2019-11-15 20:35:17.164 [http-nio-8080-exec-3] DEBUG com.lv.adminsys.modules.dao.LvLeaveDao.selectById - <==      Total: 1
2019-11-15 20:35:17.167 [http-nio-8080-exec-3] DEBUG com.lv.adminsys.modules.dao.LvLeaveDao.updateById - ==>  Preparing: UPDATE lv_leave SET lv_relative_phone=?, lv_reason=?, lv_relative_name=?, lv_end_time=?, lv_status=?, lv_user_num=?, lv_process_instance_id=?, lv_create_time=?, lv_begin_time=?, lv_day=?, lv_relative_type=? WHERE lv_id=? 
2019-11-15 20:35:17.168 [http-nio-8080-exec-3] DEBUG com.lv.adminsys.modules.dao.LvLeaveDao.updateById - ==> Parameters: 44444444(String), 比赛(String), xxx(String), 2019-1-13(String), ing(String), 1713011331(String), 15005(String), 2019-01-12(String), 2019-01-12(String), 1(Integer), 父亲(String), 1573821316(String)
2019-11-15 20:35:17.170 [http-nio-8080-exec-3] DEBUG com.lv.adminsys.modules.dao.LvLeaveDao.updateById - <==    Updates: 1
2019-11-15 20:35:27.627 [http-nio-8080-exec-4] DEBUG com.lv.adminsys.modules.dao.LvLeaveDao.selectById - ==>  Preparing: SELECT lv_id,lv_relative_phone,lv_picture,lv_reason,lv_relative_name,lv_end_time,lv_status,lv_user_num,lv_process_instance_id,lv_create_time,lv_begin_time,lv_day,lv_relative_type FROM lv_leave WHERE lv_id=? 
2019-11-15 20:35:27.627 [http-nio-8080-exec-4] DEBUG com.lv.adminsys.modules.dao.LvLeaveDao.selectById - ==> Parameters: 1573817401(String)
2019-11-15 20:35:27.630 [http-nio-8080-exec-4] DEBUG com.lv.adminsys.modules.dao.LvLeaveDao.selectById - <==      Total: 1
2019-11-15 20:35:27.634 [http-nio-8080-exec-4] DEBUG com.lv.adminsys.modules.dao.LvLeaveDao.selectById - ==>  Preparing: SELECT lv_id,lv_relative_phone,lv_picture,lv_reason,lv_relative_name,lv_end_time,lv_status,lv_user_num,lv_process_instance_id,lv_create_time,lv_begin_time,lv_day,lv_relative_type FROM lv_leave WHERE lv_id=? 
2019-11-15 20:35:27.635 [http-nio-8080-exec-4] DEBUG com.lv.adminsys.modules.dao.LvLeaveDao.selectById - ==> Parameters: 1573821316(String)
2019-11-15 20:35:27.639 [http-nio-8080-exec-4] DEBUG com.lv.adminsys.modules.dao.LvLeaveDao.selectById - <==      Total: 1
2019-11-15 20:38:40.034 [http-nio-8080-exec-1] DEBUG com.lv.adminsys.modules.dao.LvLeaveDao.selectById - ==>  Preparing: SELECT lv_id,lv_relative_phone,lv_picture,lv_reason,lv_relative_name,lv_end_time,lv_status,lv_user_num,lv_process_instance_id,lv_create_time,lv_begin_time,lv_day,lv_relative_type FROM lv_leave WHERE lv_id=? 
2019-11-15 20:38:40.034 [http-nio-8080-exec-1] DEBUG com.lv.adminsys.modules.dao.LvLeaveDao.selectById - ==> Parameters: 1573817401(String)
2019-11-15 20:38:40.041 [http-nio-8080-exec-1] DEBUG com.lv.adminsys.modules.dao.LvLeaveDao.selectById - <==      Total: 1
2019-11-15 20:38:40.046 [http-nio-8080-exec-1] DEBUG com.lv.adminsys.modules.dao.LvLeaveDao.selectById - ==>  Preparing: SELECT lv_id,lv_relative_phone,lv_picture,lv_reason,lv_relative_name,lv_end_time,lv_status,lv_user_num,lv_process_instance_id,lv_create_time,lv_begin_time,lv_day,lv_relative_type FROM lv_leave WHERE lv_id=? 
2019-11-15 20:38:40.047 [http-nio-8080-exec-1] DEBUG com.lv.adminsys.modules.dao.LvLeaveDao.selectById - ==> Parameters: 1573821316(String)
2019-11-15 20:38:40.052 [http-nio-8080-exec-1] DEBUG com.lv.adminsys.modules.dao.LvLeaveDao.selectById - <==      Total: 1
2019-11-15 20:38:42.911 [http-nio-8080-exec-2] DEBUG com.lv.adminsys.modules.dao.LvLeaveDao.selectById - ==>  Preparing: SELECT lv_id,lv_relative_phone,lv_picture,lv_reason,lv_relative_name,lv_end_time,lv_status,lv_user_num,lv_process_instance_id,lv_create_time,lv_begin_time,lv_day,lv_relative_type FROM lv_leave WHERE lv_id=? 
2019-11-15 20:38:42.912 [http-nio-8080-exec-2] DEBUG com.lv.adminsys.modules.dao.LvLeaveDao.selectById - ==> Parameters: 1573817401(String)
2019-11-15 20:38:42.918 [http-nio-8080-exec-2] DEBUG com.lv.adminsys.modules.dao.LvLeaveDao.selectById - <==      Total: 1
2019-11-15 20:38:42.930 [http-nio-8080-exec-2] DEBUG com.lv.adminsys.modules.dao.LvLeaveDao.selectById - ==>  Preparing: SELECT lv_id,lv_relative_phone,lv_picture,lv_reason,lv_relative_name,lv_end_time,lv_status,lv_user_num,lv_process_instance_id,lv_create_time,lv_begin_time,lv_day,lv_relative_type FROM lv_leave WHERE lv_id=? 
2019-11-15 20:38:42.931 [http-nio-8080-exec-2] DEBUG com.lv.adminsys.modules.dao.LvLeaveDao.selectById - ==> Parameters: 1573821316(String)
2019-11-15 20:38:42.934 [http-nio-8080-exec-2] DEBUG com.lv.adminsys.modules.dao.LvLeaveDao.selectById - <==      Total: 1
2019-11-15 20:43:49.146 [http-nio-8080-exec-2] DEBUG com.lv.adminsys.modules.dao.LvLeaveDao.selectById - ==>  Preparing: SELECT lv_id,lv_relative_phone,lv_picture,lv_reason,lv_relative_name,lv_end_time,lv_status,lv_user_num,lv_process_instance_id,lv_create_time,lv_begin_time,lv_day,lv_relative_type FROM lv_leave WHERE lv_id=? 
2019-11-15 20:43:49.156 [http-nio-8080-exec-2] DEBUG com.lv.adminsys.modules.dao.LvLeaveDao.selectById - ==> Parameters: 1573817401(String)
2019-11-15 20:43:49.168 [http-nio-8080-exec-2] DEBUG com.lv.adminsys.modules.dao.LvLeaveDao.selectById - <==      Total: 1
2019-11-15 20:43:51.278 [http-nio-8080-exec-4] DEBUG com.lv.adminsys.modules.dao.LvLeaveDao.selectById - ==>  Preparing: SELECT lv_id,lv_relative_phone,lv_picture,lv_reason,lv_relative_name,lv_end_time,lv_status,lv_user_num,lv_process_instance_id,lv_create_time,lv_begin_time,lv_day,lv_relative_type FROM lv_leave WHERE lv_id=? 
2019-11-15 20:43:51.281 [http-nio-8080-exec-4] DEBUG com.lv.adminsys.modules.dao.LvLeaveDao.selectById - ==> Parameters: 1573817401(String)
2019-11-15 20:43:51.284 [http-nio-8080-exec-4] DEBUG com.lv.adminsys.modules.dao.LvLeaveDao.selectById - <==      Total: 1
2019-11-15 20:44:11.899 [http-nio-8080-exec-7] DEBUG com.lv.adminsys.modules.dao.LvLeaveDao.selectById - ==>  Preparing: SELECT lv_id,lv_relative_phone,lv_picture,lv_reason,lv_relative_name,lv_end_time,lv_status,lv_user_num,lv_process_instance_id,lv_create_time,lv_begin_time,lv_day,lv_relative_type FROM lv_leave WHERE lv_id=? 
2019-11-15 20:44:11.901 [http-nio-8080-exec-7] DEBUG com.lv.adminsys.modules.dao.LvLeaveDao.selectById - ==> Parameters: 1573821316(String)
2019-11-15 20:44:11.909 [http-nio-8080-exec-7] DEBUG com.lv.adminsys.modules.dao.LvLeaveDao.selectById - <==      Total: 1
2019-11-15 20:45:24.911 [http-nio-8080-exec-10] DEBUG com.lv.adminsys.modules.dao.LvLeaveDao.selectOne - ==>  Preparing: SELECT lv_id,lv_relative_phone,lv_picture,lv_reason,lv_relative_name,lv_end_time,lv_status,lv_user_num,lv_process_instance_id,lv_create_time,lv_begin_time,lv_day,lv_relative_type FROM lv_leave WHERE (lv_id = ?) 
2019-11-15 20:45:24.913 [http-nio-8080-exec-10] DEBUG com.lv.adminsys.modules.dao.LvLeaveDao.selectOne - ==> Parameters: 1573821316(String)
2019-11-15 20:45:24.916 [http-nio-8080-exec-10] DEBUG com.lv.adminsys.modules.dao.LvLeaveDao.selectOne - <==      Total: 1
2019-11-15 20:45:24.927 [http-nio-8080-exec-10] DEBUG com.lv.adminsys.modules.dao.LvLeaveDao.updateById - ==>  Preparing: UPDATE lv_leave SET lv_relative_phone=?, lv_reason=?, lv_relative_name=?, lv_end_time=?, lv_status=?, lv_user_num=?, lv_process_instance_id=?, lv_create_time=?, lv_begin_time=?, lv_day=?, lv_relative_type=? WHERE lv_id=? 
2019-11-15 20:45:24.928 [http-nio-8080-exec-10] DEBUG com.lv.adminsys.modules.dao.LvLeaveDao.updateById - ==> Parameters: 44444444(String), 比赛(String), xxx(String), 2019-1-13(String), pass(String), 1713011331(String), 15005(String), 2019-01-12(String), 2019-01-12(String), 1(Integer), 父亲(String), 1573821316(String)
2019-11-15 20:45:24.929 [http-nio-8080-exec-10] DEBUG com.lv.adminsys.modules.dao.LvLeaveDao.updateById - <==    Updates: 1
2019-11-15 21:55:29.998 [http-nio-8080-exec-1] DEBUG com.lv.adminsys.modules.dao.LvUserDao.selectList - ==>  Preparing: SELECT lv_user_id,lv_teacher_num,lv_user_phone,lv_user_role,lv_user_password,lv_user_create_time,lv_user_name,lv_user_num FROM lv_user WHERE (lv_user_num = ?) ORDER BY lv_id DESC 
2019-11-15 21:55:30.057 [http-nio-8080-exec-1] DEBUG com.lv.adminsys.modules.dao.LvUserDao.selectList - ==> Parameters: 1573821316(String)
2019-11-15 21:58:23.304 [http-nio-8080-exec-2] DEBUG com.lv.adminsys.modules.dao.LvUserDao.selectList - ==>  Preparing: SELECT lv_user_id,lv_teacher_num,lv_user_phone,lv_user_role,lv_user_password,lv_user_create_time,lv_user_name,lv_user_num FROM lv_user WHERE (lv_user_num = ?) ORDER BY lv_id DESC 
2019-11-15 21:58:23.314 [http-nio-8080-exec-2] DEBUG com.lv.adminsys.modules.dao.LvUserDao.selectList - ==> Parameters: 1573821316(String)
2019-11-15 22:00:14.056 [http-nio-8080-exec-1] DEBUG com.lv.adminsys.modules.dao.LvLeaveDao.selectList - ==>  Preparing: SELECT lv_id,lv_approve_end_time,lv_relative_phone,lv_picture,lv_reason,lv_relative_name,lv_end_time,lv_status,lv_user_num,lv_process_instance_id,lv_create_time,lv_begin_time,lv_day,lv_relative_type FROM lv_leave WHERE (lv_user_num = ?) ORDER BY lv_id DESC 
2019-11-15 22:00:14.067 [http-nio-8080-exec-1] DEBUG com.lv.adminsys.modules.dao.LvLeaveDao.selectList - ==> Parameters: 1713011331(String)
2019-11-15 22:00:14.082 [http-nio-8080-exec-1] DEBUG com.lv.adminsys.modules.dao.LvLeaveDao.selectList - <==      Total: 2
2019-11-15 22:01:20.415 [http-nio-8080-exec-4] DEBUG com.lv.adminsys.modules.dao.LvLeaveDao.selectOne - ==>  Preparing: SELECT lv_id,lv_approve_end_time,lv_relative_phone,lv_picture,lv_reason,lv_relative_name,lv_end_time,lv_status,lv_user_num,lv_process_instance_id,lv_create_time,lv_begin_time,lv_day,lv_relative_type FROM lv_leave WHERE (lv_id = ?) 
2019-11-15 22:01:20.421 [http-nio-8080-exec-4] DEBUG com.lv.adminsys.modules.dao.LvLeaveDao.selectOne - ==> Parameters: 1573817401(String)
2019-11-15 22:01:20.432 [http-nio-8080-exec-4] DEBUG com.lv.adminsys.modules.dao.LvLeaveDao.selectOne - <==      Total: 1
