2019-12-07 19:56:20.893 [http-nio-8080-exec-3] DEBUG com.lv.adminsys.modules.dao.LvLeaveDao.selectOne - ==>  Preparing: SELECT lv_id,lv_relative_phone,lv_length,lv_end_time_long,lv_picture,lv_reason,lv_relative_name,lv_end_time,lv_status,lv_user_num,lv_process_instance_id,lv_create_time,lv_apply_detail,lv_begin_time,lv_relative_type FROM lv_leave WHERE (lv_id = ?) 
2019-12-07 19:56:20.962 [http-nio-8080-exec-3] DEBUG com.lv.adminsys.modules.dao.LvLeaveDao.selectOne - ==> Parameters: 1574835519(String)
2019-12-07 19:56:20.998 [http-nio-8080-exec-3] DEBUG com.lv.adminsys.modules.dao.LvLeaveDao.selectOne - <==      Total: 1
2019-12-07 20:36:33.050 [http-nio-8080-exec-3] DEBUG com.lv.adminsys.modules.dao.LvUserDao.selectOne - ==>  Preparing: SELECT lv_user_id,lv_role,lv_teacher_num,lv_user_phone,lv_user_password,lv_user_create_time,lv_user_name,lv_user_num FROM lv_user WHERE (lv_user_num = ?) 
2019-12-07 20:36:33.064 [http-nio-8080-exec-3] DEBUG com.lv.adminsys.modules.dao.LvUserDao.selectOne - ==> Parameters: 1713011332(String)
2019-12-07 20:36:33.076 [http-nio-8080-exec-3] DEBUG com.lv.adminsys.modules.dao.LvUserDao.selectOne - <==      Total: 1
2019-12-07 20:36:33.093 [http-nio-8080-exec-3] DEBUG com.lv.adminsys.modules.dao.LvLeaveDao.insert - ==>  Preparing: INSERT INTO lv_leave ( lv_id, lv_relative_phone, lv_length, lv_end_time_long, lv_reason, lv_relative_name, lv_end_time, lv_user_num, lv_create_time, lv_begin_time, lv_relative_type ) VALUES ( ?, ?, ?, ?, ?, ?, ?, ?, ?, ?, ? ) 
2019-12-07 20:36:33.095 [http-nio-8080-exec-3] DEBUG com.lv.adminsys.modules.dao.LvLeaveDao.insert - ==> Parameters: 1575722193(String), 15383466853(String), 一天以上一周以下(String), 1574672810(String), 生病(String), 白石山(String), 2019-11-25 17:06:50(String), 1713011332(String), 2019-12-07(String), 2019-11-16 17:06:50(String), 父亲(String)
2019-12-07 20:36:33.098 [http-nio-8080-exec-3] DEBUG com.lv.adminsys.modules.dao.LvLeaveDao.insert - <==    Updates: 1
2019-12-07 20:36:33.933 [http-nio-8080-exec-3] DEBUG com.lv.adminsys.modules.dao.LvLeaveDao.selectOne - ==>  Preparing: SELECT lv_id,lv_relative_phone,lv_length,lv_end_time_long,lv_picture,lv_reason,lv_relative_name,lv_end_time,lv_status,lv_user_num,lv_process_instance_id,lv_create_time,lv_apply_detail,lv_begin_time,lv_relative_type FROM lv_leave WHERE (lv_id = ?) 
2019-12-07 20:36:33.937 [http-nio-8080-exec-3] DEBUG com.lv.adminsys.modules.dao.LvLeaveDao.selectOne - ==> Parameters: 1575722193(String)
2019-12-07 20:36:33.946 [http-nio-8080-exec-3] DEBUG com.lv.adminsys.modules.dao.LvLeaveDao.selectOne - <==      Total: 1
2019-12-07 20:36:33.966 [http-nio-8080-exec-3] DEBUG com.lv.adminsys.modules.dao.LvLeaveDao.updateById - ==>  Preparing: UPDATE lv_leave SET lv_relative_phone=?, lv_length=?, lv_end_time_long=?, lv_reason=?, lv_relative_name=?, lv_end_time=?, lv_status=?, lv_user_num=?, lv_create_time=?, lv_begin_time=?, lv_relative_type=? WHERE lv_id=? 
2019-12-07 20:36:33.970 [http-nio-8080-exec-3] DEBUG com.lv.adminsys.modules.dao.LvLeaveDao.updateById - ==> Parameters: 15383466853(String), 一天以上一周以下(String), 1574672810(String), 生病(String), 白石山(String), 2019-11-25 17:06:50(String), ing(String), 1713011332(String), 2019-12-07(String), 2019-11-16 17:06:50(String), 父亲(String), 1575722193(String)
2019-12-07 20:36:33.975 [http-nio-8080-exec-3] DEBUG com.lv.adminsys.modules.dao.LvLeaveDao.updateById - <==    Updates: 1
2019-12-07 20:36:33.984 [http-nio-8080-exec-3] DEBUG com.lv.adminsys.modules.dao.LvLeaveDao.selectOne - ==>  Preparing: SELECT lv_id,lv_relative_phone,lv_length,lv_end_time_long,lv_picture,lv_reason,lv_relative_name,lv_end_time,lv_status,lv_user_num,lv_process_instance_id,lv_create_time,lv_apply_detail,lv_begin_time,lv_relative_type FROM lv_leave WHERE (lv_id = ?) 
2019-12-07 20:36:33.984 [http-nio-8080-exec-3] DEBUG com.lv.adminsys.modules.dao.LvLeaveDao.selectOne - ==> Parameters: 1575722193(String)
2019-12-07 20:36:33.988 [http-nio-8080-exec-3] DEBUG com.lv.adminsys.modules.dao.LvLeaveDao.selectOne - <==      Total: 1
2019-12-07 20:36:34.001 [http-nio-8080-exec-3] DEBUG com.lv.adminsys.modules.dao.LvUserDao.selectOne - ==>  Preparing: SELECT lv_user_id,lv_role,lv_teacher_num,lv_user_phone,lv_user_password,lv_user_create_time,lv_user_name,lv_user_num FROM lv_user WHERE (lv_user_num = ?) 
2019-12-07 20:36:34.003 [http-nio-8080-exec-3] DEBUG com.lv.adminsys.modules.dao.LvUserDao.selectOne - ==> Parameters: 1713011332(String)
2019-12-07 20:36:34.010 [http-nio-8080-exec-3] DEBUG com.lv.adminsys.modules.dao.LvUserDao.selectOne - <==      Total: 1
2019-12-07 20:36:34.427 [http-nio-8080-exec-3] DEBUG com.lv.adminsys.modules.dao.LvLeaveDao.selectById - ==>  Preparing: SELECT lv_id,lv_relative_phone,lv_length,lv_end_time_long,lv_picture,lv_reason,lv_relative_name,lv_end_time,lv_status,lv_user_num,lv_process_instance_id,lv_create_time,lv_apply_detail,lv_begin_time,lv_relative_type FROM lv_leave WHERE lv_id=? 
2019-12-07 20:36:34.428 [http-nio-8080-exec-3] DEBUG com.lv.adminsys.modules.dao.LvLeaveDao.selectById - ==> Parameters: 1575722193(String)
2019-12-07 20:36:34.432 [http-nio-8080-exec-3] DEBUG com.lv.adminsys.modules.dao.LvLeaveDao.selectById - <==      Total: 1
2019-12-07 20:36:34.434 [http-nio-8080-exec-3] DEBUG com.lv.adminsys.modules.dao.LvLeaveDao.updateById - ==>  Preparing: UPDATE lv_leave SET lv_relative_phone=?, lv_length=?, lv_end_time_long=?, lv_reason=?, lv_relative_name=?, lv_end_time=?, lv_status=?, lv_user_num=?, lv_process_instance_id=?, lv_create_time=?, lv_begin_time=?, lv_relative_type=? WHERE lv_id=? 
2019-12-07 20:36:34.435 [http-nio-8080-exec-3] DEBUG com.lv.adminsys.modules.dao.LvLeaveDao.updateById - ==> Parameters: 15383466853(String), 一天以上一周以下(String), 1574672810(String), 生病(String), 白石山(String), 2019-11-25 17:06:50(String), ing(String), 1713011332(String), 130001(String), 2019-12-07(String), 2019-11-16 17:06:50(String), 父亲(String), 1575722193(String)
2019-12-07 20:36:34.438 [http-nio-8080-exec-3] DEBUG com.lv.adminsys.modules.dao.LvLeaveDao.updateById - <==    Updates: 1
2019-12-07 20:37:26.051 [http-nio-8080-exec-2] DEBUG com.lv.adminsys.modules.dao.LvLeaveDao.selectOne - ==>  Preparing: SELECT lv_id,lv_relative_phone,lv_length,lv_end_time_long,lv_picture,lv_reason,lv_relative_name,lv_end_time,lv_status,lv_user_num,lv_process_instance_id,lv_create_time,lv_apply_detail,lv_begin_time,lv_relative_type FROM lv_leave WHERE (lv_id = ?) 
2019-12-07 20:37:26.053 [http-nio-8080-exec-2] DEBUG com.lv.adminsys.modules.dao.LvLeaveDao.selectOne - ==> Parameters: 1575722193(String)
2019-12-07 20:37:26.065 [http-nio-8080-exec-2] DEBUG com.lv.adminsys.modules.dao.LvLeaveDao.selectOne - <==      Total: 1
2019-12-07 20:38:34.513 [http-nio-8080-exec-6] DEBUG com.lv.adminsys.modules.dao.LvLeaveDao.selectById - ==>  Preparing: SELECT lv_id,lv_relative_phone,lv_length,lv_end_time_long,lv_picture,lv_reason,lv_relative_name,lv_end_time,lv_status,lv_user_num,lv_process_instance_id,lv_create_time,lv_apply_detail,lv_begin_time,lv_relative_type FROM lv_leave WHERE lv_id=? 
2019-12-07 20:38:34.514 [http-nio-8080-exec-6] DEBUG com.lv.adminsys.modules.dao.LvLeaveDao.selectById - ==> Parameters: 1575722193(String)
2019-12-07 20:38:34.516 [http-nio-8080-exec-6] DEBUG com.lv.adminsys.modules.dao.LvLeaveDao.selectById - <==      Total: 1
2019-12-07 20:38:34.519 [http-nio-8080-exec-6] DEBUG c.l.a.modules.dao.LvUserDao.findUseMsgByUserNum - ==>  Preparing: select u.*,r.*,p.* from lv_user u INNER JOIN lv_roles r on u.lv_role = r.rid INNER JOIN lv_role_permission pr on pr.lv_rid = r.rid INNER JOIN lv_permission p on p.pid = pr.lv_pid where u.lv_user_num = ? 
2019-12-07 20:38:34.519 [http-nio-8080-exec-6] DEBUG c.l.a.modules.dao.LvUserDao.findUseMsgByUserNum - ==> Parameters: 1713011332(String)
2019-12-07 20:38:34.527 [http-nio-8080-exec-6] DEBUG c.l.a.modules.dao.LvUserDao.findUseMsgByUserNum - <==      Total: 1
2019-12-07 20:38:34.531 [http-nio-8080-exec-6] DEBUG com.lv.adminsys.modules.dao.LvLeaveDao.selectCount - ==>  Preparing: SELECT COUNT( 1 ) FROM lv_leave WHERE (lv_user_num = ?) 
2019-12-07 20:38:34.531 [http-nio-8080-exec-6] DEBUG com.lv.adminsys.modules.dao.LvLeaveDao.selectCount - ==> Parameters: 1713011332(String)
2019-12-07 20:38:34.535 [http-nio-8080-exec-6] DEBUG com.lv.adminsys.modules.dao.LvLeaveDao.selectCount - <==      Total: 1
2019-12-07 20:40:33.665 [http-nio-8080-exec-9] DEBUG com.lv.adminsys.modules.dao.LvUserDao.selectOne - ==>  Preparing: SELECT lv_user_id,lv_role,lv_teacher_num,lv_user_phone,lv_user_password,lv_user_create_time,lv_user_name,lv_user_num FROM lv_user WHERE (lv_user_num = ?) 
2019-12-07 20:40:33.667 [http-nio-8080-exec-9] DEBUG com.lv.adminsys.modules.dao.LvUserDao.selectOne - ==> Parameters: 1713011332(String)
2019-12-07 20:40:33.672 [http-nio-8080-exec-9] DEBUG com.lv.adminsys.modules.dao.LvUserDao.selectOne - <==      Total: 1
2019-12-07 20:40:33.677 [http-nio-8080-exec-9] DEBUG com.lv.adminsys.modules.dao.LvLeaveDao.insert - ==>  Preparing: INSERT INTO lv_leave ( lv_id, lv_relative_phone, lv_length, lv_end_time_long, lv_reason, lv_relative_name, lv_end_time, lv_user_num, lv_create_time, lv_begin_time, lv_relative_type ) VALUES ( ?, ?, ?, ?, ?, ?, ?, ?, ?, ?, ? ) 
2019-12-07 20:40:33.679 [http-nio-8080-exec-9] DEBUG com.lv.adminsys.modules.dao.LvLeaveDao.insert - ==> Parameters: 1575722433(String), 15383466853(String), 一天以上一周以下(String), 1575796010(String), 比赛(String), 白石山(String), 2019-12-8 17:06:50(String), 1713011332(String), 2019-12-07(String), 2019-12-6 17:06:50(String), 父亲(String)
2019-12-07 20:40:33.681 [http-nio-8080-exec-9] DEBUG com.lv.adminsys.modules.dao.LvLeaveDao.insert - <==    Updates: 1
2019-12-07 20:40:33.699 [http-nio-8080-exec-9] DEBUG com.lv.adminsys.modules.dao.LvLeaveDao.selectOne - ==>  Preparing: SELECT lv_id,lv_relative_phone,lv_length,lv_end_time_long,lv_picture,lv_reason,lv_relative_name,lv_end_time,lv_status,lv_user_num,lv_process_instance_id,lv_create_time,lv_apply_detail,lv_begin_time,lv_relative_type FROM lv_leave WHERE (lv_id = ?) 
2019-12-07 20:40:33.703 [http-nio-8080-exec-9] DEBUG com.lv.adminsys.modules.dao.LvLeaveDao.selectOne - ==> Parameters: 1575722433(String)
2019-12-07 20:40:33.710 [http-nio-8080-exec-9] DEBUG com.lv.adminsys.modules.dao.LvLeaveDao.selectOne - <==      Total: 1
2019-12-07 20:40:33.714 [http-nio-8080-exec-9] DEBUG com.lv.adminsys.modules.dao.LvLeaveDao.updateById - ==>  Preparing: UPDATE lv_leave SET lv_relative_phone=?, lv_length=?, lv_end_time_long=?, lv_reason=?, lv_relative_name=?, lv_end_time=?, lv_status=?, lv_user_num=?, lv_create_time=?, lv_begin_time=?, lv_relative_type=? WHERE lv_id=? 
2019-12-07 20:40:33.718 [http-nio-8080-exec-9] DEBUG com.lv.adminsys.modules.dao.LvLeaveDao.updateById - ==> Parameters: 15383466853(String), 一天以上一周以下(String), 1575796010(String), 比赛(String), 白石山(String), 2019-12-8 17:06:50(String), ing(String), 1713011332(String), 2019-12-07(String), 2019-12-6 17:06:50(String), 父亲(String), 1575722433(String)
2019-12-07 20:40:33.723 [http-nio-8080-exec-9] DEBUG com.lv.adminsys.modules.dao.LvLeaveDao.updateById - <==    Updates: 1
2019-12-07 20:40:33.727 [http-nio-8080-exec-9] DEBUG com.lv.adminsys.modules.dao.LvLeaveDao.selectOne - ==>  Preparing: SELECT lv_id,lv_relative_phone,lv_length,lv_end_time_long,lv_picture,lv_reason,lv_relative_name,lv_end_time,lv_status,lv_user_num,lv_process_instance_id,lv_create_time,lv_apply_detail,lv_begin_time,lv_relative_type FROM lv_leave WHERE (lv_id = ?) 
2019-12-07 20:40:33.728 [http-nio-8080-exec-9] DEBUG com.lv.adminsys.modules.dao.LvLeaveDao.selectOne - ==> Parameters: 1575722433(String)
2019-12-07 20:40:33.732 [http-nio-8080-exec-9] DEBUG com.lv.adminsys.modules.dao.LvLeaveDao.selectOne - <==      Total: 1
2019-12-07 20:40:33.741 [http-nio-8080-exec-9] DEBUG com.lv.adminsys.modules.dao.LvUserDao.selectOne - ==>  Preparing: SELECT lv_user_id,lv_role,lv_teacher_num,lv_user_phone,lv_user_password,lv_user_create_time,lv_user_name,lv_user_num FROM lv_user WHERE (lv_user_num = ?) 
2019-12-07 20:40:33.742 [http-nio-8080-exec-9] DEBUG com.lv.adminsys.modules.dao.LvUserDao.selectOne - ==> Parameters: 1713011332(String)
2019-12-07 20:40:33.744 [http-nio-8080-exec-9] DEBUG com.lv.adminsys.modules.dao.LvUserDao.selectOne - <==      Total: 1
2019-12-07 20:40:33.793 [http-nio-8080-exec-9] DEBUG com.lv.adminsys.modules.dao.LvLeaveDao.selectById - ==>  Preparing: SELECT lv_id,lv_relative_phone,lv_length,lv_end_time_long,lv_picture,lv_reason,lv_relative_name,lv_end_time,lv_status,lv_user_num,lv_process_instance_id,lv_create_time,lv_apply_detail,lv_begin_time,lv_relative_type FROM lv_leave WHERE lv_id=? 
2019-12-07 20:40:33.793 [http-nio-8080-exec-9] DEBUG com.lv.adminsys.modules.dao.LvLeaveDao.selectById - ==> Parameters: 1575722433(String)
2019-12-07 20:40:33.797 [http-nio-8080-exec-9] DEBUG com.lv.adminsys.modules.dao.LvLeaveDao.selectById - <==      Total: 1
2019-12-07 20:40:33.803 [http-nio-8080-exec-9] DEBUG com.lv.adminsys.modules.dao.LvLeaveDao.updateById - ==>  Preparing: UPDATE lv_leave SET lv_relative_phone=?, lv_length=?, lv_end_time_long=?, lv_reason=?, lv_relative_name=?, lv_end_time=?, lv_status=?, lv_user_num=?, lv_process_instance_id=?, lv_create_time=?, lv_begin_time=?, lv_relative_type=? WHERE lv_id=? 
2019-12-07 20:40:33.817 [http-nio-8080-exec-9] DEBUG com.lv.adminsys.modules.dao.LvLeaveDao.updateById - ==> Parameters: 15383466853(String), 一天以上一周以下(String), 1575796010(String), 比赛(String), 白石山(String), 2019-12-8 17:06:50(String), ing(String), 1713011332(String), 130009(String), 2019-12-07(String), 2019-12-6 17:06:50(String), 父亲(String), 1575722433(String)
2019-12-07 20:40:33.820 [http-nio-8080-exec-9] DEBUG com.lv.adminsys.modules.dao.LvLeaveDao.updateById - <==    Updates: 1
2019-12-07 20:40:40.768 [http-nio-8080-exec-10] DEBUG com.lv.adminsys.modules.dao.LvLeaveDao.selectById - ==>  Preparing: SELECT lv_id,lv_relative_phone,lv_length,lv_end_time_long,lv_picture,lv_reason,lv_relative_name,lv_end_time,lv_status,lv_user_num,lv_process_instance_id,lv_create_time,lv_apply_detail,lv_begin_time,lv_relative_type FROM lv_leave WHERE lv_id=? 
2019-12-07 20:40:40.768 [http-nio-8080-exec-10] DEBUG com.lv.adminsys.modules.dao.LvLeaveDao.selectById - ==> Parameters: 1575722193(String)
2019-12-07 20:40:40.770 [http-nio-8080-exec-10] DEBUG com.lv.adminsys.modules.dao.LvLeaveDao.selectById - <==      Total: 1
2019-12-07 20:40:40.772 [http-nio-8080-exec-10] DEBUG c.l.a.modules.dao.LvUserDao.findUseMsgByUserNum - ==>  Preparing: select u.*,r.*,p.* from lv_user u INNER JOIN lv_roles r on u.lv_role = r.rid INNER JOIN lv_role_permission pr on pr.lv_rid = r.rid INNER JOIN lv_permission p on p.pid = pr.lv_pid where u.lv_user_num = ? 
2019-12-07 20:40:40.772 [http-nio-8080-exec-10] DEBUG c.l.a.modules.dao.LvUserDao.findUseMsgByUserNum - ==> Parameters: 1713011332(String)
2019-12-07 20:40:40.783 [http-nio-8080-exec-10] DEBUG c.l.a.modules.dao.LvUserDao.findUseMsgByUserNum - <==      Total: 1
2019-12-07 20:40:40.792 [http-nio-8080-exec-10] DEBUG com.lv.adminsys.modules.dao.LvLeaveDao.selectCount - ==>  Preparing: SELECT COUNT( 1 ) FROM lv_leave WHERE (lv_user_num = ?) 
2019-12-07 20:40:40.793 [http-nio-8080-exec-10] DEBUG com.lv.adminsys.modules.dao.LvLeaveDao.selectCount - ==> Parameters: 1713011332(String)
2019-12-07 20:40:40.796 [http-nio-8080-exec-10] DEBUG com.lv.adminsys.modules.dao.LvLeaveDao.selectCount - <==      Total: 1
2019-12-07 20:40:40.804 [http-nio-8080-exec-10] DEBUG com.lv.adminsys.modules.dao.LvLeaveDao.selectById - ==>  Preparing: SELECT lv_id,lv_relative_phone,lv_length,lv_end_time_long,lv_picture,lv_reason,lv_relative_name,lv_end_time,lv_status,lv_user_num,lv_process_instance_id,lv_create_time,lv_apply_detail,lv_begin_time,lv_relative_type FROM lv_leave WHERE lv_id=? 
2019-12-07 20:40:40.804 [http-nio-8080-exec-10] DEBUG com.lv.adminsys.modules.dao.LvLeaveDao.selectById - ==> Parameters: 1575722433(String)
2019-12-07 20:40:40.805 [http-nio-8080-exec-10] DEBUG com.lv.adminsys.modules.dao.LvLeaveDao.selectById - <==      Total: 1
2019-12-07 20:51:44.184 [http-nio-8080-exec-3] DEBUG com.lv.adminsys.modules.dao.LvLeaveDao.selectById - ==>  Preparing: SELECT lv_id,lv_relative_phone,lv_length,lv_end_time_long,lv_picture,lv_reason,lv_relative_name,lv_end_time,lv_status,lv_user_num,lv_process_instance_id,lv_create_time,lv_apply_detail,lv_begin_time,lv_relative_type FROM lv_leave WHERE lv_id=? 
2019-12-07 20:51:44.202 [http-nio-8080-exec-3] DEBUG com.lv.adminsys.modules.dao.LvLeaveDao.selectById - ==> Parameters: 1575722193(String)
2019-12-07 20:51:44.223 [http-nio-8080-exec-3] DEBUG com.lv.adminsys.modules.dao.LvLeaveDao.selectById - <==      Total: 1
2019-12-07 20:51:44.227 [http-nio-8080-exec-3] DEBUG c.l.a.modules.dao.LvUserDao.findUseMsgByUserNum - ==>  Preparing: select u.*,r.*,p.* from lv_user u INNER JOIN lv_roles r on u.lv_role = r.rid INNER JOIN lv_role_permission pr on pr.lv_rid = r.rid INNER JOIN lv_permission p on p.pid = pr.lv_pid where u.lv_user_num = ? 
2019-12-07 20:51:44.229 [http-nio-8080-exec-3] DEBUG c.l.a.modules.dao.LvUserDao.findUseMsgByUserNum - ==> Parameters: 1713011332(String)
2019-12-07 20:51:44.235 [http-nio-8080-exec-3] DEBUG c.l.a.modules.dao.LvUserDao.findUseMsgByUserNum - <==      Total: 1
2019-12-07 20:51:44.289 [http-nio-8080-exec-3] DEBUG com.lv.adminsys.modules.dao.LvLeaveDao.selectCount - ==>  Preparing: SELECT COUNT( 1 ) FROM lv_leave WHERE (lv_user_num = ?) 
2019-12-07 20:51:44.290 [http-nio-8080-exec-3] DEBUG com.lv.adminsys.modules.dao.LvLeaveDao.selectCount - ==> Parameters: 1713011332(String)
2019-12-07 20:51:44.294 [http-nio-8080-exec-3] DEBUG com.lv.adminsys.modules.dao.LvLeaveDao.selectCount - <==      Total: 1
2019-12-07 20:51:44.305 [http-nio-8080-exec-3] DEBUG com.lv.adminsys.modules.dao.LvLeaveDao.selectById - ==>  Preparing: SELECT lv_id,lv_relative_phone,lv_length,lv_end_time_long,lv_picture,lv_reason,lv_relative_name,lv_end_time,lv_status,lv_user_num,lv_process_instance_id,lv_create_time,lv_apply_detail,lv_begin_time,lv_relative_type FROM lv_leave WHERE lv_id=? 
2019-12-07 20:51:44.306 [http-nio-8080-exec-3] DEBUG com.lv.adminsys.modules.dao.LvLeaveDao.selectById - ==> Parameters: 1575722433(String)
2019-12-07 20:51:44.309 [http-nio-8080-exec-3] DEBUG com.lv.adminsys.modules.dao.LvLeaveDao.selectById - <==      Total: 1
2019-12-07 21:09:11.481 [http-nio-8080-exec-6] DEBUG com.lv.adminsys.modules.dao.LvLeaveDao.selectById - ==>  Preparing: SELECT lv_id,lv_relative_phone,lv_length,lv_end_time_long,lv_picture,lv_reason,lv_relative_name,lv_end_time,lv_status,lv_user_num,lv_process_instance_id,lv_create_time,lv_apply_detail,lv_begin_time,lv_relative_type FROM lv_leave WHERE lv_id=? 
2019-12-07 21:09:11.498 [http-nio-8080-exec-6] DEBUG com.lv.adminsys.modules.dao.LvLeaveDao.selectById - ==> Parameters: 1575722193(String)
2019-12-07 21:09:11.518 [http-nio-8080-exec-6] DEBUG com.lv.adminsys.modules.dao.LvLeaveDao.selectById - <==      Total: 1
2019-12-07 21:09:11.521 [http-nio-8080-exec-6] DEBUG c.l.a.modules.dao.LvUserDao.findUseMsgByUserNum - ==>  Preparing: select u.*,r.*,p.* from lv_user u INNER JOIN lv_roles r on u.lv_role = r.rid INNER JOIN lv_role_permission pr on pr.lv_rid = r.rid INNER JOIN lv_permission p on p.pid = pr.lv_pid where u.lv_user_num = ? 
2019-12-07 21:09:11.521 [http-nio-8080-exec-6] DEBUG c.l.a.modules.dao.LvUserDao.findUseMsgByUserNum - ==> Parameters: 1713011332(String)
2019-12-07 21:09:11.530 [http-nio-8080-exec-6] DEBUG c.l.a.modules.dao.LvUserDao.findUseMsgByUserNum - <==      Total: 1
2019-12-07 21:09:11.592 [http-nio-8080-exec-6] DEBUG com.lv.adminsys.modules.dao.LvLeaveDao.selectCount - ==>  Preparing: SELECT COUNT( 1 ) FROM lv_leave WHERE (lv_user_num = ?) 
2019-12-07 21:09:11.592 [http-nio-8080-exec-6] DEBUG com.lv.adminsys.modules.dao.LvLeaveDao.selectCount - ==> Parameters: 1713011332(String)
2019-12-07 21:09:11.597 [http-nio-8080-exec-6] DEBUG com.lv.adminsys.modules.dao.LvLeaveDao.selectCount - <==      Total: 1
2019-12-07 21:09:11.607 [http-nio-8080-exec-6] DEBUG com.lv.adminsys.modules.dao.LvLeaveDao.selectById - ==>  Preparing: SELECT lv_id,lv_relative_phone,lv_length,lv_end_time_long,lv_picture,lv_reason,lv_relative_name,lv_end_time,lv_status,lv_user_num,lv_process_instance_id,lv_create_time,lv_apply_detail,lv_begin_time,lv_relative_type FROM lv_leave WHERE lv_id=? 
2019-12-07 21:09:11.607 [http-nio-8080-exec-6] DEBUG com.lv.adminsys.modules.dao.LvLeaveDao.selectById - ==> Parameters: 1575722433(String)
2019-12-07 21:09:11.612 [http-nio-8080-exec-6] DEBUG com.lv.adminsys.modules.dao.LvLeaveDao.selectById - <==      Total: 1
2019-12-07 21:10:56.077 [http-nio-8080-exec-1] DEBUG com.lv.adminsys.modules.dao.LvLeaveDao.selectById - ==>  Preparing: SELECT lv_id,lv_relative_phone,lv_length,lv_end_time_long,lv_picture,lv_reason,lv_relative_name,lv_end_time,lv_status,lv_user_num,lv_process_instance_id,lv_create_time,lv_apply_detail,lv_begin_time,lv_relative_type FROM lv_leave WHERE lv_id=? 
2019-12-07 21:10:56.099 [http-nio-8080-exec-1] DEBUG com.lv.adminsys.modules.dao.LvLeaveDao.selectById - ==> Parameters: 1575722193(String)
2019-12-07 21:10:56.120 [http-nio-8080-exec-1] DEBUG com.lv.adminsys.modules.dao.LvLeaveDao.selectById - <==      Total: 1
2019-12-07 21:10:56.123 [http-nio-8080-exec-1] DEBUG c.l.a.modules.dao.LvUserDao.findUseMsgByUserNum - ==>  Preparing: select u.*,r.*,p.* from lv_user u INNER JOIN lv_roles r on u.lv_role = r.rid INNER JOIN lv_role_permission pr on pr.lv_rid = r.rid INNER JOIN lv_permission p on p.pid = pr.lv_pid where u.lv_user_num = ? 
2019-12-07 21:10:56.124 [http-nio-8080-exec-1] DEBUG c.l.a.modules.dao.LvUserDao.findUseMsgByUserNum - ==> Parameters: 1713011332(String)
2019-12-07 21:10:56.135 [http-nio-8080-exec-1] DEBUG c.l.a.modules.dao.LvUserDao.findUseMsgByUserNum - <==      Total: 1
2019-12-07 21:10:56.201 [http-nio-8080-exec-1] DEBUG com.lv.adminsys.modules.dao.LvLeaveDao.selectCount - ==>  Preparing: SELECT COUNT( 1 ) FROM lv_leave WHERE (lv_user_num = ?) 
2019-12-07 21:10:56.202 [http-nio-8080-exec-1] DEBUG com.lv.adminsys.modules.dao.LvLeaveDao.selectCount - ==> Parameters: 1713011332(String)
2019-12-07 21:10:56.205 [http-nio-8080-exec-1] DEBUG com.lv.adminsys.modules.dao.LvLeaveDao.selectCount - <==      Total: 1
2019-12-07 21:10:56.224 [http-nio-8080-exec-1] DEBUG com.lv.adminsys.modules.dao.LvLeaveDao.selectById - ==>  Preparing: SELECT lv_id,lv_relative_phone,lv_length,lv_end_time_long,lv_picture,lv_reason,lv_relative_name,lv_end_time,lv_status,lv_user_num,lv_process_instance_id,lv_create_time,lv_apply_detail,lv_begin_time,lv_relative_type FROM lv_leave WHERE lv_id=? 
2019-12-07 21:10:56.225 [http-nio-8080-exec-1] DEBUG com.lv.adminsys.modules.dao.LvLeaveDao.selectById - ==> Parameters: 1575722433(String)
2019-12-07 21:10:56.232 [http-nio-8080-exec-1] DEBUG com.lv.adminsys.modules.dao.LvLeaveDao.selectById - <==      Total: 1
2019-12-07 21:18:08.762 [http-nio-8080-exec-2] DEBUG com.lv.adminsys.modules.dao.LvLeaveDao.selectById - ==>  Preparing: SELECT lv_id,lv_relative_phone,lv_length,lv_end_time_long,lv_picture,lv_reason,lv_relative_name,lv_end_time,lv_status,lv_user_num,lv_process_instance_id,lv_create_time,lv_apply_detail,lv_begin_time,lv_relative_type FROM lv_leave WHERE lv_id=? 
2019-12-07 21:18:08.777 [http-nio-8080-exec-2] DEBUG com.lv.adminsys.modules.dao.LvLeaveDao.selectById - ==> Parameters: 1575722193(String)
2019-12-07 21:18:08.799 [http-nio-8080-exec-2] DEBUG com.lv.adminsys.modules.dao.LvLeaveDao.selectById - <==      Total: 1
2019-12-07 21:18:08.802 [http-nio-8080-exec-2] DEBUG c.l.a.modules.dao.LvUserDao.findUseMsgByUserNum - ==>  Preparing: select u.*,r.*,p.* from lv_user u INNER JOIN lv_roles r on u.lv_role = r.rid INNER JOIN lv_role_permission pr on pr.lv_rid = r.rid INNER JOIN lv_permission p on p.pid = pr.lv_pid where u.lv_user_num = ? 
2019-12-07 21:18:08.804 [http-nio-8080-exec-2] DEBUG c.l.a.modules.dao.LvUserDao.findUseMsgByUserNum - ==> Parameters: 1713011332(String)
2019-12-07 21:18:08.811 [http-nio-8080-exec-2] DEBUG c.l.a.modules.dao.LvUserDao.findUseMsgByUserNum - <==      Total: 1
2019-12-07 21:18:08.893 [http-nio-8080-exec-2] DEBUG com.lv.adminsys.modules.dao.LvLeaveDao.selectCount - ==>  Preparing: SELECT COUNT( 1 ) FROM lv_leave WHERE (lv_user_num = ?) 
2019-12-07 21:18:08.893 [http-nio-8080-exec-2] DEBUG com.lv.adminsys.modules.dao.LvLeaveDao.selectCount - ==> Parameters: 1713011332(String)
2019-12-07 21:18:08.897 [http-nio-8080-exec-2] DEBUG com.lv.adminsys.modules.dao.LvLeaveDao.selectCount - <==      Total: 1
2019-12-07 21:18:08.906 [http-nio-8080-exec-2] DEBUG com.lv.adminsys.modules.dao.LvLeaveDao.selectById - ==>  Preparing: SELECT lv_id,lv_relative_phone,lv_length,lv_end_time_long,lv_picture,lv_reason,lv_relative_name,lv_end_time,lv_status,lv_user_num,lv_process_instance_id,lv_create_time,lv_apply_detail,lv_begin_time,lv_relative_type FROM lv_leave WHERE lv_id=? 
2019-12-07 21:18:08.907 [http-nio-8080-exec-2] DEBUG com.lv.adminsys.modules.dao.LvLeaveDao.selectById - ==> Parameters: 1575722433(String)
2019-12-07 21:18:08.910 [http-nio-8080-exec-2] DEBUG com.lv.adminsys.modules.dao.LvLeaveDao.selectById - <==      Total: 1
2019-12-07 21:18:23.423 [http-nio-8080-exec-3] DEBUG com.lv.adminsys.modules.dao.LvLeaveDao.selectOne - ==>  Preparing: SELECT lv_id,lv_relative_phone,lv_length,lv_end_time_long,lv_picture,lv_reason,lv_relative_name,lv_end_time,lv_status,lv_user_num,lv_process_instance_id,lv_create_time,lv_apply_detail,lv_begin_time,lv_relative_type FROM lv_leave WHERE (lv_id = ?) 
2019-12-07 21:18:23.425 [http-nio-8080-exec-3] DEBUG com.lv.adminsys.modules.dao.LvLeaveDao.selectOne - ==> Parameters: 1575722193(String)
2019-12-07 21:18:23.429 [http-nio-8080-exec-3] DEBUG com.lv.adminsys.modules.dao.LvLeaveDao.selectOne - <==      Total: 1
2019-12-07 21:18:23.443 [http-nio-8080-exec-3] DEBUG c.lv.adminsys.modules.dao.LvTeacherDao.selectList - ==>  Preparing: SELECT lv_teacher_id,lv_teacher_phone,lv_role,lv_teacher_work_time,lv_teacher_num,lv_teacher_create_time,lv_teacher_location,lv_teacher_password,lv_teacher_name FROM lv_teacher WHERE (lv_role = ?) 
2019-12-07 21:18:23.444 [http-nio-8080-exec-3] DEBUG c.lv.adminsys.modules.dao.LvTeacherDao.selectList - ==> Parameters: 3(Integer)
2019-12-07 21:18:23.450 [http-nio-8080-exec-3] DEBUG c.lv.adminsys.modules.dao.LvTeacherDao.selectList - <==      Total: 2
2019-12-07 21:18:28.466 [http-nio-8080-exec-4] DEBUG com.lv.adminsys.modules.dao.LvLeaveDao.selectById - ==>  Preparing: SELECT lv_id,lv_relative_phone,lv_length,lv_end_time_long,lv_picture,lv_reason,lv_relative_name,lv_end_time,lv_status,lv_user_num,lv_process_instance_id,lv_create_time,lv_apply_detail,lv_begin_time,lv_relative_type FROM lv_leave WHERE lv_id=? 
2019-12-07 21:18:28.467 [http-nio-8080-exec-4] DEBUG com.lv.adminsys.modules.dao.LvLeaveDao.selectById - ==> Parameters: 1575722433(String)
2019-12-07 21:18:28.470 [http-nio-8080-exec-4] DEBUG com.lv.adminsys.modules.dao.LvLeaveDao.selectById - <==      Total: 1
2019-12-07 21:18:28.470 [http-nio-8080-exec-4] DEBUG c.l.a.modules.dao.LvUserDao.findUseMsgByUserNum - ==>  Preparing: select u.*,r.*,p.* from lv_user u INNER JOIN lv_roles r on u.lv_role = r.rid INNER JOIN lv_role_permission pr on pr.lv_rid = r.rid INNER JOIN lv_permission p on p.pid = pr.lv_pid where u.lv_user_num = ? 
2019-12-07 21:18:28.481 [http-nio-8080-exec-4] DEBUG c.l.a.modules.dao.LvUserDao.findUseMsgByUserNum - ==> Parameters: 1713011332(String)
2019-12-07 21:18:28.489 [http-nio-8080-exec-4] DEBUG c.l.a.modules.dao.LvUserDao.findUseMsgByUserNum - <==      Total: 1
2019-12-07 21:18:28.494 [http-nio-8080-exec-4] DEBUG com.lv.adminsys.modules.dao.LvLeaveDao.selectCount - ==>  Preparing: SELECT COUNT( 1 ) FROM lv_leave WHERE (lv_user_num = ?) 
2019-12-07 21:18:28.495 [http-nio-8080-exec-4] DEBUG com.lv.adminsys.modules.dao.LvLeaveDao.selectCount - ==> Parameters: 1713011332(String)
2019-12-07 21:18:28.496 [http-nio-8080-exec-4] DEBUG com.lv.adminsys.modules.dao.LvLeaveDao.selectCount - <==      Total: 1
2019-12-07 21:18:39.186 [http-nio-8080-exec-5] DEBUG com.lv.adminsys.modules.dao.LvLeaveDao.selectById - ==>  Preparing: SELECT lv_id,lv_relative_phone,lv_length,lv_end_time_long,lv_picture,lv_reason,lv_relative_name,lv_end_time,lv_status,lv_user_num,lv_process_instance_id,lv_create_time,lv_apply_detail,lv_begin_time,lv_relative_type FROM lv_leave WHERE lv_id=? 
2019-12-07 21:18:39.188 [http-nio-8080-exec-5] DEBUG com.lv.adminsys.modules.dao.LvLeaveDao.selectById - ==> Parameters: 1575722193(String)
2019-12-07 21:18:39.195 [http-nio-8080-exec-5] DEBUG com.lv.adminsys.modules.dao.LvLeaveDao.selectById - <==      Total: 1
2019-12-07 21:18:39.206 [http-nio-8080-exec-5] DEBUG c.l.a.modules.dao.LvUserDao.findUseMsgByUserNum - ==>  Preparing: select u.*,r.*,p.* from lv_user u INNER JOIN lv_roles r on u.lv_role = r.rid INNER JOIN lv_role_permission pr on pr.lv_rid = r.rid INNER JOIN lv_permission p on p.pid = pr.lv_pid where u.lv_user_num = ? 
2019-12-07 21:18:39.207 [http-nio-8080-exec-5] DEBUG c.l.a.modules.dao.LvUserDao.findUseMsgByUserNum - ==> Parameters: 1713011332(String)
2019-12-07 21:18:39.220 [http-nio-8080-exec-5] DEBUG c.l.a.modules.dao.LvUserDao.findUseMsgByUserNum - <==      Total: 1
2019-12-07 21:18:39.234 [http-nio-8080-exec-5] DEBUG com.lv.adminsys.modules.dao.LvLeaveDao.selectCount - ==>  Preparing: SELECT COUNT( 1 ) FROM lv_leave WHERE (lv_user_num = ?) 
2019-12-07 21:18:39.235 [http-nio-8080-exec-5] DEBUG com.lv.adminsys.modules.dao.LvLeaveDao.selectCount - ==> Parameters: 1713011332(String)
2019-12-07 21:18:39.240 [http-nio-8080-exec-5] DEBUG com.lv.adminsys.modules.dao.LvLeaveDao.selectCount - <==      Total: 1
2019-12-07 22:10:56.585 [main] DEBUG com.lv.adminsys.modules.dao.LvTeacherDao.selectOne - ==>  Preparing: SELECT lv_teacher_id,lv_teacher_phone,lv_role,lv_teacher_work_time,lv_teacher_num,lv_teacher_create_time,lv_teacher_location,lv_teacher_password,lv_teacher_name FROM lv_teacher WHERE (lv_teacher_num = ?) 
2019-12-07 22:10:56.596 [main] DEBUG com.lv.adminsys.modules.dao.LvTeacherDao.selectOne - ==> Parameters: T171305(String)
2019-12-07 22:10:56.617 [main] DEBUG com.lv.adminsys.modules.dao.LvTeacherDao.selectOne - <==      Total: 1
2019-12-07 22:11:37.561 [main] DEBUG com.lv.adminsys.modules.dao.LvTeacherDao.selectOne - ==>  Preparing: SELECT lv_teacher_id,lv_teacher_phone,lv_role,lv_teacher_work_time,lv_teacher_num,lv_teacher_create_time,lv_teacher_location,lv_teacher_password,lv_teacher_name FROM lv_teacher WHERE (lv_teacher_num = ?) 
2019-12-07 22:11:37.574 [main] DEBUG com.lv.adminsys.modules.dao.LvTeacherDao.selectOne - ==> Parameters: T171305(String)
2019-12-07 22:11:37.599 [main] DEBUG com.lv.adminsys.modules.dao.LvTeacherDao.selectOne - <==      Total: 1
2019-12-07 22:37:19.618 [http-nio-8080-exec-3] DEBUG c.l.a.m.dao.LvTeacherDao.findUseMsgByTeacherNum - ==>  Preparing: select u.*,r.*,p.* from lv_teacher u INNER JOIN lv_roles r on u.lv_role = r.rid INNER JOIN lv_role_permission pr on pr.lv_rid = r.rid INNER JOIN lv_permission p on p.pid = pr.lv_pid where u.lv_teacher_num = ? 
2019-12-07 22:37:20.001 [http-nio-8080-exec-3] DEBUG c.l.a.m.dao.LvTeacherDao.findUseMsgByTeacherNum - ==> Parameters: T171304(String)
2019-12-07 22:37:20.277 [http-nio-8080-exec-3] DEBUG c.l.a.m.dao.LvTeacherDao.findUseMsgByTeacherNum - <==      Total: 1
2019-12-07 22:38:54.461 [http-nio-8080-exec-1] DEBUG c.l.a.m.dao.LvTeacherDao.findUseMsgByTeacherNum - ==>  Preparing: select u.*,r.*,p.* from lv_teacher u INNER JOIN lv_roles r on u.lv_role = r.rid INNER JOIN lv_role_permission pr on pr.lv_rid = r.rid INNER JOIN lv_permission p on p.pid = pr.lv_pid where u.lv_teacher_num = ? 
2019-12-07 22:38:54.477 [http-nio-8080-exec-1] DEBUG c.l.a.m.dao.LvTeacherDao.findUseMsgByTeacherNum - ==> Parameters: T171304(String)
2019-12-07 22:38:54.564 [http-nio-8080-exec-1] DEBUG c.l.a.m.dao.LvTeacherDao.findUseMsgByTeacherNum - <==      Total: 1
2019-12-07 22:46:38.777 [http-nio-8080-exec-2] DEBUG c.l.a.m.dao.LvTeacherDao.findUseMsgByTeacherNum - ==>  Preparing: select u.*,r.*,p.* from lv_teacher u INNER JOIN lv_roles r on u.lv_role = r.rid INNER JOIN lv_role_permission pr on pr.lv_rid = r.rid INNER JOIN lv_permission p on p.pid = pr.lv_pid where u.lv_teacher_num = ? 
2019-12-07 22:46:38.800 [http-nio-8080-exec-2] DEBUG c.l.a.m.dao.LvTeacherDao.findUseMsgByTeacherNum - ==> Parameters: T171304(String)
2019-12-07 22:46:38.826 [http-nio-8080-exec-2] DEBUG c.l.a.m.dao.LvTeacherDao.findUseMsgByTeacherNum - <==      Total: 1
2019-12-07 22:49:08.202 [http-nio-8080-exec-9] DEBUG c.l.a.m.dao.LvTeacherDao.findUseMsgByTeacherNum - ==>  Preparing: select u.*,r.*,p.* from lv_teacher u INNER JOIN lv_roles r on u.lv_role = r.rid INNER JOIN lv_role_permission pr on pr.lv_rid = r.rid INNER JOIN lv_permission p on p.pid = pr.lv_pid where u.lv_teacher_num = ? 
2019-12-07 22:49:08.207 [http-nio-8080-exec-9] DEBUG c.l.a.m.dao.LvTeacherDao.findUseMsgByTeacherNum - ==> Parameters: T171304(String)
2019-12-07 22:49:08.228 [http-nio-8080-exec-9] DEBUG c.l.a.m.dao.LvTeacherDao.findUseMsgByTeacherNum - <==      Total: 1
