2019-11-15 17:46:10.722 [main] WARN  org.mybatis.spring.mapper.ClassPathMapperScanner - No MyBatis mapper was found in '[com.lv.adminsys.modules]' package. Please check your configuration.
2019-11-15 17:46:15.316 [main] WARN  o.s.b.w.s.c.AnnotationConfigServletWebServerApplicationContext - Exception encountered during context initialization - cancelling refresh attempt: org.springframework.beans.factory.BeanCreationException: Error creating bean with name 'leaveService': Injection of resource dependencies failed; nested exception is org.springframework.beans.factory.UnsatisfiedDependencyException: Error creating bean with name 'taskServiceBean' defined in class path resource [org/activiti/spring/boot/DataSourceProcessEngineAutoConfiguration$DataSourceProcessEngineConfiguration.class]: Unsatisfied dependency expressed through method 'taskServiceBean' parameter 0; nested exception is org.springframework.beans.factory.BeanCreationException: Error creating bean with name 'processEngine': FactoryBean threw exception on object creation; nested exception is org.apache.ibatis.exceptions.PersistenceException: 
### Error querying database.  Cause: java.sql.SQLSyntaxErrorException: Table 'lv.ACT_GE_PROPERTY' doesn't exist
### The error may exist in org/activiti/db/mapping/entity/Property.xml
### The error may involve org.activiti.engine.impl.persistence.entity.PropertyEntityImpl.selectProperty-Inline
### The error occurred while setting parameters
### SQL: select * from ACT_GE_PROPERTY where NAME_ = ?
### Cause: java.sql.SQLSyntaxErrorException: Table 'lv.ACT_GE_PROPERTY' doesn't exist
2019-11-15 17:47:54.665 [main] WARN  org.mybatis.spring.mapper.ClassPathMapperScanner - No MyBatis mapper was found in '[com.lv.adminsys.modules]' package. Please check your configuration.
2019-11-15 17:47:58.019 [main] WARN  o.s.b.w.s.c.AnnotationConfigServletWebServerApplicationContext - Exception encountered during context initialization - cancelling refresh attempt: org.springframework.beans.factory.BeanCreationException: Error creating bean with name 'leaveService': Injection of resource dependencies failed; nested exception is org.springframework.beans.factory.UnsatisfiedDependencyException: Error creating bean with name 'taskServiceBean' defined in class path resource [org/activiti/spring/boot/DataSourceProcessEngineAutoConfiguration$DataSourceProcessEngineConfiguration.class]: Unsatisfied dependency expressed through method 'taskServiceBean' parameter 0; nested exception is org.springframework.beans.factory.BeanCreationException: Error creating bean with name 'processEngine': FactoryBean threw exception on object creation; nested exception is org.apache.ibatis.exceptions.PersistenceException: 
### Error querying database.  Cause: java.sql.SQLSyntaxErrorException: Table 'lv.ACT_GE_PROPERTY' doesn't exist
### The error may exist in org/activiti/db/mapping/entity/Property.xml
### The error may involve org.activiti.engine.impl.persistence.entity.PropertyEntityImpl.selectProperty-Inline
### The error occurred while setting parameters
### SQL: select * from ACT_GE_PROPERTY where NAME_ = ?
### Cause: java.sql.SQLSyntaxErrorException: Table 'lv.ACT_GE_PROPERTY' doesn't exist
2019-11-15 17:48:45.852 [main] WARN  org.mybatis.spring.mapper.ClassPathMapperScanner - No MyBatis mapper was found in '[com.lv.adminsys.modules]' package. Please check your configuration.
2019-11-15 17:48:49.224 [main] WARN  o.s.b.w.s.c.AnnotationConfigServletWebServerApplicationContext - Exception encountered during context initialization - cancelling refresh attempt: org.springframework.beans.factory.BeanCreationException: Error creating bean with name 'leaveService': Injection of resource dependencies failed; nested exception is org.springframework.beans.factory.UnsatisfiedDependencyException: Error creating bean with name 'taskServiceBean' defined in class path resource [org/activiti/spring/boot/DataSourceProcessEngineAutoConfiguration$DataSourceProcessEngineConfiguration.class]: Unsatisfied dependency expressed through method 'taskServiceBean' parameter 0; nested exception is org.springframework.beans.factory.BeanCreationException: Error creating bean with name 'processEngine': FactoryBean threw exception on object creation; nested exception is org.apache.ibatis.exceptions.PersistenceException: 
### Error querying database.  Cause: java.sql.SQLSyntaxErrorException: Table 'lv.ACT_GE_PROPERTY' doesn't exist
### The error may exist in org/activiti/db/mapping/entity/Property.xml
### The error may involve org.activiti.engine.impl.persistence.entity.PropertyEntityImpl.selectProperty-Inline
### The error occurred while setting parameters
### SQL: select * from ACT_GE_PROPERTY where NAME_ = ?
### Cause: java.sql.SQLSyntaxErrorException: Table 'lv.ACT_GE_PROPERTY' doesn't exist
2019-11-15 17:53:29.982 [main] WARN  org.mybatis.spring.mapper.ClassPathMapperScanner - No MyBatis mapper was found in '[com.lv.adminsys.modules]' package. Please check your configuration.
2019-11-15 17:53:33.502 [main] WARN  o.s.b.w.s.c.AnnotationConfigServletWebServerApplicationContext - Exception encountered during context initialization - cancelling refresh attempt: org.springframework.beans.factory.BeanCreationException: Error creating bean with name 'leaveService': Injection of resource dependencies failed; nested exception is org.springframework.beans.factory.UnsatisfiedDependencyException: Error creating bean with name 'taskServiceBean' defined in class path resource [org/activiti/spring/boot/DataSourceProcessEngineAutoConfiguration$DataSourceProcessEngineConfiguration.class]: Unsatisfied dependency expressed through method 'taskServiceBean' parameter 0; nested exception is org.springframework.beans.factory.BeanCreationException: Error creating bean with name 'processEngine': FactoryBean threw exception on object creation; nested exception is org.apache.ibatis.exceptions.PersistenceException: 
### Error querying database.  Cause: java.sql.SQLSyntaxErrorException: Table 'lv.ACT_GE_PROPERTY' doesn't exist
### The error may exist in org/activiti/db/mapping/entity/Property.xml
### The error may involve org.activiti.engine.impl.persistence.entity.PropertyEntityImpl.selectProperty-Inline
### The error occurred while setting parameters
### SQL: select * from ACT_GE_PROPERTY where NAME_ = ?
### Cause: java.sql.SQLSyntaxErrorException: Table 'lv.ACT_GE_PROPERTY' doesn't exist
2019-11-15 17:56:44.451 [main] WARN  org.mybatis.spring.mapper.ClassPathMapperScanner - No MyBatis mapper was found in '[com.lv.adminsys.modules]' package. Please check your configuration.
2019-11-15 17:56:47.690 [main] WARN  o.s.b.w.s.c.AnnotationConfigServletWebServerApplicationContext - Exception encountered during context initialization - cancelling refresh attempt: org.springframework.beans.factory.BeanCreationException: Error creating bean with name 'leaveService': Injection of resource dependencies failed; nested exception is org.springframework.beans.factory.UnsatisfiedDependencyException: Error creating bean with name 'taskServiceBean' defined in class path resource [org/activiti/spring/boot/DataSourceProcessEngineAutoConfiguration$DataSourceProcessEngineConfiguration.class]: Unsatisfied dependency expressed through method 'taskServiceBean' parameter 0; nested exception is org.springframework.beans.factory.BeanCreationException: Error creating bean with name 'processEngine': FactoryBean threw exception on object creation; nested exception is org.apache.ibatis.exceptions.PersistenceException: 
### Error querying database.  Cause: java.sql.SQLSyntaxErrorException: Table 'lv.ACT_GE_PROPERTY' doesn't exist
### The error may exist in org/activiti/db/mapping/entity/Property.xml
### The error may involve org.activiti.engine.impl.persistence.entity.PropertyEntityImpl.selectProperty-Inline
### The error occurred while setting parameters
### SQL: select * from ACT_GE_PROPERTY where NAME_ = ?
### Cause: java.sql.SQLSyntaxErrorException: Table 'lv.ACT_GE_PROPERTY' doesn't exist
2019-11-15 17:57:09.591 [main] WARN  org.mybatis.spring.mapper.ClassPathMapperScanner - No MyBatis mapper was found in '[com.lv.adminsys.modules]' package. Please check your configuration.
2019-11-15 17:57:13.339 [main] WARN  o.s.b.w.s.c.AnnotationConfigServletWebServerApplicationContext - Exception encountered during context initialization - cancelling refresh attempt: org.springframework.beans.factory.BeanCreationException: Error creating bean with name 'leaveService': Injection of resource dependencies failed; nested exception is org.springframework.beans.factory.UnsatisfiedDependencyException: Error creating bean with name 'taskServiceBean' defined in class path resource [org/activiti/spring/boot/DataSourceProcessEngineAutoConfiguration$DataSourceProcessEngineConfiguration.class]: Unsatisfied dependency expressed through method 'taskServiceBean' parameter 0; nested exception is org.springframework.beans.factory.BeanCreationException: Error creating bean with name 'processEngine': FactoryBean threw exception on object creation; nested exception is org.apache.ibatis.exceptions.PersistenceException: 
### Error querying database.  Cause: java.sql.SQLSyntaxErrorException: Table 'lv.ACT_GE_PROPERTY' doesn't exist
### The error may exist in org/activiti/db/mapping/entity/Property.xml
### The error may involve org.activiti.engine.impl.persistence.entity.PropertyEntityImpl.selectProperty-Inline
### The error occurred while setting parameters
### SQL: select * from ACT_GE_PROPERTY where NAME_ = ?
### Cause: java.sql.SQLSyntaxErrorException: Table 'lv.ACT_GE_PROPERTY' doesn't exist
2019-11-15 18:01:46.096 [main] WARN  org.mybatis.spring.mapper.ClassPathMapperScanner - No MyBatis mapper was found in '[com.lv.adminsys.modules]' package. Please check your configuration.
2019-11-15 18:01:49.351 [main] WARN  o.s.b.w.s.c.AnnotationConfigServletWebServerApplicationContext - Exception encountered during context initialization - cancelling refresh attempt: org.springframework.beans.factory.BeanCreationException: Error creating bean with name 'leaveService': Injection of resource dependencies failed; nested exception is org.springframework.beans.factory.UnsatisfiedDependencyException: Error creating bean with name 'taskServiceBean' defined in class path resource [org/activiti/spring/boot/DataSourceProcessEngineAutoConfiguration$DataSourceProcessEngineConfiguration.class]: Unsatisfied dependency expressed through method 'taskServiceBean' parameter 0; nested exception is org.springframework.beans.factory.BeanCreationException: Error creating bean with name 'processEngine': FactoryBean threw exception on object creation; nested exception is org.apache.ibatis.exceptions.PersistenceException: 
### Error querying database.  Cause: java.sql.SQLSyntaxErrorException: Table 'lv.ACT_GE_PROPERTY' doesn't exist
### The error may exist in org/activiti/db/mapping/entity/Property.xml
### The error may involve org.activiti.engine.impl.persistence.entity.PropertyEntityImpl.selectProperty-Inline
### The error occurred while setting parameters
### SQL: select * from ACT_GE_PROPERTY where NAME_ = ?
### Cause: java.sql.SQLSyntaxErrorException: Table 'lv.ACT_GE_PROPERTY' doesn't exist
2019-11-15 18:03:30.919 [main] WARN  org.mybatis.spring.mapper.ClassPathMapperScanner - No MyBatis mapper was found in '[com.lv.adminsys.modules]' package. Please check your configuration.
2019-11-15 18:03:34.316 [main] WARN  o.s.b.w.s.c.AnnotationConfigServletWebServerApplicationContext - Exception encountered during context initialization - cancelling refresh attempt: org.springframework.beans.factory.BeanCreationException: Error creating bean with name 'leaveService': Injection of resource dependencies failed; nested exception is org.springframework.beans.factory.UnsatisfiedDependencyException: Error creating bean with name 'taskServiceBean' defined in class path resource [org/activiti/spring/boot/DataSourceProcessEngineAutoConfiguration$DataSourceProcessEngineConfiguration.class]: Unsatisfied dependency expressed through method 'taskServiceBean' parameter 0; nested exception is org.springframework.beans.factory.BeanCreationException: Error creating bean with name 'processEngine': FactoryBean threw exception on object creation; nested exception is org.apache.ibatis.exceptions.PersistenceException: 
### Error querying database.  Cause: java.sql.SQLSyntaxErrorException: Table 'lv.ACT_GE_PROPERTY' doesn't exist
### The error may exist in org/activiti/db/mapping/entity/Property.xml
### The error may involve org.activiti.engine.impl.persistence.entity.PropertyEntityImpl.selectProperty-Inline
### The error occurred while setting parameters
### SQL: select * from ACT_GE_PROPERTY where NAME_ = ?
### Cause: java.sql.SQLSyntaxErrorException: Table 'lv.ACT_GE_PROPERTY' doesn't exist
2019-11-15 18:05:53.078 [main] WARN  org.mybatis.spring.mapper.ClassPathMapperScanner - No MyBatis mapper was found in '[com.lv.adminsys.modules]' package. Please check your configuration.
2019-11-15 18:05:54.932 [main] WARN  o.s.b.w.s.c.AnnotationConfigServletWebServerApplicationContext - Exception encountered during context initialization - cancelling refresh attempt: org.springframework.beans.factory.BeanCreationException: Error creating bean with name 'leaveService': Injection of resource dependencies failed; nested exception is org.springframework.beans.factory.UnsatisfiedDependencyException: Error creating bean with name 'taskServiceBean' defined in class path resource [org/activiti/spring/boot/DataSourceProcessEngineAutoConfiguration$DataSourceProcessEngineConfiguration.class]: Unsatisfied dependency expressed through method 'taskServiceBean' parameter 0; nested exception is org.springframework.beans.factory.UnsatisfiedDependencyException: Error creating bean with name 'processEngine' defined in class path resource [org/activiti/spring/boot/DataSourceProcessEngineAutoConfiguration$DataSourceProcessEngineConfiguration.class]: Unsatisfied dependency expressed through method 'processEngine' parameter 0; nested exception is org.springframework.beans.factory.BeanCreationException: Error creating bean with name 'springProcessEngineConfiguration' defined in class path resource [org/activiti/spring/boot/DataSourceProcessEngineAutoConfiguration$DataSourceProcessEngineConfiguration.class]: Bean instantiation via factory method failed; nested exception is org.springframework.beans.BeanInstantiationException: Failed to instantiate [org.activiti.spring.SpringProcessEngineConfiguration]: Factory method 'springProcessEngineConfiguration' threw exception; nested exception is java.io.FileNotFoundException: class path resource [processes/] cannot be resolved to URL because it does not exist
2019-11-15 18:06:36.094 [main] WARN  org.mybatis.spring.mapper.ClassPathMapperScanner - No MyBatis mapper was found in '[com.lv.adminsys.modules]' package. Please check your configuration.
2019-11-15 18:06:39.236 [main] WARN  o.s.b.w.s.c.AnnotationConfigServletWebServerApplicationContext - Exception encountered during context initialization - cancelling refresh attempt: org.springframework.beans.factory.BeanCreationException: Error creating bean with name 'leaveService': Injection of resource dependencies failed; nested exception is org.springframework.beans.factory.UnsatisfiedDependencyException: Error creating bean with name 'taskServiceBean' defined in class path resource [org/activiti/spring/boot/DataSourceProcessEngineAutoConfiguration$DataSourceProcessEngineConfiguration.class]: Unsatisfied dependency expressed through method 'taskServiceBean' parameter 0; nested exception is org.springframework.beans.factory.BeanCreationException: Error creating bean with name 'processEngine': FactoryBean threw exception on object creation; nested exception is org.apache.ibatis.exceptions.PersistenceException: 
### Error querying database.  Cause: java.sql.SQLSyntaxErrorException: Table 'lv.ACT_GE_PROPERTY' doesn't exist
### The error may exist in org/activiti/db/mapping/entity/Property.xml
### The error may involve org.activiti.engine.impl.persistence.entity.PropertyEntityImpl.selectProperty-Inline
### The error occurred while setting parameters
### SQL: select * from ACT_GE_PROPERTY where NAME_ = ?
### Cause: java.sql.SQLSyntaxErrorException: Table 'lv.ACT_GE_PROPERTY' doesn't exist
2019-11-15 18:07:55.337 [main] WARN  org.mybatis.spring.mapper.ClassPathMapperScanner - No MyBatis mapper was found in '[com.lv.adminsys.modules]' package. Please check your configuration.
2019-11-15 18:07:58.506 [main] WARN  o.s.b.w.s.c.AnnotationConfigServletWebServerApplicationContext - Exception encountered during context initialization - cancelling refresh attempt: org.springframework.beans.factory.BeanCreationException: Error creating bean with name 'leaveService': Injection of resource dependencies failed; nested exception is org.springframework.beans.factory.UnsatisfiedDependencyException: Error creating bean with name 'taskServiceBean' defined in class path resource [org/activiti/spring/boot/DataSourceProcessEngineAutoConfiguration$DataSourceProcessEngineConfiguration.class]: Unsatisfied dependency expressed through method 'taskServiceBean' parameter 0; nested exception is org.springframework.beans.factory.BeanCreationException: Error creating bean with name 'processEngine': FactoryBean threw exception on object creation; nested exception is org.apache.ibatis.exceptions.PersistenceException: 
### Error querying database.  Cause: java.sql.SQLSyntaxErrorException: Table 'lv.ACT_GE_PROPERTY' doesn't exist
### The error may exist in org/activiti/db/mapping/entity/Property.xml
### The error may involve org.activiti.engine.impl.persistence.entity.PropertyEntityImpl.selectProperty-Inline
### The error occurred while setting parameters
### SQL: select * from ACT_GE_PROPERTY where NAME_ = ?
### Cause: java.sql.SQLSyntaxErrorException: Table 'lv.ACT_GE_PROPERTY' doesn't exist
2019-11-15 18:38:48.765 [main] WARN  org.mybatis.spring.mapper.ClassPathMapperScanner - No MyBatis mapper was found in '[com.lv.adminsys.modules]' package. Please check your configuration.
2019-11-15 18:38:52.998 [main] WARN  o.s.b.w.s.c.AnnotationConfigServletWebServerApplicationContext - Exception encountered during context initialization - cancelling refresh attempt: org.springframework.beans.factory.BeanCreationException: Error creating bean with name 'leaveService': Injection of resource dependencies failed; nested exception is org.springframework.beans.factory.UnsatisfiedDependencyException: Error creating bean with name 'taskServiceBean' defined in class path resource [org/activiti/spring/boot/DataSourceProcessEngineAutoConfiguration$DataSourceProcessEngineConfiguration.class]: Unsatisfied dependency expressed through method 'taskServiceBean' parameter 0; nested exception is org.springframework.beans.factory.BeanCreationException: Error creating bean with name 'processEngine': FactoryBean threw exception on object creation; nested exception is org.apache.ibatis.exceptions.PersistenceException: 
### Error querying database.  Cause: java.sql.SQLSyntaxErrorException: Table 'lv.ACT_GE_PROPERTY' doesn't exist
### The error may exist in org/activiti/db/mapping/entity/Property.xml
### The error may involve org.activiti.engine.impl.persistence.entity.PropertyEntityImpl.selectProperty-Inline
### The error occurred while setting parameters
### SQL: select * from ACT_GE_PROPERTY where NAME_ = ?
### Cause: java.sql.SQLSyntaxErrorException: Table 'lv.ACT_GE_PROPERTY' doesn't exist
2019-11-15 18:40:05.088 [main] WARN  org.mybatis.spring.mapper.ClassPathMapperScanner - No MyBatis mapper was found in '[com.lv.adminsys.modules]' package. Please check your configuration.
2019-11-15 18:41:26.393 [main] WARN  org.mybatis.spring.mapper.ClassPathMapperScanner - No MyBatis mapper was found in '[com.lv.adminsys.modules]' package. Please check your configuration.
2019-11-15 18:41:29.745 [main] WARN  o.s.b.w.s.c.AnnotationConfigServletWebServerApplicationContext - Exception encountered during context initialization - cancelling refresh attempt: org.springframework.beans.factory.BeanCreationException: Error creating bean with name 'leaveService': Injection of resource dependencies failed; nested exception is org.springframework.beans.factory.UnsatisfiedDependencyException: Error creating bean with name 'taskServiceBean' defined in class path resource [org/activiti/spring/boot/DataSourceProcessEngineAutoConfiguration$DataSourceProcessEngineConfiguration.class]: Unsatisfied dependency expressed through method 'taskServiceBean' parameter 0; nested exception is org.springframework.beans.factory.BeanCreationException: Error creating bean with name 'processEngine': FactoryBean threw exception on object creation; nested exception is org.apache.ibatis.exceptions.PersistenceException: 
### Error querying database.  Cause: java.sql.SQLSyntaxErrorException: Table 'lv.ACT_GE_PROPERTY' doesn't exist
### The error may exist in org/activiti/db/mapping/entity/Property.xml
### The error may involve org.activiti.engine.impl.persistence.entity.PropertyEntityImpl.selectProperty-Inline
### The error occurred while setting parameters
### SQL: select * from ACT_GE_PROPERTY where NAME_ = ?
### Cause: java.sql.SQLSyntaxErrorException: Table 'lv.ACT_GE_PROPERTY' doesn't exist
2019-11-15 18:42:18.318 [main] WARN  org.mybatis.spring.mapper.ClassPathMapperScanner - No MyBatis mapper was found in '[com.lv.adminsys.modules]' package. Please check your configuration.
2019-11-15 18:42:21.585 [main] WARN  o.s.b.w.s.c.AnnotationConfigServletWebServerApplicationContext - Exception encountered during context initialization - cancelling refresh attempt: org.springframework.beans.factory.BeanCreationException: Error creating bean with name 'leaveService': Injection of resource dependencies failed; nested exception is org.springframework.beans.factory.UnsatisfiedDependencyException: Error creating bean with name 'taskServiceBean' defined in class path resource [org/activiti/spring/boot/DataSourceProcessEngineAutoConfiguration$DataSourceProcessEngineConfiguration.class]: Unsatisfied dependency expressed through method 'taskServiceBean' parameter 0; nested exception is org.springframework.beans.factory.BeanCreationException: Error creating bean with name 'processEngine': FactoryBean threw exception on object creation; nested exception is org.apache.ibatis.exceptions.PersistenceException: 
### Error querying database.  Cause: java.sql.SQLSyntaxErrorException: Table 'leaves.ACT_GE_PROPERTY' doesn't exist
### The error may exist in org/activiti/db/mapping/entity/Property.xml
### The error may involve org.activiti.engine.impl.persistence.entity.PropertyEntityImpl.selectProperty-Inline
### The error occurred while setting parameters
### SQL: select * from ACT_GE_PROPERTY where NAME_ = ?
### Cause: java.sql.SQLSyntaxErrorException: Table 'leaves.ACT_GE_PROPERTY' doesn't exist
2019-11-15 18:43:04.324 [main] WARN  org.mybatis.spring.mapper.ClassPathMapperScanner - No MyBatis mapper was found in '[com.lv.adminsys.modules]' package. Please check your configuration.
2019-11-15 18:43:07.788 [main] WARN  o.s.b.w.s.c.AnnotationConfigServletWebServerApplicationContext - Exception encountered during context initialization - cancelling refresh attempt: org.springframework.beans.factory.BeanCreationException: Error creating bean with name 'leaveService': Injection of resource dependencies failed; nested exception is org.springframework.beans.factory.UnsatisfiedDependencyException: Error creating bean with name 'taskServiceBean' defined in class path resource [org/activiti/spring/boot/DataSourceProcessEngineAutoConfiguration$DataSourceProcessEngineConfiguration.class]: Unsatisfied dependency expressed through method 'taskServiceBean' parameter 0; nested exception is org.springframework.beans.factory.BeanCreationException: Error creating bean with name 'processEngine': FactoryBean threw exception on object creation; nested exception is org.apache.ibatis.exceptions.PersistenceException: 
### Error querying database.  Cause: java.sql.SQLSyntaxErrorException: Table 'leaves.ACT_GE_PROPERTY' doesn't exist
### The error may exist in org/activiti/db/mapping/entity/Property.xml
### The error may involve org.activiti.engine.impl.persistence.entity.PropertyEntityImpl.selectProperty-Inline
### The error occurred while setting parameters
### SQL: select * from ACT_GE_PROPERTY where NAME_ = ?
### Cause: java.sql.SQLSyntaxErrorException: Table 'leaves.ACT_GE_PROPERTY' doesn't exist
2019-11-15 18:44:47.930 [main] WARN  org.mybatis.spring.mapper.ClassPathMapperScanner - No MyBatis mapper was found in '[com.lv.adminsys.modules]' package. Please check your configuration.
2019-11-15 18:44:51.069 [main] WARN  o.s.b.w.s.c.AnnotationConfigServletWebServerApplicationContext - Exception encountered during context initialization - cancelling refresh attempt: org.springframework.beans.factory.BeanCreationException: Error creating bean with name 'leaveService': Injection of resource dependencies failed; nested exception is org.springframework.beans.factory.UnsatisfiedDependencyException: Error creating bean with name 'taskServiceBean' defined in class path resource [org/activiti/spring/boot/DataSourceProcessEngineAutoConfiguration$DataSourceProcessEngineConfiguration.class]: Unsatisfied dependency expressed through method 'taskServiceBean' parameter 0; nested exception is org.springframework.beans.factory.BeanCreationException: Error creating bean with name 'processEngine': FactoryBean threw exception on object creation; nested exception is org.apache.ibatis.exceptions.PersistenceException: 
### Error querying database.  Cause: java.sql.SQLSyntaxErrorException: Table 'leaves.ACT_GE_PROPERTY' doesn't exist
### The error may exist in org/activiti/db/mapping/entity/Property.xml
### The error may involve org.activiti.engine.impl.persistence.entity.PropertyEntityImpl.selectProperty-Inline
### The error occurred while setting parameters
### SQL: select * from ACT_GE_PROPERTY where NAME_ = ?
### Cause: java.sql.SQLSyntaxErrorException: Table 'leaves.ACT_GE_PROPERTY' doesn't exist
2019-11-15 18:46:36.135 [main] WARN  org.mybatis.spring.mapper.ClassPathMapperScanner - No MyBatis mapper was found in '[com.lv.adminsys.modules]' package. Please check your configuration.
2019-11-15 18:50:06.249 [main] WARN  org.mybatis.spring.mapper.ClassPathMapperScanner - No MyBatis mapper was found in '[com.lv.adminsys.modules]' package. Please check your configuration.
2019-11-15 18:50:42.129 [main] WARN  org.mybatis.spring.mapper.ClassPathMapperScanner - No MyBatis mapper was found in '[com.lv.adminsys.modules]' package. Please check your configuration.
2019-11-15 18:50:44.073 [main] WARN  o.s.b.w.s.c.AnnotationConfigServletWebServerApplicationContext - Exception encountered during context initialization - cancelling refresh attempt: org.springframework.beans.factory.BeanCreationException: Error creating bean with name 'leaveService': Injection of resource dependencies failed; nested exception is org.springframework.beans.factory.UnsatisfiedDependencyException: Error creating bean with name 'taskServiceBean' defined in class path resource [org/activiti/spring/boot/DataSourceProcessEngineAutoConfiguration$DataSourceProcessEngineConfiguration.class]: Unsatisfied dependency expressed through method 'taskServiceBean' parameter 0; nested exception is org.springframework.beans.factory.UnsatisfiedDependencyException: Error creating bean with name 'processEngine' defined in class path resource [org/activiti/spring/boot/DataSourceProcessEngineAutoConfiguration$DataSourceProcessEngineConfiguration.class]: Unsatisfied dependency expressed through method 'processEngine' parameter 0; nested exception is org.springframework.beans.factory.BeanCreationException: Error creating bean with name 'springProcessEngineConfiguration' defined in class path resource [org/activiti/spring/boot/DataSourceProcessEngineAutoConfiguration$DataSourceProcessEngineConfiguration.class]: Bean instantiation via factory method failed; nested exception is org.springframework.beans.BeanInstantiationException: Failed to instantiate [org.activiti.spring.SpringProcessEngineConfiguration]: Factory method 'springProcessEngineConfiguration' threw exception; nested exception is java.io.FileNotFoundException: class path resource [processes/] cannot be resolved to URL because it does not exist
2019-11-15 18:51:05.982 [main] WARN  org.mybatis.spring.mapper.ClassPathMapperScanner - No MyBatis mapper was found in '[com.lv.adminsys.modules]' package. Please check your configuration.
2019-11-15 18:51:09.598 [main] WARN  o.s.b.w.s.c.AnnotationConfigServletWebServerApplicationContext - Exception encountered during context initialization - cancelling refresh attempt: org.springframework.beans.factory.BeanCreationException: Error creating bean with name 'leaveService': Injection of resource dependencies failed; nested exception is org.springframework.beans.factory.UnsatisfiedDependencyException: Error creating bean with name 'taskServiceBean' defined in class path resource [org/activiti/spring/boot/DataSourceProcessEngineAutoConfiguration$DataSourceProcessEngineConfiguration.class]: Unsatisfied dependency expressed through method 'taskServiceBean' parameter 0; nested exception is org.springframework.beans.factory.BeanCreationException: Error creating bean with name 'processEngine': FactoryBean threw exception on object creation; nested exception is org.activiti.engine.ActivitiException: Error parsing XML
2019-11-15 19:06:44.677 [main] WARN  org.mybatis.spring.mapper.ClassPathMapperScanner - No MyBatis mapper was found in '[com.lv.adminsys.modules]' package. Please check your configuration.
2019-11-15 19:17:02.657 [main] WARN  org.mybatis.spring.mapper.ClassPathMapperScanner - No MyBatis mapper was found in '[com.lv.adminsys.modules]' package. Please check your configuration.
2019-11-15 19:23:19.471 [main] WARN  org.mybatis.spring.mapper.ClassPathMapperScanner - No MyBatis mapper was found in '[com.lv.adminsys.modules]' package. Please check your configuration.
2019-11-15 19:27:56.903 [main] WARN  org.mybatis.spring.mapper.ClassPathMapperScanner - No MyBatis mapper was found in '[com.lv.adminsys.modules]' package. Please check your configuration.
2019-11-15 19:29:50.286 [main] WARN  org.mybatis.spring.mapper.ClassPathMapperScanner - No MyBatis mapper was found in '[com.lv.adminsys.modules]' package. Please check your configuration.
2019-11-15 19:59:14.443 [main] WARN  org.mybatis.spring.mapper.ClassPathMapperScanner - No MyBatis mapper was found in '[com.lv.adminsys.modules]' package. Please check your configuration.
2019-11-15 20:34:31.187 [main] WARN  org.mybatis.spring.mapper.ClassPathMapperScanner - No MyBatis mapper was found in '[com.lv.adminsys.modules]' package. Please check your configuration.
2019-11-15 20:34:35.622 [main] WARN  org.activiti.engine.impl.bpmn.parser.BpmnParse - Following warnings encountered during process validation: [Validation set: 'activiti-executable-process' | Problem: 'activiti-exclusive-gateway-seq-flow-without-conditions'] : Exclusive gateway has at least one outgoing sequence flow without a condition (which isn't the default one) - [Extra info : processDefinitionId = leaveProcess | id = _5 |  | activityName = ExclusiveGateway | ] ( line: 7, column: 87)
[Validation set: 'activiti-executable-process' | Problem: 'activiti-exclusive-gateway-seq-flow-without-conditions'] : Exclusive gateway has at least one outgoing sequence flow without a condition (which isn't the default one) - [Extra info : processDefinitionId = leaveProcess | id = _7 |  | activityName = ExclusiveGateway | ] ( line: 9, column: 87)

2019-11-15 20:43:21.475 [main] WARN  org.mybatis.spring.mapper.ClassPathMapperScanner - No MyBatis mapper was found in '[com.lv.adminsys.modules]' package. Please check your configuration.
2019-11-15 21:51:41.674 [main] WARN  org.mybatis.spring.mapper.ClassPathMapperScanner - No MyBatis mapper was found in '[com.lv.adminsys.modules]' package. Please check your configuration.
2019-11-15 21:58:11.099 [main] WARN  org.mybatis.spring.mapper.ClassPathMapperScanner - No MyBatis mapper was found in '[com.lv.adminsys.modules]' package. Please check your configuration.
2019-11-15 21:59:24.715 [main] WARN  org.mybatis.spring.mapper.ClassPathMapperScanner - No MyBatis mapper was found in '[com.lv.adminsys.modules]' package. Please check your configuration.
