2019-12-26 13:04:12.369 [http-nio-8080-exec-1] DEBUG com.lv.adminsys.modules.dao.LvLeaveDao.selectById - ==>  Preparing: SELECT lv_id,lv_relative_phone,lv_length,lv_end_time_long,lv_picture,lv_reason,lv_relative_name,lv_end_time,lv_status,lv_user_num,lv_process_instance_id,lv_create_time,lv_apply_detail,lv_begin_time,lv_book,lv_relative_type FROM lv_leave WHERE lv_id=? 
2019-12-26 13:04:12.386 [http-nio-8080-exec-1] DEBUG com.lv.adminsys.modules.dao.LvLeaveDao.selectById - ==> Parameters: 1577180721(String)
2019-12-26 13:04:12.402 [http-nio-8080-exec-1] DEBUG com.lv.adminsys.modules.dao.LvLeaveDao.selectById - <==      Total: 1
2019-12-26 13:04:12.456 [http-nio-8080-exec-1] DEBUG com.lv.adminsys.modules.dao.LvUserDao.selectOne - ==>  Preparing: SELECT lv_user_id,lv_collage,lv_role,lv_teacher_num,lv_user_phone,lv_user_password,lv_user_create_time,lv_user_name,lv_user_num FROM lv_user WHERE (lv_user_num = ?) 
2019-12-26 13:04:12.467 [http-nio-8080-exec-1] DEBUG com.lv.adminsys.modules.dao.LvUserDao.selectOne - ==> Parameters: 1713011332(String)
2019-12-26 13:04:12.478 [http-nio-8080-exec-1] DEBUG com.lv.adminsys.modules.dao.LvUserDao.selectOne - <==      Total: 1
2019-12-26 13:04:12.483 [http-nio-8080-exec-1] DEBUG com.lv.adminsys.modules.dao.LvMessageDao.selectOne - ==>  Preparing: SELECT lv_id,lv_teacher_num,lv_user_create_time,lv_task_id,lv_book,lv_user_name FROM lv_message WHERE (lv_task_id = ?) 
2019-12-26 13:04:12.484 [http-nio-8080-exec-1] DEBUG com.lv.adminsys.modules.dao.LvMessageDao.selectOne - ==> Parameters: 142506(String)
2019-12-26 13:04:12.486 [http-nio-8080-exec-1] DEBUG com.lv.adminsys.modules.dao.LvMessageDao.selectOne - <==      Total: 0
2019-12-26 13:04:12.493 [http-nio-8080-exec-1] DEBUG com.lv.adminsys.modules.dao.LvMessageDao.insert - ==>  Preparing: INSERT INTO lv_message ( lv_id, lv_teacher_num, lv_user_create_time, lv_task_id, lv_book, lv_user_name ) VALUES ( ?, ?, ?, ?, ?, ? ) 
2019-12-26 13:04:12.494 [http-nio-8080-exec-1] DEBUG com.lv.adminsys.modules.dao.LvMessageDao.insert - ==> Parameters: 1577180721(String), T171304(String), 2019-12-24(String), 142506(String), 0(Integer), 白山(String)
2019-12-26 13:04:12.498 [http-nio-8080-exec-1] DEBUG com.lv.adminsys.modules.dao.LvMessageDao.insert - <==    Updates: 1
2019-12-26 13:04:12.504 [http-nio-8080-exec-1] DEBUG c.lv.adminsys.modules.dao.LvMessageDao.selectList - ==>  Preparing: SELECT lv_id,lv_teacher_num,lv_user_create_time,lv_task_id,lv_book,lv_user_name FROM lv_message WHERE (lv_teacher_num = ? AND lv_book = ?) 
2019-12-26 13:04:12.504 [http-nio-8080-exec-1] DEBUG c.lv.adminsys.modules.dao.LvMessageDao.selectList - ==> Parameters: T171304(String), -1(Integer)
2019-12-26 13:04:12.507 [http-nio-8080-exec-1] DEBUG c.lv.adminsys.modules.dao.LvMessageDao.selectList - <==      Total: 0
2019-12-26 13:04:23.021 [http-nio-8080-exec-4] DEBUG com.lv.adminsys.modules.dao.LvLeaveDao.selectById - ==>  Preparing: SELECT lv_id,lv_relative_phone,lv_length,lv_end_time_long,lv_picture,lv_reason,lv_relative_name,lv_end_time,lv_status,lv_user_num,lv_process_instance_id,lv_create_time,lv_apply_detail,lv_begin_time,lv_book,lv_relative_type FROM lv_leave WHERE lv_id=? 
2019-12-26 13:04:23.024 [http-nio-8080-exec-4] DEBUG com.lv.adminsys.modules.dao.LvLeaveDao.selectById - ==> Parameters: 1576555882(String)
2019-12-26 13:04:23.038 [http-nio-8080-exec-4] DEBUG com.lv.adminsys.modules.dao.LvLeaveDao.selectById - <==      Total: 1
2019-12-26 13:04:23.058 [http-nio-8080-exec-4] DEBUG com.lv.adminsys.modules.dao.LvUserDao.selectOne - ==>  Preparing: SELECT lv_user_id,lv_collage,lv_role,lv_teacher_num,lv_user_phone,lv_user_password,lv_user_create_time,lv_user_name,lv_user_num FROM lv_user WHERE (lv_user_num = ?) 
2019-12-26 13:04:23.062 [http-nio-8080-exec-4] DEBUG com.lv.adminsys.modules.dao.LvUserDao.selectOne - ==> Parameters: 1713011332(String)
2019-12-26 13:04:23.069 [http-nio-8080-exec-4] DEBUG com.lv.adminsys.modules.dao.LvUserDao.selectOne - <==      Total: 1
2019-12-26 13:04:23.109 [http-nio-8080-exec-4] DEBUG com.lv.adminsys.modules.dao.LvMessageDao.selectOne - ==>  Preparing: SELECT lv_id,lv_teacher_num,lv_user_create_time,lv_task_id,lv_book,lv_user_name FROM lv_message WHERE (lv_task_id = ?) 
2019-12-26 13:04:23.110 [http-nio-8080-exec-4] DEBUG com.lv.adminsys.modules.dao.LvMessageDao.selectOne - ==> Parameters: 142513(String)
2019-12-26 13:04:23.114 [http-nio-8080-exec-4] DEBUG com.lv.adminsys.modules.dao.LvMessageDao.selectOne - <==      Total: 0
2019-12-26 13:04:23.118 [http-nio-8080-exec-4] DEBUG com.lv.adminsys.modules.dao.LvMessageDao.insert - ==>  Preparing: INSERT INTO lv_message ( lv_id, lv_teacher_num, lv_user_create_time, lv_task_id, lv_book, lv_user_name ) VALUES ( ?, ?, ?, ?, ?, ? ) 
2019-12-26 13:04:23.120 [http-nio-8080-exec-4] DEBUG com.lv.adminsys.modules.dao.LvMessageDao.insert - ==> Parameters: 1576555882(String), T171304(String), 2019-12-17(String), 142513(String), 0(Integer), 白山(String)
2019-12-26 13:04:23.127 [http-nio-8080-exec-4] DEBUG com.lv.adminsys.modules.dao.LvMessageDao.insert - <==    Updates: 1
2019-12-26 13:04:23.134 [http-nio-8080-exec-4] DEBUG c.lv.adminsys.modules.dao.LvMessageDao.selectList - ==>  Preparing: SELECT lv_id,lv_teacher_num,lv_user_create_time,lv_task_id,lv_book,lv_user_name FROM lv_message WHERE (lv_teacher_num = ? AND lv_book = ?) 
2019-12-26 13:04:23.135 [http-nio-8080-exec-4] DEBUG c.lv.adminsys.modules.dao.LvMessageDao.selectList - ==> Parameters: T171301(String), -1(Integer)
2019-12-26 13:04:23.138 [http-nio-8080-exec-4] DEBUG c.lv.adminsys.modules.dao.LvMessageDao.selectList - <==      Total: 0
2019-12-26 13:04:27.531 [http-nio-8080-exec-3] DEBUG c.lv.adminsys.modules.dao.LvMessageDao.selectList - ==>  Preparing: SELECT lv_id,lv_teacher_num,lv_user_create_time,lv_task_id,lv_book,lv_user_name FROM lv_message WHERE (lv_teacher_num = ? AND lv_book = ?) 
2019-12-26 13:04:27.532 [http-nio-8080-exec-3] DEBUG c.lv.adminsys.modules.dao.LvMessageDao.selectList - ==> Parameters: T171302(String), -1(Integer)
2019-12-26 13:04:27.542 [http-nio-8080-exec-3] DEBUG c.lv.adminsys.modules.dao.LvMessageDao.selectList - <==      Total: 0
2019-12-26 13:04:30.819 [http-nio-8080-exec-5] DEBUG c.lv.adminsys.modules.dao.LvMessageDao.selectList - ==>  Preparing: SELECT lv_id,lv_teacher_num,lv_user_create_time,lv_task_id,lv_book,lv_user_name FROM lv_message WHERE (lv_teacher_num = ? AND lv_book = ?) 
2019-12-26 13:04:30.820 [http-nio-8080-exec-5] DEBUG c.lv.adminsys.modules.dao.LvMessageDao.selectList - ==> Parameters: T171303(String), -1(Integer)
2019-12-26 13:04:30.821 [http-nio-8080-exec-5] DEBUG c.lv.adminsys.modules.dao.LvMessageDao.selectList - <==      Total: 0
2019-12-26 13:04:39.199 [http-nio-8080-exec-6] DEBUG com.lv.adminsys.modules.dao.LvLeaveDao.selectList - ==>  Preparing: SELECT lv_id,lv_relative_phone,lv_length,lv_end_time_long,lv_picture,lv_reason,lv_relative_name,lv_end_time,lv_status,lv_user_num,lv_process_instance_id,lv_create_time,lv_apply_detail,lv_begin_time,lv_book,lv_relative_type FROM lv_leave WHERE (lv_user_num = ? AND lv_status <> ?) 
2019-12-26 13:04:39.200 [http-nio-8080-exec-6] DEBUG com.lv.adminsys.modules.dao.LvLeaveDao.selectList - ==> Parameters: 1713011332(String), ing(String)
2019-12-26 13:04:39.207 [http-nio-8080-exec-6] DEBUG com.lv.adminsys.modules.dao.LvLeaveDao.selectList - <==      Total: 2
2019-12-26 13:04:51.034 [http-nio-8080-exec-7] DEBUG com.lv.adminsys.modules.dao.LvLeaveDao.selectById - ==>  Preparing: SELECT lv_id,lv_relative_phone,lv_length,lv_end_time_long,lv_picture,lv_reason,lv_relative_name,lv_end_time,lv_status,lv_user_num,lv_process_instance_id,lv_create_time,lv_apply_detail,lv_begin_time,lv_book,lv_relative_type FROM lv_leave WHERE lv_id=? 
2019-12-26 13:04:51.035 [http-nio-8080-exec-7] DEBUG com.lv.adminsys.modules.dao.LvLeaveDao.selectById - ==> Parameters: 1577180721(String)
2019-12-26 13:04:51.037 [http-nio-8080-exec-7] DEBUG com.lv.adminsys.modules.dao.LvLeaveDao.selectById - <==      Total: 1
2019-12-26 13:04:51.039 [http-nio-8080-exec-7] DEBUG c.l.a.modules.dao.LvUserDao.findUseMsgByUserNum - ==>  Preparing: select u.*,r.*,p.* from lv_user u INNER JOIN lv_roles r on u.lv_role = r.rid INNER JOIN lv_role_permission pr on pr.lv_rid = r.rid INNER JOIN lv_permission p on p.pid = pr.lv_pid where u.lv_user_num = ? 
2019-12-26 13:04:51.040 [http-nio-8080-exec-7] DEBUG c.l.a.modules.dao.LvUserDao.findUseMsgByUserNum - ==> Parameters: 1713011332(String)
2019-12-26 13:04:51.121 [http-nio-8080-exec-7] DEBUG c.l.a.modules.dao.LvUserDao.findUseMsgByUserNum - <==      Total: 1
2019-12-26 13:04:51.126 [http-nio-8080-exec-7] DEBUG com.lv.adminsys.modules.dao.LvLeaveDao.selectCount - ==>  Preparing: SELECT COUNT( 1 ) FROM lv_leave WHERE (lv_user_num = ?) 
2019-12-26 13:04:51.132 [http-nio-8080-exec-7] DEBUG com.lv.adminsys.modules.dao.LvLeaveDao.selectCount - ==> Parameters: 1713011332(String)
2019-12-26 13:04:51.138 [http-nio-8080-exec-7] DEBUG com.lv.adminsys.modules.dao.LvLeaveDao.selectCount - <==      Total: 1
2019-12-26 13:05:13.824 [http-nio-8080-exec-8] DEBUG com.lv.adminsys.modules.dao.LvLeaveDao.selectById - ==>  Preparing: SELECT lv_id,lv_relative_phone,lv_length,lv_end_time_long,lv_picture,lv_reason,lv_relative_name,lv_end_time,lv_status,lv_user_num,lv_process_instance_id,lv_create_time,lv_apply_detail,lv_begin_time,lv_book,lv_relative_type FROM lv_leave WHERE lv_id=? 
2019-12-26 13:05:13.825 [http-nio-8080-exec-8] DEBUG com.lv.adminsys.modules.dao.LvLeaveDao.selectById - ==> Parameters: 1577180721(String)
2019-12-26 13:05:13.833 [http-nio-8080-exec-8] DEBUG com.lv.adminsys.modules.dao.LvLeaveDao.selectById - <==      Total: 1
2019-12-26 13:05:13.837 [http-nio-8080-exec-8] DEBUG com.lv.adminsys.modules.dao.LvUserDao.selectOne - ==>  Preparing: SELECT lv_user_id,lv_collage,lv_role,lv_teacher_num,lv_user_phone,lv_user_password,lv_user_create_time,lv_user_name,lv_user_num FROM lv_user WHERE (lv_user_num = ?) 
2019-12-26 13:05:13.838 [http-nio-8080-exec-8] DEBUG com.lv.adminsys.modules.dao.LvUserDao.selectOne - ==> Parameters: 1713011332(String)
2019-12-26 13:05:13.842 [http-nio-8080-exec-8] DEBUG com.lv.adminsys.modules.dao.LvUserDao.selectOne - <==      Total: 1
2019-12-26 13:05:13.847 [http-nio-8080-exec-8] DEBUG com.lv.adminsys.modules.dao.LvMessageDao.selectOne - ==>  Preparing: SELECT lv_id,lv_teacher_num,lv_user_create_time,lv_task_id,lv_book,lv_user_name FROM lv_message WHERE (lv_task_id = ?) 
2019-12-26 13:05:13.848 [http-nio-8080-exec-8] DEBUG com.lv.adminsys.modules.dao.LvMessageDao.selectOne - ==> Parameters: 142506(String)
2019-12-26 13:05:13.853 [http-nio-8080-exec-8] DEBUG com.lv.adminsys.modules.dao.LvMessageDao.selectOne - <==      Total: 1
2019-12-26 13:05:13.858 [http-nio-8080-exec-8] DEBUG c.lv.adminsys.modules.dao.LvMessageDao.selectList - ==>  Preparing: SELECT lv_id,lv_teacher_num,lv_user_create_time,lv_task_id,lv_book,lv_user_name FROM lv_message WHERE (lv_teacher_num = ? AND lv_book = ?) 
2019-12-26 13:05:13.859 [http-nio-8080-exec-8] DEBUG c.lv.adminsys.modules.dao.LvMessageDao.selectList - ==> Parameters: T171304(String), -1(Integer)
2019-12-26 13:05:13.862 [http-nio-8080-exec-8] DEBUG c.lv.adminsys.modules.dao.LvMessageDao.selectList - <==      Total: 0
2019-12-26 13:06:49.815 [http-nio-8080-exec-2] DEBUG com.lv.adminsys.modules.dao.LvLeaveDao.selectById - ==>  Preparing: SELECT lv_id,lv_relative_phone,lv_length,lv_end_time_long,lv_picture,lv_reason,lv_relative_name,lv_end_time,lv_status,lv_user_num,lv_process_instance_id,lv_create_time,lv_apply_detail,lv_begin_time,lv_book,lv_relative_type FROM lv_leave WHERE lv_id=? 
2019-12-26 13:06:50.217 [http-nio-8080-exec-2] DEBUG com.lv.adminsys.modules.dao.LvLeaveDao.selectById - ==> Parameters: 1577180721(String)
2019-12-26 13:06:50.540 [http-nio-8080-exec-2] DEBUG com.lv.adminsys.modules.dao.LvLeaveDao.selectById - <==      Total: 1
2019-12-26 13:07:01.252 [http-nio-8080-exec-2] DEBUG com.lv.adminsys.modules.dao.LvUserDao.selectOne - ==>  Preparing: SELECT lv_user_id,lv_collage,lv_role,lv_teacher_num,lv_user_phone,lv_user_password,lv_user_create_time,lv_user_name,lv_user_num FROM lv_user WHERE (lv_user_num = ?) 
2019-12-26 13:07:01.255 [http-nio-8080-exec-2] DEBUG com.lv.adminsys.modules.dao.LvUserDao.selectOne - ==> Parameters: 1713011332(String)
2019-12-26 13:07:01.270 [http-nio-8080-exec-2] DEBUG com.lv.adminsys.modules.dao.LvUserDao.selectOne - <==      Total: 1
2019-12-26 13:07:14.577 [http-nio-8080-exec-2] DEBUG com.lv.adminsys.modules.dao.LvMessageDao.selectOne - ==>  Preparing: SELECT lv_id,lv_teacher_num,lv_user_create_time,lv_task_id,lv_book,lv_user_name FROM lv_message WHERE (lv_task_id = ?) 
2019-12-26 13:07:14.579 [http-nio-8080-exec-2] DEBUG com.lv.adminsys.modules.dao.LvMessageDao.selectOne - ==> Parameters: 142506(String)
2019-12-26 13:07:14.595 [http-nio-8080-exec-2] DEBUG com.lv.adminsys.modules.dao.LvMessageDao.selectOne - <==      Total: 1
2019-12-26 13:07:52.396 [http-nio-8080-exec-2] DEBUG c.lv.adminsys.modules.dao.LvMessageDao.selectList - ==>  Preparing: SELECT lv_id,lv_teacher_num,lv_user_create_time,lv_task_id,lv_book,lv_user_name FROM lv_message WHERE (lv_teacher_num = ? AND lv_book = ?) 
2019-12-26 13:07:52.400 [http-nio-8080-exec-2] DEBUG c.lv.adminsys.modules.dao.LvMessageDao.selectList - ==> Parameters: T171304(String), -1(Integer)
2019-12-26 13:07:52.406 [http-nio-8080-exec-2] DEBUG c.lv.adminsys.modules.dao.LvMessageDao.selectList - <==      Total: 0
2019-12-26 13:11:04.026 [http-nio-8080-exec-1] DEBUG com.lv.adminsys.modules.dao.LvLeaveDao.selectById - ==>  Preparing: SELECT lv_id,lv_relative_phone,lv_length,lv_end_time_long,lv_picture,lv_reason,lv_relative_name,lv_end_time,lv_status,lv_user_num,lv_process_instance_id,lv_create_time,lv_apply_detail,lv_begin_time,lv_book,lv_relative_type FROM lv_leave WHERE lv_id=? 
2019-12-26 13:11:04.113 [http-nio-8080-exec-1] DEBUG com.lv.adminsys.modules.dao.LvLeaveDao.selectById - ==> Parameters: 1577180721(String)
2019-12-26 13:11:04.208 [http-nio-8080-exec-1] DEBUG com.lv.adminsys.modules.dao.LvLeaveDao.selectById - <==      Total: 1
2019-12-26 13:11:04.452 [http-nio-8080-exec-1] DEBUG com.lv.adminsys.modules.dao.LvUserDao.selectOne - ==>  Preparing: SELECT lv_user_id,lv_collage,lv_role,lv_teacher_num,lv_user_phone,lv_user_password,lv_user_create_time,lv_user_name,lv_user_num FROM lv_user WHERE (lv_user_num = ?) 
2019-12-26 13:11:04.455 [http-nio-8080-exec-1] DEBUG com.lv.adminsys.modules.dao.LvUserDao.selectOne - ==> Parameters: 1713011332(String)
2019-12-26 13:11:04.465 [http-nio-8080-exec-1] DEBUG com.lv.adminsys.modules.dao.LvUserDao.selectOne - <==      Total: 1
2019-12-26 13:11:04.485 [http-nio-8080-exec-1] DEBUG com.lv.adminsys.modules.dao.LvMessageDao.selectOne - ==>  Preparing: SELECT lv_id,lv_teacher_num,lv_user_create_time,lv_task_id,lv_book,lv_user_name FROM lv_message WHERE (lv_task_id = ?) 
2019-12-26 13:11:04.496 [http-nio-8080-exec-1] DEBUG com.lv.adminsys.modules.dao.LvMessageDao.selectOne - ==> Parameters: 142506(String)
2019-12-26 13:11:04.506 [http-nio-8080-exec-1] DEBUG com.lv.adminsys.modules.dao.LvMessageDao.selectOne - <==      Total: 1
2019-12-26 13:11:04.517 [http-nio-8080-exec-1] DEBUG c.lv.adminsys.modules.dao.LvMessageDao.selectList - ==>  Preparing: SELECT lv_id,lv_teacher_num,lv_user_create_time,lv_task_id,lv_book,lv_user_name FROM lv_message WHERE (lv_teacher_num = ? AND lv_book <> ?) 
2019-12-26 13:11:04.517 [http-nio-8080-exec-1] DEBUG c.lv.adminsys.modules.dao.LvMessageDao.selectList - ==> Parameters: T171304(String), -1(Integer)
2019-12-26 13:11:04.536 [http-nio-8080-exec-1] DEBUG c.lv.adminsys.modules.dao.LvMessageDao.selectList - <==      Total: 2
2019-12-26 13:11:04.553 [http-nio-8080-exec-1] DEBUG com.lv.adminsys.modules.dao.LvLeaveDao.selectOne - ==>  Preparing: SELECT lv_id,lv_relative_phone,lv_length,lv_end_time_long,lv_picture,lv_reason,lv_relative_name,lv_end_time,lv_status,lv_user_num,lv_process_instance_id,lv_create_time,lv_apply_detail,lv_begin_time,lv_book,lv_relative_type FROM lv_leave WHERE (lv_id = ?) 
2019-12-26 13:11:04.556 [http-nio-8080-exec-1] DEBUG com.lv.adminsys.modules.dao.LvLeaveDao.selectOne - ==> Parameters: 1576555882(String)
2019-12-26 13:11:04.572 [http-nio-8080-exec-1] DEBUG com.lv.adminsys.modules.dao.LvLeaveDao.selectOne - <==      Total: 1
2019-12-26 13:11:04.586 [http-nio-8080-exec-1] DEBUG com.lv.adminsys.modules.dao.LvLeaveDao.selectOne - ==>  Preparing: SELECT lv_id,lv_relative_phone,lv_length,lv_end_time_long,lv_picture,lv_reason,lv_relative_name,lv_end_time,lv_status,lv_user_num,lv_process_instance_id,lv_create_time,lv_apply_detail,lv_begin_time,lv_book,lv_relative_type FROM lv_leave WHERE (lv_id = ?) 
2019-12-26 13:11:04.587 [http-nio-8080-exec-1] DEBUG com.lv.adminsys.modules.dao.LvLeaveDao.selectOne - ==> Parameters: 1577180721(String)
2019-12-26 13:11:04.603 [http-nio-8080-exec-1] DEBUG com.lv.adminsys.modules.dao.LvLeaveDao.selectOne - <==      Total: 1
2019-12-26 13:15:00.209 [http-nio-8080-exec-4] DEBUG c.lv.adminsys.modules.dao.LvMessageDao.selectList - ==>  Preparing: SELECT lv_id,lv_teacher_num,lv_user_create_time,lv_task_id,lv_book,lv_user_name FROM lv_message WHERE (lv_teacher_num = ? AND lv_book <> ?) 
2019-12-26 13:15:00.217 [http-nio-8080-exec-4] DEBUG c.lv.adminsys.modules.dao.LvMessageDao.selectList - ==> Parameters: T171307(String), -1(Integer)
2019-12-26 13:15:00.218 [http-nio-8080-exec-4] DEBUG c.lv.adminsys.modules.dao.LvMessageDao.selectList - <==      Total: 0
2019-12-26 13:15:11.204 [http-nio-8080-exec-7] DEBUG com.lv.adminsys.modules.dao.LvLeaveDao.selectById - ==>  Preparing: SELECT lv_id,lv_relative_phone,lv_length,lv_end_time_long,lv_picture,lv_reason,lv_relative_name,lv_end_time,lv_status,lv_user_num,lv_process_instance_id,lv_create_time,lv_apply_detail,lv_begin_time,lv_book,lv_relative_type FROM lv_leave WHERE lv_id=? 
2019-12-26 13:15:11.205 [http-nio-8080-exec-7] DEBUG com.lv.adminsys.modules.dao.LvLeaveDao.selectById - ==> Parameters: 1577180721(String)
2019-12-26 13:15:11.214 [http-nio-8080-exec-7] DEBUG com.lv.adminsys.modules.dao.LvLeaveDao.selectById - <==      Total: 1
2019-12-26 13:15:11.218 [http-nio-8080-exec-7] DEBUG com.lv.adminsys.modules.dao.LvUserDao.selectOne - ==>  Preparing: SELECT lv_user_id,lv_collage,lv_role,lv_teacher_num,lv_user_phone,lv_user_password,lv_user_create_time,lv_user_name,lv_user_num FROM lv_user WHERE (lv_user_num = ?) 
2019-12-26 13:15:11.219 [http-nio-8080-exec-7] DEBUG com.lv.adminsys.modules.dao.LvUserDao.selectOne - ==> Parameters: 1713011332(String)
2019-12-26 13:15:11.226 [http-nio-8080-exec-7] DEBUG com.lv.adminsys.modules.dao.LvUserDao.selectOne - <==      Total: 1
2019-12-26 13:15:11.229 [http-nio-8080-exec-7] DEBUG com.lv.adminsys.modules.dao.LvMessageDao.selectOne - ==>  Preparing: SELECT lv_id,lv_teacher_num,lv_user_create_time,lv_task_id,lv_book,lv_user_name FROM lv_message WHERE (lv_task_id = ?) 
2019-12-26 13:15:11.229 [http-nio-8080-exec-7] DEBUG com.lv.adminsys.modules.dao.LvMessageDao.selectOne - ==> Parameters: 142506(String)
2019-12-26 13:15:11.232 [http-nio-8080-exec-7] DEBUG com.lv.adminsys.modules.dao.LvMessageDao.selectOne - <==      Total: 1
2019-12-26 13:15:11.236 [http-nio-8080-exec-7] DEBUG c.lv.adminsys.modules.dao.LvMessageDao.selectList - ==>  Preparing: SELECT lv_id,lv_teacher_num,lv_user_create_time,lv_task_id,lv_book,lv_user_name FROM lv_message WHERE (lv_teacher_num = ? AND lv_book <> ?) 
2019-12-26 13:15:11.236 [http-nio-8080-exec-7] DEBUG c.lv.adminsys.modules.dao.LvMessageDao.selectList - ==> Parameters: T171304(String), -1(Integer)
2019-12-26 13:15:11.241 [http-nio-8080-exec-7] DEBUG c.lv.adminsys.modules.dao.LvMessageDao.selectList - <==      Total: 2
2019-12-26 13:15:11.245 [http-nio-8080-exec-7] DEBUG com.lv.adminsys.modules.dao.LvLeaveDao.selectOne - ==>  Preparing: SELECT lv_id,lv_relative_phone,lv_length,lv_end_time_long,lv_picture,lv_reason,lv_relative_name,lv_end_time,lv_status,lv_user_num,lv_process_instance_id,lv_create_time,lv_apply_detail,lv_begin_time,lv_book,lv_relative_type FROM lv_leave WHERE (lv_id = ?) 
2019-12-26 13:15:11.246 [http-nio-8080-exec-7] DEBUG com.lv.adminsys.modules.dao.LvLeaveDao.selectOne - ==> Parameters: 1576555882(String)
2019-12-26 13:15:11.253 [http-nio-8080-exec-7] DEBUG com.lv.adminsys.modules.dao.LvLeaveDao.selectOne - <==      Total: 1
2019-12-26 13:15:11.256 [http-nio-8080-exec-7] DEBUG com.lv.adminsys.modules.dao.LvLeaveDao.selectOne - ==>  Preparing: SELECT lv_id,lv_relative_phone,lv_length,lv_end_time_long,lv_picture,lv_reason,lv_relative_name,lv_end_time,lv_status,lv_user_num,lv_process_instance_id,lv_create_time,lv_apply_detail,lv_begin_time,lv_book,lv_relative_type FROM lv_leave WHERE (lv_id = ?) 
2019-12-26 13:15:11.257 [http-nio-8080-exec-7] DEBUG com.lv.adminsys.modules.dao.LvLeaveDao.selectOne - ==> Parameters: 1577180721(String)
2019-12-26 13:15:11.267 [http-nio-8080-exec-7] DEBUG com.lv.adminsys.modules.dao.LvLeaveDao.selectOne - <==      Total: 1
2019-12-26 13:15:14.465 [http-nio-8080-exec-8] DEBUG com.lv.adminsys.modules.dao.LvLeaveDao.selectById - ==>  Preparing: SELECT lv_id,lv_relative_phone,lv_length,lv_end_time_long,lv_picture,lv_reason,lv_relative_name,lv_end_time,lv_status,lv_user_num,lv_process_instance_id,lv_create_time,lv_apply_detail,lv_begin_time,lv_book,lv_relative_type FROM lv_leave WHERE lv_id=? 
2019-12-26 13:15:14.467 [http-nio-8080-exec-8] DEBUG com.lv.adminsys.modules.dao.LvLeaveDao.selectById - ==> Parameters: 1576555882(String)
2019-12-26 13:15:14.470 [http-nio-8080-exec-8] DEBUG com.lv.adminsys.modules.dao.LvLeaveDao.selectById - <==      Total: 1
2019-12-26 13:15:14.473 [http-nio-8080-exec-8] DEBUG com.lv.adminsys.modules.dao.LvUserDao.selectOne - ==>  Preparing: SELECT lv_user_id,lv_collage,lv_role,lv_teacher_num,lv_user_phone,lv_user_password,lv_user_create_time,lv_user_name,lv_user_num FROM lv_user WHERE (lv_user_num = ?) 
2019-12-26 13:15:14.474 [http-nio-8080-exec-8] DEBUG com.lv.adminsys.modules.dao.LvUserDao.selectOne - ==> Parameters: 1713011332(String)
2019-12-26 13:15:14.477 [http-nio-8080-exec-8] DEBUG com.lv.adminsys.modules.dao.LvUserDao.selectOne - <==      Total: 1
2019-12-26 13:15:14.482 [http-nio-8080-exec-8] DEBUG com.lv.adminsys.modules.dao.LvMessageDao.selectOne - ==>  Preparing: SELECT lv_id,lv_teacher_num,lv_user_create_time,lv_task_id,lv_book,lv_user_name FROM lv_message WHERE (lv_task_id = ?) 
2019-12-26 13:15:14.485 [http-nio-8080-exec-8] DEBUG com.lv.adminsys.modules.dao.LvMessageDao.selectOne - ==> Parameters: 142513(String)
2019-12-26 13:15:14.490 [http-nio-8080-exec-8] DEBUG com.lv.adminsys.modules.dao.LvMessageDao.selectOne - <==      Total: 1
2019-12-26 13:15:14.496 [http-nio-8080-exec-8] DEBUG c.lv.adminsys.modules.dao.LvMessageDao.selectList - ==>  Preparing: SELECT lv_id,lv_teacher_num,lv_user_create_time,lv_task_id,lv_book,lv_user_name FROM lv_message WHERE (lv_teacher_num = ? AND lv_book <> ?) 
2019-12-26 13:15:14.497 [http-nio-8080-exec-8] DEBUG c.lv.adminsys.modules.dao.LvMessageDao.selectList - ==> Parameters: T171301(String), -1(Integer)
2019-12-26 13:15:14.498 [http-nio-8080-exec-8] DEBUG c.lv.adminsys.modules.dao.LvMessageDao.selectList - <==      Total: 0
2019-12-26 13:15:23.449 [http-nio-8080-exec-9] DEBUG com.lv.adminsys.modules.dao.LvLeaveDao.selectById - ==>  Preparing: SELECT lv_id,lv_relative_phone,lv_length,lv_end_time_long,lv_picture,lv_reason,lv_relative_name,lv_end_time,lv_status,lv_user_num,lv_process_instance_id,lv_create_time,lv_apply_detail,lv_begin_time,lv_book,lv_relative_type FROM lv_leave WHERE lv_id=? 
2019-12-26 13:15:23.450 [http-nio-8080-exec-9] DEBUG com.lv.adminsys.modules.dao.LvLeaveDao.selectById - ==> Parameters: 1576555882(String)
2019-12-26 13:15:23.452 [http-nio-8080-exec-9] DEBUG com.lv.adminsys.modules.dao.LvLeaveDao.selectById - <==      Total: 1
2019-12-26 13:15:23.455 [http-nio-8080-exec-9] DEBUG c.l.a.modules.dao.LvUserDao.findUseMsgByUserNum - ==>  Preparing: select u.*,r.*,p.* from lv_user u INNER JOIN lv_roles r on u.lv_role = r.rid INNER JOIN lv_role_permission pr on pr.lv_rid = r.rid INNER JOIN lv_permission p on p.pid = pr.lv_pid where u.lv_user_num = ? 
2019-12-26 13:15:23.456 [http-nio-8080-exec-9] DEBUG c.l.a.modules.dao.LvUserDao.findUseMsgByUserNum - ==> Parameters: 1713011332(String)
2019-12-26 13:15:23.460 [http-nio-8080-exec-9] DEBUG c.l.a.modules.dao.LvUserDao.findUseMsgByUserNum - <==      Total: 1
2019-12-26 13:15:23.464 [http-nio-8080-exec-9] DEBUG com.lv.adminsys.modules.dao.LvLeaveDao.selectCount - ==>  Preparing: SELECT COUNT( 1 ) FROM lv_leave WHERE (lv_user_num = ?) 
2019-12-26 13:15:23.465 [http-nio-8080-exec-9] DEBUG com.lv.adminsys.modules.dao.LvLeaveDao.selectCount - ==> Parameters: 1713011332(String)
2019-12-26 13:15:23.466 [http-nio-8080-exec-9] DEBUG com.lv.adminsys.modules.dao.LvLeaveDao.selectCount - <==      Total: 1
2019-12-26 13:15:31.561 [http-nio-8080-exec-10] DEBUG com.lv.adminsys.modules.dao.LvLeaveDao.selectById - ==>  Preparing: SELECT lv_id,lv_relative_phone,lv_length,lv_end_time_long,lv_picture,lv_reason,lv_relative_name,lv_end_time,lv_status,lv_user_num,lv_process_instance_id,lv_create_time,lv_apply_detail,lv_begin_time,lv_book,lv_relative_type FROM lv_leave WHERE lv_id=? 
2019-12-26 13:15:31.562 [http-nio-8080-exec-10] DEBUG com.lv.adminsys.modules.dao.LvLeaveDao.selectById - ==> Parameters: 1576555882(String)
2019-12-26 13:15:31.567 [http-nio-8080-exec-10] DEBUG com.lv.adminsys.modules.dao.LvLeaveDao.selectById - <==      Total: 1
2019-12-26 13:15:31.588 [http-nio-8080-exec-10] DEBUG com.lv.adminsys.modules.dao.LvUserDao.selectOne - ==>  Preparing: SELECT lv_user_id,lv_collage,lv_role,lv_teacher_num,lv_user_phone,lv_user_password,lv_user_create_time,lv_user_name,lv_user_num FROM lv_user WHERE (lv_user_num = ?) 
2019-12-26 13:15:31.589 [http-nio-8080-exec-10] DEBUG com.lv.adminsys.modules.dao.LvUserDao.selectOne - ==> Parameters: 1713011332(String)
2019-12-26 13:15:31.593 [http-nio-8080-exec-10] DEBUG com.lv.adminsys.modules.dao.LvUserDao.selectOne - <==      Total: 1
2019-12-26 13:15:31.602 [http-nio-8080-exec-10] DEBUG com.lv.adminsys.modules.dao.LvMessageDao.selectOne - ==>  Preparing: SELECT lv_id,lv_teacher_num,lv_user_create_time,lv_task_id,lv_book,lv_user_name FROM lv_message WHERE (lv_task_id = ?) 
2019-12-26 13:15:31.602 [http-nio-8080-exec-10] DEBUG com.lv.adminsys.modules.dao.LvMessageDao.selectOne - ==> Parameters: 142513(String)
2019-12-26 13:15:31.608 [http-nio-8080-exec-10] DEBUG com.lv.adminsys.modules.dao.LvMessageDao.selectOne - <==      Total: 1
2019-12-26 13:15:31.613 [http-nio-8080-exec-10] DEBUG c.lv.adminsys.modules.dao.LvMessageDao.selectList - ==>  Preparing: SELECT lv_id,lv_teacher_num,lv_user_create_time,lv_task_id,lv_book,lv_user_name FROM lv_message WHERE (lv_teacher_num = ? AND lv_book <> ?) 
2019-12-26 13:15:31.613 [http-nio-8080-exec-10] DEBUG c.lv.adminsys.modules.dao.LvMessageDao.selectList - ==> Parameters: T171301(String), -1(Integer)
2019-12-26 13:15:31.618 [http-nio-8080-exec-10] DEBUG c.lv.adminsys.modules.dao.LvMessageDao.selectList - <==      Total: 0
2019-12-26 13:16:05.721 [http-nio-8080-exec-2] DEBUG com.lv.adminsys.modules.dao.LvLeaveDao.selectById - ==>  Preparing: SELECT lv_id,lv_relative_phone,lv_length,lv_end_time_long,lv_picture,lv_reason,lv_relative_name,lv_end_time,lv_status,lv_user_num,lv_process_instance_id,lv_create_time,lv_apply_detail,lv_begin_time,lv_book,lv_relative_type FROM lv_leave WHERE lv_id=? 
2019-12-26 13:16:05.725 [http-nio-8080-exec-2] DEBUG com.lv.adminsys.modules.dao.LvLeaveDao.selectById - ==> Parameters: 1576555882(String)
2019-12-26 13:16:05.749 [http-nio-8080-exec-2] DEBUG com.lv.adminsys.modules.dao.LvLeaveDao.selectById - <==      Total: 1
2019-12-26 13:16:13.104 [http-nio-8080-exec-2] DEBUG com.lv.adminsys.modules.dao.LvUserDao.selectOne - ==>  Preparing: SELECT lv_user_id,lv_collage,lv_role,lv_teacher_num,lv_user_phone,lv_user_password,lv_user_create_time,lv_user_name,lv_user_num FROM lv_user WHERE (lv_user_num = ?) 
2019-12-26 13:16:13.107 [http-nio-8080-exec-2] DEBUG com.lv.adminsys.modules.dao.LvUserDao.selectOne - ==> Parameters: 1713011332(String)
2019-12-26 13:16:13.147 [http-nio-8080-exec-2] DEBUG com.lv.adminsys.modules.dao.LvUserDao.selectOne - <==      Total: 1
2019-12-26 13:17:34.698 [http-nio-8080-exec-2] DEBUG com.lv.adminsys.modules.dao.LvMessageDao.selectOne - ==>  Preparing: SELECT lv_id,lv_teacher_num,lv_user_create_time,lv_task_id,lv_book,lv_user_name FROM lv_message WHERE (lv_task_id = ?) 
2019-12-26 13:17:34.709 [http-nio-8080-exec-2] DEBUG com.lv.adminsys.modules.dao.LvMessageDao.selectOne - ==> Parameters: 142513(String)
2019-12-26 13:17:34.716 [http-nio-8080-exec-2] DEBUG com.lv.adminsys.modules.dao.LvMessageDao.selectOne - <==      Total: 1
2019-12-26 13:17:34.724 [http-nio-8080-exec-2] DEBUG c.lv.adminsys.modules.dao.LvMessageDao.selectList - ==>  Preparing: SELECT lv_id,lv_teacher_num,lv_user_create_time,lv_task_id,lv_book,lv_user_name FROM lv_message WHERE (lv_teacher_num = ? AND lv_book <> ?) 
2019-12-26 13:17:34.725 [http-nio-8080-exec-2] DEBUG c.lv.adminsys.modules.dao.LvMessageDao.selectList - ==> Parameters: T171301(String), -1(Integer)
2019-12-26 13:17:34.726 [http-nio-8080-exec-2] DEBUG c.lv.adminsys.modules.dao.LvMessageDao.selectList - <==      Total: 0
2019-12-26 13:18:09.444 [http-nio-8080-exec-2] DEBUG com.lv.adminsys.modules.dao.LvLeaveDao.selectById - ==>  Preparing: SELECT lv_id,lv_relative_phone,lv_length,lv_end_time_long,lv_picture,lv_reason,lv_relative_name,lv_end_time,lv_status,lv_user_num,lv_process_instance_id,lv_create_time,lv_apply_detail,lv_begin_time,lv_book,lv_relative_type FROM lv_leave WHERE lv_id=? 
2019-12-26 13:18:09.458 [http-nio-8080-exec-2] DEBUG com.lv.adminsys.modules.dao.LvLeaveDao.selectById - ==> Parameters: 1576555882(String)
2019-12-26 13:18:09.476 [http-nio-8080-exec-2] DEBUG com.lv.adminsys.modules.dao.LvLeaveDao.selectById - <==      Total: 1
2019-12-26 13:18:09.559 [http-nio-8080-exec-2] DEBUG com.lv.adminsys.modules.dao.LvUserDao.selectOne - ==>  Preparing: SELECT lv_user_id,lv_collage,lv_role,lv_teacher_num,lv_user_phone,lv_user_password,lv_user_create_time,lv_user_name,lv_user_num FROM lv_user WHERE (lv_user_num = ?) 
2019-12-26 13:18:09.562 [http-nio-8080-exec-2] DEBUG com.lv.adminsys.modules.dao.LvUserDao.selectOne - ==> Parameters: 1713011332(String)
2019-12-26 13:18:09.568 [http-nio-8080-exec-2] DEBUG com.lv.adminsys.modules.dao.LvUserDao.selectOne - <==      Total: 1
2019-12-26 13:18:09.573 [http-nio-8080-exec-2] DEBUG com.lv.adminsys.modules.dao.LvMessageDao.selectOne - ==>  Preparing: SELECT lv_id,lv_teacher_num,lv_user_create_time,lv_task_id,lv_book,lv_user_name FROM lv_message WHERE (lv_task_id = ?) 
2019-12-26 13:18:09.576 [http-nio-8080-exec-2] DEBUG com.lv.adminsys.modules.dao.LvMessageDao.selectOne - ==> Parameters: 142513(String)
2019-12-26 13:18:09.578 [http-nio-8080-exec-2] DEBUG com.lv.adminsys.modules.dao.LvMessageDao.selectOne - <==      Total: 0
2019-12-26 13:18:09.586 [http-nio-8080-exec-2] DEBUG com.lv.adminsys.modules.dao.LvMessageDao.insert - ==>  Preparing: INSERT INTO lv_message ( lv_id, lv_teacher_num, lv_user_create_time, lv_task_id, lv_book, lv_user_name ) VALUES ( ?, ?, ?, ?, ?, ? ) 
2019-12-26 13:18:09.588 [http-nio-8080-exec-2] DEBUG com.lv.adminsys.modules.dao.LvMessageDao.insert - ==> Parameters: 1576555882(String), T171301(String), 2019-12-17(String), 142513(String), 0(Integer), 白山(String)
2019-12-26 13:18:09.589 [http-nio-8080-exec-2] DEBUG com.lv.adminsys.modules.dao.LvMessageDao.insert - <==    Updates: 1
2019-12-26 13:18:09.598 [http-nio-8080-exec-2] DEBUG c.lv.adminsys.modules.dao.LvMessageDao.selectList - ==>  Preparing: SELECT lv_id,lv_teacher_num,lv_user_create_time,lv_task_id,lv_book,lv_user_name FROM lv_message WHERE (lv_teacher_num = ? AND lv_book <> ?) 
2019-12-26 13:18:09.599 [http-nio-8080-exec-2] DEBUG c.lv.adminsys.modules.dao.LvMessageDao.selectList - ==> Parameters: T171301(String), -1(Integer)
2019-12-26 13:18:09.602 [http-nio-8080-exec-2] DEBUG c.lv.adminsys.modules.dao.LvMessageDao.selectList - <==      Total: 1
2019-12-26 13:18:09.610 [http-nio-8080-exec-2] DEBUG com.lv.adminsys.modules.dao.LvLeaveDao.selectOne - ==>  Preparing: SELECT lv_id,lv_relative_phone,lv_length,lv_end_time_long,lv_picture,lv_reason,lv_relative_name,lv_end_time,lv_status,lv_user_num,lv_process_instance_id,lv_create_time,lv_apply_detail,lv_begin_time,lv_book,lv_relative_type FROM lv_leave WHERE (lv_id = ?) 
2019-12-26 13:18:09.611 [http-nio-8080-exec-2] DEBUG com.lv.adminsys.modules.dao.LvLeaveDao.selectOne - ==> Parameters: 1576555882(String)
2019-12-26 13:18:09.617 [http-nio-8080-exec-2] DEBUG com.lv.adminsys.modules.dao.LvLeaveDao.selectOne - <==      Total: 1
2019-12-26 13:18:20.578 [http-nio-8080-exec-5] DEBUG com.lv.adminsys.modules.dao.LvLeaveDao.selectById - ==>  Preparing: SELECT lv_id,lv_relative_phone,lv_length,lv_end_time_long,lv_picture,lv_reason,lv_relative_name,lv_end_time,lv_status,lv_user_num,lv_process_instance_id,lv_create_time,lv_apply_detail,lv_begin_time,lv_book,lv_relative_type FROM lv_leave WHERE lv_id=? 
2019-12-26 13:18:20.607 [http-nio-8080-exec-5] DEBUG com.lv.adminsys.modules.dao.LvLeaveDao.selectById - ==> Parameters: 1577180721(String)
2019-12-26 13:18:20.619 [http-nio-8080-exec-5] DEBUG com.lv.adminsys.modules.dao.LvLeaveDao.selectById - <==      Total: 1
2019-12-26 13:18:20.652 [http-nio-8080-exec-5] DEBUG com.lv.adminsys.modules.dao.LvUserDao.selectOne - ==>  Preparing: SELECT lv_user_id,lv_collage,lv_role,lv_teacher_num,lv_user_phone,lv_user_password,lv_user_create_time,lv_user_name,lv_user_num FROM lv_user WHERE (lv_user_num = ?) 
2019-12-26 13:18:20.659 [http-nio-8080-exec-5] DEBUG com.lv.adminsys.modules.dao.LvUserDao.selectOne - ==> Parameters: 1713011332(String)
2019-12-26 13:18:20.671 [http-nio-8080-exec-5] DEBUG com.lv.adminsys.modules.dao.LvUserDao.selectOne - <==      Total: 1
2019-12-26 13:18:20.680 [http-nio-8080-exec-5] DEBUG com.lv.adminsys.modules.dao.LvMessageDao.selectOne - ==>  Preparing: SELECT lv_id,lv_teacher_num,lv_user_create_time,lv_task_id,lv_book,lv_user_name FROM lv_message WHERE (lv_task_id = ?) 
2019-12-26 13:18:20.682 [http-nio-8080-exec-5] DEBUG com.lv.adminsys.modules.dao.LvMessageDao.selectOne - ==> Parameters: 142506(String)
2019-12-26 13:18:20.683 [http-nio-8080-exec-5] DEBUG com.lv.adminsys.modules.dao.LvMessageDao.selectOne - <==      Total: 0
2019-12-26 13:18:20.694 [http-nio-8080-exec-5] DEBUG com.lv.adminsys.modules.dao.LvMessageDao.insert - ==>  Preparing: INSERT INTO lv_message ( lv_id, lv_teacher_num, lv_user_create_time, lv_task_id, lv_book, lv_user_name ) VALUES ( ?, ?, ?, ?, ?, ? ) 
2019-12-26 13:18:20.699 [http-nio-8080-exec-5] DEBUG com.lv.adminsys.modules.dao.LvMessageDao.insert - ==> Parameters: 1577180721(String), T171304(String), 2019-12-24(String), 142506(String), 0(Integer), 白山(String)
2019-12-26 13:18:20.701 [http-nio-8080-exec-5] DEBUG com.lv.adminsys.modules.dao.LvMessageDao.insert - <==    Updates: 1
2019-12-26 13:18:20.719 [http-nio-8080-exec-5] DEBUG c.lv.adminsys.modules.dao.LvMessageDao.selectList - ==>  Preparing: SELECT lv_id,lv_teacher_num,lv_user_create_time,lv_task_id,lv_book,lv_user_name FROM lv_message WHERE (lv_teacher_num = ? AND lv_book <> ?) 
2019-12-26 13:18:20.720 [http-nio-8080-exec-5] DEBUG c.lv.adminsys.modules.dao.LvMessageDao.selectList - ==> Parameters: T171304(String), -1(Integer)
2019-12-26 13:18:20.733 [http-nio-8080-exec-5] DEBUG c.lv.adminsys.modules.dao.LvMessageDao.selectList - <==      Total: 1
2019-12-26 13:18:20.744 [http-nio-8080-exec-5] DEBUG com.lv.adminsys.modules.dao.LvLeaveDao.selectOne - ==>  Preparing: SELECT lv_id,lv_relative_phone,lv_length,lv_end_time_long,lv_picture,lv_reason,lv_relative_name,lv_end_time,lv_status,lv_user_num,lv_process_instance_id,lv_create_time,lv_apply_detail,lv_begin_time,lv_book,lv_relative_type FROM lv_leave WHERE (lv_id = ?) 
2019-12-26 13:18:20.745 [http-nio-8080-exec-5] DEBUG com.lv.adminsys.modules.dao.LvLeaveDao.selectOne - ==> Parameters: 1577180721(String)
2019-12-26 13:18:20.749 [http-nio-8080-exec-5] DEBUG com.lv.adminsys.modules.dao.LvLeaveDao.selectOne - <==      Total: 1
2019-12-26 13:18:25.603 [http-nio-8080-exec-4] DEBUG com.lv.adminsys.modules.dao.LvLeaveDao.selectById - ==>  Preparing: SELECT lv_id,lv_relative_phone,lv_length,lv_end_time_long,lv_picture,lv_reason,lv_relative_name,lv_end_time,lv_status,lv_user_num,lv_process_instance_id,lv_create_time,lv_apply_detail,lv_begin_time,lv_book,lv_relative_type FROM lv_leave WHERE lv_id=? 
2019-12-26 13:18:25.604 [http-nio-8080-exec-4] DEBUG com.lv.adminsys.modules.dao.LvLeaveDao.selectById - ==> Parameters: 1576555882(String)
2019-12-26 13:18:25.612 [http-nio-8080-exec-4] DEBUG com.lv.adminsys.modules.dao.LvLeaveDao.selectById - <==      Total: 1
2019-12-26 13:18:25.616 [http-nio-8080-exec-4] DEBUG c.l.a.modules.dao.LvUserDao.findUseMsgByUserNum - ==>  Preparing: select u.*,r.*,p.* from lv_user u INNER JOIN lv_roles r on u.lv_role = r.rid INNER JOIN lv_role_permission pr on pr.lv_rid = r.rid INNER JOIN lv_permission p on p.pid = pr.lv_pid where u.lv_user_num = ? 
2019-12-26 13:18:25.617 [http-nio-8080-exec-4] DEBUG c.l.a.modules.dao.LvUserDao.findUseMsgByUserNum - ==> Parameters: 1713011332(String)
2019-12-26 13:18:25.631 [http-nio-8080-exec-4] DEBUG c.l.a.modules.dao.LvUserDao.findUseMsgByUserNum - <==      Total: 1
2019-12-26 13:18:25.635 [http-nio-8080-exec-4] DEBUG com.lv.adminsys.modules.dao.LvLeaveDao.selectCount - ==>  Preparing: SELECT COUNT( 1 ) FROM lv_leave WHERE (lv_user_num = ?) 
2019-12-26 13:18:25.636 [http-nio-8080-exec-4] DEBUG com.lv.adminsys.modules.dao.LvLeaveDao.selectCount - ==> Parameters: 1713011332(String)
2019-12-26 13:18:25.639 [http-nio-8080-exec-4] DEBUG com.lv.adminsys.modules.dao.LvLeaveDao.selectCount - <==      Total: 1
2019-12-26 13:18:29.491 [http-nio-8080-exec-3] DEBUG com.lv.adminsys.modules.dao.LvLeaveDao.selectById - ==>  Preparing: SELECT lv_id,lv_relative_phone,lv_length,lv_end_time_long,lv_picture,lv_reason,lv_relative_name,lv_end_time,lv_status,lv_user_num,lv_process_instance_id,lv_create_time,lv_apply_detail,lv_begin_time,lv_book,lv_relative_type FROM lv_leave WHERE lv_id=? 
2019-12-26 13:18:29.497 [http-nio-8080-exec-3] DEBUG com.lv.adminsys.modules.dao.LvLeaveDao.selectById - ==> Parameters: 1577180721(String)
2019-12-26 13:18:29.509 [http-nio-8080-exec-3] DEBUG com.lv.adminsys.modules.dao.LvLeaveDao.selectById - <==      Total: 1
2019-12-26 13:18:29.530 [http-nio-8080-exec-3] DEBUG c.l.a.modules.dao.LvUserDao.findUseMsgByUserNum - ==>  Preparing: select u.*,r.*,p.* from lv_user u INNER JOIN lv_roles r on u.lv_role = r.rid INNER JOIN lv_role_permission pr on pr.lv_rid = r.rid INNER JOIN lv_permission p on p.pid = pr.lv_pid where u.lv_user_num = ? 
2019-12-26 13:18:29.532 [http-nio-8080-exec-3] DEBUG c.l.a.modules.dao.LvUserDao.findUseMsgByUserNum - ==> Parameters: 1713011332(String)
2019-12-26 13:18:29.536 [http-nio-8080-exec-3] DEBUG c.l.a.modules.dao.LvUserDao.findUseMsgByUserNum - <==      Total: 1
2019-12-26 13:18:29.542 [http-nio-8080-exec-3] DEBUG com.lv.adminsys.modules.dao.LvLeaveDao.selectCount - ==>  Preparing: SELECT COUNT( 1 ) FROM lv_leave WHERE (lv_user_num = ?) 
2019-12-26 13:18:29.544 [http-nio-8080-exec-3] DEBUG com.lv.adminsys.modules.dao.LvLeaveDao.selectCount - ==> Parameters: 1713011332(String)
2019-12-26 13:18:29.548 [http-nio-8080-exec-3] DEBUG com.lv.adminsys.modules.dao.LvLeaveDao.selectCount - <==      Total: 1
2019-12-26 13:18:34.663 [http-nio-8080-exec-6] DEBUG com.lv.adminsys.modules.dao.LvLeaveDao.selectById - ==>  Preparing: SELECT lv_id,lv_relative_phone,lv_length,lv_end_time_long,lv_picture,lv_reason,lv_relative_name,lv_end_time,lv_status,lv_user_num,lv_process_instance_id,lv_create_time,lv_apply_detail,lv_begin_time,lv_book,lv_relative_type FROM lv_leave WHERE lv_id=? 
2019-12-26 13:18:34.672 [http-nio-8080-exec-6] DEBUG com.lv.adminsys.modules.dao.LvLeaveDao.selectById - ==> Parameters: 1577180721(String)
2019-12-26 13:18:34.702 [http-nio-8080-exec-6] DEBUG com.lv.adminsys.modules.dao.LvLeaveDao.selectById - <==      Total: 1
2019-12-26 13:18:34.737 [http-nio-8080-exec-6] DEBUG com.lv.adminsys.modules.dao.LvUserDao.selectOne - ==>  Preparing: SELECT lv_user_id,lv_collage,lv_role,lv_teacher_num,lv_user_phone,lv_user_password,lv_user_create_time,lv_user_name,lv_user_num FROM lv_user WHERE (lv_user_num = ?) 
2019-12-26 13:18:34.742 [http-nio-8080-exec-6] DEBUG com.lv.adminsys.modules.dao.LvUserDao.selectOne - ==> Parameters: 1713011332(String)
2019-12-26 13:18:34.784 [http-nio-8080-exec-6] DEBUG com.lv.adminsys.modules.dao.LvUserDao.selectOne - <==      Total: 1
2019-12-26 13:18:34.818 [http-nio-8080-exec-6] DEBUG com.lv.adminsys.modules.dao.LvMessageDao.selectOne - ==>  Preparing: SELECT lv_id,lv_teacher_num,lv_user_create_time,lv_task_id,lv_book,lv_user_name FROM lv_message WHERE (lv_task_id = ?) 
2019-12-26 13:18:34.823 [http-nio-8080-exec-6] DEBUG com.lv.adminsys.modules.dao.LvMessageDao.selectOne - ==> Parameters: 142506(String)
2019-12-26 13:18:34.837 [http-nio-8080-exec-6] DEBUG com.lv.adminsys.modules.dao.LvMessageDao.selectOne - <==      Total: 1
2019-12-26 13:18:34.864 [http-nio-8080-exec-6] DEBUG c.lv.adminsys.modules.dao.LvMessageDao.selectList - ==>  Preparing: SELECT lv_id,lv_teacher_num,lv_user_create_time,lv_task_id,lv_book,lv_user_name FROM lv_message WHERE (lv_teacher_num = ? AND lv_book <> ?) 
2019-12-26 13:18:34.873 [http-nio-8080-exec-6] DEBUG c.lv.adminsys.modules.dao.LvMessageDao.selectList - ==> Parameters: T171304(String), -1(Integer)
2019-12-26 13:18:34.893 [http-nio-8080-exec-6] DEBUG c.lv.adminsys.modules.dao.LvMessageDao.selectList - <==      Total: 1
2019-12-26 13:18:34.915 [http-nio-8080-exec-6] DEBUG com.lv.adminsys.modules.dao.LvLeaveDao.selectOne - ==>  Preparing: SELECT lv_id,lv_relative_phone,lv_length,lv_end_time_long,lv_picture,lv_reason,lv_relative_name,lv_end_time,lv_status,lv_user_num,lv_process_instance_id,lv_create_time,lv_apply_detail,lv_begin_time,lv_book,lv_relative_type FROM lv_leave WHERE (lv_id = ?) 
2019-12-26 13:18:34.918 [http-nio-8080-exec-6] DEBUG com.lv.adminsys.modules.dao.LvLeaveDao.selectOne - ==> Parameters: 1577180721(String)
2019-12-26 13:18:34.951 [http-nio-8080-exec-6] DEBUG com.lv.adminsys.modules.dao.LvLeaveDao.selectOne - <==      Total: 1
