2019-12-25 14:23:57.852 [main] WARN  org.mybatis.spring.mapper.ClassPathMapperScanner - No MyBatis mapper was found in '[com.lv.adminsys]' package. Please check your configuration.
2019-12-25 14:27:39.820 [main] WARN  org.mybatis.spring.mapper.ClassPathMapperScanner - No MyBatis mapper was found in '[com.lv.adminsys]' package. Please check your configuration.
2019-12-25 14:28:31.197 [main] WARN  org.mybatis.spring.mapper.ClassPathMapperScanner - No MyBatis mapper was found in '[com.lv.adminsys]' package. Please check your configuration.
2019-12-25 15:34:07.440 [main] WARN  org.mybatis.spring.mapper.ClassPathMapperScanner - No MyBatis mapper was found in '[com.lv.adminsys]' package. Please check your configuration.
2019-12-25 15:41:44.663 [main] WARN  org.mybatis.spring.mapper.ClassPathMapperScanner - No MyBatis mapper was found in '[com.lv.adminsys]' package. Please check your configuration.
2019-12-25 15:56:06.730 [main] WARN  org.mybatis.spring.mapper.ClassPathMapperScanner - No MyBatis mapper was found in '[com.lv.adminsys]' package. Please check your configuration.
2019-12-25 15:59:20.090 [main] WARN  org.mybatis.spring.mapper.ClassPathMapperScanner - No MyBatis mapper was found in '[com.lv.adminsys]' package. Please check your configuration.
2019-12-25 16:00:38.656 [main] WARN  org.mybatis.spring.mapper.ClassPathMapperScanner - No MyBatis mapper was found in '[com.lv.adminsys]' package. Please check your configuration.
2019-12-25 16:01:47.661 [main] WARN  org.mybatis.spring.mapper.ClassPathMapperScanner - No MyBatis mapper was found in '[com.lv.adminsys]' package. Please check your configuration.
2019-12-25 16:11:24.010 [main] WARN  org.mybatis.spring.mapper.ClassPathMapperScanner - No MyBatis mapper was found in '[com.lv.adminsys]' package. Please check your configuration.
2019-12-25 16:16:36.146 [main] WARN  org.mybatis.spring.mapper.ClassPathMapperScanner - No MyBatis mapper was found in '[com.lv.adminsys]' package. Please check your configuration.
2019-12-25 16:20:31.676 [main] WARN  org.mybatis.spring.mapper.ClassPathMapperScanner - No MyBatis mapper was found in '[com.lv.adminsys]' package. Please check your configuration.
2019-12-25 16:22:47.831 [main] WARN  org.mybatis.spring.mapper.ClassPathMapperScanner - No MyBatis mapper was found in '[com.lv.adminsys]' package. Please check your configuration.
2019-12-25 16:25:56.480 [main] WARN  org.mybatis.spring.mapper.ClassPathMapperScanner - No MyBatis mapper was found in '[com.lv.adminsys]' package. Please check your configuration.
2019-12-25 16:29:41.351 [main] WARN  org.mybatis.spring.mapper.ClassPathMapperScanner - No MyBatis mapper was found in '[com.lv.adminsys]' package. Please check your configuration.
2019-12-25 16:32:19.230 [main] WARN  org.mybatis.spring.mapper.ClassPathMapperScanner - No MyBatis mapper was found in '[com.lv.adminsys]' package. Please check your configuration.
2019-12-25 16:33:22.080 [main] WARN  org.mybatis.spring.mapper.ClassPathMapperScanner - No MyBatis mapper was found in '[com.lv.adminsys]' package. Please check your configuration.
2019-12-25 16:34:58.156 [main] WARN  org.mybatis.spring.mapper.ClassPathMapperScanner - No MyBatis mapper was found in '[com.lv.adminsys]' package. Please check your configuration.
2019-12-25 16:36:38.587 [main] WARN  org.mybatis.spring.mapper.ClassPathMapperScanner - No MyBatis mapper was found in '[com.lv.adminsys]' package. Please check your configuration.
2019-12-25 16:36:38.972 [main] WARN  org.mybatis.spring.mapper.ClassPathMapperScanner - Skipping MapperFactoryBean with name 'lvCheckDao' and 'com.lv.adminsys.modules.dao.LvCheckDao' mapperInterface. Bean already defined with the same name!
2019-12-25 16:36:38.972 [main] WARN  org.mybatis.spring.mapper.ClassPathMapperScanner - Skipping MapperFactoryBean with name 'lvLeaveDao' and 'com.lv.adminsys.modules.dao.LvLeaveDao' mapperInterface. Bean already defined with the same name!
2019-12-25 16:36:38.972 [main] WARN  org.mybatis.spring.mapper.ClassPathMapperScanner - Skipping MapperFactoryBean with name 'lvTeacherDao' and 'com.lv.adminsys.modules.dao.LvTeacherDao' mapperInterface. Bean already defined with the same name!
2019-12-25 16:36:38.973 [main] WARN  org.mybatis.spring.mapper.ClassPathMapperScanner - Skipping MapperFactoryBean with name 'lvUserDao' and 'com.lv.adminsys.modules.dao.LvUserDao' mapperInterface. Bean already defined with the same name!
2019-12-25 16:36:38.973 [main] WARN  org.mybatis.spring.mapper.ClassPathMapperScanner - Skipping MapperFactoryBean with name 'testDao' and 'com.lv.adminsys.modules.dao.TestDao' mapperInterface. Bean already defined with the same name!
2019-12-25 16:36:38.973 [main] WARN  org.mybatis.spring.mapper.ClassPathMapperScanner - Skipping MapperFactoryBean with name 'userStatusDao' and 'com.lv.adminsys.modules.dao.UserStatusDao' mapperInterface. Bean already defined with the same name!
2019-12-25 16:36:38.973 [main] WARN  org.mybatis.spring.mapper.ClassPathMapperScanner - No MyBatis mapper was found in '[com.lv.adminsys.modules.dao]' package. Please check your configuration.
2019-12-25 16:38:17.113 [main] WARN  org.mybatis.spring.mapper.ClassPathMapperScanner - No MyBatis mapper was found in '[com.lv.adminsys]' package. Please check your configuration.
2019-12-25 16:38:17.464 [main] WARN  org.mybatis.spring.mapper.ClassPathMapperScanner - Skipping MapperFactoryBean with name 'lvCheckDao' and 'com.lv.adminsys.modules.dao.LvCheckDao' mapperInterface. Bean already defined with the same name!
2019-12-25 16:38:17.464 [main] WARN  org.mybatis.spring.mapper.ClassPathMapperScanner - Skipping MapperFactoryBean with name 'lvLeaveDao' and 'com.lv.adminsys.modules.dao.LvLeaveDao' mapperInterface. Bean already defined with the same name!
2019-12-25 16:38:17.465 [main] WARN  org.mybatis.spring.mapper.ClassPathMapperScanner - Skipping MapperFactoryBean with name 'lvTeacherDao' and 'com.lv.adminsys.modules.dao.LvTeacherDao' mapperInterface. Bean already defined with the same name!
2019-12-25 16:38:17.465 [main] WARN  org.mybatis.spring.mapper.ClassPathMapperScanner - Skipping MapperFactoryBean with name 'lvUserDao' and 'com.lv.adminsys.modules.dao.LvUserDao' mapperInterface. Bean already defined with the same name!
2019-12-25 16:38:17.465 [main] WARN  org.mybatis.spring.mapper.ClassPathMapperScanner - Skipping MapperFactoryBean with name 'testDao' and 'com.lv.adminsys.modules.dao.TestDao' mapperInterface. Bean already defined with the same name!
2019-12-25 16:38:17.465 [main] WARN  org.mybatis.spring.mapper.ClassPathMapperScanner - Skipping MapperFactoryBean with name 'userStatusDao' and 'com.lv.adminsys.modules.dao.UserStatusDao' mapperInterface. Bean already defined with the same name!
2019-12-25 16:38:17.466 [main] WARN  org.mybatis.spring.mapper.ClassPathMapperScanner - No MyBatis mapper was found in '[com.lv.adminsys.modules.dao]' package. Please check your configuration.
2019-12-25 16:40:17.640 [main] WARN  org.mybatis.spring.mapper.ClassPathMapperScanner - No MyBatis mapper was found in '[com.lv.adminsys]' package. Please check your configuration.
2019-12-25 16:40:18.003 [main] WARN  org.mybatis.spring.mapper.ClassPathMapperScanner - Skipping MapperFactoryBean with name 'lvCheckDao' and 'com.lv.adminsys.modules.dao.LvCheckDao' mapperInterface. Bean already defined with the same name!
2019-12-25 16:40:18.004 [main] WARN  org.mybatis.spring.mapper.ClassPathMapperScanner - Skipping MapperFactoryBean with name 'lvLeaveDao' and 'com.lv.adminsys.modules.dao.LvLeaveDao' mapperInterface. Bean already defined with the same name!
2019-12-25 16:40:18.004 [main] WARN  org.mybatis.spring.mapper.ClassPathMapperScanner - Skipping MapperFactoryBean with name 'lvTeacherDao' and 'com.lv.adminsys.modules.dao.LvTeacherDao' mapperInterface. Bean already defined with the same name!
2019-12-25 16:40:18.004 [main] WARN  org.mybatis.spring.mapper.ClassPathMapperScanner - Skipping MapperFactoryBean with name 'lvUserDao' and 'com.lv.adminsys.modules.dao.LvUserDao' mapperInterface. Bean already defined with the same name!
2019-12-25 16:40:18.004 [main] WARN  org.mybatis.spring.mapper.ClassPathMapperScanner - Skipping MapperFactoryBean with name 'testDao' and 'com.lv.adminsys.modules.dao.TestDao' mapperInterface. Bean already defined with the same name!
2019-12-25 16:40:18.004 [main] WARN  org.mybatis.spring.mapper.ClassPathMapperScanner - Skipping MapperFactoryBean with name 'userStatusDao' and 'com.lv.adminsys.modules.dao.UserStatusDao' mapperInterface. Bean already defined with the same name!
2019-12-25 16:40:18.004 [main] WARN  org.mybatis.spring.mapper.ClassPathMapperScanner - No MyBatis mapper was found in '[com.lv.adminsys.modules.dao]' package. Please check your configuration.
2019-12-25 17:40:22.659 [main] WARN  org.mybatis.spring.mapper.ClassPathMapperScanner - No MyBatis mapper was found in '[com.lv.adminsys]' package. Please check your configuration.
2019-12-25 17:40:23.325 [main] WARN  org.mybatis.spring.mapper.ClassPathMapperScanner - Skipping MapperFactoryBean with name 'lvCheckDao' and 'com.lv.adminsys.modules.dao.LvCheckDao' mapperInterface. Bean already defined with the same name!
2019-12-25 17:40:23.326 [main] WARN  org.mybatis.spring.mapper.ClassPathMapperScanner - Skipping MapperFactoryBean with name 'lvLeaveDao' and 'com.lv.adminsys.modules.dao.LvLeaveDao' mapperInterface. Bean already defined with the same name!
2019-12-25 17:40:23.327 [main] WARN  org.mybatis.spring.mapper.ClassPathMapperScanner - Skipping MapperFactoryBean with name 'lvTeacherDao' and 'com.lv.adminsys.modules.dao.LvTeacherDao' mapperInterface. Bean already defined with the same name!
2019-12-25 17:40:23.327 [main] WARN  org.mybatis.spring.mapper.ClassPathMapperScanner - Skipping MapperFactoryBean with name 'lvUserDao' and 'com.lv.adminsys.modules.dao.LvUserDao' mapperInterface. Bean already defined with the same name!
2019-12-25 17:40:23.328 [main] WARN  org.mybatis.spring.mapper.ClassPathMapperScanner - Skipping MapperFactoryBean with name 'testDao' and 'com.lv.adminsys.modules.dao.TestDao' mapperInterface. Bean already defined with the same name!
2019-12-25 17:40:23.329 [main] WARN  org.mybatis.spring.mapper.ClassPathMapperScanner - Skipping MapperFactoryBean with name 'userStatusDao' and 'com.lv.adminsys.modules.dao.UserStatusDao' mapperInterface. Bean already defined with the same name!
2019-12-25 17:40:23.329 [main] WARN  org.mybatis.spring.mapper.ClassPathMapperScanner - No MyBatis mapper was found in '[com.lv.adminsys.modules.dao]' package. Please check your configuration.
2019-12-25 17:56:58.656 [main] WARN  org.mybatis.spring.mapper.ClassPathMapperScanner - No MyBatis mapper was found in '[com.lv.adminsys]' package. Please check your configuration.
2019-12-25 17:56:58.999 [main] WARN  org.mybatis.spring.mapper.ClassPathMapperScanner - Skipping MapperFactoryBean with name 'lvCheckDao' and 'com.lv.adminsys.modules.dao.LvCheckDao' mapperInterface. Bean already defined with the same name!
2019-12-25 17:56:58.999 [main] WARN  org.mybatis.spring.mapper.ClassPathMapperScanner - Skipping MapperFactoryBean with name 'lvLeaveDao' and 'com.lv.adminsys.modules.dao.LvLeaveDao' mapperInterface. Bean already defined with the same name!
2019-12-25 17:56:58.999 [main] WARN  org.mybatis.spring.mapper.ClassPathMapperScanner - Skipping MapperFactoryBean with name 'lvTeacherDao' and 'com.lv.adminsys.modules.dao.LvTeacherDao' mapperInterface. Bean already defined with the same name!
2019-12-25 17:56:58.999 [main] WARN  org.mybatis.spring.mapper.ClassPathMapperScanner - Skipping MapperFactoryBean with name 'lvUserDao' and 'com.lv.adminsys.modules.dao.LvUserDao' mapperInterface. Bean already defined with the same name!
2019-12-25 17:56:59.000 [main] WARN  org.mybatis.spring.mapper.ClassPathMapperScanner - Skipping MapperFactoryBean with name 'testDao' and 'com.lv.adminsys.modules.dao.TestDao' mapperInterface. Bean already defined with the same name!
2019-12-25 17:56:59.000 [main] WARN  org.mybatis.spring.mapper.ClassPathMapperScanner - Skipping MapperFactoryBean with name 'userStatusDao' and 'com.lv.adminsys.modules.dao.UserStatusDao' mapperInterface. Bean already defined with the same name!
2019-12-25 17:56:59.000 [main] WARN  org.mybatis.spring.mapper.ClassPathMapperScanner - No MyBatis mapper was found in '[com.lv.adminsys.modules.dao]' package. Please check your configuration.
2019-12-25 18:11:48.713 [main] WARN  org.mybatis.spring.mapper.ClassPathMapperScanner - No MyBatis mapper was found in '[com.lv.adminsys]' package. Please check your configuration.
2019-12-25 18:11:49.167 [main] WARN  org.mybatis.spring.mapper.ClassPathMapperScanner - Skipping MapperFactoryBean with name 'lvCheckDao' and 'com.lv.adminsys.modules.dao.LvCheckDao' mapperInterface. Bean already defined with the same name!
2019-12-25 18:11:49.168 [main] WARN  org.mybatis.spring.mapper.ClassPathMapperScanner - Skipping MapperFactoryBean with name 'lvLeaveDao' and 'com.lv.adminsys.modules.dao.LvLeaveDao' mapperInterface. Bean already defined with the same name!
2019-12-25 18:11:49.168 [main] WARN  org.mybatis.spring.mapper.ClassPathMapperScanner - Skipping MapperFactoryBean with name 'lvTeacherDao' and 'com.lv.adminsys.modules.dao.LvTeacherDao' mapperInterface. Bean already defined with the same name!
2019-12-25 18:11:49.168 [main] WARN  org.mybatis.spring.mapper.ClassPathMapperScanner - Skipping MapperFactoryBean with name 'lvUserDao' and 'com.lv.adminsys.modules.dao.LvUserDao' mapperInterface. Bean already defined with the same name!
2019-12-25 18:11:49.169 [main] WARN  org.mybatis.spring.mapper.ClassPathMapperScanner - Skipping MapperFactoryBean with name 'testDao' and 'com.lv.adminsys.modules.dao.TestDao' mapperInterface. Bean already defined with the same name!
2019-12-25 18:11:49.169 [main] WARN  org.mybatis.spring.mapper.ClassPathMapperScanner - Skipping MapperFactoryBean with name 'userStatusDao' and 'com.lv.adminsys.modules.dao.UserStatusDao' mapperInterface. Bean already defined with the same name!
2019-12-25 18:11:49.169 [main] WARN  org.mybatis.spring.mapper.ClassPathMapperScanner - No MyBatis mapper was found in '[com.lv.adminsys.modules.dao]' package. Please check your configuration.
2019-12-25 18:13:03.842 [main] WARN  org.mybatis.spring.mapper.ClassPathMapperScanner - No MyBatis mapper was found in '[com.lv.adminsys]' package. Please check your configuration.
2019-12-25 18:13:04.512 [main] WARN  org.mybatis.spring.mapper.ClassPathMapperScanner - Skipping MapperFactoryBean with name 'lvCheckDao' and 'com.lv.adminsys.modules.dao.LvCheckDao' mapperInterface. Bean already defined with the same name!
2019-12-25 18:13:04.514 [main] WARN  org.mybatis.spring.mapper.ClassPathMapperScanner - Skipping MapperFactoryBean with name 'lvLeaveDao' and 'com.lv.adminsys.modules.dao.LvLeaveDao' mapperInterface. Bean already defined with the same name!
2019-12-25 18:13:04.515 [main] WARN  org.mybatis.spring.mapper.ClassPathMapperScanner - Skipping MapperFactoryBean with name 'lvTeacherDao' and 'com.lv.adminsys.modules.dao.LvTeacherDao' mapperInterface. Bean already defined with the same name!
2019-12-25 18:13:04.516 [main] WARN  org.mybatis.spring.mapper.ClassPathMapperScanner - Skipping MapperFactoryBean with name 'lvUserDao' and 'com.lv.adminsys.modules.dao.LvUserDao' mapperInterface. Bean already defined with the same name!
2019-12-25 18:13:04.517 [main] WARN  org.mybatis.spring.mapper.ClassPathMapperScanner - Skipping MapperFactoryBean with name 'testDao' and 'com.lv.adminsys.modules.dao.TestDao' mapperInterface. Bean already defined with the same name!
2019-12-25 18:13:04.524 [main] WARN  org.mybatis.spring.mapper.ClassPathMapperScanner - Skipping MapperFactoryBean with name 'userStatusDao' and 'com.lv.adminsys.modules.dao.UserStatusDao' mapperInterface. Bean already defined with the same name!
2019-12-25 18:13:04.524 [main] WARN  org.mybatis.spring.mapper.ClassPathMapperScanner - No MyBatis mapper was found in '[com.lv.adminsys.modules.dao]' package. Please check your configuration.
2019-12-25 20:22:52.823 [main] WARN  org.mybatis.spring.mapper.ClassPathMapperScanner - No MyBatis mapper was found in '[com.lv.adminsys]' package. Please check your configuration.
2019-12-25 20:22:53.545 [main] WARN  org.mybatis.spring.mapper.ClassPathMapperScanner - Skipping MapperFactoryBean with name 'lvCheckDao' and 'com.lv.adminsys.modules.dao.LvCheckDao' mapperInterface. Bean already defined with the same name!
2019-12-25 20:22:53.545 [main] WARN  org.mybatis.spring.mapper.ClassPathMapperScanner - Skipping MapperFactoryBean with name 'lvLeaveDao' and 'com.lv.adminsys.modules.dao.LvLeaveDao' mapperInterface. Bean already defined with the same name!
2019-12-25 20:22:53.546 [main] WARN  org.mybatis.spring.mapper.ClassPathMapperScanner - Skipping MapperFactoryBean with name 'lvTeacherDao' and 'com.lv.adminsys.modules.dao.LvTeacherDao' mapperInterface. Bean already defined with the same name!
2019-12-25 20:22:53.546 [main] WARN  org.mybatis.spring.mapper.ClassPathMapperScanner - Skipping MapperFactoryBean with name 'lvUserDao' and 'com.lv.adminsys.modules.dao.LvUserDao' mapperInterface. Bean already defined with the same name!
2019-12-25 20:22:53.556 [main] WARN  org.mybatis.spring.mapper.ClassPathMapperScanner - Skipping MapperFactoryBean with name 'testDao' and 'com.lv.adminsys.modules.dao.TestDao' mapperInterface. Bean already defined with the same name!
2019-12-25 20:22:53.556 [main] WARN  org.mybatis.spring.mapper.ClassPathMapperScanner - Skipping MapperFactoryBean with name 'userStatusDao' and 'com.lv.adminsys.modules.dao.UserStatusDao' mapperInterface. Bean already defined with the same name!
2019-12-25 20:22:53.556 [main] WARN  org.mybatis.spring.mapper.ClassPathMapperScanner - No MyBatis mapper was found in '[com.lv.adminsys.modules.dao]' package. Please check your configuration.
2019-12-25 20:24:40.987 [main] WARN  org.mybatis.spring.mapper.ClassPathMapperScanner - No MyBatis mapper was found in '[com.lv.adminsys]' package. Please check your configuration.
2019-12-25 20:24:41.294 [main] WARN  org.mybatis.spring.mapper.ClassPathMapperScanner - Skipping MapperFactoryBean with name 'lvCheckDao' and 'com.lv.adminsys.modules.dao.LvCheckDao' mapperInterface. Bean already defined with the same name!
2019-12-25 20:24:41.295 [main] WARN  org.mybatis.spring.mapper.ClassPathMapperScanner - Skipping MapperFactoryBean with name 'lvLeaveDao' and 'com.lv.adminsys.modules.dao.LvLeaveDao' mapperInterface. Bean already defined with the same name!
2019-12-25 20:24:41.295 [main] WARN  org.mybatis.spring.mapper.ClassPathMapperScanner - Skipping MapperFactoryBean with name 'lvTeacherDao' and 'com.lv.adminsys.modules.dao.LvTeacherDao' mapperInterface. Bean already defined with the same name!
2019-12-25 20:24:41.296 [main] WARN  org.mybatis.spring.mapper.ClassPathMapperScanner - Skipping MapperFactoryBean with name 'lvUserDao' and 'com.lv.adminsys.modules.dao.LvUserDao' mapperInterface. Bean already defined with the same name!
2019-12-25 20:24:41.297 [main] WARN  org.mybatis.spring.mapper.ClassPathMapperScanner - Skipping MapperFactoryBean with name 'testDao' and 'com.lv.adminsys.modules.dao.TestDao' mapperInterface. Bean already defined with the same name!
2019-12-25 20:24:41.299 [main] WARN  org.mybatis.spring.mapper.ClassPathMapperScanner - Skipping MapperFactoryBean with name 'userStatusDao' and 'com.lv.adminsys.modules.dao.UserStatusDao' mapperInterface. Bean already defined with the same name!
2019-12-25 20:24:41.302 [main] WARN  org.mybatis.spring.mapper.ClassPathMapperScanner - No MyBatis mapper was found in '[com.lv.adminsys.modules.dao]' package. Please check your configuration.
2019-12-25 20:43:39.317 [main] WARN  org.mybatis.spring.mapper.ClassPathMapperScanner - No MyBatis mapper was found in '[com.lv.adminsys]' package. Please check your configuration.
2019-12-25 20:43:39.690 [main] WARN  org.mybatis.spring.mapper.ClassPathMapperScanner - Skipping MapperFactoryBean with name 'lvCheckDao' and 'com.lv.adminsys.modules.dao.LvCheckDao' mapperInterface. Bean already defined with the same name!
2019-12-25 20:43:39.691 [main] WARN  org.mybatis.spring.mapper.ClassPathMapperScanner - Skipping MapperFactoryBean with name 'lvLeaveDao' and 'com.lv.adminsys.modules.dao.LvLeaveDao' mapperInterface. Bean already defined with the same name!
2019-12-25 20:43:39.691 [main] WARN  org.mybatis.spring.mapper.ClassPathMapperScanner - Skipping MapperFactoryBean with name 'lvTeacherDao' and 'com.lv.adminsys.modules.dao.LvTeacherDao' mapperInterface. Bean already defined with the same name!
2019-12-25 20:43:39.691 [main] WARN  org.mybatis.spring.mapper.ClassPathMapperScanner - Skipping MapperFactoryBean with name 'lvUserDao' and 'com.lv.adminsys.modules.dao.LvUserDao' mapperInterface. Bean already defined with the same name!
2019-12-25 20:43:39.691 [main] WARN  org.mybatis.spring.mapper.ClassPathMapperScanner - Skipping MapperFactoryBean with name 'testDao' and 'com.lv.adminsys.modules.dao.TestDao' mapperInterface. Bean already defined with the same name!
2019-12-25 20:43:39.692 [main] WARN  org.mybatis.spring.mapper.ClassPathMapperScanner - Skipping MapperFactoryBean with name 'userStatusDao' and 'com.lv.adminsys.modules.dao.UserStatusDao' mapperInterface. Bean already defined with the same name!
2019-12-25 20:43:39.692 [main] WARN  org.mybatis.spring.mapper.ClassPathMapperScanner - No MyBatis mapper was found in '[com.lv.adminsys.modules.dao]' package. Please check your configuration.
2019-12-25 20:47:15.066 [main] WARN  org.mybatis.spring.mapper.ClassPathMapperScanner - No MyBatis mapper was found in '[com.lv.adminsys]' package. Please check your configuration.
2019-12-25 20:47:15.416 [main] WARN  org.mybatis.spring.mapper.ClassPathMapperScanner - Skipping MapperFactoryBean with name 'lvCheckDao' and 'com.lv.adminsys.modules.dao.LvCheckDao' mapperInterface. Bean already defined with the same name!
2019-12-25 20:47:15.417 [main] WARN  org.mybatis.spring.mapper.ClassPathMapperScanner - Skipping MapperFactoryBean with name 'lvLeaveDao' and 'com.lv.adminsys.modules.dao.LvLeaveDao' mapperInterface. Bean already defined with the same name!
2019-12-25 20:47:15.417 [main] WARN  org.mybatis.spring.mapper.ClassPathMapperScanner - Skipping MapperFactoryBean with name 'lvTeacherDao' and 'com.lv.adminsys.modules.dao.LvTeacherDao' mapperInterface. Bean already defined with the same name!
2019-12-25 20:47:15.417 [main] WARN  org.mybatis.spring.mapper.ClassPathMapperScanner - Skipping MapperFactoryBean with name 'lvUserDao' and 'com.lv.adminsys.modules.dao.LvUserDao' mapperInterface. Bean already defined with the same name!
2019-12-25 20:47:15.417 [main] WARN  org.mybatis.spring.mapper.ClassPathMapperScanner - Skipping MapperFactoryBean with name 'testDao' and 'com.lv.adminsys.modules.dao.TestDao' mapperInterface. Bean already defined with the same name!
2019-12-25 20:47:15.417 [main] WARN  org.mybatis.spring.mapper.ClassPathMapperScanner - Skipping MapperFactoryBean with name 'userStatusDao' and 'com.lv.adminsys.modules.dao.UserStatusDao' mapperInterface. Bean already defined with the same name!
2019-12-25 20:47:15.417 [main] WARN  org.mybatis.spring.mapper.ClassPathMapperScanner - No MyBatis mapper was found in '[com.lv.adminsys.modules.dao]' package. Please check your configuration.
2019-12-25 20:48:07.376 [main] WARN  org.mybatis.spring.mapper.ClassPathMapperScanner - No MyBatis mapper was found in '[com.lv.adminsys]' package. Please check your configuration.
2019-12-25 20:48:07.825 [main] WARN  org.mybatis.spring.mapper.ClassPathMapperScanner - Skipping MapperFactoryBean with name 'lvCheckDao' and 'com.lv.adminsys.modules.dao.LvCheckDao' mapperInterface. Bean already defined with the same name!
2019-12-25 20:48:07.825 [main] WARN  org.mybatis.spring.mapper.ClassPathMapperScanner - Skipping MapperFactoryBean with name 'lvLeaveDao' and 'com.lv.adminsys.modules.dao.LvLeaveDao' mapperInterface. Bean already defined with the same name!
2019-12-25 20:48:07.825 [main] WARN  org.mybatis.spring.mapper.ClassPathMapperScanner - Skipping MapperFactoryBean with name 'lvTeacherDao' and 'com.lv.adminsys.modules.dao.LvTeacherDao' mapperInterface. Bean already defined with the same name!
2019-12-25 20:48:07.825 [main] WARN  org.mybatis.spring.mapper.ClassPathMapperScanner - Skipping MapperFactoryBean with name 'lvUserDao' and 'com.lv.adminsys.modules.dao.LvUserDao' mapperInterface. Bean already defined with the same name!
2019-12-25 20:48:07.826 [main] WARN  org.mybatis.spring.mapper.ClassPathMapperScanner - Skipping MapperFactoryBean with name 'testDao' and 'com.lv.adminsys.modules.dao.TestDao' mapperInterface. Bean already defined with the same name!
2019-12-25 20:48:07.826 [main] WARN  org.mybatis.spring.mapper.ClassPathMapperScanner - Skipping MapperFactoryBean with name 'userStatusDao' and 'com.lv.adminsys.modules.dao.UserStatusDao' mapperInterface. Bean already defined with the same name!
2019-12-25 20:48:07.826 [main] WARN  org.mybatis.spring.mapper.ClassPathMapperScanner - No MyBatis mapper was found in '[com.lv.adminsys.modules.dao]' package. Please check your configuration.
